---------------------------------------------------------------
[ 2018-01-08T10:05:57+08:00 ] 127.0.0.1 GET /admin/PayCenter/merchantInfo
[ sql ] [ DB ] CONNECT:[ UseTime:0.241000s ] mysql:host=rm-j6cng8865pfylc1d9o.mysql.rds.aliyuncs.com;port=3306;dbname=kosun_net;charset=utf8
[ sql ] [ SQL ] SHOW COLUMNS FROM `ds_pay_center_merchant_info` [ RunTime:0.088000s ]
[ sql ] [ SQL ] SELECT * FROM `ds_pay_center_merchant_info` LIMIT 1 [ RunTime:0.085000s ]
---------------------------------------------------------------
[ 2018-01-08T10:09:38+08:00 ] 127.0.0.1 GET /admin/PayCenter/merchantInfo
[ sql ] [ DB ] CONNECT:[ UseTime:0.222000s ] mysql:host=rm-j6cng8865pfylc1d9o.mysql.rds.aliyuncs.com;port=3306;dbname=kosun_net;charset=utf8
[ sql ] [ SQL ] SHOW COLUMNS FROM `ds_pay_center_merchant_info` [ RunTime:0.087000s ]
[ sql ] [ SQL ] SELECT * FROM `ds_pay_center_merchant_info` LIMIT 1 [ RunTime:0.088000s ]
---------------------------------------------------------------
[ 2018-01-08T10:12:23+08:00 ] 127.0.0.1 GET /admin/PayCenter/merchantInfo
[ sql ] [ DB ] CONNECT:[ UseTime:0.220000s ] mysql:host=rm-j6cng8865pfylc1d9o.mysql.rds.aliyuncs.com;port=3306;dbname=kosun_net;charset=utf8
[ sql ] [ SQL ] SHOW COLUMNS FROM `ds_pay_center_merchant_info` [ RunTime:0.087000s ]
[ sql ] [ SQL ] SELECT * FROM `ds_pay_center_merchant_info` LIMIT 1 [ RunTime:0.087000s ]
---------------------------------------------------------------
[ 2018-01-08T10:12:38+08:00 ] 127.0.0.1 GET /admin/PayCenter/merchantInfo
[ sql ] [ DB ] CONNECT:[ UseTime:0.137000s ] mysql:host=rm-j6cng8865pfylc1d9o.mysql.rds.aliyuncs.com;port=3306;dbname=kosun_net;charset=utf8
[ sql ] [ SQL ] SHOW COLUMNS FROM `ds_pay_center_merchant_info` [ RunTime:0.092000s ]
[ sql ] [ SQL ] SELECT * FROM `ds_pay_center_merchant_info` LIMIT 1 [ RunTime:0.089000s ]
---------------------------------------------------------------
[ 2018-01-08T10:13:16+08:00 ] 127.0.0.1 GET /admin/PayCenter/merchantInfo
[ sql ] [ DB ] CONNECT:[ UseTime:0.127000s ] mysql:host=rm-j6cng8865pfylc1d9o.mysql.rds.aliyuncs.com;port=3306;dbname=kosun_net;charset=utf8
[ sql ] [ SQL ] SHOW COLUMNS FROM `ds_pay_center_merchant_info` [ RunTime:0.087000s ]
[ sql ] [ SQL ] SELECT * FROM `ds_pay_center_merchant_info` LIMIT 1 [ RunTime:0.085000s ]
---------------------------------------------------------------
[ 2018-01-08T10:15:18+08:00 ] 127.0.0.1 GET /admin/PayCenter/merchantInfo
[ sql ] [ DB ] CONNECT:[ UseTime:0.139000s ] mysql:host=rm-j6cng8865pfylc1d9o.mysql.rds.aliyuncs.com;port=3306;dbname=kosun_net;charset=utf8
[ sql ] [ SQL ] SHOW COLUMNS FROM `ds_pay_center_merchant_info` [ RunTime:0.089000s ]
[ sql ] [ SQL ] SELECT * FROM `ds_pay_center_merchant_info` LIMIT 1 [ RunTime:0.090000s ]
---------------------------------------------------------------
[ 2018-01-08T10:16:40+08:00 ] 127.0.0.1 GET /admin/PayCenter/merchantInfo
[ sql ] [ DB ] CONNECT:[ UseTime:0.215000s ] mysql:host=rm-j6cng8865pfylc1d9o.mysql.rds.aliyuncs.com;port=3306;dbname=kosun_net;charset=utf8
[ sql ] [ SQL ] SHOW COLUMNS FROM `ds_pay_center_merchant_info` [ RunTime:0.089000s ]
[ sql ] [ SQL ] SELECT * FROM `ds_pay_center_merchant_info` LIMIT 1 [ RunTime:0.088000s ]
---------------------------------------------------------------
[ 2018-01-08T10:16:59+08:00 ] 127.0.0.1 GET /admin/PayCenter/merchantInfo
[ sql ] [ DB ] CONNECT:[ UseTime:0.187000s ] mysql:host=rm-j6cng8865pfylc1d9o.mysql.rds.aliyuncs.com;port=3306;dbname=kosun_net;charset=utf8
[ sql ] [ SQL ] SHOW COLUMNS FROM `ds_pay_center_merchant_info` [ RunTime:0.107000s ]
[ sql ] [ SQL ] SELECT * FROM `ds_pay_center_merchant_info` LIMIT 1 [ RunTime:0.141000s ]
---------------------------------------------------------------
[ 2018-01-08T10:47:34+08:00 ] 127.0.0.1 GET /admin/PayCenter/merchantInfo
[ sql ] [ DB ] CONNECT:[ UseTime:0.137000s ] mysql:host=rm-j6cng8865pfylc1d9o.mysql.rds.aliyuncs.com;port=3306;dbname=kosun_net;charset=utf8
[ sql ] [ SQL ] SHOW COLUMNS FROM `ds_pay_center_merchant_info` [ RunTime:0.087000s ]
[ sql ] [ SQL ] SELECT * FROM `ds_pay_center_merchant_info` LIMIT 1 [ RunTime:0.087000s ]
---------------------------------------------------------------
[ 2018-01-08T10:52:21+08:00 ] 127.0.0.1 GET /admin/PayCenter/setMerchantInfo?merchantId=testappstestappstestappstestapps&signKey=LKJFALELAKJLFAJLJFDYEJ&notifyUrl=http://api.sports.kosun.net/api/Recharge/notify&callbackUrl=http://api.sports.kosun.net/api/Recharge/callback?merchantId=testappstestappstestappstestapps&signKey=LKJFALELAKJLFAJLJFDYEJ&notifyUrl=http://api.sports.kosun.net/api/Recharge/notify&callbackUrl=http://api.sports.kosun.net/api/Recharge/callback
[ sql ] [ DB ] CONNECT:[ UseTime:0.307000s ] mysql:host=rm-j6cng8865pfylc1d9o.mysql.rds.aliyuncs.com;port=3306;dbname=kosun_net;charset=utf8
[ sql ] [ SQL ] SHOW COLUMNS FROM `ds_pay_center_merchant_info` [ RunTime:0.095000s ]
[ sql ] [ SQL ] INSERT INTO `ds_pay_center_merchant_info` (`merchant_id` , `sign_key` , `notify_url` , `callback_url` , `create_time` , `edit_time`) VALUES ('testappstestappstestappstestapps' , 'LKJFALELAKJLFAJLJFDYEJ' , 'http://api.sports.kosun.net/api/Recharge/notify' , 'http://api.sports.kosun.net/api/Recharge/callback' , '2018-01-08 10:52:20' , '2018-01-08 10:52:20') [ RunTime:0.091000s ]
---------------------------------------------------------------
[ 2018-01-08T10:57:34+08:00 ] 127.0.0.1 GET /admin/PayCenter/editMerchantInfo?merchantId=testappstestappstestappstestapps&signKey=LKJFALELAKJLFAJLJFDYEJ&notifyUrl=http://api.sports.kosun.net/api/Recharge/notify&callbackUrl=http://api.sports.kosun.net/api/Recharge/callback&id=2?merchantId=testappstestappstestappstestapps&signKey=LKJFALELAKJLFAJLJFDYEJ&notifyUrl=http://api.sports.kosun.net/api/Recharge/notify&callbackUrl=http://api.sports.kosun.net/api/Recharge/callback&id=2
[ sql ] [ DB ] CONNECT:[ UseTime:0.312000s ] mysql:host=rm-j6cng8865pfylc1d9o.mysql.rds.aliyuncs.com;port=3306;dbname=kosun_net;charset=utf8
[ sql ] [ SQL ] SHOW COLUMNS FROM `ds_pay_center_merchant_info` [ RunTime:0.086000s ]
[ sql ] [ SQL ] UPDATE `ds_pay_center_merchant_info`  SET `merchant_id`='testappstestappstestappstestapps',`sign_key`='LKJFALELAKJLFAJLJFDYEJ',`notify_url`='http://api.sports.kosun.net/api/Recharge/notify',`callback_url`='http://api.sports.kosun.net/api/Recharge/callback',`edit_time`='2018-01-08 10:57:33'  WHERE  `id` = 2 [ RunTime:0.087000s ]
---------------------------------------------------------------
[ 2018-01-08T15:13:38+08:00 ] 127.0.0.1 GET /admin/PayCenter/getBankList
[ sql ] [ DB ] CONNECT:[ UseTime:0.242000s ] mysql:host=rm-j6cng8865pfylc1d9o.mysql.rds.aliyuncs.com;port=3306;dbname=kosun_net;charset=utf8
[ sql ] [ SQL ] SHOW COLUMNS FROM `ds_pay_center_merchant_info` [ RunTime:0.088000s ]
[ sql ] [ SQL ] SELECT * FROM `ds_pay_center_merchant_info` LIMIT 1 [ RunTime:0.086000s ]
---------------------------------------------------------------
[ 2018-01-08T15:14:41+08:00 ] 127.0.0.1 GET /admin/PayCenter/getBankList
[ sql ] [ DB ] CONNECT:[ UseTime:0.337000s ] mysql:host=rm-j6cng8865pfylc1d9o.mysql.rds.aliyuncs.com;port=3306;dbname=kosun_net;charset=utf8
[ sql ] [ SQL ] SHOW COLUMNS FROM `ds_pay_center_merchant_info` [ RunTime:0.091000s ]
[ sql ] [ SQL ] SELECT * FROM `ds_pay_center_merchant_info` LIMIT 1 [ RunTime:0.090000s ]
---------------------------------------------------------------
[ 2018-01-08T15:29:15+08:00 ] 127.0.0.1 GET /admin/PayCenter/getBankList
[ sql ] [ DB ] CONNECT:[ UseTime:1.124000s ] mysql:host=rm-j6cng8865pfylc1d9o.mysql.rds.aliyuncs.com;port=3306;dbname=kosun_net;charset=utf8
[ sql ] [ SQL ] SHOW COLUMNS FROM `ds_pay_center_merchant_info` [ RunTime:0.086000s ]
[ sql ] [ SQL ] SELECT * FROM `ds_pay_center_merchant_info` LIMIT 1 [ RunTime:0.087000s ]
---------------------------------------------------------------
[ 2018-01-08T15:30:40+08:00 ] 127.0.0.1 GET /admin/PayCenter/getBankList
[ sql ] [ DB ] CONNECT:[ UseTime:0.410000s ] mysql:host=rm-j6cng8865pfylc1d9o.mysql.rds.aliyuncs.com;port=3306;dbname=kosun_net;charset=utf8
[ sql ] [ SQL ] SHOW COLUMNS FROM `ds_pay_center_merchant_info` [ RunTime:0.088000s ]
[ sql ] [ SQL ] SELECT * FROM `ds_pay_center_merchant_info` LIMIT 1 [ RunTime:0.088000s ]
---------------------------------------------------------------
[ 2018-01-08T15:31:13+08:00 ] 127.0.0.1 GET /admin/PayCenter/getBankList
[ sql ] [ DB ] CONNECT:[ UseTime:0.133000s ] mysql:host=rm-j6cng8865pfylc1d9o.mysql.rds.aliyuncs.com;port=3306;dbname=kosun_net;charset=utf8
[ sql ] [ SQL ] SHOW COLUMNS FROM `ds_pay_center_merchant_info` [ RunTime:0.087000s ]
[ sql ] [ SQL ] SELECT * FROM `ds_pay_center_merchant_info` LIMIT 1 [ RunTime:0.087000s ]
---------------------------------------------------------------
[ 2018-01-08T15:31:33+08:00 ] 127.0.0.1 GET /admin/PayCenter/getBankList
[ sql ] [ DB ] CONNECT:[ UseTime:0.135000s ] mysql:host=rm-j6cng8865pfylc1d9o.mysql.rds.aliyuncs.com;port=3306;dbname=kosun_net;charset=utf8
[ sql ] [ SQL ] SHOW COLUMNS FROM `ds_pay_center_merchant_info` [ RunTime:0.087000s ]
[ sql ] [ SQL ] SELECT * FROM `ds_pay_center_merchant_info` LIMIT 1 [ RunTime:0.087000s ]
---------------------------------------------------------------
[ 2018-01-08T15:33:11+08:00 ] 127.0.0.1 GET /admin/PayCenter/getBankList
[ sql ] [ DB ] CONNECT:[ UseTime:0.140000s ] mysql:host=rm-j6cng8865pfylc1d9o.mysql.rds.aliyuncs.com;port=3306;dbname=kosun_net;charset=utf8
[ sql ] [ SQL ] SHOW COLUMNS FROM `ds_pay_center_merchant_info` [ RunTime:0.087000s ]
[ sql ] [ SQL ] SELECT * FROM `ds_pay_center_merchant_info` LIMIT 1 [ RunTime:0.087000s ]
---------------------------------------------------------------
[ 2018-01-08T15:34:04+08:00 ] 127.0.0.1 GET /admin/PayCenter/getBankList
[ sql ] [ DB ] CONNECT:[ UseTime:0.311000s ] mysql:host=rm-j6cng8865pfylc1d9o.mysql.rds.aliyuncs.com;port=3306;dbname=kosun_net;charset=utf8
[ sql ] [ SQL ] SHOW COLUMNS FROM `ds_pay_center_merchant_info` [ RunTime:0.086000s ]
[ sql ] [ SQL ] SELECT * FROM `ds_pay_center_merchant_info` LIMIT 1 [ RunTime:0.086000s ]
---------------------------------------------------------------
[ 2018-01-08T15:34:24+08:00 ] 127.0.0.1 GET /admin/PayCenter/getBankList
[ sql ] [ DB ] CONNECT:[ UseTime:0.127000s ] mysql:host=rm-j6cng8865pfylc1d9o.mysql.rds.aliyuncs.com;port=3306;dbname=kosun_net;charset=utf8
[ sql ] [ SQL ] SHOW COLUMNS FROM `ds_pay_center_merchant_info` [ RunTime:0.086000s ]
[ sql ] [ SQL ] SELECT * FROM `ds_pay_center_merchant_info` LIMIT 1 [ RunTime:0.086000s ]
---------------------------------------------------------------
[ 2018-01-08T15:43:41+08:00 ] 127.0.0.1 GET /admin/PayCenter/updateBank
[ sql ] [ DB ] CONNECT:[ UseTime:0.298000s ] mysql:host=rm-j6cng8865pfylc1d9o.mysql.rds.aliyuncs.com;port=3306;dbname=kosun_net;charset=utf8
[ sql ] [ SQL ] SHOW COLUMNS FROM `ds_pay_center_merchant_info` [ RunTime:0.093000s ]
[ sql ] [ SQL ] SELECT * FROM `ds_pay_center_merchant_info` LIMIT 1 [ RunTime:0.103000s ]
---------------------------------------------------------------
[ 2018-01-08T15:44:10+08:00 ] 127.0.0.1 GET /admin/PayCenter/updateBank
[ sql ] [ DB ] CONNECT:[ UseTime:0.133000s ] mysql:host=rm-j6cng8865pfylc1d9o.mysql.rds.aliyuncs.com;port=3306;dbname=kosun_net;charset=utf8
[ sql ] [ SQL ] SHOW COLUMNS FROM `ds_pay_center_merchant_info` [ RunTime:0.089000s ]
[ sql ] [ SQL ] SELECT * FROM `ds_pay_center_merchant_info` LIMIT 1 [ RunTime:0.088000s ]
---------------------------------------------------------------
[ 2018-01-08T15:44:25+08:00 ] 127.0.0.1 GET /admin/PayCenter/updateBank
[ sql ] [ DB ] CONNECT:[ UseTime:0.130000s ] mysql:host=rm-j6cng8865pfylc1d9o.mysql.rds.aliyuncs.com;port=3306;dbname=kosun_net;charset=utf8
[ sql ] [ SQL ] SHOW COLUMNS FROM `ds_pay_center_merchant_info` [ RunTime:0.088000s ]
[ sql ] [ SQL ] SELECT * FROM `ds_pay_center_merchant_info` LIMIT 1 [ RunTime:0.087000s ]
---------------------------------------------------------------
[ 2018-01-08T15:44:55+08:00 ] 127.0.0.1 GET /admin/PayCenter/updateBank
[ sql ] [ DB ] CONNECT:[ UseTime:0.233000s ] mysql:host=rm-j6cng8865pfylc1d9o.mysql.rds.aliyuncs.com;port=3306;dbname=kosun_net;charset=utf8
[ sql ] [ SQL ] SHOW COLUMNS FROM `ds_pay_center_merchant_info` [ RunTime:0.086000s ]
[ sql ] [ SQL ] SELECT * FROM `ds_pay_center_merchant_info` LIMIT 1 [ RunTime:0.085000s ]
---------------------------------------------------------------
[ 2018-01-08T15:45:12+08:00 ] 127.0.0.1 GET /admin/PayCenter/updateBank
[ sql ] [ DB ] CONNECT:[ UseTime:0.134000s ] mysql:host=rm-j6cng8865pfylc1d9o.mysql.rds.aliyuncs.com;port=3306;dbname=kosun_net;charset=utf8
[ sql ] [ SQL ] SHOW COLUMNS FROM `ds_pay_center_merchant_info` [ RunTime:0.092000s ]
[ sql ] [ SQL ] SELECT * FROM `ds_pay_center_merchant_info` LIMIT 1 [ RunTime:0.090000s ]
---------------------------------------------------------------
[ 2018-01-08T15:46:10+08:00 ] 127.0.0.1 GET /admin/PayCenter/updateBank
[ sql ] [ DB ] CONNECT:[ UseTime:0.333000s ] mysql:host=rm-j6cng8865pfylc1d9o.mysql.rds.aliyuncs.com;port=3306;dbname=kosun_net;charset=utf8
[ sql ] [ SQL ] SHOW COLUMNS FROM `ds_pay_center_merchant_info` [ RunTime:0.087000s ]
[ sql ] [ SQL ] SELECT * FROM `ds_pay_center_merchant_info` LIMIT 1 [ RunTime:0.089000s ]
---------------------------------------------------------------
[ 2018-01-08T15:47:35+08:00 ] 127.0.0.1 GET /admin/PayCenter/updateBank
[ sql ] [ DB ] CONNECT:[ UseTime:0.243000s ] mysql:host=rm-j6cng8865pfylc1d9o.mysql.rds.aliyuncs.com;port=3306;dbname=kosun_net;charset=utf8
[ sql ] [ SQL ] SHOW COLUMNS FROM `ds_pay_center_merchant_info` [ RunTime:0.088000s ]
[ sql ] [ SQL ] SELECT * FROM `ds_pay_center_merchant_info` LIMIT 1 [ RunTime:0.087000s ]
---------------------------------------------------------------
[ 2018-01-08T15:48:55+08:00 ] 127.0.0.1 GET /admin/PayCenter/updateBank
[ sql ] [ DB ] CONNECT:[ UseTime:0.237000s ] mysql:host=rm-j6cng8865pfylc1d9o.mysql.rds.aliyuncs.com;port=3306;dbname=kosun_net;charset=utf8
[ sql ] [ SQL ] SHOW COLUMNS FROM `ds_pay_center_merchant_info` [ RunTime:0.087000s ]
[ sql ] [ SQL ] SELECT * FROM `ds_pay_center_merchant_info` LIMIT 1 [ RunTime:0.088000s ]
---------------------------------------------------------------
[ 2018-01-08T15:49:53+08:00 ] 127.0.0.1 GET /admin/PayCenter/updateBank
[ sql ] [ DB ] CONNECT:[ UseTime:0.131000s ] mysql:host=rm-j6cng8865pfylc1d9o.mysql.rds.aliyuncs.com;port=3306;dbname=kosun_net;charset=utf8
[ sql ] [ SQL ] SHOW COLUMNS FROM `ds_pay_center_merchant_info` [ RunTime:0.088000s ]
[ sql ] [ SQL ] SELECT * FROM `ds_pay_center_merchant_info` LIMIT 1 [ RunTime:0.088000s ]
---------------------------------------------------------------
[ 2018-01-08T15:50:28+08:00 ] 127.0.0.1 GET /admin/PayCenter/updateBank
[ sql ] [ DB ] CONNECT:[ UseTime:1.244000s ] mysql:host=rm-j6cng8865pfylc1d9o.mysql.rds.aliyuncs.com;port=3306;dbname=kosun_net;charset=utf8
[ sql ] [ SQL ] SHOW COLUMNS FROM `ds_pay_center_merchant_info` [ RunTime:0.086000s ]
[ sql ] [ SQL ] SELECT * FROM `ds_pay_center_merchant_info` LIMIT 1 [ RunTime:0.086000s ]
---------------------------------------------------------------
[ 2018-01-08T16:03:55+08:00 ] 127.0.0.1 GET /admin/PayCenter/getBankList
[ sql ] [ DB ] CONNECT:[ UseTime:0.234000s ] mysql:host=rm-j6cng8865pfylc1d9o.mysql.rds.aliyuncs.com;port=3306;dbname=kosun_net;charset=utf8
[ sql ] [ SQL ] SHOW COLUMNS FROM `ds_pay_center_merchant_info` [ RunTime:0.092000s ]
[ sql ] [ SQL ] SELECT * FROM `ds_pay_center_merchant_info` LIMIT 1 [ RunTime:0.087000s ]
---------------------------------------------------------------
[ 2018-01-08T16:04:25+08:00 ] 127.0.0.1 GET /admin/PayCenter/getBankList
[ sql ] [ DB ] CONNECT:[ UseTime:0.131000s ] mysql:host=rm-j6cng8865pfylc1d9o.mysql.rds.aliyuncs.com;port=3306;dbname=kosun_net;charset=utf8
[ sql ] [ SQL ] SHOW COLUMNS FROM `ds_pay_center_merchant_info` [ RunTime:0.087000s ]
[ sql ] [ SQL ] SELECT * FROM `ds_pay_center_merchant_info` LIMIT 1 [ RunTime:0.088000s ]
---------------------------------------------------------------
[ 2018-01-08T16:21:30+08:00 ] 127.0.0.1 GET /admin/PayCenter/updateBankList
[ sql ] [ DB ] CONNECT:[ UseTime:0.291000s ] mysql:host=rm-j6cng8865pfylc1d9o.mysql.rds.aliyuncs.com;port=3306;dbname=kosun_net;charset=utf8
[ sql ] [ SQL ] SHOW COLUMNS FROM `ds_pay_center_merchant_info` [ RunTime:0.088000s ]
[ sql ] [ SQL ] SELECT * FROM `ds_pay_center_merchant_info` LIMIT 1 [ RunTime:0.088000s ]
---------------------------------------------------------------
[ 2018-01-08T16:22:25+08:00 ] 127.0.0.1 GET /admin/PayCenter/updateBankList
[ sql ] [ DB ] CONNECT:[ UseTime:0.136000s ] mysql:host=rm-j6cng8865pfylc1d9o.mysql.rds.aliyuncs.com;port=3306;dbname=kosun_net;charset=utf8
[ sql ] [ SQL ] SHOW COLUMNS FROM `ds_pay_center_merchant_info` [ RunTime:0.091000s ]
[ sql ] [ SQL ] SELECT * FROM `ds_pay_center_merchant_info` LIMIT 1 [ RunTime:0.090000s ]
---------------------------------------------------------------
[ 2018-01-08T16:22:59+08:00 ] 127.0.0.1 GET /admin/PayCenter/updateBankList
[ sql ] [ DB ] CONNECT:[ UseTime:0.514000s ] mysql:host=rm-j6cng8865pfylc1d9o.mysql.rds.aliyuncs.com;port=3306;dbname=kosun_net;charset=utf8
[ sql ] [ SQL ] SHOW COLUMNS FROM `ds_pay_center_merchant_info` [ RunTime:0.088000s ]
[ sql ] [ SQL ] SELECT * FROM `ds_pay_center_merchant_info` LIMIT 1 [ RunTime:0.087000s ]
---------------------------------------------------------------
[ 2018-01-08T16:23:26+08:00 ] 127.0.0.1 GET /admin/PayCenter/updateBankList
[ sql ] [ DB ] CONNECT:[ UseTime:0.130000s ] mysql:host=rm-j6cng8865pfylc1d9o.mysql.rds.aliyuncs.com;port=3306;dbname=kosun_net;charset=utf8
[ sql ] [ SQL ] SHOW COLUMNS FROM `ds_pay_center_merchant_info` [ RunTime:0.091000s ]
[ sql ] [ SQL ] SELECT * FROM `ds_pay_center_merchant_info` LIMIT 1 [ RunTime:0.096000s ]
---------------------------------------------------------------
[ 2018-01-08T16:23:39+08:00 ] 127.0.0.1 GET /admin/PayCenter/updateBankList
[ sql ] [ DB ] CONNECT:[ UseTime:0.129000s ] mysql:host=rm-j6cng8865pfylc1d9o.mysql.rds.aliyuncs.com;port=3306;dbname=kosun_net;charset=utf8
[ sql ] [ SQL ] SHOW COLUMNS FROM `ds_pay_center_merchant_info` [ RunTime:0.086000s ]
[ sql ] [ SQL ] SELECT * FROM `ds_pay_center_merchant_info` LIMIT 1 [ RunTime:0.087000s ]
---------------------------------------------------------------
[ 2018-01-08T16:23:57+08:00 ] 127.0.0.1 GET /admin/PayCenter/updateBankList
[ sql ] [ DB ] CONNECT:[ UseTime:0.128000s ] mysql:host=rm-j6cng8865pfylc1d9o.mysql.rds.aliyuncs.com;port=3306;dbname=kosun_net;charset=utf8
[ sql ] [ SQL ] SHOW COLUMNS FROM `ds_pay_center_merchant_info` [ RunTime:0.086000s ]
[ sql ] [ SQL ] SELECT * FROM `ds_pay_center_merchant_info` LIMIT 1 [ RunTime:0.088000s ]
---------------------------------------------------------------
[ 2018-01-08T16:24:52+08:00 ] 127.0.0.1 GET /admin/PayCenter/updateBankList
[ sql ] [ DB ] CONNECT:[ UseTime:0.322000s ] mysql:host=rm-j6cng8865pfylc1d9o.mysql.rds.aliyuncs.com;port=3306;dbname=kosun_net;charset=utf8
[ sql ] [ SQL ] SHOW COLUMNS FROM `ds_pay_center_merchant_info` [ RunTime:0.089000s ]
[ sql ] [ SQL ] SELECT * FROM `ds_pay_center_merchant_info` LIMIT 1 [ RunTime:0.086000s ]
[ sql ] [ SQL ] SHOW COLUMNS FROM `ds_bank` [ RunTime:0.087000s ]
[ sql ] [ SQL ] SELECT * FROM `ds_bank` [ RunTime:0.089000s ]
---------------------------------------------------------------
[ 2018-01-08T16:28:39+08:00 ] 127.0.0.1 GET /admin/PayCenter/updateBankList
[ sql ] [ DB ] CONNECT:[ UseTime:0.445000s ] mysql:host=rm-j6cng8865pfylc1d9o.mysql.rds.aliyuncs.com;port=3306;dbname=kosun_net;charset=utf8
[ sql ] [ SQL ] SHOW COLUMNS FROM `ds_pay_center_merchant_info` [ RunTime:0.086000s ]
[ sql ] [ SQL ] SELECT * FROM `ds_pay_center_merchant_info` LIMIT 1 [ RunTime:0.087000s ]
[ sql ] [ SQL ] SHOW COLUMNS FROM `ds_bank` [ RunTime:0.088000s ]
---------------------------------------------------------------
[ 2018-01-08T16:33:45+08:00 ] 127.0.0.1 GET /admin/PayCenter/updateBankList
[ sql ] [ DB ] CONNECT:[ UseTime:0.335000s ] mysql:host=rm-j6cng8865pfylc1d9o.mysql.rds.aliyuncs.com;port=3306;dbname=kosun_net;charset=utf8
[ sql ] [ SQL ] SHOW COLUMNS FROM `ds_pay_center_merchant_info` [ RunTime:0.089000s ]
[ sql ] [ SQL ] SELECT * FROM `ds_pay_center_merchant_info` LIMIT 1 [ RunTime:0.090000s ]
---------------------------------------------------------------
[ 2018-01-08T16:34:40+08:00 ] 127.0.0.1 GET /admin/PayCenter/updateBankList
[ sql ] [ DB ] CONNECT:[ UseTime:0.133000s ] mysql:host=rm-j6cng8865pfylc1d9o.mysql.rds.aliyuncs.com;port=3306;dbname=kosun_net;charset=utf8
[ sql ] [ SQL ] SHOW COLUMNS FROM `ds_pay_center_merchant_info` [ RunTime:0.090000s ]
[ sql ] [ SQL ] SELECT * FROM `ds_pay_center_merchant_info` LIMIT 1 [ RunTime:0.089000s ]
---------------------------------------------------------------
[ 2018-01-08T16:34:53+08:00 ] 127.0.0.1 GET /admin/PayCenter/updateBankList
[ sql ] [ DB ] CONNECT:[ UseTime:0.237000s ] mysql:host=rm-j6cng8865pfylc1d9o.mysql.rds.aliyuncs.com;port=3306;dbname=kosun_net;charset=utf8
[ sql ] [ SQL ] SHOW COLUMNS FROM `ds_pay_center_merchant_info` [ RunTime:0.089000s ]
[ sql ] [ SQL ] SELECT * FROM `ds_pay_center_merchant_info` LIMIT 1 [ RunTime:0.088000s ]
[ sql ] [ SQL ] SHOW COLUMNS FROM `ds_bank` [ RunTime:0.088000s ]
---------------------------------------------------------------
[ 2018-01-08T16:35:50+08:00 ] 127.0.0.1 GET /admin/PayCenter/updateBankList
[ sql ] [ DB ] CONNECT:[ UseTime:0.131000s ] mysql:host=rm-j6cng8865pfylc1d9o.mysql.rds.aliyuncs.com;port=3306;dbname=kosun_net;charset=utf8
[ sql ] [ SQL ] SHOW COLUMNS FROM `ds_pay_center_merchant_info` [ RunTime:0.088000s ]
[ sql ] [ SQL ] SELECT * FROM `ds_pay_center_merchant_info` LIMIT 1 [ RunTime:0.087000s ]
[ sql ] [ SQL ] SHOW COLUMNS FROM `ds_bank` [ RunTime:0.089000s ]
[ sql ] [ SQL ] REPLACE INTO `ds_bank` (`bank_id` , `bank_name` , `bank_code`) SELECT 1,'中国工商银行','icbc' UNION ALL SELECT 2,'中国建设银行','ccb' UNION ALL SELECT 3,'招商银行','cmb' UNION ALL SELECT 4,'中国农业银行','abc' UNION ALL SELECT 5,'交通银行','bcom' UNION ALL SELECT 6,'广发银行','gdb' UNION ALL SELECT 7,'中国银行','boc' UNION ALL SELECT 8,'中国民生银行','cmbc' UNION ALL SELECT 9,'华夏银行','hxb' UNION ALL SELECT 12,'中信银行','citicb' UNION ALL SELECT 13,'北京银行','bob' UNION ALL SELECT 14,'兴业银行','cib' UNION ALL SELECT 15,'平安银行','pinganbank' UNION ALL SELECT 16,'中国邮政储蓄银行','psbs' UNION ALL SELECT 17,'上海银行','shb666' UNION ALL SELECT 18,'浦发银行','spdb' UNION ALL SELECT 19,'中国光大银行','ceb' [ RunTime:0.089000s ]
---------------------------------------------------------------
[ 2018-01-08T16:36:09+08:00 ] 127.0.0.1 GET /admin/PayCenter/updateBankList
[ sql ] [ DB ] CONNECT:[ UseTime:0.224000s ] mysql:host=rm-j6cng8865pfylc1d9o.mysql.rds.aliyuncs.com;port=3306;dbname=kosun_net;charset=utf8
[ sql ] [ SQL ] SHOW COLUMNS FROM `ds_pay_center_merchant_info` [ RunTime:0.087000s ]
[ sql ] [ SQL ] SELECT * FROM `ds_pay_center_merchant_info` LIMIT 1 [ RunTime:0.087000s ]
[ sql ] [ SQL ] SHOW COLUMNS FROM `ds_bank` [ RunTime:0.086000s ]
[ sql ] [ SQL ] REPLACE INTO `ds_bank` (`bank_id` , `bank_name` , `bank_code`) SELECT 1,'中国工商银行','icbc' UNION ALL SELECT 2,'中国建设银行','ccb' UNION ALL SELECT 3,'招商银行','cmb' UNION ALL SELECT 4,'中国农业银行','abc' UNION ALL SELECT 5,'交通银行','bcom' UNION ALL SELECT 6,'广发银行','gdb' UNION ALL SELECT 7,'中国银行','boc' UNION ALL SELECT 8,'中国民生银行','cmbc' UNION ALL SELECT 9,'华夏银行','hxb' UNION ALL SELECT 12,'中信银行','citicb' UNION ALL SELECT 13,'北京银行','bob' UNION ALL SELECT 14,'兴业银行','cib' UNION ALL SELECT 15,'平安银行','pinganbank' UNION ALL SELECT 16,'中国邮政储蓄银行','psbs' UNION ALL SELECT 17,'上海银行','shb666' UNION ALL SELECT 18,'浦发银行','spdb' UNION ALL SELECT 19,'中国光大银行','ceb' [ RunTime:0.090000s ]
---------------------------------------------------------------
[ 2018-01-08T16:56:27+08:00 ] 127.0.0.1 GET /admin/PayCenter/getChannelList
[ sql ] [ DB ] CONNECT:[ UseTime:0.310000s ] mysql:host=rm-j6cng8865pfylc1d9o.mysql.rds.aliyuncs.com;port=3306;dbname=kosun_net;charset=utf8
[ sql ] [ SQL ] SHOW COLUMNS FROM `ds_pay_center_merchant_info` [ RunTime:0.090000s ]
[ sql ] [ SQL ] SELECT * FROM `ds_pay_center_merchant_info` LIMIT 1 [ RunTime:0.086000s ]
---------------------------------------------------------------
[ 2018-01-08T16:57:43+08:00 ] 127.0.0.1 GET /admin/PayCenter/getChannelList
[ sql ] [ DB ] CONNECT:[ UseTime:0.371000s ] mysql:host=rm-j6cng8865pfylc1d9o.mysql.rds.aliyuncs.com;port=3306;dbname=kosun_net;charset=utf8
[ sql ] [ SQL ] SHOW COLUMNS FROM `ds_pay_center_merchant_info` [ RunTime:0.090000s ]
[ sql ] [ SQL ] SELECT * FROM `ds_pay_center_merchant_info` LIMIT 1 [ RunTime:0.089000s ]
---------------------------------------------------------------
[ 2018-01-08T17:06:24+08:00 ] 127.0.0.1 GET /admin/PayCenter/getChannelList
[ sql ] [ DB ] CONNECT:[ UseTime:0.239000s ] mysql:host=rm-j6cng8865pfylc1d9o.mysql.rds.aliyuncs.com;port=3306;dbname=kosun_net;charset=utf8
[ sql ] [ SQL ] SHOW COLUMNS FROM `ds_pay_center_merchant_info` [ RunTime:0.086000s ]
[ sql ] [ SQL ] SELECT * FROM `ds_pay_center_merchant_info` LIMIT 1 [ RunTime:0.088000s ]
---------------------------------------------------------------
[ 2018-01-08T17:29:22+08:00 ] 127.0.0.1 GET /admin/PayCenter/updateChannel
[ sql ] [ DB ] CONNECT:[ UseTime:0.217000s ] mysql:host=rm-j6cng8865pfylc1d9o.mysql.rds.aliyuncs.com;port=3306;dbname=kosun_net;charset=utf8
[ sql ] [ SQL ] SHOW COLUMNS FROM `ds_pay_center_merchant_info` [ RunTime:0.086000s ]
[ sql ] [ SQL ] SELECT * FROM `ds_pay_center_merchant_info` LIMIT 1 [ RunTime:0.089000s ]
---------------------------------------------------------------
[ 2018-01-08T17:30:50+08:00 ] 127.0.0.1 GET /admin/PayCenter/updateChannel
[ sql ] [ DB ] CONNECT:[ UseTime:0.295000s ] mysql:host=rm-j6cng8865pfylc1d9o.mysql.rds.aliyuncs.com;port=3306;dbname=kosun_net;charset=utf8
[ sql ] [ SQL ] SHOW COLUMNS FROM `ds_pay_center_merchant_info` [ RunTime:0.087000s ]
[ sql ] [ SQL ] SELECT * FROM `ds_pay_center_merchant_info` LIMIT 1 [ RunTime:0.090000s ]
[ sql ] [ SQL ] SHOW COLUMNS FROM `ds_pay_center_channel` [ RunTime:0.088000s ]
[ sql ] [ SQL ] REPLACE INTO `ds_pay_center_channel` (`pay_channel_id` , `name`) SELECT 85,'天赋云' UNION ALL SELECT 84,'汇合' UNION ALL SELECT 83,'多宝' UNION ALL SELECT 82,'元宝' UNION ALL SELECT 81,'金阳' UNION ALL SELECT 80,'智汇付' UNION ALL SELECT 78,'香蕉' UNION ALL SELECT 77,'高通' UNION ALL SELECT 76,'Ak47' UNION ALL SELECT 70,'佰付' UNION ALL SELECT 69,'云安付' UNION ALL SELECT 54,'金安付' UNION ALL SELECT 41,'多得宝' UNION ALL SELECT 40,'智付' UNION ALL SELECT 24,'仁信' [ RunTime:0.090000s ]
---------------------------------------------------------------
[ 2018-01-08T17:52:33+08:00 ] 127.0.0.1 GET /api/Recharge/pay?amount=50&payTypeId=24&bankId=3
[ sql ] [ DB ] CONNECT:[ UseTime:0.212000s ] mysql:host=rm-j6cng8865pfylc1d9o.mysql.rds.aliyuncs.com;port=3306;dbname=kosun_net;charset=utf8
[ sql ] [ SQL ] SHOW COLUMNS FROM `ds_user` [ RunTime:0.086000s ]
[ sql ] [ SQL ] SELECT * FROM `ds_user` WHERE  `user_id` = 0 LIMIT 1 [ RunTime:0.088000s ]
[ sql ] [ SQL ] SELECT * FROM `ds_user` WHERE  `user_id` = 5351 LIMIT 1 [ RunTime:0.088000s ]
[ sql ] [ SQL ] SHOW COLUMNS FROM `ds_pay_bank_relation` [ RunTime:0.085000s ]
[ sql ] [ SQL ] SELECT `pay_type_id` FROM `ds_pay_bank_relation` WHERE  `bank_id` = 3 [ RunTime:0.087000s ]
[ sql ] [ SQL ] SHOW COLUMNS FROM `ds_pay_platform_user_level_relation` [ RunTime:0.085000s ]
[ sql ] [ SQL ] SELECT `pay_platform_id` FROM `ds_pay_platform_user_level_relation` WHERE  `user_level_id` = 2 [ RunTime:0.091000s ]
[ sql ] [ SQL ] SHOW COLUMNS FROM `ds_pay_platform` [ RunTime:0.087000s ]
[ sql ] [ SQL ] SELECT * FROM `ds_pay_platform` WHERE  `pp_id` IN (3,6,21,22,35,36,37,38,39,40,41,42,43,44,45,46,48,49,50,51,52,53,54,55,56,57,58,59,60,61,62,66,67,68,69,70,71,73,74,75,76,77,78,79,80,81,82,83,84,85,86,87,88,89,90,91,92,93,94,95,96,97,98,99,100,101,102,103,104,105,106,107,108,109,110,111,112,113,115,116,117,118,119,120,121,122,123,124,125,126,127,128,129,130,131,132,133,134,135,136,137,138,139,140,141,142,143,144,145,146,147,148,149,150,151,152,153,154,155,156,157,158,159,160,161,162,163,164,165,166,167,168,169,170,171,172,173,174,175,176,177,178,179,180,181,182,183,184,185,186,187,188,189,190,191,192,193,194,195,196,197,198,199,200,201,202,203,204,205,206,207,208,209,210,211,212,213,214,215,216,217,218,219,220,221,222,223,224,225,226,227,228,229,230,231,232,233,234,235,236,237,238,239,240,241,242,243,247,248,249,250,251,252,253,254,256,257,258,259,260,261,262,263,264,266,267,268,269,270,271,272,273,274,275,276,277,278,279,280,281,282,283,284,285,291,292,293,294,295,296,297,298,299,300,301,302,303,304,305,306,307,308,309,310,311,312,313,314,315,318,320,321,322,323,324,325,326,327,328,329,330,331,332,333,334,335,336,337,338,339,340,344,345,346,347,348,349,350,351,352,353,354,355,356,357,358,359,360,361,362,363,364,365,366,367,368,369,370,371,372,373,374,375,376,377,378,379,380,381,382,383,384,385,386,387,388,389,390,391,393,394,395,396,397,398,399,400,401,402,403,404,405,406,407,408,409,418,422,441,442,443,444,445,446,447,448,449,450,451,452,453,454,455,456,457,458,459,460,461,462,463,464,465,466,468,469,470,471,472,473,474,480,481,482,483,484,485,486,487,488,489,490,491,492,493,494,495,496,497,498,499,500,501,502,503,504,505,506,507,508,509,510,511,512,513,514,515,516,517,518,519,520,521,522,523,524,525,526,527,528,529,530,531,532,533,534,535,536,537,538,539,540,541,542,543,544,545,546,547,548,549,550,551,552,553,554,555,556,557,558,559,560,561,562,563,564,565,566,567,568,569,570,571,572,573,574,575,576,577,578,579,580,582,583,584,585,586,587,588,589,590,591,592,593,594,595,596,597,598,599,600,601,602,603,604,605,606,607,608,609,610,611,612,613,614,615,616,617,618,619,620,621,622,623,624,625,626,627,628,629,630,631,632,633,634,635,636,637,638,639,640,641,642,643,644,645,646,647,648,649,650,651,652,653,654,655,656,657,658,659,660,661,662,663,664,665,666,667,669,672,673,674,675,677,679,681,682,683,684,686,687,688,689,690,691,692,693,694,695,696,697,698,699,700,701,702,703,704,707,708,709,710,711,712,713,714,715,716,717,719,720,722,724,726,727,728,729,732,733,734,735,738,739,740,741,744,745,748,754,755,756,757,759,763,765,767,768,770,771,772,776,780,781,782,783,784,785,787,789,790,794,795,796,797,798,799,800,801,802,803,804,805,806,807,808,809,810,811,812,813,814,815,816,817,818,819,820,821,822,823,824,825,826,827,828,829,830,831,837,838,839,840,841,842,843,844,845,846,847,848,849,850,853,854,855,856,857,858,859,860,861,862,863,864,865,866,867,868,869,870,871,872,873,874,875,876,877,878,879,880,881,882,883,884,885,886,887,888,889,890,891,892,893,894,895,896,897,898,899,900,901,902,903,904,905,906,907,908,909,911,912,913,914,915,916,917,918,919,920,921,922,923,924,925,926,927,928,929,930,931,932,933,934,935,936,937,938,939,940,941,942,943,944,945,946,947,948,949,950,951,952,953,954,955,956,957,958,959,960,961,962,963,964,966,967,968,969,970,971,972,973,974,975,976,977,978,979,980,981,982,983,984,985,986,987,988,989,990,991,992,993,994,995,996,997,998,999,1000,1001,1002,1003,1004,1005,1006,1007,1008,1009,1010,1011,1012,1013,1014,1015,1016,1017,1018,1019,1020,1021,1022,1023,1024,1025,1026,1027,1028,1029,1030,1031,1032,1033,1034,1035,1036,1037,1038,1039,1040,1041,1042,1043,1044,1045,1046,1047,1050,1051,1052,1053,1054,1055,1056,1057,1058,1059,1060,1061,1062,1063,1064,1065,1066,1067,1068,1069,1070,1071,1072,1073,1074,1075,1076,1077,1078,1079,1080,1081,1082,1083,1084,1085,1086,1087,1088,1089,1090,1091,1092,1093,1094,1095,1096,1097,1098,1099,1100,1101,1102,1103,1104,1105,1106,1107,1108,1109,1110,1111,1112,1113,1114,1115,1116,1117,1118,1119,1120,1121,1122,1123,1124,1125,1126,1127,1128,1129,1131,1132,1134,1135,1136,1137,1138,1139,1140,1142,1143,1144,1145,1146,1147,1148,1149,1150,1151,1152,1153,1154,1155,1156,1157,1158,1159,1160,1161,1162,1163,1164,1165,1166,1167,1168,1169,1170,1171,1172,1173,1174,1175,1176,1178,1179,1180,1181,1182,1183,1184,1185,1186,1187,1188,1189,1190,1191,1192,1193,1194,1195,1196,1197,1198,1199,1200,1201,1202,1203,1204,1205,1206,1207,1208,1209,1210,1211,1212,1213,1214,1215,1216,1217,1218,1219,1220,1221,1222,1223,1224,1225,1226,1227,1228,1229,1230,1231,1232,1233,1234,1235,1236,1237,1240,1241,1242,1243,1244,1245,1246,1247,1248,1249,1250,1251,1252,1253,1254,1255,1256,1257,1258,1259,1260,1261,1262,1263,1264,1265,1266)  AND `pp_category_id` = 24  AND `pp_status` = 1 [ RunTime:0.187000s ]
