---------------------------------------------------------------
[ 2018-01-11T09:18:51+08:00 ] 127.0.0.1 GET /admin/SportsSchedules?sportType=football&page=1&clearingStatus=no&num=20
[ info ] kosun.com/admin/SportsSchedules?sportType=football&page=1&clearingStatus=no&num=20 [运行时间：0.030000s][吞吐率：33.33req/s] [内存消耗：1,870.25kb] [文件加载：68]
[ info ] [ BEHAVIOR ] Run app\common\behavior\Cross @app_init [ RunTime:0.004000s ]
[ info ] [ LANG ] D:\xampp\htdocs\service\thinkphp\lang\zh-cn.php
[ info ] [ ROUTE ] array (
  'type' => 'module',
  'module' => 
  array (
    0 => 'admin',
    1 => 'SportsSchedules',
    2 => NULL,
  ),
)
[ info ] [ HEADER ] array (
  'cache-control' => 'no-cache',
  'postman-token' => 'eef1098c-2506-4f5e-bded-e7a6cb548030',
  'user-agent' => 'PostmanRuntime/7.1.1',
  'accept' => '*/*',
  'host' => 'kosun.com',
  'accept-encoding' => 'gzip, deflate',
  'connection' => 'keep-alive',
)
[ info ] [ PARAM ] array (
  'sportType' => 'football',
  'page' => '1',
  'clearingStatus' => 'no',
  'num' => '20',
)
[ info ] [ BEHAVIOR ] Run app\common\behavior\SwitchIdentity @module_init [ RunTime:0.001000s ]
[ info ] [ LOG ] INIT File
---------------------------------------------------------------
[ 2018-01-11T09:19:09+08:00 ] 127.0.0.1 GET /admin/SportsSchedules?sportType=football&page=1&clearingStatus=no&num=20
[ info ] kosun.com/admin/SportsSchedules?sportType=football&page=1&clearingStatus=no&num=20 [运行时间：1.181000s][吞吐率：0.85req/s] [内存消耗：3,075.44kb] [文件加载：81]
[ info ] [ BEHAVIOR ] Run app\common\behavior\Cross @app_init [ RunTime:0.003000s ]
[ info ] [ LANG ] D:\xampp\htdocs\service\thinkphp\lang\zh-cn.php
[ info ] [ ROUTE ] array (
  'type' => 'module',
  'module' => 
  array (
    0 => 'admin',
    1 => 'SportsSchedules',
    2 => NULL,
  ),
)
[ info ] [ HEADER ] array (
  'cache-control' => 'no-cache',
  'postman-token' => '901637b8-daa8-4ebe-94a7-868ca937e11d',
  'user-agent' => 'PostmanRuntime/7.1.1',
  'accept' => '*/*',
  'host' => 'kosun.com',
  'accept-encoding' => 'gzip, deflate',
  'connection' => 'keep-alive',
)
[ info ] [ PARAM ] array (
  'sportType' => 'football',
  'page' => '1',
  'clearingStatus' => 'no',
  'num' => '20',
)
[ info ] [ BEHAVIOR ] Run app\common\behavior\SwitchIdentity @module_init [ RunTime:0.001000s ]
[ info ] [ BEHAVIOR ] Run app\admin\behavior\Auth @action_begin [ RunTime:0.000000s ]
[ info ] [ RUN ] app\admin\controller\SportsSchedules->index[ D:\xampp\htdocs\service\application\admin\controller\SportsSchedules.php ]
[ info ] [ DB ] INIT mysql
[ info ] [ LOG ] INIT File
---------------------------------------------------------------
[ 2018-01-11T09:20:00+08:00 ] 127.0.0.1 GET /admin/SportsSchedules?sportType=football&page=1&clearingStatus=no&num=20
[ info ] kosun.com/admin/SportsSchedules?sportType=football&page=1&clearingStatus=no&num=20 [运行时间：12.113000s][吞吐率：0.08req/s] [内存消耗：3,110.74kb] [文件加载：85]
[ info ] [ BEHAVIOR ] Run app\common\behavior\Cross @app_init [ RunTime:0.003000s ]
[ info ] [ LANG ] D:\xampp\htdocs\service\thinkphp\lang\zh-cn.php
[ info ] [ ROUTE ] array (
  'type' => 'module',
  'module' => 
  array (
    0 => 'admin',
    1 => 'SportsSchedules',
    2 => NULL,
  ),
)
[ info ] [ HEADER ] array (
  'cache-control' => 'no-cache',
  'postman-token' => 'c7c68c64-7568-4a2f-bab6-c66ae21b0e62',
  'user-agent' => 'PostmanRuntime/7.1.1',
  'accept' => '*/*',
  'host' => 'kosun.com',
  'accept-encoding' => 'gzip, deflate',
  'connection' => 'keep-alive',
)
[ info ] [ PARAM ] array (
  'sportType' => 'football',
  'page' => '1',
  'clearingStatus' => 'no',
  'num' => '20',
)
[ info ] [ BEHAVIOR ] Run app\common\behavior\SwitchIdentity @module_init [ RunTime:0.000000s ]
[ info ] [ BEHAVIOR ] Run app\admin\behavior\Auth @action_begin [ RunTime:0.000000s ]
[ info ] [ RUN ] app\admin\controller\SportsSchedules->index[ D:\xampp\htdocs\service\application\admin\controller\SportsSchedules.php ]
[ info ] [ DB ] INIT mysql
[ info ] [ BEHAVIOR ] Run app\common\behavior\Cross @app_end [ RunTime:0.000000s ]
[ info ] [ LOG ] INIT File
---------------------------------------------------------------
[ 2018-01-11T17:09:30+08:00 ] 127.0.0.1 GET /admin/PayCenter/getChannelMerchantList
[ info ] kosun.com/admin/PayCenter/getChannelMerchantList [运行时间：2.300000s][吞吐率：0.43req/s] [内存消耗：2,860.80kb] [文件加载：78]
[ info ] [ BEHAVIOR ] Run app\common\behavior\Cross @app_init [ RunTime:0.004000s ]
[ info ] [ LANG ] D:\xampp\htdocs\service\thinkphp\lang\zh-cn.php
[ info ] [ ROUTE ] array (
  'type' => 'module',
  'module' => 
  array (
    0 => 'admin',
    1 => 'PayCenter',
    2 => 'getChannelMerchantList',
  ),
)
[ info ] [ HEADER ] array (
  'cache-control' => 'no-cache',
  'postman-token' => '3c3960ae-7999-4cad-89d3-95636a8c0b63',
  'user-agent' => 'PostmanRuntime/7.1.1',
  'accept' => '*/*',
  'host' => 'kosun.com',
  'accept-encoding' => 'gzip, deflate',
  'connection' => 'keep-alive',
)
[ info ] [ PARAM ] array (
)
[ info ] [ BEHAVIOR ] Run app\common\behavior\SwitchIdentity @module_init [ RunTime:0.001000s ]
[ info ] [ BEHAVIOR ] Run app\admin\behavior\Auth @action_begin [ RunTime:0.000000s ]
[ info ] [ RUN ] app\admin\controller\PayCenter->getChannelMerchantList[ D:\xampp\htdocs\service\application\admin\controller\PayCenter.php ]
[ info ] [ DB ] INIT mysql
[ info ] [ BEHAVIOR ] Run app\common\behavior\Cross @app_end [ RunTime:0.000000s ]
[ info ] [ LOG ] INIT File
---------------------------------------------------------------
[ 2018-01-11T18:04:23+08:00 ] 127.0.0.1 POST /admin/PayCenter/createChannelMerchant?merchantId=testappstestappstestappstestapps&nonce=2iAUXdcFpNea5YIkmhEW6Ru3sbqPTftS&sign&payChannelId=85&payTypeId=11&redirectDomain=http://test-pay.kosun.net&account&desc&md5Key&terminalId&limitAmount&rsaPriKey&rsaPublicKey?merchantId=testappstestappstestappstestapps&nonce=2iAUXdcFpNea5YIkmhEW6Ru3sbqPTftS&sign=&payChannelId=85&payTypeId=11&redirectDomain=http://test-pay.kosun.net&account=&desc=&md5Key=&terminalId=&limitAmount=&rsaPriKey=&rsaPublicKey=
[ info ] kosun.com/admin/PayCenter/createChannelMerchant?merchantId=testappstestappstestappstestapps&nonce=2iAUXdcFpNea5YIkmhEW6Ru3sbqPTftS&sign&payChannelId=85&payTypeId=11&redirectDomain=http://test-pay.kosun.net&account&desc&md5Key&terminalId&limitAmount&rsaPriKey&rsaPublicKey?merchantId=testappstestappstestappstestapps&nonce=2iAUXdcFpNea5YIkmhEW6Ru3sbqPTftS&sign=&payChannelId=85&payTypeId=11&redirectDomain=http://test-pay.kosun.net&account=&desc=&md5Key=&terminalId=&limitAmount=&rsaPriKey=&rsaPublicKey= [运行时间：1.709000s][吞吐率：0.59req/s] [内存消耗：2,881.24kb] [文件加载：79]
[ info ] [ BEHAVIOR ] Run app\common\behavior\Cross @app_init [ RunTime:0.005000s ]
[ info ] [ LANG ] D:\xampp\htdocs\service\thinkphp\lang\zh-cn.php
[ info ] [ ROUTE ] array (
  'type' => 'module',
  'module' => 
  array (
    0 => 'admin',
    1 => 'PayCenter',
    2 => 'createChannelMerchant',
  ),
)
[ info ] [ HEADER ] array (
  'cache-control' => 'no-cache',
  'postman-token' => '24a3bd61-2920-4795-a07d-79e09e7ee934',
  'user-agent' => 'PostmanRuntime/7.1.1',
  'accept' => '*/*',
  'host' => 'kosun.com',
  'accept-encoding' => 'gzip, deflate',
  'content-type' => 'multipart/form-data; boundary=--------------------------689387698411951281761889',
  'content-length' => '387',
  'connection' => 'keep-alive',
)
[ info ] [ PARAM ] array (
  'merchantId' => 'testappstestappstestappstestapps',
  'nonce' => '2iAUXdcFpNea5YIkmhEW6Ru3sbqPTftS',
  'sign' => '',
  'payChannelId' => '85',
  'payTypeId' => '11',
  'redirectDomain' => 'http://test-pay.kosun.net',
  'account' => '',
  'desc' => '',
  'md5Key' => '',
  'terminalId' => '',
  'limitAmount' => '',
  'rsaPriKey' => '',
  'rsaPublicKey?merchantId' => 'testappstestappstestappstestapps',
  'rsaPublicKey' => '',
  'playTypeId' => '1',
  'betLimit' => '0',
  'matchLimit' => '5000',
)
[ info ] [ BEHAVIOR ] Run app\common\behavior\SwitchIdentity @module_init [ RunTime:0.001000s ]
[ info ] [ BEHAVIOR ] Run app\admin\behavior\Auth @action_begin [ RunTime:0.000000s ]
[ info ] [ RUN ] app\admin\controller\PayCenter->createChannelMerchant[ D:\xampp\htdocs\service\application\admin\controller\PayCenter.php ]
[ info ] [ DB ] INIT mysql
[ info ] [ BEHAVIOR ] Run app\common\behavior\Cross @app_end [ RunTime:0.000000s ]
[ info ] [ LOG ] INIT File
