---------------------------------------------------------------
[ 2018-01-11T09:19:09+08:00 ] 127.0.0.1 GET /admin/SportsSchedules?sportType=football&page=1&clearingStatus=no&num=20
[ sql ] [ DB ] CONNECT:[ UseTime:0.230000s ] mysql:host=rm-j6cng8865pfylc1d9o.mysql.rds.aliyuncs.com;port=3306;dbname=kosun_net;charset=utf8
[ sql ] [ SQL ] SHOW COLUMNS FROM `ds_sports_football_schedules` [ RunTime:0.090000s ]
[ sql ] [ SQL ] SELECT COUNT(*) AS tp_count FROM `ds_sports_football_schedules` `s` WHERE  `sfs_clearing` = 0 LIMIT 1 [ RunTime:0.090000s ]
[ sql ] [ SQL ] SELECT * FROM `ds_sports_football_schedules` `s` WHERE  `sfs_clearing` = 0 ORDER BY sfs_id desc LIMIT 0,20 [ RunTime:0.089000s ]
[ sql ] [ SQL ] SHOW COLUMNS FROM `ds_sports_football_matches` [ RunTime:0.089000s ]
[ sql ] [ SQL ] SELECT `sfm_id`,`sfm_name` FROM `ds_sports_football_matches` WHERE  `sfm_id` IN (271,318,122,415,345,18,21,20) [ RunTime:0.089000s ]
[ sql ] [ SQL ] SELECT `sfs_master_game_id` FROM `ds_sports_football_schedules` WHERE  `sfs_id` = 8819 LIMIT 1 [ RunTime:0.088000s ]
[ sql ] [ SQL ] SHOW COLUMNS FROM `ds_sports_football_results` [ RunTime:0.089000s ]
[ sql ] [ SQL ] SELECT `sfr_home_score`,`sfr_guest_score`,`sfr_home_score_1h`,`sfr_guest_score_1h` FROM `ds_sports_football_results` WHERE  `sfr_game_id` = 3046084 LIMIT 1 [ RunTime:0.088000s ]
[ sql ] [ SQL ] SHOW COLUMNS FROM `ds_sports_types` [ RunTime:0.088000s ]
[ sql ] [ SQL ] SELECT * FROM `ds_sports_types` WHERE  `st_eng_name` = 'football' LIMIT 1 [ RunTime:0.089000s ]
---------------------------------------------------------------
[ 2018-01-11T09:20:00+08:00 ] 127.0.0.1 GET /admin/SportsSchedules?sportType=football&page=1&clearingStatus=no&num=20
[ sql ] [ DB ] CONNECT:[ UseTime:0.131000s ] mysql:host=rm-j6cng8865pfylc1d9o.mysql.rds.aliyuncs.com;port=3306;dbname=kosun_net;charset=utf8
[ sql ] [ SQL ] SHOW COLUMNS FROM `ds_sports_football_schedules` [ RunTime:0.089000s ]
[ sql ] [ SQL ] SELECT COUNT(*) AS tp_count FROM `ds_sports_football_schedules` `s` WHERE  `sfs_clearing` = 0 LIMIT 1 [ RunTime:0.094000s ]
[ sql ] [ SQL ] SELECT * FROM `ds_sports_football_schedules` `s` WHERE  `sfs_clearing` = 0 ORDER BY sfs_id desc LIMIT 0,20 [ RunTime:0.090000s ]
[ sql ] [ SQL ] SHOW COLUMNS FROM `ds_sports_football_matches` [ RunTime:0.087000s ]
[ sql ] [ SQL ] SELECT `sfm_id`,`sfm_name` FROM `ds_sports_football_matches` WHERE  `sfm_id` IN (271,318,122,415,345,18,21,20) [ RunTime:0.089000s ]
[ sql ] [ SQL ] SELECT `sfs_master_game_id` FROM `ds_sports_football_schedules` WHERE  `sfs_id` = 8819 LIMIT 1 [ RunTime:0.089000s ]
[ sql ] [ SQL ] SHOW COLUMNS FROM `ds_sports_football_results` [ RunTime:0.088000s ]
[ sql ] [ SQL ] SELECT `sfr_home_score`,`sfr_guest_score`,`sfr_home_score_1h`,`sfr_guest_score_1h` FROM `ds_sports_football_results` WHERE  `sfr_game_id` = 3046084 LIMIT 1 [ RunTime:0.088000s ]
[ sql ] [ SQL ] SHOW COLUMNS FROM `ds_sports_types` [ RunTime:0.087000s ]
[ sql ] [ SQL ] SELECT * FROM `ds_sports_types` WHERE  `st_eng_name` = 'football' LIMIT 1 [ RunTime:0.087000s ]
[ sql ] [ SQL ] SHOW COLUMNS FROM `ds_sports_orders` [ RunTime:0.096000s ]
[ sql ] [ SQL ] SELECT sum(so_bet_amount) AS `so_bet_amount`,sum(so_bonus) AS `so_bonus`,count(so_id) AS `order_total` FROM `ds_sports_orders` WHERE  (  FIND_IN_SET(8819,so_source_ids) )  AND `so_st_id` = 1 LIMIT 1 [ RunTime:0.292000s ]
[ sql ] [ SQL ] SELECT `sfs_master_game_id` FROM `ds_sports_football_schedules` WHERE  `sfs_id` = 8818 LIMIT 1 [ RunTime:0.087000s ]
[ sql ] [ SQL ] SELECT `sfr_home_score`,`sfr_guest_score`,`sfr_home_score_1h`,`sfr_guest_score_1h` FROM `ds_sports_football_results` WHERE  `sfr_game_id` = 3046090 LIMIT 1 [ RunTime:0.088000s ]
[ sql ] [ SQL ] SELECT * FROM `ds_sports_types` WHERE  `st_eng_name` = 'football' LIMIT 1 [ RunTime:0.086000s ]
[ sql ] [ SQL ] SELECT sum(so_bet_amount) AS `so_bet_amount`,sum(so_bonus) AS `so_bonus`,count(so_id) AS `order_total` FROM `ds_sports_orders` WHERE  (  FIND_IN_SET(8818,so_source_ids) )  AND `so_st_id` = 1 LIMIT 1 [ RunTime:0.310000s ]
[ sql ] [ SQL ] SELECT `sfs_master_game_id` FROM `ds_sports_football_schedules` WHERE  `sfs_id` = 8817 LIMIT 1 [ RunTime:0.088000s ]
[ sql ] [ SQL ] SELECT `sfr_home_score`,`sfr_guest_score`,`sfr_home_score_1h`,`sfr_guest_score_1h` FROM `ds_sports_football_results` WHERE  `sfr_game_id` = 3046088 LIMIT 1 [ RunTime:0.087000s ]
[ sql ] [ SQL ] SELECT * FROM `ds_sports_types` WHERE  `st_eng_name` = 'football' LIMIT 1 [ RunTime:0.088000s ]
[ sql ] [ SQL ] SELECT sum(so_bet_amount) AS `so_bet_amount`,sum(so_bonus) AS `so_bonus`,count(so_id) AS `order_total` FROM `ds_sports_orders` WHERE  (  FIND_IN_SET(8817,so_source_ids) )  AND `so_st_id` = 1 LIMIT 1 [ RunTime:0.306000s ]
[ sql ] [ SQL ] SELECT `sfs_master_game_id` FROM `ds_sports_football_schedules` WHERE  `sfs_id` = 8815 LIMIT 1 [ RunTime:0.088000s ]
[ sql ] [ SQL ] SELECT `sfr_home_score`,`sfr_guest_score`,`sfr_home_score_1h`,`sfr_guest_score_1h` FROM `ds_sports_football_results` WHERE  `sfr_game_id` = 3046040 LIMIT 1 [ RunTime:0.088000s ]
[ sql ] [ SQL ] SELECT * FROM `ds_sports_types` WHERE  `st_eng_name` = 'football' LIMIT 1 [ RunTime:0.088000s ]
[ sql ] [ SQL ] SELECT sum(so_bet_amount) AS `so_bet_amount`,sum(so_bonus) AS `so_bonus`,count(so_id) AS `order_total` FROM `ds_sports_orders` WHERE  (  FIND_IN_SET(8815,so_source_ids) )  AND `so_st_id` = 1 LIMIT 1 [ RunTime:0.294000s ]
[ sql ] [ SQL ] SELECT `sfs_master_game_id` FROM `ds_sports_football_schedules` WHERE  `sfs_id` = 8814 LIMIT 1 [ RunTime:0.087000s ]
[ sql ] [ SQL ] SELECT `sfr_home_score`,`sfr_guest_score`,`sfr_home_score_1h`,`sfr_guest_score_1h` FROM `ds_sports_football_results` WHERE  `sfr_game_id` = 3046038 LIMIT 1 [ RunTime:0.088000s ]
[ sql ] [ SQL ] SELECT * FROM `ds_sports_types` WHERE  `st_eng_name` = 'football' LIMIT 1 [ RunTime:0.086000s ]
[ sql ] [ SQL ] SELECT sum(so_bet_amount) AS `so_bet_amount`,sum(so_bonus) AS `so_bonus`,count(so_id) AS `order_total` FROM `ds_sports_orders` WHERE  (  FIND_IN_SET(8814,so_source_ids) )  AND `so_st_id` = 1 LIMIT 1 [ RunTime:0.294000s ]
[ sql ] [ SQL ] SELECT `sfs_master_game_id` FROM `ds_sports_football_schedules` WHERE  `sfs_id` = 8813 LIMIT 1 [ RunTime:0.088000s ]
[ sql ] [ SQL ] SELECT `sfr_home_score`,`sfr_guest_score`,`sfr_home_score_1h`,`sfr_guest_score_1h` FROM `ds_sports_football_results` WHERE  `sfr_game_id` = 3046034 LIMIT 1 [ RunTime:0.088000s ]
[ sql ] [ SQL ] SELECT * FROM `ds_sports_types` WHERE  `st_eng_name` = 'football' LIMIT 1 [ RunTime:0.089000s ]
[ sql ] [ SQL ] SELECT sum(so_bet_amount) AS `so_bet_amount`,sum(so_bonus) AS `so_bonus`,count(so_id) AS `order_total` FROM `ds_sports_orders` WHERE  (  FIND_IN_SET(8813,so_source_ids) )  AND `so_st_id` = 1 LIMIT 1 [ RunTime:0.307000s ]
[ sql ] [ SQL ] SELECT `sfs_master_game_id` FROM `ds_sports_football_schedules` WHERE  `sfs_id` = 8812 LIMIT 1 [ RunTime:0.088000s ]
[ sql ] [ SQL ] SELECT `sfr_home_score`,`sfr_guest_score`,`sfr_home_score_1h`,`sfr_guest_score_1h` FROM `ds_sports_football_results` WHERE  `sfr_game_id` = 3046032 LIMIT 1 [ RunTime:0.088000s ]
[ sql ] [ SQL ] SELECT * FROM `ds_sports_types` WHERE  `st_eng_name` = 'football' LIMIT 1 [ RunTime:0.088000s ]
[ sql ] [ SQL ] SELECT sum(so_bet_amount) AS `so_bet_amount`,sum(so_bonus) AS `so_bonus`,count(so_id) AS `order_total` FROM `ds_sports_orders` WHERE  (  FIND_IN_SET(8812,so_source_ids) )  AND `so_st_id` = 1 LIMIT 1 [ RunTime:0.303000s ]
[ sql ] [ SQL ] SELECT `sfs_master_game_id` FROM `ds_sports_football_schedules` WHERE  `sfs_id` = 8811 LIMIT 1 [ RunTime:0.089000s ]
[ sql ] [ SQL ] SELECT `sfr_home_score`,`sfr_guest_score`,`sfr_home_score_1h`,`sfr_guest_score_1h` FROM `ds_sports_football_results` WHERE  `sfr_game_id` = 3045204 LIMIT 1 [ RunTime:0.088000s ]
[ sql ] [ SQL ] SELECT * FROM `ds_sports_types` WHERE  `st_eng_name` = 'football' LIMIT 1 [ RunTime:0.086000s ]
[ sql ] [ SQL ] SELECT sum(so_bet_amount) AS `so_bet_amount`,sum(so_bonus) AS `so_bonus`,count(so_id) AS `order_total` FROM `ds_sports_orders` WHERE  (  FIND_IN_SET(8811,so_source_ids) )  AND `so_st_id` = 1 LIMIT 1 [ RunTime:0.301000s ]
[ sql ] [ SQL ] SELECT `sfs_master_game_id` FROM `ds_sports_football_schedules` WHERE  `sfs_id` = 8807 LIMIT 1 [ RunTime:0.087000s ]
[ sql ] [ SQL ] SELECT `sfr_home_score`,`sfr_guest_score`,`sfr_home_score_1h`,`sfr_guest_score_1h` FROM `ds_sports_football_results` WHERE  `sfr_game_id` = 3047726 LIMIT 1 [ RunTime:0.087000s ]
[ sql ] [ SQL ] SELECT * FROM `ds_sports_types` WHERE  `st_eng_name` = 'football' LIMIT 1 [ RunTime:0.086000s ]
[ sql ] [ SQL ] SELECT sum(so_bet_amount) AS `so_bet_amount`,sum(so_bonus) AS `so_bonus`,count(so_id) AS `order_total` FROM `ds_sports_orders` WHERE  (  FIND_IN_SET(8807,so_source_ids) )  AND `so_st_id` = 1 LIMIT 1 [ RunTime:0.307000s ]
[ sql ] [ SQL ] SELECT `sfs_master_game_id` FROM `ds_sports_football_schedules` WHERE  `sfs_id` = 8803 LIMIT 1 [ RunTime:0.088000s ]
[ sql ] [ SQL ] SELECT `sfr_home_score`,`sfr_guest_score`,`sfr_home_score_1h`,`sfr_guest_score_1h` FROM `ds_sports_football_results` WHERE  `sfr_game_id` = 3046028 LIMIT 1 [ RunTime:0.087000s ]
[ sql ] [ SQL ] SELECT * FROM `ds_sports_types` WHERE  `st_eng_name` = 'football' LIMIT 1 [ RunTime:0.090000s ]
[ sql ] [ SQL ] SELECT sum(so_bet_amount) AS `so_bet_amount`,sum(so_bonus) AS `so_bonus`,count(so_id) AS `order_total` FROM `ds_sports_orders` WHERE  (  FIND_IN_SET(8803,so_source_ids) )  AND `so_st_id` = 1 LIMIT 1 [ RunTime:0.306000s ]
[ sql ] [ SQL ] SELECT `sfs_master_game_id` FROM `ds_sports_football_schedules` WHERE  `sfs_id` = 8802 LIMIT 1 [ RunTime:0.086000s ]
[ sql ] [ SQL ] SELECT `sfr_home_score`,`sfr_guest_score`,`sfr_home_score_1h`,`sfr_guest_score_1h` FROM `ds_sports_football_results` WHERE  `sfr_game_id` = 3046026 LIMIT 1 [ RunTime:0.090000s ]
[ sql ] [ SQL ] SELECT * FROM `ds_sports_types` WHERE  `st_eng_name` = 'football' LIMIT 1 [ RunTime:0.088000s ]
[ sql ] [ SQL ] SELECT sum(so_bet_amount) AS `so_bet_amount`,sum(so_bonus) AS `so_bonus`,count(so_id) AS `order_total` FROM `ds_sports_orders` WHERE  (  FIND_IN_SET(8802,so_source_ids) )  AND `so_st_id` = 1 LIMIT 1 [ RunTime:0.300000s ]
[ sql ] [ SQL ] SELECT `sfs_master_game_id` FROM `ds_sports_football_schedules` WHERE  `sfs_id` = 8800 LIMIT 1 [ RunTime:0.087000s ]
[ sql ] [ SQL ] SELECT `sfr_home_score`,`sfr_guest_score`,`sfr_home_score_1h`,`sfr_guest_score_1h` FROM `ds_sports_football_results` WHERE  `sfr_game_id` = 3043958 LIMIT 1 [ RunTime:0.088000s ]
[ sql ] [ SQL ] SELECT * FROM `ds_sports_types` WHERE  `st_eng_name` = 'football' LIMIT 1 [ RunTime:0.087000s ]
[ sql ] [ SQL ] SELECT sum(so_bet_amount) AS `so_bet_amount`,sum(so_bonus) AS `so_bonus`,count(so_id) AS `order_total` FROM `ds_sports_orders` WHERE  (  FIND_IN_SET(8800,so_source_ids) )  AND `so_st_id` = 1 LIMIT 1 [ RunTime:0.311000s ]
[ sql ] [ SQL ] SELECT `sfs_master_game_id` FROM `ds_sports_football_schedules` WHERE  `sfs_id` = 8797 LIMIT 1 [ RunTime:0.087000s ]
[ sql ] [ SQL ] SELECT `sfr_home_score`,`sfr_guest_score`,`sfr_home_score_1h`,`sfr_guest_score_1h` FROM `ds_sports_football_results` WHERE  `sfr_game_id` = 3043892 LIMIT 1 [ RunTime:0.088000s ]
[ sql ] [ SQL ] SELECT * FROM `ds_sports_types` WHERE  `st_eng_name` = 'football' LIMIT 1 [ RunTime:0.088000s ]
[ sql ] [ SQL ] SELECT sum(so_bet_amount) AS `so_bet_amount`,sum(so_bonus) AS `so_bonus`,count(so_id) AS `order_total` FROM `ds_sports_orders` WHERE  (  FIND_IN_SET(8797,so_source_ids) )  AND `so_st_id` = 1 LIMIT 1 [ RunTime:0.283000s ]
[ sql ] [ SQL ] SELECT `sfs_master_game_id` FROM `ds_sports_football_schedules` WHERE  `sfs_id` = 8796 LIMIT 1 [ RunTime:0.087000s ]
[ sql ] [ SQL ] SELECT `sfr_home_score`,`sfr_guest_score`,`sfr_home_score_1h`,`sfr_guest_score_1h` FROM `ds_sports_football_results` WHERE  `sfr_game_id` = 3047540 LIMIT 1 [ RunTime:0.088000s ]
[ sql ] [ SQL ] SELECT * FROM `ds_sports_types` WHERE  `st_eng_name` = 'football' LIMIT 1 [ RunTime:0.088000s ]
[ sql ] [ SQL ] SELECT sum(so_bet_amount) AS `so_bet_amount`,sum(so_bonus) AS `so_bonus`,count(so_id) AS `order_total` FROM `ds_sports_orders` WHERE  (  FIND_IN_SET(8796,so_source_ids) )  AND `so_st_id` = 1 LIMIT 1 [ RunTime:0.293000s ]
[ sql ] [ SQL ] SELECT `sfs_master_game_id` FROM `ds_sports_football_schedules` WHERE  `sfs_id` = 8795 LIMIT 1 [ RunTime:0.088000s ]
[ sql ] [ SQL ] SELECT `sfr_home_score`,`sfr_guest_score`,`sfr_home_score_1h`,`sfr_guest_score_1h` FROM `ds_sports_football_results` WHERE  `sfr_game_id` = 3047530 LIMIT 1 [ RunTime:0.088000s ]
[ sql ] [ SQL ] SELECT * FROM `ds_sports_types` WHERE  `st_eng_name` = 'football' LIMIT 1 [ RunTime:0.088000s ]
[ sql ] [ SQL ] SELECT sum(so_bet_amount) AS `so_bet_amount`,sum(so_bonus) AS `so_bonus`,count(so_id) AS `order_total` FROM `ds_sports_orders` WHERE  (  FIND_IN_SET(8795,so_source_ids) )  AND `so_st_id` = 1 LIMIT 1 [ RunTime:0.305000s ]
[ sql ] [ SQL ] SELECT `sfs_master_game_id` FROM `ds_sports_football_schedules` WHERE  `sfs_id` = 8789 LIMIT 1 [ RunTime:0.089000s ]
[ sql ] [ SQL ] SELECT `sfr_home_score`,`sfr_guest_score`,`sfr_home_score_1h`,`sfr_guest_score_1h` FROM `ds_sports_football_results` WHERE  `sfr_game_id` = 3039646 LIMIT 1 [ RunTime:0.087000s ]
[ sql ] [ SQL ] SELECT * FROM `ds_sports_types` WHERE  `st_eng_name` = 'football' LIMIT 1 [ RunTime:0.087000s ]
[ sql ] [ SQL ] SELECT sum(so_bet_amount) AS `so_bet_amount`,sum(so_bonus) AS `so_bonus`,count(so_id) AS `order_total` FROM `ds_sports_orders` WHERE  (  FIND_IN_SET(8789,so_source_ids) )  AND `so_st_id` = 1 LIMIT 1 [ RunTime:0.276000s ]
[ sql ] [ SQL ] SELECT `sfs_master_game_id` FROM `ds_sports_football_schedules` WHERE  `sfs_id` = 8788 LIMIT 1 [ RunTime:0.086000s ]
[ sql ] [ SQL ] SELECT `sfr_home_score`,`sfr_guest_score`,`sfr_home_score_1h`,`sfr_guest_score_1h` FROM `ds_sports_football_results` WHERE  `sfr_game_id` = 3039638 LIMIT 1 [ RunTime:0.088000s ]
[ sql ] [ SQL ] SELECT * FROM `ds_sports_types` WHERE  `st_eng_name` = 'football' LIMIT 1 [ RunTime:0.088000s ]
[ sql ] [ SQL ] SELECT sum(so_bet_amount) AS `so_bet_amount`,sum(so_bonus) AS `so_bonus`,count(so_id) AS `order_total` FROM `ds_sports_orders` WHERE  (  FIND_IN_SET(8788,so_source_ids) )  AND `so_st_id` = 1 LIMIT 1 [ RunTime:0.284000s ]
[ sql ] [ SQL ] SELECT `sfs_master_game_id` FROM `ds_sports_football_schedules` WHERE  `sfs_id` = 8787 LIMIT 1 [ RunTime:0.088000s ]
[ sql ] [ SQL ] SELECT `sfr_home_score`,`sfr_guest_score`,`sfr_home_score_1h`,`sfr_guest_score_1h` FROM `ds_sports_football_results` WHERE  `sfr_game_id` = 3039630 LIMIT 1 [ RunTime:0.087000s ]
[ sql ] [ SQL ] SELECT * FROM `ds_sports_types` WHERE  `st_eng_name` = 'football' LIMIT 1 [ RunTime:0.086000s ]
[ sql ] [ SQL ] SELECT sum(so_bet_amount) AS `so_bet_amount`,sum(so_bonus) AS `so_bonus`,count(so_id) AS `order_total` FROM `ds_sports_orders` WHERE  (  FIND_IN_SET(8787,so_source_ids) )  AND `so_st_id` = 1 LIMIT 1 [ RunTime:0.277000s ]
[ sql ] [ SQL ] SELECT `sfs_master_game_id` FROM `ds_sports_football_schedules` WHERE  `sfs_id` = 8784 LIMIT 1 [ RunTime:0.087000s ]
[ sql ] [ SQL ] SELECT `sfr_home_score`,`sfr_guest_score`,`sfr_home_score_1h`,`sfr_guest_score_1h` FROM `ds_sports_football_results` WHERE  `sfr_game_id` = 3047348 LIMIT 1 [ RunTime:0.087000s ]
[ sql ] [ SQL ] SELECT * FROM `ds_sports_types` WHERE  `st_eng_name` = 'football' LIMIT 1 [ RunTime:0.088000s ]
[ sql ] [ SQL ] SELECT sum(so_bet_amount) AS `so_bet_amount`,sum(so_bonus) AS `so_bonus`,count(so_id) AS `order_total` FROM `ds_sports_orders` WHERE  (  FIND_IN_SET(8784,so_source_ids) )  AND `so_st_id` = 1 LIMIT 1 [ RunTime:0.277000s ]
[ sql ] [ SQL ] SELECT `sfs_master_game_id` FROM `ds_sports_football_schedules` WHERE  `sfs_id` = 8783 LIMIT 1 [ RunTime:0.087000s ]
[ sql ] [ SQL ] SELECT `sfr_home_score`,`sfr_guest_score`,`sfr_home_score_1h`,`sfr_guest_score_1h` FROM `ds_sports_football_results` WHERE  `sfr_game_id` = 3045564 LIMIT 1 [ RunTime:0.087000s ]
[ sql ] [ SQL ] SELECT * FROM `ds_sports_types` WHERE  `st_eng_name` = 'football' LIMIT 1 [ RunTime:0.088000s ]
[ sql ] [ SQL ] SELECT sum(so_bet_amount) AS `so_bet_amount`,sum(so_bonus) AS `so_bonus`,count(so_id) AS `order_total` FROM `ds_sports_orders` WHERE  (  FIND_IN_SET(8783,so_source_ids) )  AND `so_st_id` = 1 LIMIT 1 [ RunTime:0.275000s ]
---------------------------------------------------------------
[ 2018-01-11T17:09:30+08:00 ] 127.0.0.1 GET /admin/PayCenter/getChannelMerchantList
[ sql ] [ DB ] CONNECT:[ UseTime:0.428000s ] mysql:host=rm-j6cng8865pfylc1d9o.mysql.rds.aliyuncs.com;port=3306;dbname=kosun_net;charset=utf8
[ sql ] [ SQL ] SHOW COLUMNS FROM `ds_pay_center_merchant_info` [ RunTime:0.088000s ]
[ sql ] [ SQL ] SELECT * FROM `ds_pay_center_merchant_info` LIMIT 1 [ RunTime:0.087000s ]
---------------------------------------------------------------
[ 2018-01-11T18:04:23+08:00 ] 127.0.0.1 POST /admin/PayCenter/createChannelMerchant?merchantId=testappstestappstestappstestapps&nonce=2iAUXdcFpNea5YIkmhEW6Ru3sbqPTftS&sign&payChannelId=85&payTypeId=11&redirectDomain=http://test-pay.kosun.net&account&desc&md5Key&terminalId&limitAmount&rsaPriKey&rsaPublicKey?merchantId=testappstestappstestappstestapps&nonce=2iAUXdcFpNea5YIkmhEW6Ru3sbqPTftS&sign=&payChannelId=85&payTypeId=11&redirectDomain=http://test-pay.kosun.net&account=&desc=&md5Key=&terminalId=&limitAmount=&rsaPriKey=&rsaPublicKey=
[ sql ] [ DB ] CONNECT:[ UseTime:0.408000s ] mysql:host=rm-j6cng8865pfylc1d9o.mysql.rds.aliyuncs.com;port=3306;dbname=kosun_net;charset=utf8
[ sql ] [ SQL ] SHOW COLUMNS FROM `ds_recharge_type` [ RunTime:0.089000s ]
[ sql ] [ SQL ] SELECT * FROM `ds_recharge_type` WHERE  `recharge_type_id` = 11 LIMIT 1 [ RunTime:0.091000s ]
[ sql ] [ SQL ] SHOW COLUMNS FROM `ds_pay_center_merchant_info` [ RunTime:0.088000s ]
[ sql ] [ SQL ] SELECT * FROM `ds_pay_center_merchant_info` LIMIT 1 [ RunTime:0.088000s ]
[ sql ] [ SQL ] SELECT * FROM `ds_pay_center_merchant_info` LIMIT 1 [ RunTime:0.086000s ]
