---------------------------------------------------------------
[ 2018-01-15T09:44:58+08:00 ] 127.0.0.1 POST /admin/PayCenter/createChannelMerchant?merchantId=testappstestappstestappstestapps&nonce=2iAUXdcFpNea5YIkmhEW6Ru3sbqPTftS&sign&payChannelId=85&payTypeId=11&redirectDomain=http://test-pay.kosun.net&account=3123123&desc&md5Key&terminalId&limitAmount&rsaPriKey&rsaPublicKey?merchantId=testappstestappstestappstestapps&nonce=2iAUXdcFpNea5YIkmhEW6Ru3sbqPTftS&sign=&payChannelId=85&payTypeId=11&redirectDomain=http://test-pay.kosun.net&account=3123123&desc=&md5Key=&terminalId=&limitAmount=&rsaPriKey=&rsaPublicKey=
[ sql ] [ DB ] CONNECT:[ UseTime:0.311000s ] mysql:host=rm-j6cng8865pfylc1d9o.mysql.rds.aliyuncs.com;port=3306;dbname=kosun_net;charset=utf8
[ sql ] [ SQL ] SHOW COLUMNS FROM `ds_recharge_type` [ RunTime:0.091000s ]
[ sql ] [ SQL ] SELECT * FROM `ds_recharge_type` WHERE  `recharge_type_id` = 11 LIMIT 1 [ RunTime:0.088000s ]
[ sql ] [ SQL ] SHOW COLUMNS FROM `ds_pay_center_merchant_info` [ RunTime:0.087000s ]
[ sql ] [ SQL ] SELECT * FROM `ds_pay_center_merchant_info` LIMIT 1 [ RunTime:0.087000s ]
[ sql ] [ SQL ] SELECT * FROM `ds_pay_center_merchant_info` LIMIT 1 [ RunTime:0.090000s ]
---------------------------------------------------------------
[ 2018-01-15T09:45:49+08:00 ] 127.0.0.1 POST /admin/PayCenter/createChannelMerchant?merchantId=testappstestappstestappstestapps&nonce=2iAUXdcFpNea5YIkmhEW6Ru3sbqPTftS&sign&payChannelId=85&payTypeId=11&redirectDomain=http://test-pay.kosun.net&account=3123123&desc&md5Key&terminalId&limitAmount&rsaPriKey&rsaPublicKey?merchantId=testappstestappstestappstestapps&nonce=2iAUXdcFpNea5YIkmhEW6Ru3sbqPTftS&sign=&payChannelId=85&payTypeId=11&redirectDomain=http://test-pay.kosun.net&account=3123123&desc=&md5Key=&terminalId=&limitAmount=&rsaPriKey=&rsaPublicKey=
[ sql ] [ DB ] CONNECT:[ UseTime:0.130500s ] mysql:host=rm-j6cng8865pfylc1d9o.mysql.rds.aliyuncs.com;port=3306;dbname=kosun_net;charset=utf8
[ sql ] [ SQL ] SHOW COLUMNS FROM `ds_recharge_type` [ RunTime:0.088000s ]
[ sql ] [ SQL ] SELECT * FROM `ds_recharge_type` WHERE  `recharge_type_id` = 11 LIMIT 1 [ RunTime:0.088000s ]
[ sql ] [ SQL ] SHOW COLUMNS FROM `ds_pay_center_merchant_info` [ RunTime:0.096000s ]
[ sql ] [ SQL ] SELECT * FROM `ds_pay_center_merchant_info` LIMIT 1 [ RunTime:0.089000s ]
[ sql ] [ SQL ] SELECT * FROM `ds_pay_center_merchant_info` LIMIT 1 [ RunTime:0.089000s ]
---------------------------------------------------------------
[ 2018-01-15T09:46:10+08:00 ] 127.0.0.1 POST /admin/PayCenter/createChannelMerchant?merchantId=testappstestappstestappstestapps&nonce=2iAUXdcFpNea5YIkmhEW6Ru3sbqPTftS&sign&payChannelId=85&payTypeId=11&redirectDomain=http://test-pay.kosun.net&account=3123123&desc&md5Key&terminalId&limitAmount&rsaPriKey&rsaPublicKey?merchantId=testappstestappstestappstestapps&nonce=2iAUXdcFpNea5YIkmhEW6Ru3sbqPTftS&sign=&payChannelId=85&payTypeId=11&redirectDomain=http://test-pay.kosun.net&account=3123123&desc=&md5Key=&terminalId=&limitAmount=&rsaPriKey=&rsaPublicKey=
[ sql ] [ DB ] CONNECT:[ UseTime:0.436000s ] mysql:host=rm-j6cng8865pfylc1d9o.mysql.rds.aliyuncs.com;port=3306;dbname=kosun_net;charset=utf8
[ sql ] [ SQL ] SHOW COLUMNS FROM `ds_recharge_type` [ RunTime:0.089000s ]
[ sql ] [ SQL ] SELECT * FROM `ds_recharge_type` WHERE  `recharge_type_id` = 11 LIMIT 1 [ RunTime:0.089000s ]
[ sql ] [ SQL ] SHOW COLUMNS FROM `ds_pay_center_merchant_info` [ RunTime:0.090000s ]
[ sql ] [ SQL ] SELECT * FROM `ds_pay_center_merchant_info` LIMIT 1 [ RunTime:0.092000s ]
[ sql ] [ SQL ] SELECT * FROM `ds_pay_center_merchant_info` LIMIT 1 [ RunTime:0.091000s ]
---------------------------------------------------------------
[ 2018-01-15T10:03:20+08:00 ] 127.0.0.1 POST /admin/PayCenter/createChannelMerchant?merchantId=testappstestappstestappstestapps&nonce=2iAUXdcFpNea5YIkmhEW6Ru3sbqPTftS&sign&payChannelId=85&payTypeId=11&redirectDomain=http://test-pay.kosun.net&account=3123123&desc&md5Key&terminalId&limitAmount&rsaPriKey&rsaPublicKey?merchantId=testappstestappstestappstestapps&nonce=2iAUXdcFpNea5YIkmhEW6Ru3sbqPTftS&sign=&payChannelId=85&payTypeId=11&redirectDomain=http://test-pay.kosun.net&account=3123123&desc=&md5Key=&terminalId=&limitAmount=&rsaPriKey=&rsaPublicKey=
[ sql ] [ DB ] CONNECT:[ UseTime:0.304000s ] mysql:host=rm-j6cng8865pfylc1d9o.mysql.rds.aliyuncs.com;port=3306;dbname=kosun_net;charset=utf8
[ sql ] [ SQL ] SHOW COLUMNS FROM `ds_recharge_type` [ RunTime:0.087000s ]
[ sql ] [ SQL ] SELECT * FROM `ds_recharge_type` WHERE  `recharge_type_id` = 11 LIMIT 1 [ RunTime:0.086000s ]
[ sql ] [ SQL ] SHOW COLUMNS FROM `ds_pay_center_merchant_info` [ RunTime:0.091000s ]
[ sql ] [ SQL ] SELECT * FROM `ds_pay_center_merchant_info` LIMIT 1 [ RunTime:0.087000s ]
[ sql ] [ SQL ] SELECT * FROM `ds_pay_center_merchant_info` LIMIT 1 [ RunTime:0.087000s ]
---------------------------------------------------------------
[ 2018-01-15T10:19:09+08:00 ] 127.0.0.1 GET /api/Bank/getPayCenterBankList
[ sql ] [ DB ] CONNECT:[ UseTime:0.315000s ] mysql:host=rm-j6cng8865pfylc1d9o.mysql.rds.aliyuncs.com;port=3306;dbname=kosun_net;charset=utf8
[ sql ] [ SQL ] SHOW COLUMNS FROM `ds_pay_center_merchant_info` [ RunTime:0.089000s ]
[ sql ] [ SQL ] SELECT * FROM `ds_pay_center_merchant_info` LIMIT 1 [ RunTime:0.088000s ]
---------------------------------------------------------------
[ 2018-01-15T10:19:41+08:00 ] 127.0.0.1 GET /api/Bank/getPayCenterBankList
[ sql ] [ DB ] CONNECT:[ UseTime:0.138000s ] mysql:host=rm-j6cng8865pfylc1d9o.mysql.rds.aliyuncs.com;port=3306;dbname=kosun_net;charset=utf8
[ sql ] [ SQL ] SHOW COLUMNS FROM `ds_pay_center_merchant_info` [ RunTime:0.092000s ]
[ sql ] [ SQL ] SELECT * FROM `ds_pay_center_merchant_info` LIMIT 1 [ RunTime:0.090000s ]
---------------------------------------------------------------
[ 2018-01-15T10:23:22+08:00 ] 127.0.0.1 GET /api/Bank/getBankList
[ sql ] [ DB ] CONNECT:[ UseTime:0.316500s ] mysql:host=rm-j6cng8865pfylc1d9o.mysql.rds.aliyuncs.com;port=3306;dbname=kosun_net;charset=utf8
[ sql ] [ SQL ] SHOW COLUMNS FROM `ds_pay_center_merchant_info` [ RunTime:0.088000s ]
[ sql ] [ SQL ] SELECT * FROM `ds_pay_center_merchant_info` LIMIT 1 [ RunTime:0.088000s ]
---------------------------------------------------------------
[ 2018-01-15T10:23:54+08:00 ] 127.0.0.1 GET /api/Bank/getBankList
[ sql ] [ DB ] CONNECT:[ UseTime:0.133000s ] mysql:host=rm-j6cng8865pfylc1d9o.mysql.rds.aliyuncs.com;port=3306;dbname=kosun_net;charset=utf8
[ sql ] [ SQL ] SHOW COLUMNS FROM `ds_pay_center_merchant_info` [ RunTime:0.086500s ]
[ sql ] [ SQL ] SELECT * FROM `ds_pay_center_merchant_info` LIMIT 1 [ RunTime:0.085000s ]
---------------------------------------------------------------
[ 2018-01-15T10:24:07+08:00 ] 127.0.0.1 GET /api/Bank/getBankList
[ sql ] [ DB ] CONNECT:[ UseTime:0.140500s ] mysql:host=rm-j6cng8865pfylc1d9o.mysql.rds.aliyuncs.com;port=3306;dbname=kosun_net;charset=utf8
[ sql ] [ SQL ] SHOW COLUMNS FROM `ds_pay_center_merchant_info` [ RunTime:0.084000s ]
[ sql ] [ SQL ] SELECT * FROM `ds_pay_center_merchant_info` LIMIT 1 [ RunTime:0.085000s ]
---------------------------------------------------------------
[ 2018-01-15T10:25:11+08:00 ] 127.0.0.1 GET /api/Bank/getBankList
[ sql ] [ DB ] CONNECT:[ UseTime:0.242000s ] mysql:host=rm-j6cng8865pfylc1d9o.mysql.rds.aliyuncs.com;port=3306;dbname=kosun_net;charset=utf8
[ sql ] [ SQL ] SHOW COLUMNS FROM `ds_pay_center_merchant_info` [ RunTime:0.090000s ]
[ sql ] [ SQL ] SELECT * FROM `ds_pay_center_merchant_info` LIMIT 1 [ RunTime:0.090000s ]
---------------------------------------------------------------
[ 2018-01-15T10:32:55+08:00 ] 127.0.0.1 GET /api/Recharge/pay?amount=50&payTypeId=6&bankId=3
[ sql ] [ DB ] CONNECT:[ UseTime:0.309000s ] mysql:host=rm-j6cng8865pfylc1d9o.mysql.rds.aliyuncs.com;port=3306;dbname=kosun_net;charset=utf8
[ sql ] [ SQL ] SHOW COLUMNS FROM `ds_user` [ RunTime:0.089000s ]
[ sql ] [ SQL ] SELECT * FROM `ds_user` WHERE  `user_id` = 0 LIMIT 1 [ RunTime:0.089000s ]
[ sql ] [ SQL ] SELECT * FROM `ds_user` WHERE  `user_id` = 5351 LIMIT 1 [ RunTime:0.089000s ]
[ sql ] [ SQL ] SHOW COLUMNS FROM `ds_recharge_type` [ RunTime:0.087000s ]
[ sql ] [ SQL ] SELECT * FROM `ds_recharge_type` WHERE  `recharge_type_id` = 6 LIMIT 1 [ RunTime:0.088000s ]
[ sql ] [ SQL ] SHOW COLUMNS FROM `ds_pay_center_merchant_info` [ RunTime:0.094000s ]
[ sql ] [ SQL ] SELECT * FROM `ds_pay_center_merchant_info` LIMIT 1 [ RunTime:0.088000s ]
[ sql ] [ SQL ] SHOW COLUMNS FROM `ds_pay_bank_relation` [ RunTime:0.085000s ]
[ sql ] [ SQL ] SELECT `pay_type_id` FROM `ds_pay_bank_relation` WHERE  `bank_id` = 3 [ RunTime:0.089000s ]
---------------------------------------------------------------
[ 2018-01-15T10:35:42+08:00 ] 127.0.0.1 GET /api/Recharge/pay?amount=50&payTypeId=6&bankId=3
[ sql ] [ DB ] CONNECT:[ UseTime:0.142000s ] mysql:host=rm-j6cng8865pfylc1d9o.mysql.rds.aliyuncs.com;port=3306;dbname=kosun_net;charset=utf8
[ sql ] [ SQL ] SHOW COLUMNS FROM `ds_user` [ RunTime:0.086000s ]
[ sql ] [ SQL ] SELECT * FROM `ds_user` WHERE  `user_id` = 0 LIMIT 1 [ RunTime:0.087000s ]
[ sql ] [ SQL ] SELECT * FROM `ds_user` WHERE  `user_id` = 5351 LIMIT 1 [ RunTime:0.086000s ]
[ sql ] [ SQL ] SHOW COLUMNS FROM `ds_recharge_type` [ RunTime:0.085000s ]
[ sql ] [ SQL ] SELECT * FROM `ds_recharge_type` WHERE  `recharge_type_id` = 6 LIMIT 1 [ RunTime:0.088000s ]
[ sql ] [ SQL ] SHOW COLUMNS FROM `ds_pay_center_merchant_info` [ RunTime:0.088000s ]
[ sql ] [ SQL ] SELECT * FROM `ds_pay_center_merchant_info` LIMIT 1 [ RunTime:0.086000s ]
[ sql ] [ SQL ] SHOW COLUMNS FROM `ds_pay_bank_relation` [ RunTime:0.087000s ]
[ sql ] [ SQL ] SELECT `pay_type_id` FROM `ds_pay_bank_relation` WHERE  `bank_id` = 3 [ RunTime:0.087000s ]
[ sql ] [ SQL ] SHOW COLUMNS FROM `ds_pay_center_account_user_level_relation` [ RunTime:0.090000s ]
[ sql ] [ SQL ] SELECT `channel_merchant_id` FROM `ds_pay_center_account_user_level_relation` WHERE  `user_level_id` = 2 [ RunTime:0.089000s ]
[ sql ] [ SQL ] SHOW COLUMNS FROM `ds_pay_center_channel_merchant` [ RunTime:0.089000s ]
[ sql ] [ SQL ] SELECT * FROM `ds_pay_center_channel_merchant` WHERE  `channel_merchant_id` IN ('')  AND `pay_type_id` = 6  AND `status` = 1 [ RunTime:0.089000s ]
---------------------------------------------------------------
[ 2018-01-15T10:37:31+08:00 ] 127.0.0.1 GET /api/Recharge/pay?amount=50&payTypeId=6&bankId=3
[ sql ] [ DB ] CONNECT:[ UseTime:0.222000s ] mysql:host=rm-j6cng8865pfylc1d9o.mysql.rds.aliyuncs.com;port=3306;dbname=kosun_net;charset=utf8
[ sql ] [ SQL ] SHOW COLUMNS FROM `ds_user` [ RunTime:0.091500s ]
[ sql ] [ SQL ] SELECT * FROM `ds_user` WHERE  `user_id` = 0 LIMIT 1 [ RunTime:0.102000s ]
[ sql ] [ SQL ] SELECT * FROM `ds_user` WHERE  `user_id` = 5351 LIMIT 1 [ RunTime:0.088500s ]
---------------------------------------------------------------
[ 2018-01-15T10:38:24+08:00 ] 127.0.0.1 GET /api/Recharge/pay?amount=50&payTypeId=6&bankId=3
[ sql ] [ DB ] CONNECT:[ UseTime:0.133000s ] mysql:host=rm-j6cng8865pfylc1d9o.mysql.rds.aliyuncs.com;port=3306;dbname=kosun_net;charset=utf8
[ sql ] [ SQL ] SHOW COLUMNS FROM `ds_user` [ RunTime:0.090000s ]
[ sql ] [ SQL ] SELECT * FROM `ds_user` WHERE  `user_id` = 0 LIMIT 1 [ RunTime:0.091000s ]
[ sql ] [ SQL ] SELECT * FROM `ds_user` WHERE  `user_id` = 5351 LIMIT 1 [ RunTime:0.089000s ]
---------------------------------------------------------------
[ 2018-01-15T10:38:34+08:00 ] 127.0.0.1 GET /api/Recharge/pay?amount=50&payTypeId=6&bankId=3
[ sql ] [ DB ] CONNECT:[ UseTime:0.221000s ] mysql:host=rm-j6cng8865pfylc1d9o.mysql.rds.aliyuncs.com;port=3306;dbname=kosun_net;charset=utf8
[ sql ] [ SQL ] SHOW COLUMNS FROM `ds_user` [ RunTime:0.090000s ]
[ sql ] [ SQL ] SELECT * FROM `ds_user` WHERE  `user_id` = 0 LIMIT 1 [ RunTime:0.090000s ]
[ sql ] [ SQL ] SELECT * FROM `ds_user` WHERE  `user_id` = 5351 LIMIT 1 [ RunTime:0.088000s ]
[ sql ] [ SQL ] SHOW COLUMNS FROM `ds_recharge_type` [ RunTime:0.089000s ]
[ sql ] [ SQL ] SELECT * FROM `ds_recharge_type` WHERE  `recharge_type_id` = 6 LIMIT 1 [ RunTime:0.089000s ]
[ sql ] [ SQL ] SHOW COLUMNS FROM `ds_pay_center_merchant_info` [ RunTime:0.093000s ]
[ sql ] [ SQL ] SELECT * FROM `ds_pay_center_merchant_info` LIMIT 1 [ RunTime:0.088000s ]
[ sql ] [ SQL ] SHOW COLUMNS FROM `ds_pay_bank_relation` [ RunTime:0.088000s ]
[ sql ] [ SQL ] SELECT `pay_type_id` FROM `ds_pay_bank_relation` WHERE  `bank_id` = 3 [ RunTime:0.092000s ]
[ sql ] [ SQL ] SHOW COLUMNS FROM `ds_pay_center_account_user_level_relation` [ RunTime:0.089000s ]
[ sql ] [ SQL ] SELECT `channel_merchant_id` FROM `ds_pay_center_account_user_level_relation` WHERE  `user_level_id` = 2 [ RunTime:0.099000s ]
[ sql ] [ SQL ] SHOW COLUMNS FROM `ds_pay_center_channel_merchant` [ RunTime:0.091000s ]
[ sql ] [ SQL ] SELECT * FROM `ds_pay_center_channel_merchant` WHERE  `channel_merchant_id` IN (6)  AND `pay_type_id` = 6  AND `status` = 1 [ RunTime:0.090000s ]
---------------------------------------------------------------
[ 2018-01-15T10:39:14+08:00 ] 127.0.0.1 GET /api/Recharge/pay?amount=50&payTypeId=6&bankId=3
[ sql ] [ DB ] CONNECT:[ UseTime:0.129000s ] mysql:host=rm-j6cng8865pfylc1d9o.mysql.rds.aliyuncs.com;port=3306;dbname=kosun_net;charset=utf8
[ sql ] [ SQL ] SHOW COLUMNS FROM `ds_user` [ RunTime:0.089000s ]
[ sql ] [ SQL ] SELECT * FROM `ds_user` WHERE  `user_id` = 0 LIMIT 1 [ RunTime:0.087000s ]
[ sql ] [ SQL ] SELECT * FROM `ds_user` WHERE  `user_id` = 5351 LIMIT 1 [ RunTime:0.089000s ]
[ sql ] [ SQL ] SHOW COLUMNS FROM `ds_recharge_type` [ RunTime:0.085000s ]
[ sql ] [ SQL ] SELECT * FROM `ds_recharge_type` WHERE  `recharge_type_id` = 6 LIMIT 1 [ RunTime:0.088000s ]
[ sql ] [ SQL ] SHOW COLUMNS FROM `ds_pay_center_merchant_info` [ RunTime:0.092500s ]
[ sql ] [ SQL ] SELECT * FROM `ds_pay_center_merchant_info` LIMIT 1 [ RunTime:0.093000s ]
[ sql ] [ SQL ] SHOW COLUMNS FROM `ds_pay_bank_relation` [ RunTime:0.087000s ]
[ sql ] [ SQL ] SELECT `pay_type_id` FROM `ds_pay_bank_relation` WHERE  `bank_id` = 3 [ RunTime:0.088000s ]
[ sql ] [ SQL ] SHOW COLUMNS FROM `ds_pay_center_account_user_level_relation` [ RunTime:0.085000s ]
[ sql ] [ SQL ] SELECT `channel_merchant_id` FROM `ds_pay_center_account_user_level_relation` WHERE  `user_level_id` = 2 [ RunTime:0.101000s ]
[ sql ] [ SQL ] SHOW COLUMNS FROM `ds_pay_center_channel_merchant` [ RunTime:0.087000s ]
[ sql ] [ SQL ] SELECT * FROM `ds_pay_center_channel_merchant` WHERE  `channel_merchant_id` IN (6)  AND `pay_type_id` = 6  AND `status` = 1 [ RunTime:0.088000s ]
---------------------------------------------------------------
[ 2018-01-15T10:40:25+08:00 ] 127.0.0.1 GET /api/Recharge/pay?amount=50&payTypeId=6&bankId=3
[ sql ] [ DB ] CONNECT:[ UseTime:0.151500s ] mysql:host=rm-j6cng8865pfylc1d9o.mysql.rds.aliyuncs.com;port=3306;dbname=kosun_net;charset=utf8
[ sql ] [ SQL ] SHOW COLUMNS FROM `ds_user` [ RunTime:0.088000s ]
[ sql ] [ SQL ] SELECT * FROM `ds_user` WHERE  `user_id` = 0 LIMIT 1 [ RunTime:0.088000s ]
[ sql ] [ SQL ] SELECT * FROM `ds_user` WHERE  `user_id` = 5351 LIMIT 1 [ RunTime:0.087000s ]
[ sql ] [ SQL ] SHOW COLUMNS FROM `ds_recharge_type` [ RunTime:0.086000s ]
[ sql ] [ SQL ] SELECT * FROM `ds_recharge_type` WHERE  `recharge_type_id` = 6 LIMIT 1 [ RunTime:0.085000s ]
[ sql ] [ SQL ] SHOW COLUMNS FROM `ds_pay_center_merchant_info` [ RunTime:0.087000s ]
[ sql ] [ SQL ] SELECT * FROM `ds_pay_center_merchant_info` LIMIT 1 [ RunTime:0.085000s ]
[ sql ] [ SQL ] SHOW COLUMNS FROM `ds_pay_bank_relation` [ RunTime:0.085000s ]
[ sql ] [ SQL ] SELECT `pay_type_id` FROM `ds_pay_bank_relation` WHERE  `bank_id` = 3 [ RunTime:0.087000s ]
[ sql ] [ SQL ] SHOW COLUMNS FROM `ds_pay_center_account_user_level_relation` [ RunTime:0.086000s ]
[ sql ] [ SQL ] SELECT `channel_merchant_id` FROM `ds_pay_center_account_user_level_relation` WHERE  `user_level_id` = 2 [ RunTime:0.087000s ]
---------------------------------------------------------------
[ 2018-01-15T10:43:30+08:00 ] 127.0.0.1 GET /api/Recharge/pay?amount=50&payTypeId=6&bankId=3
[ sql ] [ DB ] CONNECT:[ UseTime:0.142500s ] mysql:host=rm-j6cng8865pfylc1d9o.mysql.rds.aliyuncs.com;port=3306;dbname=kosun_net;charset=utf8
[ sql ] [ SQL ] SHOW COLUMNS FROM `ds_user` [ RunTime:0.087000s ]
[ sql ] [ SQL ] SELECT * FROM `ds_user` WHERE  `user_id` = 0 LIMIT 1 [ RunTime:0.088000s ]
[ sql ] [ SQL ] SELECT * FROM `ds_user` WHERE  `user_id` = 5351 LIMIT 1 [ RunTime:0.090000s ]
[ sql ] [ SQL ] SHOW COLUMNS FROM `ds_recharge_type` [ RunTime:0.089000s ]
[ sql ] [ SQL ] SELECT * FROM `ds_recharge_type` WHERE  `recharge_type_id` = 6 LIMIT 1 [ RunTime:0.087000s ]
[ sql ] [ SQL ] SHOW COLUMNS FROM `ds_pay_center_merchant_info` [ RunTime:0.088000s ]
[ sql ] [ SQL ] SELECT * FROM `ds_pay_center_merchant_info` LIMIT 1 [ RunTime:0.087000s ]
[ sql ] [ SQL ] SHOW COLUMNS FROM `ds_pay_bank_relation` [ RunTime:0.089000s ]
[ sql ] [ SQL ] SELECT `pay_type_id` FROM `ds_pay_bank_relation` WHERE  `bank_id` = 3 [ RunTime:0.087000s ]
[ sql ] [ SQL ] SHOW COLUMNS FROM `ds_pay_center_account_user_level_relation` [ RunTime:0.088000s ]
[ sql ] [ SQL ] SELECT `channel_merchant_id` FROM `ds_pay_center_account_user_level_relation` WHERE  `user_level_id` = 2 [ RunTime:0.086000s ]
---------------------------------------------------------------
[ 2018-01-15T10:44:34+08:00 ] 127.0.0.1 GET /api/Recharge/pay?amount=50&payTypeId=6&bankId=3
[ sql ] [ DB ] CONNECT:[ UseTime:0.318000s ] mysql:host=rm-j6cng8865pfylc1d9o.mysql.rds.aliyuncs.com;port=3306;dbname=kosun_net;charset=utf8
[ sql ] [ SQL ] SHOW COLUMNS FROM `ds_user` [ RunTime:0.087000s ]
[ sql ] [ SQL ] SELECT * FROM `ds_user` WHERE  `user_id` = 0 LIMIT 1 [ RunTime:0.086000s ]
[ sql ] [ SQL ] SELECT * FROM `ds_user` WHERE  `user_id` = 5351 LIMIT 1 [ RunTime:0.092000s ]
[ sql ] [ SQL ] SHOW COLUMNS FROM `ds_recharge_type` [ RunTime:0.086000s ]
[ sql ] [ SQL ] SELECT * FROM `ds_recharge_type` WHERE  `recharge_type_id` = 6 LIMIT 1 [ RunTime:0.104000s ]
[ sql ] [ SQL ] SHOW COLUMNS FROM `ds_pay_center_merchant_info` [ RunTime:0.085000s ]
[ sql ] [ SQL ] SELECT * FROM `ds_pay_center_merchant_info` LIMIT 1 [ RunTime:0.086000s ]
[ sql ] [ SQL ] SHOW COLUMNS FROM `ds_pay_bank_relation` [ RunTime:0.091000s ]
[ sql ] [ SQL ] SELECT `pay_type_id` FROM `ds_pay_bank_relation` WHERE  `bank_id` = 3 [ RunTime:0.086000s ]
[ sql ] [ SQL ] SHOW COLUMNS FROM `ds_pay_center_account_user_level_relation` [ RunTime:0.086000s ]
[ sql ] [ SQL ] SELECT `channel_merchant_id` FROM `ds_pay_center_account_user_level_relation` WHERE  `user_level_id` = 2 [ RunTime:0.088000s ]
[ sql ] [ SQL ] SHOW COLUMNS FROM `ds_pay_center_channel_merchant` [ RunTime:0.096000s ]
[ sql ] [ SQL ] SELECT * FROM `ds_pay_center_channel_merchant` WHERE  `channel_merchant_id` IN (6)  AND `pay_type_id` = 6  AND `status` = 1 [ RunTime:0.087000s ]
---------------------------------------------------------------
[ 2018-01-15T10:45:09+08:00 ] 127.0.0.1 GET /api/Recharge/pay?amount=50&payTypeId=6&bankId=3
[ sql ] [ DB ] CONNECT:[ UseTime:0.133000s ] mysql:host=rm-j6cng8865pfylc1d9o.mysql.rds.aliyuncs.com;port=3306;dbname=kosun_net;charset=utf8
[ sql ] [ SQL ] SHOW COLUMNS FROM `ds_user` [ RunTime:0.088000s ]
[ sql ] [ SQL ] SELECT * FROM `ds_user` WHERE  `user_id` = 0 LIMIT 1 [ RunTime:0.090000s ]
[ sql ] [ SQL ] SELECT * FROM `ds_user` WHERE  `user_id` = 5351 LIMIT 1 [ RunTime:0.088000s ]
[ sql ] [ SQL ] SHOW COLUMNS FROM `ds_recharge_type` [ RunTime:0.088000s ]
[ sql ] [ SQL ] SELECT * FROM `ds_recharge_type` WHERE  `recharge_type_id` = 6 LIMIT 1 [ RunTime:0.087000s ]
[ sql ] [ SQL ] SHOW COLUMNS FROM `ds_pay_center_merchant_info` [ RunTime:0.088000s ]
[ sql ] [ SQL ] SELECT * FROM `ds_pay_center_merchant_info` LIMIT 1 [ RunTime:0.088000s ]
[ sql ] [ SQL ] SHOW COLUMNS FROM `ds_pay_bank_relation` [ RunTime:0.088000s ]
[ sql ] [ SQL ] SELECT `pay_type_id` FROM `ds_pay_bank_relation` WHERE  `bank_id` = 3 [ RunTime:0.088000s ]
[ sql ] [ SQL ] SHOW COLUMNS FROM `ds_pay_center_account_user_level_relation` [ RunTime:0.088000s ]
[ sql ] [ SQL ] SELECT `channel_merchant_id` FROM `ds_pay_center_account_user_level_relation` WHERE  `user_level_id` = 2 [ RunTime:0.087000s ]
[ sql ] [ SQL ] SHOW COLUMNS FROM `ds_pay_center_channel_merchant` [ RunTime:0.088000s ]
[ sql ] [ SQL ] SELECT * FROM `ds_pay_center_channel_merchant` WHERE  `channel_merchant_id` IN (6)  AND `pay_type_id` = 6  AND `status` = 1 [ RunTime:0.090000s ]
---------------------------------------------------------------
[ 2018-01-15T10:45:20+08:00 ] 127.0.0.1 GET /api/Recharge/pay?amount=50&payTypeId=6&bankId=3
[ sql ] [ DB ] CONNECT:[ UseTime:0.132000s ] mysql:host=rm-j6cng8865pfylc1d9o.mysql.rds.aliyuncs.com;port=3306;dbname=kosun_net;charset=utf8
[ sql ] [ SQL ] SHOW COLUMNS FROM `ds_user` [ RunTime:0.088000s ]
[ sql ] [ SQL ] SELECT * FROM `ds_user` WHERE  `user_id` = 0 LIMIT 1 [ RunTime:0.089000s ]
[ sql ] [ SQL ] SELECT * FROM `ds_user` WHERE  `user_id` = 5351 LIMIT 1 [ RunTime:0.088000s ]
[ sql ] [ SQL ] SHOW COLUMNS FROM `ds_recharge_type` [ RunTime:0.091000s ]
[ sql ] [ SQL ] SELECT * FROM `ds_recharge_type` WHERE  `recharge_type_id` = 6 LIMIT 1 [ RunTime:0.087000s ]
[ sql ] [ SQL ] SHOW COLUMNS FROM `ds_pay_center_merchant_info` [ RunTime:0.086000s ]
[ sql ] [ SQL ] SELECT * FROM `ds_pay_center_merchant_info` LIMIT 1 [ RunTime:0.089000s ]
[ sql ] [ SQL ] SHOW COLUMNS FROM `ds_pay_bank_relation` [ RunTime:0.088000s ]
[ sql ] [ SQL ] SELECT `pay_type_id` FROM `ds_pay_bank_relation` WHERE  `bank_id` = 3 [ RunTime:0.090000s ]
[ sql ] [ SQL ] SHOW COLUMNS FROM `ds_pay_center_account_user_level_relation` [ RunTime:0.114000s ]
[ sql ] [ SQL ] SELECT `channel_merchant_id` FROM `ds_pay_center_account_user_level_relation` WHERE  `user_level_id` = 2 [ RunTime:0.088000s ]
[ sql ] [ SQL ] SHOW COLUMNS FROM `ds_pay_center_channel_merchant` [ RunTime:0.095000s ]
[ sql ] [ SQL ] SELECT * FROM `ds_pay_center_channel_merchant` WHERE  `channel_merchant_id` IN (6)  AND `pay_type_id` = 6  AND `status` = 1 [ RunTime:0.088000s ]
---------------------------------------------------------------
[ 2018-01-15T10:45:56+08:00 ] 127.0.0.1 GET /api/Recharge/pay?amount=50&payTypeId=6&bankId=3
[ sql ] [ DB ] CONNECT:[ UseTime:0.222000s ] mysql:host=rm-j6cng8865pfylc1d9o.mysql.rds.aliyuncs.com;port=3306;dbname=kosun_net;charset=utf8
[ sql ] [ SQL ] SHOW COLUMNS FROM `ds_user` [ RunTime:0.089000s ]
[ sql ] [ SQL ] SELECT * FROM `ds_user` WHERE  `user_id` = 0 LIMIT 1 [ RunTime:0.093000s ]
[ sql ] [ SQL ] SELECT * FROM `ds_user` WHERE  `user_id` = 0 LIMIT 1 [ RunTime:0.086000s ]
[ sql ] [ SQL ] SHOW COLUMNS FROM `ds_recharge_type` [ RunTime:0.088000s ]
[ sql ] [ SQL ] SELECT * FROM `ds_recharge_type` WHERE  `recharge_type_id` = 6 LIMIT 1 [ RunTime:0.087500s ]
[ sql ] [ SQL ] SHOW COLUMNS FROM `ds_pay_center_merchant_info` [ RunTime:0.089500s ]
[ sql ] [ SQL ] SELECT * FROM `ds_pay_center_merchant_info` LIMIT 1 [ RunTime:0.086000s ]
[ sql ] [ SQL ] SHOW COLUMNS FROM `ds_pay_bank_relation` [ RunTime:0.086000s ]
[ sql ] [ SQL ] SELECT `pay_type_id` FROM `ds_pay_bank_relation` WHERE  `bank_id` = 3 [ RunTime:0.088000s ]
[ sql ] [ SQL ] SHOW COLUMNS FROM `ds_pay_center_account_user_level_relation` [ RunTime:0.087000s ]
[ sql ] [ SQL ] SELECT `channel_merchant_id` FROM `ds_pay_center_account_user_level_relation` WHERE  `user_level_id` IS NULL [ RunTime:0.085000s ]
[ sql ] [ SQL ] SHOW COLUMNS FROM `ds_pay_center_channel_merchant` [ RunTime:0.099000s ]
[ sql ] [ SQL ] SELECT * FROM `ds_pay_center_channel_merchant` WHERE  `channel_merchant_id` IN ('')  AND `pay_type_id` = 6  AND `status` = 1 [ RunTime:0.088000s ]
---------------------------------------------------------------
[ 2018-01-15T10:46:18+08:00 ] 127.0.0.1 GET /api/Recharge/pay?amount=50&payTypeId=6&bankId=3
[ sql ] [ DB ] CONNECT:[ UseTime:0.132000s ] mysql:host=rm-j6cng8865pfylc1d9o.mysql.rds.aliyuncs.com;port=3306;dbname=kosun_net;charset=utf8
[ sql ] [ SQL ] SHOW COLUMNS FROM `ds_user` [ RunTime:0.088000s ]
[ sql ] [ SQL ] SELECT * FROM `ds_user` WHERE  `user_id` = 0 LIMIT 1 [ RunTime:0.089000s ]
[ sql ] [ SQL ] SELECT * FROM `ds_user` WHERE  `user_id` = 5351 LIMIT 1 [ RunTime:0.091000s ]
[ sql ] [ SQL ] SHOW COLUMNS FROM `ds_recharge_type` [ RunTime:0.089500s ]
[ sql ] [ SQL ] SELECT * FROM `ds_recharge_type` WHERE  `recharge_type_id` = 6 LIMIT 1 [ RunTime:0.100500s ]
[ sql ] [ SQL ] SHOW COLUMNS FROM `ds_pay_center_merchant_info` [ RunTime:0.089000s ]
[ sql ] [ SQL ] SELECT * FROM `ds_pay_center_merchant_info` LIMIT 1 [ RunTime:0.087000s ]
[ sql ] [ SQL ] SHOW COLUMNS FROM `ds_pay_bank_relation` [ RunTime:0.089000s ]
[ sql ] [ SQL ] SELECT `pay_type_id` FROM `ds_pay_bank_relation` WHERE  `bank_id` = 3 [ RunTime:0.086000s ]
[ sql ] [ SQL ] SHOW COLUMNS FROM `ds_pay_center_account_user_level_relation` [ RunTime:0.089000s ]
[ sql ] [ SQL ] SELECT `channel_merchant_id` FROM `ds_pay_center_account_user_level_relation` WHERE  `user_level_id` = 2 [ RunTime:0.088000s ]
[ sql ] [ SQL ] SHOW COLUMNS FROM `ds_pay_center_channel_merchant` [ RunTime:0.089000s ]
[ sql ] [ SQL ] SELECT * FROM `ds_pay_center_channel_merchant` WHERE  `channel_merchant_id` IN (6)  AND `pay_type_id` = 6  AND `status` = 1 [ RunTime:0.090000s ]
[ sql ] [ SQL ] SHOW COLUMNS FROM `ds_pay_config` [ RunTime:0.102000s ]
[ sql ] [ SQL ] SELECT * FROM `ds_pay_config` WHERE  `ul_id` = 2 LIMIT 1 [ RunTime:0.089500s ]
[ sql ] [ SQL ] SHOW COLUMNS FROM `ds_user_recharge_record` [ RunTime:0.089000s ]
[ sql ] [ SQL ] INSERT INTO `ds_user_recharge_record` (`urr_no` , `user_id` , `urr_recharge_account_id` , `urr_type` , `urr_amount` , `urr_recharge_discount` , `urr_total_amount` , `urr_traffic_amount` , `urr_required_bet_amount` , `urr_client_ip` , `urr_status` , `urr_createtime`) VALUES ('201801158437726550445' , 5351 , 6 , 1 , 50 , 25 , 75 , 150 , 0 , '127.0.0.1' , 0 , '2018-01-15 10:46:17') [ RunTime:0.089000s ]
[ sql ] [ SQL ] SHOW COLUMNS FROM `ds_bank` [ RunTime:0.088000s ]
[ sql ] [ SQL ] SELECT * FROM `ds_bank` WHERE  `bank_status` = 1  AND `bank_id` = 3 LIMIT 1 [ RunTime:0.095000s ]
[ sql ] [ SQL ] SELECT * FROM `ds_pay_center_merchant_info` LIMIT 1 [ RunTime:0.086000s ]
[ sql ] [ SQL ] UPDATE `ds_user_recharge_record`  SET `urr_recharge_account_id`=85  WHERE  `urr_id` = 31285735 [ RunTime:0.107000s ]
---------------------------------------------------------------
[ 2018-01-15T16:55:43+08:00 ] 127.0.0.1 POST /admin/PayCenter/createChannelMerchant?merchantId=testappstestappstestappstestapps&nonce=2iAUXdcFpNea5YIkmhEW6Ru3sbqPTftS&sign&payChannelId=85&payTypeId=11&redirectDomain=http://test-pay.kosun.net&account=3123123&desc&md5Key&terminalId&limitAmount&rsaPriKey&rsaPublicKey?merchantId=testappstestappstestappstestapps&nonce=2iAUXdcFpNea5YIkmhEW6Ru3sbqPTftS&sign=&payChannelId=85&payTypeId=11&redirectDomain=http://test-pay.kosun.net&account=3123123&desc=&md5Key=&terminalId=&limitAmount=&rsaPriKey=&rsaPublicKey=
[ sql ] [ DB ] CONNECT:[ UseTime:0.344500s ] mysql:host=rm-j6cng8865pfylc1d9o.mysql.rds.aliyuncs.com;port=3306;dbname=kosun_net;charset=utf8
[ sql ] [ SQL ] SHOW COLUMNS FROM `ds_recharge_type` [ RunTime:0.088000s ]
[ sql ] [ SQL ] SELECT * FROM `ds_recharge_type` WHERE  `recharge_type_id` = 11 LIMIT 1 [ RunTime:0.088000s ]
[ sql ] [ SQL ] SHOW COLUMNS FROM `ds_pay_center_merchant_info` [ RunTime:0.088000s ]
[ sql ] [ SQL ] SELECT * FROM `ds_pay_center_merchant_info` LIMIT 1 [ RunTime:0.094000s ]
[ sql ] [ SQL ] SELECT * FROM `ds_pay_center_merchant_info` LIMIT 1 [ RunTime:0.088000s ]
[ sql ] [ SQL ] SHOW COLUMNS FROM `ds_pay_center_channel_merchant` [ RunTime:0.089000s ]
[ sql ] [ SQL ] INSERT INTO `ds_pay_center_channel_merchant` (`channel_merchant_id` , `pay_channel_id` , `pay_type_id` , `redirect_domain` , `account` , `desc` , `md5_key` , `terminal_id` , `recharge_count` , `rsa_pri_key` , `rsa_public_key` , `status` , `create_time`) VALUES (20 , NULL , NULL , NULL , '3123123' , '' , NULL , NULL , NULL , NULL , NULL , NULL , 2018) [ RunTime:0.090000s ]
[ sql ] [ SQL ] SHOW COLUMNS FROM `ds_pay_center_account_user_level_relation` [ RunTime:0.088500s ]
[ sql ] [ SQL ] INSERT INTO `ds_pay_center_account_user_level_relation` (`channel_merchant_id` , `user_level_id`) VALUES (20 , NULL) [ RunTime:0.097000s ]
---------------------------------------------------------------
[ 2018-01-15T17:02:10+08:00 ] 127.0.0.1 POST /admin/PayCenter/createChannelMerchant?merchantId=testappstestappstestappstestapps&nonce=2iAUXdcFpNea5YIkmhEW6Ru3sbqPTftS&sign&payChannelId=85&payTypeId=11&redirectDomain=http://test-pay.kosun.net&account=3123123&desc&md5Key&terminalId&limitAmount&rsaPriKey&rsaPublicKey?merchantId=testappstestappstestappstestapps&nonce=2iAUXdcFpNea5YIkmhEW6Ru3sbqPTftS&sign=&payChannelId=85&payTypeId=11&redirectDomain=http://test-pay.kosun.net&account=3123123&desc=&md5Key=&terminalId=&limitAmount=&rsaPriKey=&rsaPublicKey=
[ sql ] [ DB ] CONNECT:[ UseTime:0.307000s ] mysql:host=rm-j6cng8865pfylc1d9o.mysql.rds.aliyuncs.com;port=3306;dbname=kosun_net;charset=utf8
[ sql ] [ SQL ] SHOW COLUMNS FROM `ds_recharge_type` [ RunTime:0.086000s ]
[ sql ] [ SQL ] SELECT * FROM `ds_recharge_type` WHERE  `recharge_type_id` = 11 LIMIT 1 [ RunTime:0.088000s ]
[ sql ] [ SQL ] SHOW COLUMNS FROM `ds_pay_center_merchant_info` [ RunTime:0.089000s ]
[ sql ] [ SQL ] SELECT * FROM `ds_pay_center_merchant_info` LIMIT 1 [ RunTime:0.090000s ]
[ sql ] [ SQL ] SELECT * FROM `ds_pay_center_merchant_info` LIMIT 1 [ RunTime:0.087000s ]
---------------------------------------------------------------
[ 2018-01-15T17:02:15+08:00 ] 127.0.0.1 POST /admin/PayCenter/createChannelMerchant?merchantId=testappstestappstestappstestapps&nonce=2iAUXdcFpNea5YIkmhEW6Ru3sbqPTftS&sign&payChannelId=85&payTypeId=11&redirectDomain=http://test-pay.kosun.net&account=3123123&desc&md5Key&terminalId&limitAmount&rsaPriKey&rsaPublicKey?merchantId=testappstestappstestappstestapps&nonce=2iAUXdcFpNea5YIkmhEW6Ru3sbqPTftS&sign=&payChannelId=85&payTypeId=11&redirectDomain=http://test-pay.kosun.net&account=3123123&desc=&md5Key=&terminalId=&limitAmount=&rsaPriKey=&rsaPublicKey=
[ sql ] [ DB ] CONNECT:[ UseTime:0.130000s ] mysql:host=rm-j6cng8865pfylc1d9o.mysql.rds.aliyuncs.com;port=3306;dbname=kosun_net;charset=utf8
[ sql ] [ SQL ] SHOW COLUMNS FROM `ds_recharge_type` [ RunTime:0.090000s ]
[ sql ] [ SQL ] SELECT * FROM `ds_recharge_type` WHERE  `recharge_type_id` = 11 LIMIT 1 [ RunTime:0.089000s ]
[ sql ] [ SQL ] SHOW COLUMNS FROM `ds_pay_center_merchant_info` [ RunTime:0.089000s ]
[ sql ] [ SQL ] SELECT * FROM `ds_pay_center_merchant_info` LIMIT 1 [ RunTime:0.089000s ]
[ sql ] [ SQL ] SELECT * FROM `ds_pay_center_merchant_info` LIMIT 1 [ RunTime:0.089000s ]
---------------------------------------------------------------
[ 2018-01-15T18:03:54+08:00 ] 127.0.0.1 GET /api/Recharge/pay?amount=50&payTypeId=6&bankId=3
[ sql ] [ DB ] CONNECT:[ UseTime:0.381000s ] mysql:host=rm-j6cng8865pfylc1d9o.mysql.rds.aliyuncs.com;port=3306;dbname=kosun_net;charset=utf8
[ sql ] [ SQL ] SHOW COLUMNS FROM `ds_user` [ RunTime:0.109000s ]
[ sql ] [ SQL ] SELECT * FROM `ds_user` WHERE  `user_id` = 0 LIMIT 1 [ RunTime:0.090000s ]
[ sql ] [ SQL ] SELECT * FROM `ds_user` WHERE  `user_id` = 5351 LIMIT 1 [ RunTime:0.091000s ]
[ sql ] [ SQL ] SHOW COLUMNS FROM `ds_recharge_type` [ RunTime:0.087000s ]
[ sql ] [ SQL ] SELECT * FROM `ds_recharge_type` WHERE  `recharge_type_id` = 6 LIMIT 1 [ RunTime:0.087000s ]
[ sql ] [ SQL ] SHOW COLUMNS FROM `ds_pay_center_merchant_info` [ RunTime:0.088000s ]
[ sql ] [ SQL ] SELECT * FROM `ds_pay_center_merchant_info` LIMIT 1 [ RunTime:0.171000s ]
[ sql ] [ SQL ] SHOW COLUMNS FROM `ds_pay_bank_relation` [ RunTime:0.089000s ]
[ sql ] [ SQL ] SELECT `pay_type_id` FROM `ds_pay_bank_relation` WHERE  `bank_id` = 3 [ RunTime:0.089000s ]
[ sql ] [ SQL ] SHOW COLUMNS FROM `ds_pay_center_account_user_level_relation` [ RunTime:0.088000s ]
[ sql ] [ SQL ] SELECT `channel_merchant_id` FROM `ds_pay_center_account_user_level_relation` WHERE  `user_level_id` = 2 [ RunTime:0.088000s ]
[ sql ] [ SQL ] SHOW COLUMNS FROM `ds_pay_center_channel_merchant` [ RunTime:0.088000s ]
[ sql ] [ SQL ] SELECT * FROM `ds_pay_center_channel_merchant` WHERE  `channel_merchant_id` IN (6)  AND `pay_type_id` = 6  AND `status` = 1 [ RunTime:0.088000s ]
[ sql ] [ SQL ] SHOW COLUMNS FROM `ds_pay_config` [ RunTime:0.089000s ]
[ sql ] [ SQL ] SELECT * FROM `ds_pay_config` WHERE  `ul_id` = 2 LIMIT 1 [ RunTime:0.091000s ]
[ sql ] [ SQL ] SHOW COLUMNS FROM `ds_user_recharge_record` [ RunTime:0.089000s ]
[ sql ] [ SQL ] INSERT INTO `ds_user_recharge_record` (`urr_no` , `user_id` , `urr_recharge_account_id` , `urr_type` , `urr_amount` , `urr_recharge_discount` , `urr_total_amount` , `urr_traffic_amount` , `urr_required_bet_amount` , `urr_client_ip` , `urr_status` , `urr_createtime`) VALUES ('201801151063385850286' , 5351 , 6 , 1 , 50 , 25 , 75 , 150 , 0 , '127.0.0.1' , 0 , '2018-01-15 18:03:53') [ RunTime:0.089000s ]
[ sql ] [ SQL ] SHOW COLUMNS FROM `ds_bank` [ RunTime:0.087000s ]
[ sql ] [ SQL ] SELECT * FROM `ds_bank` WHERE  `bank_status` = 1  AND `bank_id` = 3 LIMIT 1 [ RunTime:0.090000s ]
[ sql ] [ SQL ] SELECT * FROM `ds_pay_center_merchant_info` LIMIT 1 [ RunTime:0.088000s ]
---------------------------------------------------------------
[ 2018-01-15T18:03:59+08:00 ] 127.0.0.1 GET /api/Recharge/pay?amount=50&payTypeId=6&bankId=3
[ sql ] [ DB ] CONNECT:[ UseTime:0.132000s ] mysql:host=rm-j6cng8865pfylc1d9o.mysql.rds.aliyuncs.com;port=3306;dbname=kosun_net;charset=utf8
[ sql ] [ SQL ] SHOW COLUMNS FROM `ds_user` [ RunTime:0.088000s ]
[ sql ] [ SQL ] SELECT * FROM `ds_user` WHERE  `user_id` = 0 LIMIT 1 [ RunTime:0.091000s ]
[ sql ] [ SQL ] SELECT * FROM `ds_user` WHERE  `user_id` = 5351 LIMIT 1 [ RunTime:0.090000s ]
[ sql ] [ SQL ] SHOW COLUMNS FROM `ds_recharge_type` [ RunTime:0.087000s ]
[ sql ] [ SQL ] SELECT * FROM `ds_recharge_type` WHERE  `recharge_type_id` = 6 LIMIT 1 [ RunTime:0.087000s ]
[ sql ] [ SQL ] SHOW COLUMNS FROM `ds_pay_center_merchant_info` [ RunTime:0.088000s ]
[ sql ] [ SQL ] SELECT * FROM `ds_pay_center_merchant_info` LIMIT 1 [ RunTime:0.087000s ]
[ sql ] [ SQL ] SHOW COLUMNS FROM `ds_pay_bank_relation` [ RunTime:0.087000s ]
[ sql ] [ SQL ] SELECT `pay_type_id` FROM `ds_pay_bank_relation` WHERE  `bank_id` = 3 [ RunTime:0.088000s ]
[ sql ] [ SQL ] SHOW COLUMNS FROM `ds_pay_center_account_user_level_relation` [ RunTime:0.087000s ]
[ sql ] [ SQL ] SELECT `channel_merchant_id` FROM `ds_pay_center_account_user_level_relation` WHERE  `user_level_id` = 2 [ RunTime:0.091000s ]
[ sql ] [ SQL ] SHOW COLUMNS FROM `ds_pay_center_channel_merchant` [ RunTime:0.086000s ]
[ sql ] [ SQL ] SELECT * FROM `ds_pay_center_channel_merchant` WHERE  `channel_merchant_id` IN (6)  AND `pay_type_id` = 6  AND `status` = 1 [ RunTime:0.089000s ]
[ sql ] [ SQL ] SHOW COLUMNS FROM `ds_pay_config` [ RunTime:0.088000s ]
[ sql ] [ SQL ] SELECT * FROM `ds_pay_config` WHERE  `ul_id` = 2 LIMIT 1 [ RunTime:0.088000s ]
[ sql ] [ SQL ] SHOW COLUMNS FROM `ds_user_recharge_record` [ RunTime:0.095000s ]
[ sql ] [ SQL ] INSERT INTO `ds_user_recharge_record` (`urr_no` , `user_id` , `urr_recharge_account_id` , `urr_type` , `urr_amount` , `urr_recharge_discount` , `urr_total_amount` , `urr_traffic_amount` , `urr_required_bet_amount` , `urr_client_ip` , `urr_status` , `urr_createtime`) VALUES ('201801151063887950426' , 5351 , 6 , 1 , 50 , 25 , 75 , 150 , 0 , '127.0.0.1' , 0 , '2018-01-15 18:03:58') [ RunTime:0.090000s ]
[ sql ] [ SQL ] SHOW COLUMNS FROM `ds_bank` [ RunTime:0.089000s ]
[ sql ] [ SQL ] SELECT * FROM `ds_bank` WHERE  `bank_status` = 1  AND `bank_id` = 3 LIMIT 1 [ RunTime:0.087000s ]
[ sql ] [ SQL ] SELECT * FROM `ds_pay_center_merchant_info` LIMIT 1 [ RunTime:0.088000s ]
---------------------------------------------------------------
[ 2018-01-15T18:04:37+08:00 ] 127.0.0.1 GET /api/Recharge/pay?amount=50&payTypeId=6&bankId=3
[ sql ] [ DB ] CONNECT:[ UseTime:0.142000s ] mysql:host=rm-j6cng8865pfylc1d9o.mysql.rds.aliyuncs.com;port=3306;dbname=kosun_net;charset=utf8
[ sql ] [ SQL ] SHOW COLUMNS FROM `ds_user` [ RunTime:0.087000s ]
[ sql ] [ SQL ] SELECT * FROM `ds_user` WHERE  `user_id` = 0 LIMIT 1 [ RunTime:0.088000s ]
---------------------------------------------------------------
[ 2018-01-15T18:04:53+08:00 ] 127.0.0.1 GET /api/Recharge/pay?amount=50&payTypeId=6&bankId=3
[ sql ] [ DB ] CONNECT:[ UseTime:0.516000s ] mysql:host=rm-j6cng8865pfylc1d9o.mysql.rds.aliyuncs.com;port=3306;dbname=kosun_net;charset=utf8
[ sql ] [ SQL ] SHOW COLUMNS FROM `ds_user` [ RunTime:0.089000s ]
[ sql ] [ SQL ] SELECT * FROM `ds_user` WHERE  `user_id` = 0 LIMIT 1 [ RunTime:0.089000s ]
[ sql ] [ SQL ] SELECT * FROM `ds_user` WHERE  `user_id` = 5351 LIMIT 1 [ RunTime:0.089500s ]
[ sql ] [ SQL ] SHOW COLUMNS FROM `ds_recharge_type` [ RunTime:0.086000s ]
[ sql ] [ SQL ] SELECT * FROM `ds_recharge_type` WHERE  `recharge_type_id` = 6 LIMIT 1 [ RunTime:0.087500s ]
[ sql ] [ SQL ] SHOW COLUMNS FROM `ds_pay_center_merchant_info` [ RunTime:0.087500s ]
[ sql ] [ SQL ] SELECT * FROM `ds_pay_center_merchant_info` LIMIT 1 [ RunTime:0.086000s ]
[ sql ] [ SQL ] SHOW COLUMNS FROM `ds_pay_bank_relation` [ RunTime:0.086000s ]
[ sql ] [ SQL ] SELECT `pay_type_id` FROM `ds_pay_bank_relation` WHERE  `bank_id` = 3 [ RunTime:0.087000s ]
[ sql ] [ SQL ] SHOW COLUMNS FROM `ds_pay_center_account_user_level_relation` [ RunTime:0.087000s ]
[ sql ] [ SQL ] SELECT `channel_merchant_id` FROM `ds_pay_center_account_user_level_relation` WHERE  `user_level_id` = 2 [ RunTime:0.087000s ]
[ sql ] [ SQL ] SHOW COLUMNS FROM `ds_pay_center_channel_merchant` [ RunTime:0.086000s ]
[ sql ] [ SQL ] SELECT * FROM `ds_pay_center_channel_merchant` WHERE  `channel_merchant_id` IN (6)  AND `pay_type_id` = 6  AND `status` = 1 [ RunTime:0.092000s ]
[ sql ] [ SQL ] SHOW COLUMNS FROM `ds_pay_config` [ RunTime:0.102000s ]
[ sql ] [ SQL ] SELECT * FROM `ds_pay_config` WHERE  `ul_id` = 2 LIMIT 1 [ RunTime:0.099500s ]
[ sql ] [ SQL ] SHOW COLUMNS FROM `ds_user_recharge_record` [ RunTime:0.087500s ]
[ sql ] [ SQL ] INSERT INTO `ds_user_recharge_record` (`urr_no` , `user_id` , `urr_recharge_account_id` , `urr_type` , `urr_amount` , `urr_recharge_discount` , `urr_total_amount` , `urr_traffic_amount` , `urr_required_bet_amount` , `urr_client_ip` , `urr_status` , `urr_createtime`) VALUES ('201801151069280000702' , 5351 , 6 , 1 , 50 , 25 , 75 , 150 , 0 , '127.0.0.1' , 0 , '2018-01-15 18:04:52') [ RunTime:0.093500s ]
[ sql ] [ SQL ] SHOW COLUMNS FROM `ds_bank` [ RunTime:0.087000s ]
[ sql ] [ SQL ] SELECT * FROM `ds_bank` WHERE  `bank_status` = 1  AND `bank_id` = 3 LIMIT 1 [ RunTime:0.086000s ]
[ sql ] [ SQL ] SELECT * FROM `ds_pay_center_merchant_info` LIMIT 1 [ RunTime:0.089000s ]
---------------------------------------------------------------
[ 2018-01-15T18:08:48+08:00 ] 127.0.0.1 GET /api/Recharge/pay?amount=50&payTypeId=6&bankId=3
[ sql ] [ DB ] CONNECT:[ UseTime:0.301000s ] mysql:host=rm-j6cng8865pfylc1d9o.mysql.rds.aliyuncs.com;port=3306;dbname=kosun_net;charset=utf8
[ sql ] [ SQL ] SHOW COLUMNS FROM `ds_user` [ RunTime:0.090000s ]
[ sql ] [ SQL ] SELECT * FROM `ds_user` WHERE  `user_id` = 0 LIMIT 1 [ RunTime:0.090000s ]
[ sql ] [ SQL ] SELECT * FROM `ds_user` WHERE  `user_id` = 5351 LIMIT 1 [ RunTime:0.090000s ]
[ sql ] [ SQL ] SHOW COLUMNS FROM `ds_recharge_type` [ RunTime:0.091000s ]
[ sql ] [ SQL ] SELECT * FROM `ds_recharge_type` WHERE  `recharge_type_id` = 6 LIMIT 1 [ RunTime:0.090000s ]
[ sql ] [ SQL ] SHOW COLUMNS FROM `ds_pay_center_merchant_info` [ RunTime:0.091000s ]
[ sql ] [ SQL ] SELECT * FROM `ds_pay_center_merchant_info` LIMIT 1 [ RunTime:0.090000s ]
[ sql ] [ SQL ] SHOW COLUMNS FROM `ds_pay_bank_relation` [ RunTime:0.088000s ]
[ sql ] [ SQL ] SELECT `pay_type_id` FROM `ds_pay_bank_relation` WHERE  `bank_id` = 3 [ RunTime:0.091000s ]
[ sql ] [ SQL ] SHOW COLUMNS FROM `ds_pay_center_account_user_level_relation` [ RunTime:0.090000s ]
[ sql ] [ SQL ] SELECT `channel_merchant_id` FROM `ds_pay_center_account_user_level_relation` WHERE  `user_level_id` = 2 [ RunTime:0.091000s ]
[ sql ] [ SQL ] SHOW COLUMNS FROM `ds_pay_center_channel_merchant` [ RunTime:0.091000s ]
[ sql ] [ SQL ] SELECT * FROM `ds_pay_center_channel_merchant` WHERE  `channel_merchant_id` IN (6)  AND `pay_type_id` = 6  AND `status` = 1 [ RunTime:0.090000s ]
[ sql ] [ SQL ] SHOW COLUMNS FROM `ds_pay_config` [ RunTime:0.091000s ]
[ sql ] [ SQL ] SELECT * FROM `ds_pay_config` WHERE  `ul_id` = 2 LIMIT 1 [ RunTime:0.090000s ]
[ sql ] [ SQL ] SHOW COLUMNS FROM `ds_user_recharge_record` [ RunTime:0.090000s ]
[ sql ] [ SQL ] INSERT INTO `ds_user_recharge_record` (`urr_no` , `user_id` , `urr_recharge_account_id` , `urr_type` , `urr_amount` , `urr_recharge_discount` , `urr_total_amount` , `urr_traffic_amount` , `urr_required_bet_amount` , `urr_client_ip` , `urr_status` , `urr_createtime`) VALUES ('201801151092798100711' , 5351 , 6 , 1 , 50 , 25 , 75 , 150 , 0 , '127.0.0.1' , 0 , '2018-01-15 18:08:47') [ RunTime:0.147000s ]
[ sql ] [ SQL ] SHOW COLUMNS FROM `ds_bank` [ RunTime:0.088000s ]
[ sql ] [ SQL ] SELECT * FROM `ds_bank` WHERE  `bank_status` = 1  AND `bank_id` = 3 LIMIT 1 [ RunTime:0.090000s ]
[ sql ] [ SQL ] SELECT * FROM `ds_pay_center_merchant_info` LIMIT 1 [ RunTime:0.117000s ]
---------------------------------------------------------------
[ 2018-01-15T18:09:07+08:00 ] 127.0.0.1 GET /api/Recharge/pay?amount=50&payTypeId=6&bankId=3
[ sql ] [ DB ] CONNECT:[ UseTime:0.131000s ] mysql:host=rm-j6cng8865pfylc1d9o.mysql.rds.aliyuncs.com;port=3306;dbname=kosun_net;charset=utf8
[ sql ] [ SQL ] SHOW COLUMNS FROM `ds_user` [ RunTime:0.086000s ]
[ sql ] [ SQL ] SELECT * FROM `ds_user` WHERE  `user_id` = 0 LIMIT 1 [ RunTime:0.087500s ]
[ sql ] [ SQL ] SELECT * FROM `ds_user` WHERE  `user_id` = 5351 LIMIT 1 [ RunTime:0.087000s ]
[ sql ] [ SQL ] SHOW COLUMNS FROM `ds_recharge_type` [ RunTime:0.088000s ]
[ sql ] [ SQL ] SELECT * FROM `ds_recharge_type` WHERE  `recharge_type_id` = 6 LIMIT 1 [ RunTime:0.087000s ]
[ sql ] [ SQL ] SHOW COLUMNS FROM `ds_pay_center_merchant_info` [ RunTime:0.086000s ]
[ sql ] [ SQL ] SELECT * FROM `ds_pay_center_merchant_info` LIMIT 1 [ RunTime:0.100000s ]
[ sql ] [ SQL ] SHOW COLUMNS FROM `ds_pay_bank_relation` [ RunTime:0.088000s ]
[ sql ] [ SQL ] SELECT `pay_type_id` FROM `ds_pay_bank_relation` WHERE  `bank_id` = 3 [ RunTime:0.089000s ]
[ sql ] [ SQL ] SHOW COLUMNS FROM `ds_pay_center_account_user_level_relation` [ RunTime:0.089000s ]
[ sql ] [ SQL ] SELECT `channel_merchant_id` FROM `ds_pay_center_account_user_level_relation` WHERE  `user_level_id` = 2 [ RunTime:0.087500s ]
[ sql ] [ SQL ] SHOW COLUMNS FROM `ds_pay_center_channel_merchant` [ RunTime:0.087500s ]
[ sql ] [ SQL ] SELECT * FROM `ds_pay_center_channel_merchant` WHERE  `channel_merchant_id` IN (6)  AND `pay_type_id` = 6  AND `status` = 1 [ RunTime:0.088000s ]
[ sql ] [ SQL ] SHOW COLUMNS FROM `ds_pay_config` [ RunTime:0.087000s ]
[ sql ] [ SQL ] SELECT * FROM `ds_pay_config` WHERE  `ul_id` = 2 LIMIT 1 [ RunTime:0.087000s ]
[ sql ] [ SQL ] SHOW COLUMNS FROM `ds_user_recharge_record` [ RunTime:0.086000s ]
[ sql ] [ SQL ] INSERT INTO `ds_user_recharge_record` (`urr_no` , `user_id` , `urr_recharge_account_id` , `urr_type` , `urr_amount` , `urr_recharge_discount` , `urr_total_amount` , `urr_traffic_amount` , `urr_required_bet_amount` , `urr_client_ip` , `urr_status` , `urr_createtime`) VALUES ('201801151094716300948' , 5351 , 6 , 1 , 50 , 25 , 75 , 150 , 0 , '127.0.0.1' , 0 , '2018-01-15 18:09:07') [ RunTime:0.115000s ]
[ sql ] [ SQL ] SHOW COLUMNS FROM `ds_bank` [ RunTime:0.088000s ]
[ sql ] [ SQL ] SELECT * FROM `ds_bank` WHERE  `bank_status` = 1  AND `bank_id` = 3 LIMIT 1 [ RunTime:0.086000s ]
[ sql ] [ SQL ] SELECT * FROM `ds_pay_center_merchant_info` LIMIT 1 [ RunTime:0.088000s ]
[ sql ] [ SQL ] UPDATE `ds_user_recharge_record`  SET `urr_recharge_account_id`=85  WHERE  `urr_id` = 31286386 [ RunTime:0.086000s ]
