---------------------------------------------------------------
[ 2018-01-17T09:22:55+08:00 ] 127.0.0.1 GET /api/Recharge/pay?amount=50&payTypeId=6&bankId=3
[ sql ] [ DB ] CONNECT:[ UseTime:0.318000s ] mysql:host=rm-j6cng8865pfylc1d9o.mysql.rds.aliyuncs.com;port=3306;dbname=kosun_net;charset=utf8
[ sql ] [ SQL ] SHOW COLUMNS FROM `ds_user` [ RunTime:0.087000s ]
[ sql ] [ SQL ] SELECT * FROM `ds_user` WHERE  `user_id` = 0 LIMIT 1 [ RunTime:0.088000s ]
[ sql ] [ SQL ] SELECT * FROM `ds_user` WHERE  `user_id` = 5351 LIMIT 1 [ RunTime:0.088000s ]
[ sql ] [ SQL ] SHOW COLUMNS FROM `ds_recharge_type` [ RunTime:0.095000s ]
[ sql ] [ SQL ] SELECT * FROM `ds_recharge_type` WHERE  `recharge_type_id` = 6 LIMIT 1 [ RunTime:0.087000s ]
[ sql ] [ SQL ] SHOW COLUMNS FROM `ds_pay_center_merchant_info` [ RunTime:0.086000s ]
[ sql ] [ SQL ] SELECT * FROM `ds_pay_center_merchant_info` LIMIT 1 [ RunTime:0.086000s ]
[ sql ] [ SQL ] SHOW COLUMNS FROM `ds_pay_bank_relation` [ RunTime:0.085000s ]
[ sql ] [ SQL ] SELECT `pay_type_id` FROM `ds_pay_bank_relation` WHERE  `bank_id` = 3 [ RunTime:0.087000s ]
[ sql ] [ SQL ] SHOW COLUMNS FROM `ds_pay_center_account_user_level_relation` [ RunTime:0.096000s ]
[ sql ] [ SQL ] SELECT `channel_merchant_id` FROM `ds_pay_center_account_user_level_relation` WHERE  `user_level_id` = 2 [ RunTime:0.087000s ]
[ sql ] [ SQL ] SHOW COLUMNS FROM `ds_pay_center_channel_merchant` [ RunTime:0.087000s ]
[ sql ] [ SQL ] SELECT * FROM `ds_pay_center_channel_merchant` WHERE  `channel_merchant_id` IN (6,7,8,9,10)  AND `pay_type_id` = 6  AND `status` = 1 [ RunTime:0.087000s ]
[ sql ] [ SQL ] SHOW COLUMNS FROM `ds_pay_config` [ RunTime:0.086000s ]
[ sql ] [ SQL ] SELECT * FROM `ds_pay_config` WHERE  `ul_id` = 2 LIMIT 1 [ RunTime:0.087000s ]
[ sql ] [ SQL ] SHOW COLUMNS FROM `ds_user_recharge_record` [ RunTime:0.087000s ]
[ sql ] [ SQL ] INSERT INTO `ds_user_recharge_record` (`urr_no` , `user_id` , `urr_recharge_account_id` , `urr_type` , `urr_amount` , `urr_recharge_discount` , `urr_total_amount` , `urr_traffic_amount` , `urr_required_bet_amount` , `urr_client_ip` , `urr_status` , `urr_createtime`) VALUES ('201801175217481000007' , 5351 , 6 , 1 , 50 , 25 , 75 , 150 , 0 , '127.0.0.1' , 0 , '2018-01-17 09:22:54') [ RunTime:0.089000s ]
[ sql ] [ SQL ] SHOW COLUMNS FROM `ds_bank` [ RunTime:0.086000s ]
[ sql ] [ SQL ] SELECT * FROM `ds_bank` WHERE  `bank_status` = 1  AND `bank_id` = 3 LIMIT 1 [ RunTime:0.089000s ]
[ sql ] [ SQL ] SELECT * FROM `ds_pay_center_merchant_info` LIMIT 1 [ RunTime:0.087000s ]
---------------------------------------------------------------
[ 2018-01-17T09:23:01+08:00 ] 127.0.0.1 GET /api/Recharge/pay?amount=50&payTypeId=6&bankId=3
[ sql ] [ DB ] CONNECT:[ UseTime:0.134000s ] mysql:host=rm-j6cng8865pfylc1d9o.mysql.rds.aliyuncs.com;port=3306;dbname=kosun_net;charset=utf8
[ sql ] [ SQL ] SHOW COLUMNS FROM `ds_user` [ RunTime:0.087000s ]
[ sql ] [ SQL ] SELECT * FROM `ds_user` WHERE  `user_id` = 0 LIMIT 1 [ RunTime:0.089000s ]
[ sql ] [ SQL ] SELECT * FROM `ds_user` WHERE  `user_id` = 5351 LIMIT 1 [ RunTime:0.091000s ]
[ sql ] [ SQL ] SHOW COLUMNS FROM `ds_recharge_type` [ RunTime:0.090000s ]
[ sql ] [ SQL ] SELECT * FROM `ds_recharge_type` WHERE  `recharge_type_id` = 6 LIMIT 1 [ RunTime:0.087000s ]
[ sql ] [ SQL ] SHOW COLUMNS FROM `ds_pay_center_merchant_info` [ RunTime:0.089000s ]
[ sql ] [ SQL ] SELECT * FROM `ds_pay_center_merchant_info` LIMIT 1 [ RunTime:0.087000s ]
[ sql ] [ SQL ] SHOW COLUMNS FROM `ds_pay_bank_relation` [ RunTime:0.088000s ]
[ sql ] [ SQL ] SELECT `pay_type_id` FROM `ds_pay_bank_relation` WHERE  `bank_id` = 3 [ RunTime:0.089000s ]
[ sql ] [ SQL ] SHOW COLUMNS FROM `ds_pay_center_account_user_level_relation` [ RunTime:0.088000s ]
[ sql ] [ SQL ] SELECT `channel_merchant_id` FROM `ds_pay_center_account_user_level_relation` WHERE  `user_level_id` = 2 [ RunTime:0.086000s ]
[ sql ] [ SQL ] SHOW COLUMNS FROM `ds_pay_center_channel_merchant` [ RunTime:0.086000s ]
[ sql ] [ SQL ] SELECT * FROM `ds_pay_center_channel_merchant` WHERE  `channel_merchant_id` IN (6,7,8,9,10)  AND `pay_type_id` = 6  AND `status` = 1 [ RunTime:0.090000s ]
[ sql ] [ SQL ] SHOW COLUMNS FROM `ds_pay_config` [ RunTime:0.090000s ]
[ sql ] [ SQL ] SELECT * FROM `ds_pay_config` WHERE  `ul_id` = 2 LIMIT 1 [ RunTime:0.087000s ]
[ sql ] [ SQL ] SHOW COLUMNS FROM `ds_user_recharge_record` [ RunTime:0.087000s ]
[ sql ] [ SQL ] INSERT INTO `ds_user_recharge_record` (`urr_no` , `user_id` , `urr_recharge_account_id` , `urr_type` , `urr_amount` , `urr_recharge_discount` , `urr_total_amount` , `urr_traffic_amount` , `urr_required_bet_amount` , `urr_client_ip` , `urr_status` , `urr_createtime`) VALUES ('201801175218055500599' , 5351 , 6 , 1 , 50 , 25 , 75 , 150 , 0 , '127.0.0.1' , 0 , '2018-01-17 09:23:00') [ RunTime:0.090000s ]
[ sql ] [ SQL ] SHOW COLUMNS FROM `ds_bank` [ RunTime:0.087000s ]
[ sql ] [ SQL ] SELECT * FROM `ds_bank` WHERE  `bank_status` = 1  AND `bank_id` = 3 LIMIT 1 [ RunTime:0.090000s ]
[ sql ] [ SQL ] SELECT * FROM `ds_pay_center_merchant_info` LIMIT 1 [ RunTime:0.087000s ]
---------------------------------------------------------------
[ 2018-01-17T09:23:25+08:00 ] 127.0.0.1 GET /api/Recharge/pay?amount=50&payTypeId=6&bankId=3
[ sql ] [ DB ] CONNECT:[ UseTime:0.135000s ] mysql:host=rm-j6cng8865pfylc1d9o.mysql.rds.aliyuncs.com;port=3306;dbname=kosun_net;charset=utf8
[ sql ] [ SQL ] SHOW COLUMNS FROM `ds_user` [ RunTime:0.090000s ]
[ sql ] [ SQL ] SELECT * FROM `ds_user` WHERE  `user_id` = 0 LIMIT 1 [ RunTime:0.089000s ]
[ sql ] [ SQL ] SELECT * FROM `ds_user` WHERE  `user_id` = 5351 LIMIT 1 [ RunTime:0.089000s ]
[ sql ] [ SQL ] SHOW COLUMNS FROM `ds_recharge_type` [ RunTime:0.089000s ]
[ sql ] [ SQL ] SELECT * FROM `ds_recharge_type` WHERE  `recharge_type_id` = 6 LIMIT 1 [ RunTime:0.088000s ]
[ sql ] [ SQL ] SHOW COLUMNS FROM `ds_pay_center_merchant_info` [ RunTime:0.087000s ]
[ sql ] [ SQL ] SELECT * FROM `ds_pay_center_merchant_info` LIMIT 1 [ RunTime:0.091000s ]
[ sql ] [ SQL ] SHOW COLUMNS FROM `ds_pay_bank_relation` [ RunTime:0.089000s ]
[ sql ] [ SQL ] SELECT `pay_type_id` FROM `ds_pay_bank_relation` WHERE  `bank_id` = 3 [ RunTime:0.090000s ]
[ sql ] [ SQL ] SHOW COLUMNS FROM `ds_pay_center_account_user_level_relation` [ RunTime:0.089000s ]
[ sql ] [ SQL ] SELECT `channel_merchant_id` FROM `ds_pay_center_account_user_level_relation` WHERE  `user_level_id` = 2 [ RunTime:0.091000s ]
[ sql ] [ SQL ] SHOW COLUMNS FROM `ds_pay_center_channel_merchant` [ RunTime:0.088000s ]
[ sql ] [ SQL ] SELECT * FROM `ds_pay_center_channel_merchant` WHERE  `channel_merchant_id` IN (6,7,8,9,10)  AND `pay_type_id` = 6  AND `status` = 1 [ RunTime:0.088000s ]
[ sql ] [ SQL ] SHOW COLUMNS FROM `ds_pay_config` [ RunTime:0.092000s ]
[ sql ] [ SQL ] SELECT * FROM `ds_pay_config` WHERE  `ul_id` = 2 LIMIT 1 [ RunTime:0.089000s ]
[ sql ] [ SQL ] SHOW COLUMNS FROM `ds_user_recharge_record` [ RunTime:0.090000s ]
[ sql ] [ SQL ] INSERT INTO `ds_user_recharge_record` (`urr_no` , `user_id` , `urr_recharge_account_id` , `urr_type` , `urr_amount` , `urr_recharge_discount` , `urr_total_amount` , `urr_traffic_amount` , `urr_required_bet_amount` , `urr_client_ip` , `urr_status` , `urr_createtime`) VALUES ('201801175220435600994' , 5351 , 6 , 1 , 50 , 25 , 75 , 150 , 0 , '127.0.0.1' , 0 , '2018-01-17 09:23:24') [ RunTime:0.090000s ]
[ sql ] [ SQL ] SHOW COLUMNS FROM `ds_bank` [ RunTime:0.088000s ]
[ sql ] [ SQL ] SELECT * FROM `ds_bank` WHERE  `bank_status` = 1  AND `bank_id` = 3 LIMIT 1 [ RunTime:0.090000s ]
[ sql ] [ SQL ] SELECT * FROM `ds_pay_center_merchant_info` LIMIT 1 [ RunTime:0.091000s ]
---------------------------------------------------------------
[ 2018-01-17T10:02:22+08:00 ] 127.0.0.1 GET /api/SportsEvents/refreshOddsMulti?gameInfo=[%7B%22gameId%22:1234,%22eventType%22:%22parlay%22,%22playType%22:%22ft1x2%22,%22oddsKey%22:%22ior_mh%22%7D]&sportType=football
[ sql ] [ DB ] CONNECT:[ UseTime:0.293000s ] mysql:host=rm-j6cng8865pfylc1d9o.mysql.rds.aliyuncs.com;port=3306;dbname=kosun_net;charset=utf8
[ sql ] [ SQL ] SHOW COLUMNS FROM `ds_sports_football_games` [ RunTime:0.087000s ]
[ sql ] [ SQL ] SELECT `sfg_sfm_id`,`sfg_home_id`,`sfg_guest_id`,`sfg_parlay_ft_1x2` FROM `ds_sports_football_games` WHERE  `sfg_game_id` = 1234 LIMIT 1 [ RunTime:0.090000s ]
---------------------------------------------------------------
[ 2018-01-17T10:02:42+08:00 ] 127.0.0.1 POST /api/SportsEvents/refreshOddsMulti?gameInfo=[%7B%22gameId%22:1234,%22eventType%22:%22parlay%22,%22playType%22:%22ft1x2%22,%22oddsKey%22:%22ior_mh%22%7D]&sportType=football
[ sql ] [ DB ] CONNECT:[ UseTime:0.131000s ] mysql:host=rm-j6cng8865pfylc1d9o.mysql.rds.aliyuncs.com;port=3306;dbname=kosun_net;charset=utf8
[ sql ] [ SQL ] SHOW COLUMNS FROM `ds_sports_football_games` [ RunTime:0.087000s ]
[ sql ] [ SQL ] SELECT `sfg_sfm_id`,`sfg_home_id`,`sfg_guest_id`,`sfg_parlay_ft_1x2` FROM `ds_sports_football_games` WHERE  `sfg_game_id` = 1234 LIMIT 1 [ RunTime:0.087000s ]
---------------------------------------------------------------
[ 2018-01-17T10:03:34+08:00 ] 127.0.0.1 GET /api/Recharge/pay?amount=50&payTypeId=6&bankId=3
[ sql ] [ DB ] CONNECT:[ UseTime:0.403000s ] mysql:host=rm-j6cng8865pfylc1d9o.mysql.rds.aliyuncs.com;port=3306;dbname=kosun_net;charset=utf8
[ sql ] [ SQL ] SHOW COLUMNS FROM `ds_user` [ RunTime:0.087000s ]
[ sql ] [ SQL ] SELECT * FROM `ds_user` WHERE  `user_id` = 0 LIMIT 1 [ RunTime:0.088000s ]
[ sql ] [ SQL ] SELECT * FROM `ds_user` WHERE  `user_id` = 5351 LIMIT 1 [ RunTime:0.089000s ]
[ sql ] [ SQL ] SHOW COLUMNS FROM `ds_recharge_type` [ RunTime:0.088000s ]
[ sql ] [ SQL ] SELECT * FROM `ds_recharge_type` WHERE  `recharge_type_id` = 6 LIMIT 1 [ RunTime:0.086000s ]
[ sql ] [ SQL ] SHOW COLUMNS FROM `ds_pay_center_merchant_info` [ RunTime:0.086000s ]
[ sql ] [ SQL ] SELECT * FROM `ds_pay_center_merchant_info` LIMIT 1 [ RunTime:0.090000s ]
[ sql ] [ SQL ] SHOW COLUMNS FROM `ds_pay_bank_relation` [ RunTime:0.087000s ]
[ sql ] [ SQL ] SELECT `pay_type_id` FROM `ds_pay_bank_relation` WHERE  `bank_id` = 3 [ RunTime:0.088000s ]
[ sql ] [ SQL ] SHOW COLUMNS FROM `ds_pay_center_account_user_level_relation` [ RunTime:0.088000s ]
[ sql ] [ SQL ] SELECT `channel_merchant_id` FROM `ds_pay_center_account_user_level_relation` WHERE  `user_level_id` = 2 [ RunTime:0.088000s ]
[ sql ] [ SQL ] SHOW COLUMNS FROM `ds_pay_center_channel_merchant` [ RunTime:0.085000s ]
[ sql ] [ SQL ] SELECT * FROM `ds_pay_center_channel_merchant` WHERE  `channel_merchant_id` IN (6,7,8,9,10)  AND `pay_type_id` = 6  AND `status` = 1 [ RunTime:0.088000s ]
[ sql ] [ SQL ] SHOW COLUMNS FROM `ds_pay_config` [ RunTime:0.087000s ]
[ sql ] [ SQL ] SELECT * FROM `ds_pay_config` WHERE  `ul_id` = 2 LIMIT 1 [ RunTime:0.088000s ]
[ sql ] [ SQL ] SHOW COLUMNS FROM `ds_user_recharge_record` [ RunTime:0.089000s ]
[ sql ] [ SQL ] INSERT INTO `ds_user_recharge_record` (`urr_no` , `user_id` , `urr_recharge_account_id` , `urr_type` , `urr_amount` , `urr_recharge_discount` , `urr_total_amount` , `urr_traffic_amount` , `urr_required_bet_amount` , `urr_client_ip` , `urr_status` , `urr_createtime`) VALUES ('201801175461381250496' , 5351 , 6 , 1 , 50 , 25 , 75 , 150 , 0 , '127.0.0.1' , 0 , '2018-01-17 10:03:33') [ RunTime:0.088000s ]
[ sql ] [ SQL ] SHOW COLUMNS FROM `ds_bank` [ RunTime:0.087000s ]
[ sql ] [ SQL ] SELECT * FROM `ds_bank` WHERE  `bank_status` = 1  AND `bank_id` = 3 LIMIT 1 [ RunTime:0.086000s ]
[ sql ] [ SQL ] SELECT * FROM `ds_pay_center_merchant_info` LIMIT 1 [ RunTime:0.087000s ]
[ sql ] [ SQL ] UPDATE `ds_user_recharge_record`  SET `urr_recharge_account_id`=85  WHERE  `urr_id` = 31289773 [ RunTime:0.087000s ]
---------------------------------------------------------------
[ 2018-01-17T10:08:02+08:00 ] 127.0.0.1 GET /api/Recharge/pay?amount=50&payTypeId=5&bankId=3
[ sql ] [ DB ] CONNECT:[ UseTime:0.236000s ] mysql:host=rm-j6cng8865pfylc1d9o.mysql.rds.aliyuncs.com;port=3306;dbname=kosun_net;charset=utf8
[ sql ] [ SQL ] SHOW COLUMNS FROM `ds_user` [ RunTime:0.089000s ]
[ sql ] [ SQL ] SELECT * FROM `ds_user` WHERE  `user_id` = 0 LIMIT 1 [ RunTime:0.085000s ]
[ sql ] [ SQL ] SELECT * FROM `ds_user` WHERE  `user_id` = 5351 LIMIT 1 [ RunTime:0.087000s ]
[ sql ] [ SQL ] SHOW COLUMNS FROM `ds_recharge_type` [ RunTime:0.086000s ]
[ sql ] [ SQL ] SELECT * FROM `ds_recharge_type` WHERE  `recharge_type_id` = 5 LIMIT 1 [ RunTime:0.087000s ]
[ sql ] [ SQL ] SHOW COLUMNS FROM `ds_pay_center_merchant_info` [ RunTime:0.086000s ]
[ sql ] [ SQL ] SELECT * FROM `ds_pay_center_merchant_info` LIMIT 1 [ RunTime:0.086000s ]
[ sql ] [ SQL ] SHOW COLUMNS FROM `ds_pay_bank_relation` [ RunTime:0.188000s ]
[ sql ] [ SQL ] SELECT `pay_type_id` FROM `ds_pay_bank_relation` WHERE  `bank_id` = 3 [ RunTime:0.115000s ]
[ sql ] [ SQL ] SHOW COLUMNS FROM `ds_pay_center_account_user_level_relation` [ RunTime:0.087000s ]
[ sql ] [ SQL ] SELECT `channel_merchant_id` FROM `ds_pay_center_account_user_level_relation` WHERE  `user_level_id` = 2 [ RunTime:0.087000s ]
[ sql ] [ SQL ] SHOW COLUMNS FROM `ds_pay_center_channel_merchant` [ RunTime:0.085000s ]
[ sql ] [ SQL ] SELECT * FROM `ds_pay_center_channel_merchant` WHERE  `channel_merchant_id` IN (6,7,8,9,10)  AND `pay_type_id` = 5  AND `status` = 1 [ RunTime:0.085000s ]
---------------------------------------------------------------
[ 2018-01-17T10:08:13+08:00 ] 127.0.0.1 GET /api/Recharge/pay?amount=50&payTypeId=6&bankId=3
[ sql ] [ DB ] CONNECT:[ UseTime:0.132000s ] mysql:host=rm-j6cng8865pfylc1d9o.mysql.rds.aliyuncs.com;port=3306;dbname=kosun_net;charset=utf8
[ sql ] [ SQL ] SHOW COLUMNS FROM `ds_user` [ RunTime:0.089000s ]
[ sql ] [ SQL ] SELECT * FROM `ds_user` WHERE  `user_id` = 0 LIMIT 1 [ RunTime:0.098000s ]
[ sql ] [ SQL ] SELECT * FROM `ds_user` WHERE  `user_id` = 5351 LIMIT 1 [ RunTime:0.089000s ]
[ sql ] [ SQL ] SHOW COLUMNS FROM `ds_recharge_type` [ RunTime:0.090000s ]
[ sql ] [ SQL ] SELECT * FROM `ds_recharge_type` WHERE  `recharge_type_id` = 6 LIMIT 1 [ RunTime:0.085000s ]
[ sql ] [ SQL ] SHOW COLUMNS FROM `ds_pay_center_merchant_info` [ RunTime:0.086000s ]
[ sql ] [ SQL ] SELECT * FROM `ds_pay_center_merchant_info` LIMIT 1 [ RunTime:0.085000s ]
[ sql ] [ SQL ] SHOW COLUMNS FROM `ds_pay_bank_relation` [ RunTime:0.087000s ]
[ sql ] [ SQL ] SELECT `pay_type_id` FROM `ds_pay_bank_relation` WHERE  `bank_id` = 3 [ RunTime:0.087000s ]
[ sql ] [ SQL ] SHOW COLUMNS FROM `ds_pay_center_account_user_level_relation` [ RunTime:0.086000s ]
[ sql ] [ SQL ] SELECT `channel_merchant_id` FROM `ds_pay_center_account_user_level_relation` WHERE  `user_level_id` = 2 [ RunTime:0.087000s ]
[ sql ] [ SQL ] SHOW COLUMNS FROM `ds_pay_center_channel_merchant` [ RunTime:0.088000s ]
[ sql ] [ SQL ] SELECT * FROM `ds_pay_center_channel_merchant` WHERE  `channel_merchant_id` IN (6,7,8,9,10)  AND `pay_type_id` = 6  AND `status` = 1 [ RunTime:0.089000s ]
[ sql ] [ SQL ] SHOW COLUMNS FROM `ds_pay_config` [ RunTime:0.087000s ]
[ sql ] [ SQL ] SELECT * FROM `ds_pay_config` WHERE  `ul_id` = 2 LIMIT 1 [ RunTime:0.089000s ]
[ sql ] [ SQL ] SHOW COLUMNS FROM `ds_user_recharge_record` [ RunTime:0.087000s ]
[ sql ] [ SQL ] INSERT INTO `ds_user_recharge_record` (`urr_no` , `user_id` , `urr_recharge_account_id` , `urr_type` , `urr_amount` , `urr_recharge_discount` , `urr_total_amount` , `urr_traffic_amount` , `urr_required_bet_amount` , `urr_client_ip` , `urr_status` , `urr_createtime`) VALUES ('201801175489315050804' , 5351 , 6 , 1 , 50 , 25 , 75 , 150 , 0 , '127.0.0.1' , 0 , '2018-01-17 10:08:13') [ RunTime:0.090000s ]
[ sql ] [ SQL ] SHOW COLUMNS FROM `ds_bank` [ RunTime:0.087000s ]
[ sql ] [ SQL ] SELECT * FROM `ds_bank` WHERE  `bank_status` = 1  AND `bank_id` = 3 LIMIT 1 [ RunTime:0.087000s ]
[ sql ] [ SQL ] SELECT * FROM `ds_pay_center_merchant_info` LIMIT 1 [ RunTime:0.085000s ]
[ sql ] [ SQL ] UPDATE `ds_user_recharge_record`  SET `urr_recharge_account_id`=85  WHERE  `urr_id` = 31289774 [ RunTime:0.087000s ]
---------------------------------------------------------------
[ 2018-01-17T10:08:59+08:00 ] 127.0.0.1 GET /api/Recharge/pay?amount=50&payTypeId=7&bankId=3
[ sql ] [ DB ] CONNECT:[ UseTime:0.133000s ] mysql:host=rm-j6cng8865pfylc1d9o.mysql.rds.aliyuncs.com;port=3306;dbname=kosun_net;charset=utf8
[ sql ] [ SQL ] SHOW COLUMNS FROM `ds_user` [ RunTime:0.086000s ]
[ sql ] [ SQL ] SELECT * FROM `ds_user` WHERE  `user_id` = 0 LIMIT 1 [ RunTime:0.088000s ]
[ sql ] [ SQL ] SELECT * FROM `ds_user` WHERE  `user_id` = 5351 LIMIT 1 [ RunTime:0.089000s ]
[ sql ] [ SQL ] SHOW COLUMNS FROM `ds_recharge_type` [ RunTime:0.088000s ]
[ sql ] [ SQL ] SELECT * FROM `ds_recharge_type` WHERE  `recharge_type_id` = 7 LIMIT 1 [ RunTime:0.086000s ]
[ sql ] [ SQL ] SHOW COLUMNS FROM `ds_pay_center_merchant_info` [ RunTime:0.087000s ]
[ sql ] [ SQL ] SELECT * FROM `ds_pay_center_merchant_info` LIMIT 1 [ RunTime:0.086000s ]
[ sql ] [ SQL ] SHOW COLUMNS FROM `ds_pay_bank_relation` [ RunTime:0.086000s ]
[ sql ] [ SQL ] SELECT `pay_type_id` FROM `ds_pay_bank_relation` WHERE  `bank_id` = 3 [ RunTime:0.086000s ]
[ sql ] [ SQL ] SHOW COLUMNS FROM `ds_pay_center_account_user_level_relation` [ RunTime:0.086000s ]
[ sql ] [ SQL ] SELECT `channel_merchant_id` FROM `ds_pay_center_account_user_level_relation` WHERE  `user_level_id` = 2 [ RunTime:0.087000s ]
[ sql ] [ SQL ] SHOW COLUMNS FROM `ds_pay_center_channel_merchant` [ RunTime:0.088000s ]
[ sql ] [ SQL ] SELECT * FROM `ds_pay_center_channel_merchant` WHERE  `channel_merchant_id` IN (6,7,8,9,10)  AND `pay_type_id` = 7  AND `status` = 1 [ RunTime:0.086000s ]
---------------------------------------------------------------
[ 2018-01-17T10:13:40+08:00 ] 127.0.0.1 GET /api/Recharge/pay?amount=50&payTypeId=7&bankId=3
[ sql ] [ DB ] CONNECT:[ UseTime:0.297000s ] mysql:host=rm-j6cng8865pfylc1d9o.mysql.rds.aliyuncs.com;port=3306;dbname=kosun_net;charset=utf8
[ sql ] [ SQL ] SHOW COLUMNS FROM `ds_user` [ RunTime:0.106000s ]
[ sql ] [ SQL ] SELECT * FROM `ds_user` WHERE  `user_id` = 0 LIMIT 1 [ RunTime:0.101000s ]
[ sql ] [ SQL ] SELECT * FROM `ds_user` WHERE  `user_id` = 5351 LIMIT 1 [ RunTime:0.119000s ]
[ sql ] [ SQL ] SHOW COLUMNS FROM `ds_recharge_type` [ RunTime:0.085000s ]
[ sql ] [ SQL ] SELECT * FROM `ds_recharge_type` WHERE  `recharge_type_id` = 7 LIMIT 1 [ RunTime:0.086000s ]
---------------------------------------------------------------
[ 2018-01-17T10:14:35+08:00 ] 127.0.0.1 GET /api/Recharge/pay?amount=50&payTypeId=7&bankId=3
[ sql ] [ DB ] CONNECT:[ UseTime:0.133000s ] mysql:host=rm-j6cng8865pfylc1d9o.mysql.rds.aliyuncs.com;port=3306;dbname=kosun_net;charset=utf8
[ sql ] [ SQL ] SHOW COLUMNS FROM `ds_user` [ RunTime:0.087000s ]
[ sql ] [ SQL ] SELECT * FROM `ds_user` WHERE  `user_id` = 0 LIMIT 1 [ RunTime:0.086000s ]
[ sql ] [ SQL ] SELECT * FROM `ds_user` WHERE  `user_id` = 5351 LIMIT 1 [ RunTime:0.089000s ]
[ sql ] [ SQL ] SHOW COLUMNS FROM `ds_recharge_type` [ RunTime:0.087000s ]
[ sql ] [ SQL ] SELECT * FROM `ds_recharge_type` WHERE  `recharge_type_id` = 7 LIMIT 1 [ RunTime:0.088000s ]
[ sql ] [ SQL ] SHOW COLUMNS FROM `ds_pay_center_merchant_info` [ RunTime:0.086000s ]
[ sql ] [ SQL ] SELECT * FROM `ds_pay_center_merchant_info` LIMIT 1 [ RunTime:0.089000s ]
---------------------------------------------------------------
[ 2018-01-17T10:15:42+08:00 ] 127.0.0.1 GET /api/Recharge/pay?amount=50&payTypeId=7&bankId=3
[ sql ] [ DB ] CONNECT:[ UseTime:0.226000s ] mysql:host=rm-j6cng8865pfylc1d9o.mysql.rds.aliyuncs.com;port=3306;dbname=kosun_net;charset=utf8
[ sql ] [ SQL ] SHOW COLUMNS FROM `ds_user` [ RunTime:0.088000s ]
[ sql ] [ SQL ] SELECT * FROM `ds_user` WHERE  `user_id` = 0 LIMIT 1 [ RunTime:0.088000s ]
[ sql ] [ SQL ] SELECT * FROM `ds_user` WHERE  `user_id` = 5351 LIMIT 1 [ RunTime:0.089000s ]
[ sql ] [ SQL ] SHOW COLUMNS FROM `ds_recharge_type` [ RunTime:0.090000s ]
[ sql ] [ SQL ] SELECT * FROM `ds_recharge_type` WHERE  `recharge_type_id` = 7 LIMIT 1 [ RunTime:0.088000s ]
[ sql ] [ SQL ] SHOW COLUMNS FROM `ds_pay_center_merchant_info` [ RunTime:0.087000s ]
[ sql ] [ SQL ] SELECT * FROM `ds_pay_center_merchant_info` LIMIT 1 [ RunTime:0.087500s ]
[ sql ] [ SQL ] SHOW COLUMNS FROM `ds_pay_bank_relation` [ RunTime:0.086000s ]
[ sql ] [ SQL ] SELECT `pay_type_id` FROM `ds_pay_bank_relation` WHERE  `bank_id` = 3 [ RunTime:0.088000s ]
[ sql ] [ SQL ] SHOW COLUMNS FROM `ds_pay_center_account_user_level_relation` [ RunTime:0.088000s ]
[ sql ] [ SQL ] SELECT `channel_merchant_id` FROM `ds_pay_center_account_user_level_relation` WHERE  `user_level_id` = 2 [ RunTime:0.087000s ]
[ sql ] [ SQL ] SHOW COLUMNS FROM `ds_pay_center_channel_merchant` [ RunTime:0.088000s ]
[ sql ] [ SQL ] SELECT * FROM `ds_pay_center_channel_merchant` WHERE  `channel_merchant_id` IN (6,7,8,9,10)  AND `pay_type_id` = 7  AND `status` = 1 [ RunTime:0.089000s ]
---------------------------------------------------------------
[ 2018-01-17T10:16:26+08:00 ] 127.0.0.1 GET /api/Recharge/pay?amount=50&payTypeId=7&bankId=3
[ sql ] [ DB ] CONNECT:[ UseTime:0.136000s ] mysql:host=rm-j6cng8865pfylc1d9o.mysql.rds.aliyuncs.com;port=3306;dbname=kosun_net;charset=utf8
[ sql ] [ SQL ] SHOW COLUMNS FROM `ds_user` [ RunTime:0.091000s ]
[ sql ] [ SQL ] SELECT * FROM `ds_user` WHERE  `user_id` = 0 LIMIT 1 [ RunTime:0.092000s ]
[ sql ] [ SQL ] SELECT * FROM `ds_user` WHERE  `user_id` = 5351 LIMIT 1 [ RunTime:0.095000s ]
[ sql ] [ SQL ] SHOW COLUMNS FROM `ds_recharge_type` [ RunTime:0.094000s ]
[ sql ] [ SQL ] SELECT * FROM `ds_recharge_type` WHERE  `recharge_type_id` = 7 LIMIT 1 [ RunTime:0.090000s ]
[ sql ] [ SQL ] SHOW COLUMNS FROM `ds_pay_center_merchant_info` [ RunTime:0.089000s ]
[ sql ] [ SQL ] SELECT * FROM `ds_pay_center_merchant_info` LIMIT 1 [ RunTime:0.088000s ]
[ sql ] [ SQL ] SHOW COLUMNS FROM `ds_pay_bank_relation` [ RunTime:0.086000s ]
[ sql ] [ SQL ] SELECT `pay_type_id` FROM `ds_pay_bank_relation` WHERE  `bank_id` = 3 [ RunTime:0.088000s ]
[ sql ] [ SQL ] SHOW COLUMNS FROM `ds_pay_center_account_user_level_relation` [ RunTime:0.089000s ]
[ sql ] [ SQL ] SELECT `channel_merchant_id` FROM `ds_pay_center_account_user_level_relation` WHERE  `user_level_id` = 2 [ RunTime:0.089000s ]
[ sql ] [ SQL ] SHOW COLUMNS FROM `ds_pay_center_channel_merchant` [ RunTime:0.088000s ]
[ sql ] [ SQL ] SELECT * FROM `ds_pay_center_channel_merchant` WHERE  `channel_merchant_id` IN (6,7,8,9,10)  AND `pay_type_id` = 7  AND `status` = 1 [ RunTime:0.089000s ]
---------------------------------------------------------------
[ 2018-01-17T10:17:09+08:00 ] 127.0.0.1 GET /api/Recharge/pay?amount=50&payTypeId=7&bankId=3
[ sql ] [ DB ] CONNECT:[ UseTime:0.214000s ] mysql:host=rm-j6cng8865pfylc1d9o.mysql.rds.aliyuncs.com;port=3306;dbname=kosun_net;charset=utf8
[ sql ] [ SQL ] SHOW COLUMNS FROM `ds_user` [ RunTime:0.086000s ]
[ sql ] [ SQL ] SELECT * FROM `ds_user` WHERE  `user_id` = 0 LIMIT 1 [ RunTime:0.085000s ]
[ sql ] [ SQL ] SELECT * FROM `ds_user` WHERE  `user_id` = 5351 LIMIT 1 [ RunTime:0.088000s ]
[ sql ] [ SQL ] SHOW COLUMNS FROM `ds_recharge_type` [ RunTime:0.087000s ]
[ sql ] [ SQL ] SELECT * FROM `ds_recharge_type` WHERE  `recharge_type_id` = 7 LIMIT 1 [ RunTime:0.086000s ]
[ sql ] [ SQL ] SHOW COLUMNS FROM `ds_pay_center_merchant_info` [ RunTime:0.086000s ]
[ sql ] [ SQL ] SELECT * FROM `ds_pay_center_merchant_info` LIMIT 1 [ RunTime:0.085000s ]
[ sql ] [ SQL ] SHOW COLUMNS FROM `ds_pay_bank_relation` [ RunTime:0.085000s ]
[ sql ] [ SQL ] SELECT `pay_type_id` FROM `ds_pay_bank_relation` WHERE  `bank_id` = 3 [ RunTime:0.088000s ]
[ sql ] [ SQL ] SHOW COLUMNS FROM `ds_pay_center_account_user_level_relation` [ RunTime:0.087000s ]
[ sql ] [ SQL ] SELECT `channel_merchant_id` FROM `ds_pay_center_account_user_level_relation` WHERE  `user_level_id` = 2 [ RunTime:0.087000s ]
---------------------------------------------------------------
[ 2018-01-17T10:18:45+08:00 ] 127.0.0.1 GET /api/Recharge/pay?amount=50&payTypeId=7&bankId=3
[ sql ] [ DB ] CONNECT:[ UseTime:0.301500s ] mysql:host=rm-j6cng8865pfylc1d9o.mysql.rds.aliyuncs.com;port=3306;dbname=kosun_net;charset=utf8
[ sql ] [ SQL ] SHOW COLUMNS FROM `ds_user` [ RunTime:0.090000s ]
[ sql ] [ SQL ] SELECT * FROM `ds_user` WHERE  `user_id` = 0 LIMIT 1 [ RunTime:0.090000s ]
[ sql ] [ SQL ] SELECT * FROM `ds_user` WHERE  `user_id` = 5351 LIMIT 1 [ RunTime:0.090000s ]
[ sql ] [ SQL ] SHOW COLUMNS FROM `ds_recharge_type` [ RunTime:0.089000s ]
[ sql ] [ SQL ] SELECT * FROM `ds_recharge_type` WHERE  `recharge_type_id` = 7 LIMIT 1 [ RunTime:0.087000s ]
[ sql ] [ SQL ] SHOW COLUMNS FROM `ds_pay_center_merchant_info` [ RunTime:0.088000s ]
[ sql ] [ SQL ] SELECT * FROM `ds_pay_center_merchant_info` LIMIT 1 [ RunTime:0.088000s ]
[ sql ] [ SQL ] SHOW COLUMNS FROM `ds_pay_bank_relation` [ RunTime:0.089000s ]
[ sql ] [ SQL ] SELECT `pay_type_id` FROM `ds_pay_bank_relation` WHERE  `bank_id` = 3 [ RunTime:0.089000s ]
[ sql ] [ SQL ] SHOW COLUMNS FROM `ds_pay_center_account_user_level_relation` [ RunTime:0.087000s ]
[ sql ] [ SQL ] SELECT `channel_merchant_id` FROM `ds_pay_center_account_user_level_relation` WHERE  `user_level_id` = 2 [ RunTime:0.089000s ]
---------------------------------------------------------------
[ 2018-01-17T10:18:54+08:00 ] 127.0.0.1 GET /api/Recharge/pay?amount=50&payTypeId=7&bankId=3
[ sql ] [ DB ] CONNECT:[ UseTime:0.130000s ] mysql:host=rm-j6cng8865pfylc1d9o.mysql.rds.aliyuncs.com;port=3306;dbname=kosun_net;charset=utf8
[ sql ] [ SQL ] SHOW COLUMNS FROM `ds_user` [ RunTime:0.088000s ]
[ sql ] [ SQL ] SELECT * FROM `ds_user` WHERE  `user_id` = 0 LIMIT 1 [ RunTime:0.088000s ]
[ sql ] [ SQL ] SELECT * FROM `ds_user` WHERE  `user_id` = 5351 LIMIT 1 [ RunTime:0.086000s ]
[ sql ] [ SQL ] SHOW COLUMNS FROM `ds_recharge_type` [ RunTime:0.086000s ]
[ sql ] [ SQL ] SELECT * FROM `ds_recharge_type` WHERE  `recharge_type_id` = 7 LIMIT 1 [ RunTime:0.087000s ]
[ sql ] [ SQL ] SHOW COLUMNS FROM `ds_pay_center_merchant_info` [ RunTime:0.086000s ]
[ sql ] [ SQL ] SELECT * FROM `ds_pay_center_merchant_info` LIMIT 1 [ RunTime:0.088000s ]
[ sql ] [ SQL ] SHOW COLUMNS FROM `ds_pay_bank_relation` [ RunTime:0.087000s ]
[ sql ] [ SQL ] SELECT `pay_type_id` FROM `ds_pay_bank_relation` WHERE  `bank_id` = 3 [ RunTime:0.098000s ]
[ sql ] [ SQL ] SHOW COLUMNS FROM `ds_pay_center_account_user_level_relation` [ RunTime:0.086000s ]
[ sql ] [ SQL ] SELECT `channel_merchant_id` FROM `ds_pay_center_account_user_level_relation` WHERE  `user_level_id` = 2 [ RunTime:0.087000s ]
[ sql ] [ SQL ] SHOW COLUMNS FROM `ds_pay_center_channel_merchant` [ RunTime:0.087000s ]
[ sql ] [ SQL ] SELECT * FROM `ds_pay_center_channel_merchant` WHERE  `channel_merchant_id` IN (6,7,8,9,10)  AND `pay_type_id` = 7  AND `status` = 1 [ RunTime:0.087000s ]
---------------------------------------------------------------
[ 2018-01-17T10:20:00+08:00 ] 127.0.0.1 GET /api/Recharge/pay?amount=50&payTypeId=7&bankId=3
[ sql ] [ DB ] CONNECT:[ UseTime:0.223000s ] mysql:host=rm-j6cng8865pfylc1d9o.mysql.rds.aliyuncs.com;port=3306;dbname=kosun_net;charset=utf8
[ sql ] [ SQL ] SHOW COLUMNS FROM `ds_user` [ RunTime:0.091000s ]
[ sql ] [ SQL ] SELECT * FROM `ds_user` WHERE  `user_id` = 0 LIMIT 1 [ RunTime:0.091000s ]
[ sql ] [ SQL ] SELECT * FROM `ds_user` WHERE  `user_id` = 5351 LIMIT 1 [ RunTime:0.091000s ]
[ sql ] [ SQL ] SHOW COLUMNS FROM `ds_recharge_type` [ RunTime:0.090000s ]
[ sql ] [ SQL ] SELECT * FROM `ds_recharge_type` WHERE  `recharge_type_id` = 7 LIMIT 1 [ RunTime:0.091000s ]
[ sql ] [ SQL ] SHOW COLUMNS FROM `ds_pay_center_merchant_info` [ RunTime:0.090000s ]
[ sql ] [ SQL ] SELECT * FROM `ds_pay_center_merchant_info` LIMIT 1 [ RunTime:0.090000s ]
[ sql ] [ SQL ] SHOW COLUMNS FROM `ds_pay_bank_relation` [ RunTime:0.090000s ]
[ sql ] [ SQL ] SELECT `pay_type_id` FROM `ds_pay_bank_relation` WHERE  `bank_id` = 3 [ RunTime:0.092000s ]
[ sql ] [ SQL ] SHOW COLUMNS FROM `ds_pay_center_account_user_level_relation` [ RunTime:0.090000s ]
[ sql ] [ SQL ] SELECT `channel_merchant_id` FROM `ds_pay_center_account_user_level_relation` WHERE  `user_level_id` = 2 [ RunTime:0.090000s ]
[ sql ] [ SQL ] SHOW COLUMNS FROM `ds_pay_center_channel_merchant` [ RunTime:0.091000s ]
[ sql ] [ SQL ] SELECT * FROM `ds_pay_center_channel_merchant` WHERE  `channel_merchant_id` IN (6,7,8,9,10)  AND `pay_type_id` = 7  AND `status` = 1 [ RunTime:0.091000s ]
---------------------------------------------------------------
[ 2018-01-17T10:21:11+08:00 ] 127.0.0.1 GET /api/Recharge/pay?amount=50&payTypeId=7&bankId=3
[ sql ] [ DB ] CONNECT:[ UseTime:0.219000s ] mysql:host=rm-j6cng8865pfylc1d9o.mysql.rds.aliyuncs.com;port=3306;dbname=kosun_net;charset=utf8
[ sql ] [ SQL ] SHOW COLUMNS FROM `ds_user` [ RunTime:0.086000s ]
[ sql ] [ SQL ] SELECT * FROM `ds_user` WHERE  `user_id` = 0 LIMIT 1 [ RunTime:0.089000s ]
[ sql ] [ SQL ] SELECT * FROM `ds_user` WHERE  `user_id` = 5351 LIMIT 1 [ RunTime:0.089000s ]
[ sql ] [ SQL ] SHOW COLUMNS FROM `ds_recharge_type` [ RunTime:0.086000s ]
[ sql ] [ SQL ] SELECT * FROM `ds_recharge_type` WHERE  `recharge_type_id` = 7 LIMIT 1 [ RunTime:0.087000s ]
[ sql ] [ SQL ] SHOW COLUMNS FROM `ds_pay_center_merchant_info` [ RunTime:0.090000s ]
[ sql ] [ SQL ] SELECT * FROM `ds_pay_center_merchant_info` LIMIT 1 [ RunTime:0.087000s ]
[ sql ] [ SQL ] SHOW COLUMNS FROM `ds_pay_bank_relation` [ RunTime:0.085000s ]
[ sql ] [ SQL ] SELECT `pay_type_id` FROM `ds_pay_bank_relation` WHERE  `bank_id` = 3 [ RunTime:0.085000s ]
[ sql ] [ SQL ] SHOW COLUMNS FROM `ds_pay_center_account_user_level_relation` [ RunTime:0.084000s ]
[ sql ] [ SQL ] SELECT `channel_merchant_id` FROM `ds_pay_center_account_user_level_relation` WHERE  `user_level_id` = 2 [ RunTime:0.086000s ]
[ sql ] [ SQL ] SHOW COLUMNS FROM `ds_pay_center_channel_merchant` [ RunTime:0.085000s ]
[ sql ] [ SQL ] SELECT * FROM `ds_pay_center_channel_merchant` WHERE  `channel_merchant_id` IN (6,7,8,9,10)  AND `pay_type_id` = 7  AND `status` = 1 [ RunTime:0.087000s ]
---------------------------------------------------------------
[ 2018-01-17T10:21:52+08:00 ] 127.0.0.1 GET /api/Recharge/pay?amount=50&payTypeId=7&bankId=3
[ sql ] [ DB ] CONNECT:[ UseTime:0.130000s ] mysql:host=rm-j6cng8865pfylc1d9o.mysql.rds.aliyuncs.com;port=3306;dbname=kosun_net;charset=utf8
[ sql ] [ SQL ] SHOW COLUMNS FROM `ds_user` [ RunTime:0.084000s ]
[ sql ] [ SQL ] SELECT * FROM `ds_user` WHERE  `user_id` = 0 LIMIT 1 [ RunTime:0.087000s ]
[ sql ] [ SQL ] SELECT * FROM `ds_user` WHERE  `user_id` = 5351 LIMIT 1 [ RunTime:0.088000s ]
[ sql ] [ SQL ] SHOW COLUMNS FROM `ds_recharge_type` [ RunTime:0.086000s ]
[ sql ] [ SQL ] SELECT * FROM `ds_recharge_type` WHERE  `recharge_type_id` = 7 LIMIT 1 [ RunTime:0.084000s ]
[ sql ] [ SQL ] SHOW COLUMNS FROM `ds_pay_center_merchant_info` [ RunTime:0.084000s ]
[ sql ] [ SQL ] SELECT * FROM `ds_pay_center_merchant_info` LIMIT 1 [ RunTime:0.085000s ]
[ sql ] [ SQL ] SHOW COLUMNS FROM `ds_pay_bank_relation` [ RunTime:0.085000s ]
[ sql ] [ SQL ] SELECT `pay_type_id` FROM `ds_pay_bank_relation` WHERE  `bank_id` = 3 [ RunTime:0.087000s ]
[ sql ] [ SQL ] SHOW COLUMNS FROM `ds_pay_center_account_user_level_relation` [ RunTime:0.085000s ]
[ sql ] [ SQL ] SELECT `channel_merchant_id` FROM `ds_pay_center_account_user_level_relation` WHERE  `user_level_id` = 2 [ RunTime:0.086000s ]
[ sql ] [ SQL ] SHOW COLUMNS FROM `ds_pay_center_channel_merchant` [ RunTime:0.087000s ]
[ sql ] [ SQL ] SELECT * FROM `ds_pay_center_channel_merchant` WHERE  `channel_merchant_id` IN (6,7,8,9,10)  AND `pay_type_id` = 7  AND `status` = 1 [ RunTime:0.088000s ]
---------------------------------------------------------------
[ 2018-01-17T10:23:10+08:00 ] 127.0.0.1 GET /api/Recharge/pay?amount=50&payTypeId=7&bankId=3
[ sql ] [ DB ] CONNECT:[ UseTime:0.293000s ] mysql:host=rm-j6cng8865pfylc1d9o.mysql.rds.aliyuncs.com;port=3306;dbname=kosun_net;charset=utf8
[ sql ] [ SQL ] SHOW COLUMNS FROM `ds_user` [ RunTime:0.088000s ]
[ sql ] [ SQL ] SELECT * FROM `ds_user` WHERE  `user_id` = 0 LIMIT 1 [ RunTime:0.088000s ]
[ sql ] [ SQL ] SELECT * FROM `ds_user` WHERE  `user_id` = 5351 LIMIT 1 [ RunTime:0.091000s ]
[ sql ] [ SQL ] SHOW COLUMNS FROM `ds_recharge_type` [ RunTime:0.089000s ]
[ sql ] [ SQL ] SELECT * FROM `ds_recharge_type` WHERE  `recharge_type_id` = 7 LIMIT 1 [ RunTime:0.088000s ]
[ sql ] [ SQL ] SHOW COLUMNS FROM `ds_pay_center_merchant_info` [ RunTime:0.087000s ]
[ sql ] [ SQL ] SELECT * FROM `ds_pay_center_merchant_info` LIMIT 1 [ RunTime:0.088000s ]
[ sql ] [ SQL ] SHOW COLUMNS FROM `ds_pay_bank_relation` [ RunTime:0.087000s ]
[ sql ] [ SQL ] SELECT `pay_type_id` FROM `ds_pay_bank_relation` WHERE  `bank_id` = 3 [ RunTime:0.088000s ]
[ sql ] [ SQL ] SHOW COLUMNS FROM `ds_pay_center_account_user_level_relation` [ RunTime:0.088000s ]
[ sql ] [ SQL ] SELECT `channel_merchant_id` FROM `ds_pay_center_account_user_level_relation` WHERE  `user_level_id` = 2 [ RunTime:0.088000s ]
[ sql ] [ SQL ] SHOW COLUMNS FROM `ds_pay_center_channel_merchant` [ RunTime:0.088000s ]
[ sql ] [ SQL ] SELECT * FROM `ds_pay_center_channel_merchant` WHERE  `channel_merchant_id` IN (6,7,8,9,10)  AND `pay_type_id` = 7  AND `status` = 1 [ RunTime:0.088000s ]
---------------------------------------------------------------
[ 2018-01-17T10:23:47+08:00 ] 127.0.0.1 GET /api/Recharge/pay?amount=50&payTypeId=7&bankId=3
[ sql ] [ DB ] CONNECT:[ UseTime:0.134000s ] mysql:host=rm-j6cng8865pfylc1d9o.mysql.rds.aliyuncs.com;port=3306;dbname=kosun_net;charset=utf8
[ sql ] [ SQL ] SHOW COLUMNS FROM `ds_user` [ RunTime:0.089000s ]
[ sql ] [ SQL ] SELECT * FROM `ds_user` WHERE  `user_id` = 0 LIMIT 1 [ RunTime:0.089000s ]
[ sql ] [ SQL ] SELECT * FROM `ds_user` WHERE  `user_id` = 5351 LIMIT 1 [ RunTime:0.089000s ]
[ sql ] [ SQL ] SHOW COLUMNS FROM `ds_recharge_type` [ RunTime:0.091000s ]
[ sql ] [ SQL ] SELECT * FROM `ds_recharge_type` WHERE  `recharge_type_id` = 7 LIMIT 1 [ RunTime:0.091000s ]
[ sql ] [ SQL ] SHOW COLUMNS FROM `ds_pay_center_merchant_info` [ RunTime:0.089000s ]
[ sql ] [ SQL ] SELECT * FROM `ds_pay_center_merchant_info` LIMIT 1 [ RunTime:0.088000s ]
[ sql ] [ SQL ] SHOW COLUMNS FROM `ds_pay_bank_relation` [ RunTime:0.089000s ]
[ sql ] [ SQL ] SELECT `pay_type_id` FROM `ds_pay_bank_relation` WHERE  `bank_id` = 3 [ RunTime:0.090000s ]
[ sql ] [ SQL ] SHOW COLUMNS FROM `ds_pay_center_account_user_level_relation` [ RunTime:0.091000s ]
[ sql ] [ SQL ] SELECT `channel_merchant_id` FROM `ds_pay_center_account_user_level_relation` WHERE  `user_level_id` = 2 [ RunTime:0.088000s ]
[ sql ] [ SQL ] SHOW COLUMNS FROM `ds_pay_center_channel_merchant` [ RunTime:0.091000s ]
[ sql ] [ SQL ] SELECT * FROM `ds_pay_center_channel_merchant` WHERE  `channel_merchant_id` IN (6,7,8,9,10)  AND `pay_type_id` = 7  AND `status` = 1 [ RunTime:0.090000s ]
---------------------------------------------------------------
[ 2018-01-17T10:24:34+08:00 ] 127.0.0.1 GET /api/Recharge/pay?amount=50&payTypeId=7&bankId=3
[ sql ] [ DB ] CONNECT:[ UseTime:0.246000s ] mysql:host=rm-j6cng8865pfylc1d9o.mysql.rds.aliyuncs.com;port=3306;dbname=kosun_net;charset=utf8
[ sql ] [ SQL ] SHOW COLUMNS FROM `ds_user` [ RunTime:0.097500s ]
[ sql ] [ SQL ] SELECT * FROM `ds_user` WHERE  `user_id` = 0 LIMIT 1 [ RunTime:0.090000s ]
[ sql ] [ SQL ] SELECT * FROM `ds_user` WHERE  `user_id` = 5351 LIMIT 1 [ RunTime:0.087500s ]
[ sql ] [ SQL ] SHOW COLUMNS FROM `ds_recharge_type` [ RunTime:0.087000s ]
[ sql ] [ SQL ] SELECT * FROM `ds_recharge_type` WHERE  `recharge_type_id` = 7 LIMIT 1 [ RunTime:0.087000s ]
[ sql ] [ SQL ] SHOW COLUMNS FROM `ds_pay_center_merchant_info` [ RunTime:0.089000s ]
[ sql ] [ SQL ] SELECT * FROM `ds_pay_center_merchant_info` LIMIT 1 [ RunTime:0.085000s ]
[ sql ] [ SQL ] SHOW COLUMNS FROM `ds_pay_bank_relation` [ RunTime:0.087000s ]
[ sql ] [ SQL ] SELECT `pay_type_id` FROM `ds_pay_bank_relation` WHERE  `bank_id` = 3 [ RunTime:0.093000s ]
[ sql ] [ SQL ] SHOW COLUMNS FROM `ds_pay_center_account_user_level_relation` [ RunTime:0.089000s ]
[ sql ] [ SQL ] SELECT `channel_merchant_id` FROM `ds_pay_center_account_user_level_relation` WHERE  `user_level_id` = 2 [ RunTime:0.087000s ]
[ sql ] [ SQL ] SHOW COLUMNS FROM `ds_pay_center_channel_merchant` [ RunTime:0.087000s ]
[ sql ] [ SQL ] SELECT * FROM `ds_pay_center_channel_merchant` WHERE  `channel_merchant_id` IN (6,7,8,9,10)  AND `pay_type_id` = 7  AND `status` = 1 [ RunTime:0.088000s ]
---------------------------------------------------------------
[ 2018-01-17T10:26:03+08:00 ] 127.0.0.1 GET /api/Recharge/pay?amount=50&payTypeId=7&bankId=3
[ sql ] [ DB ] CONNECT:[ UseTime:0.294000s ] mysql:host=rm-j6cng8865pfylc1d9o.mysql.rds.aliyuncs.com;port=3306;dbname=kosun_net;charset=utf8
[ sql ] [ SQL ] SHOW COLUMNS FROM `ds_user` [ RunTime:0.090000s ]
[ sql ] [ SQL ] SELECT * FROM `ds_user` WHERE  `user_id` = 0 LIMIT 1 [ RunTime:0.086000s ]
[ sql ] [ SQL ] SELECT * FROM `ds_user` WHERE  `user_id` = 5351 LIMIT 1 [ RunTime:0.094000s ]
[ sql ] [ SQL ] SHOW COLUMNS FROM `ds_recharge_type` [ RunTime:0.086000s ]
[ sql ] [ SQL ] SELECT * FROM `ds_recharge_type` WHERE  `recharge_type_id` = 7 LIMIT 1 [ RunTime:0.086000s ]
[ sql ] [ SQL ] SHOW COLUMNS FROM `ds_pay_center_merchant_info` [ RunTime:0.087000s ]
[ sql ] [ SQL ] SELECT * FROM `ds_pay_center_merchant_info` LIMIT 1 [ RunTime:0.086000s ]
[ sql ] [ SQL ] SHOW COLUMNS FROM `ds_pay_center_account_user_level_relation` [ RunTime:0.086000s ]
[ sql ] [ SQL ] SELECT `channel_merchant_id` FROM `ds_pay_center_account_user_level_relation` WHERE  `user_level_id` = 2 [ RunTime:0.085000s ]
[ sql ] [ SQL ] SHOW COLUMNS FROM `ds_pay_center_channel_merchant` [ RunTime:0.087000s ]
[ sql ] [ SQL ] SELECT * FROM `ds_pay_center_channel_merchant` WHERE  `channel_merchant_id` IN (6,7,8,9,10)  AND `pay_type_id` = 7  AND `status` = 1 [ RunTime:0.088000s ]
---------------------------------------------------------------
[ 2018-01-17T10:26:35+08:00 ] 127.0.0.1 GET /api/Recharge/pay?amount=50&payTypeId=7&bankId=3
[ sql ] [ DB ] CONNECT:[ UseTime:0.135000s ] mysql:host=rm-j6cng8865pfylc1d9o.mysql.rds.aliyuncs.com;port=3306;dbname=kosun_net;charset=utf8
[ sql ] [ SQL ] SHOW COLUMNS FROM `ds_user` [ RunTime:0.089000s ]
[ sql ] [ SQL ] SELECT * FROM `ds_user` WHERE  `user_id` = 0 LIMIT 1 [ RunTime:0.090000s ]
[ sql ] [ SQL ] SELECT * FROM `ds_user` WHERE  `user_id` = 5351 LIMIT 1 [ RunTime:0.089000s ]
[ sql ] [ SQL ] SHOW COLUMNS FROM `ds_recharge_type` [ RunTime:0.090000s ]
[ sql ] [ SQL ] SELECT * FROM `ds_recharge_type` WHERE  `recharge_type_id` = 7 LIMIT 1 [ RunTime:0.089000s ]
[ sql ] [ SQL ] SHOW COLUMNS FROM `ds_pay_center_merchant_info` [ RunTime:0.088000s ]
[ sql ] [ SQL ] SELECT * FROM `ds_pay_center_merchant_info` LIMIT 1 [ RunTime:0.089000s ]
[ sql ] [ SQL ] SHOW COLUMNS FROM `ds_pay_center_account_user_level_relation` [ RunTime:0.089000s ]
[ sql ] [ SQL ] SELECT `channel_merchant_id` FROM `ds_pay_center_account_user_level_relation` WHERE  `user_level_id` = 2 [ RunTime:0.089000s ]
[ sql ] [ SQL ] SHOW COLUMNS FROM `ds_pay_center_channel_merchant` [ RunTime:0.089000s ]
[ sql ] [ SQL ] SELECT * FROM `ds_pay_center_channel_merchant` WHERE  `channel_merchant_id` IN (6,7,8,9,10)  AND `pay_type_id` = 7  AND `status` = 1 [ RunTime:0.090000s ]
---------------------------------------------------------------
[ 2018-01-17T10:27:14+08:00 ] 127.0.0.1 GET /api/Recharge/pay?amount=50&payTypeId=7&bankId=3
[ sql ] [ DB ] CONNECT:[ UseTime:0.221000s ] mysql:host=rm-j6cng8865pfylc1d9o.mysql.rds.aliyuncs.com;port=3306;dbname=kosun_net;charset=utf8
[ sql ] [ SQL ] SHOW COLUMNS FROM `ds_user` [ RunTime:0.086000s ]
[ sql ] [ SQL ] SELECT * FROM `ds_user` WHERE  `user_id` = 0 LIMIT 1 [ RunTime:0.088000s ]
[ sql ] [ SQL ] SELECT * FROM `ds_user` WHERE  `user_id` = 5351 LIMIT 1 [ RunTime:0.089000s ]
[ sql ] [ SQL ] SHOW COLUMNS FROM `ds_recharge_type` [ RunTime:0.086000s ]
[ sql ] [ SQL ] SELECT * FROM `ds_recharge_type` WHERE  `recharge_type_id` = 7 LIMIT 1 [ RunTime:0.090000s ]
[ sql ] [ SQL ] SHOW COLUMNS FROM `ds_pay_center_merchant_info` [ RunTime:0.086000s ]
[ sql ] [ SQL ] SELECT * FROM `ds_pay_center_merchant_info` LIMIT 1 [ RunTime:0.086000s ]
[ sql ] [ SQL ] SHOW COLUMNS FROM `ds_pay_center_account_user_level_relation` [ RunTime:0.086000s ]
[ sql ] [ SQL ] SELECT `channel_merchant_id` FROM `ds_pay_center_account_user_level_relation` WHERE  `user_level_id` = 2 [ RunTime:0.088000s ]
[ sql ] [ SQL ] SHOW COLUMNS FROM `ds_pay_center_channel_merchant` [ RunTime:0.087000s ]
[ sql ] [ SQL ] SELECT * FROM `ds_pay_center_channel_merchant` WHERE  `channel_merchant_id` IN (6,7,8,9,10)  AND `pay_type_id` = 7  AND `status` = 1 [ RunTime:0.088000s ]
[ sql ] [ SQL ] SHOW COLUMNS FROM `ds_pay_config` [ RunTime:0.087000s ]
[ sql ] [ SQL ] SELECT * FROM `ds_pay_config` WHERE  `ul_id` = 2 LIMIT 1 [ RunTime:0.087000s ]
[ sql ] [ SQL ] SHOW COLUMNS FROM `ds_user_recharge_record` [ RunTime:0.087000s ]
[ sql ] [ SQL ] INSERT INTO `ds_user_recharge_record` (`urr_no` , `user_id` , `urr_recharge_account_id` , `urr_type` , `urr_amount` , `urr_recharge_discount` , `urr_total_amount` , `urr_traffic_amount` , `urr_required_bet_amount` , `urr_client_ip` , `urr_status` , `urr_createtime`) VALUES ('201801175603279200867' , 5351 , 8 , 1 , 50 , 25 , 75 , 150 , 0 , '127.0.0.1' , 0 , '2018-01-17 10:27:12') [ RunTime:0.088500s ]
[ sql ] [ SQL ] SHOW COLUMNS FROM `ds_bank` [ RunTime:0.086500s ]
[ sql ] [ SQL ] SELECT * FROM `ds_bank` WHERE  `bank_status` = 1  AND `bank_id` = 3 LIMIT 1 [ RunTime:0.089000s ]
[ sql ] [ SQL ] SELECT * FROM `ds_pay_center_merchant_info` LIMIT 1 [ RunTime:0.086000s ]
[ sql ] [ SQL ] UPDATE `ds_user_recharge_record`  SET `urr_recharge_account_id`=85  WHERE  `urr_id` = 31289775 [ RunTime:0.088000s ]
---------------------------------------------------------------
[ 2018-01-17T10:46:44+08:00 ] 127.0.0.1 POST /admin/PayCenter/getChannelMerchantList
[ sql ] [ DB ] CONNECT:[ UseTime:0.304000s ] mysql:host=rm-j6cng8865pfylc1d9o.mysql.rds.aliyuncs.com;port=3306;dbname=kosun_net;charset=utf8
[ sql ] [ SQL ] SHOW COLUMNS FROM `ds_pay_center_channel_merchant` [ RunTime:0.090000s ]
[ sql ] [ SQL ] SELECT `m`.*,`c`.`name` FROM `ds_pay_center_channel_merchant` `m` LEFT JOIN `ds_pay_center_channel` `c` ON `c`.`pay_channel_id`=`m`.`pay_channel_id` WHERE  `m`.`status` < 2 ORDER BY m.status desc,m.channel_merchant_id desc LIMIT 0,10 [ RunTime:0.091000s ]
[ sql ] [ SQL ] SELECT COUNT(*) AS tp_count FROM `ds_pay_center_channel_merchant` `m` LEFT JOIN `ds_pay_center_channel` `c` ON `m`.`pay_channel_id`=`c`.`pay_channel_id` WHERE  `m`.`status` < 2 LIMIT 1 [ RunTime:0.090000s ]
[ sql ] [ SQL ] SHOW COLUMNS FROM `ds_pay_center_account_user_level_relation` [ RunTime:0.091000s ]
[ sql ] [ SQL ] SELECT ul.ul_id as id,ul.ul_name as name FROM `ds_pay_center_account_user_level_relation` `p` LEFT JOIN `ds_user_level` `ul` ON `ul`.`ul_id`=`p`.`user_level_id` WHERE  `p`.`channel_merchant_id` = 24 [ RunTime:0.091000s ]
[ sql ] [ SQL ] SELECT ul.ul_id as id,ul.ul_name as name FROM `ds_pay_center_account_user_level_relation` `p` LEFT JOIN `ds_user_level` `ul` ON `ul`.`ul_id`=`p`.`user_level_id` WHERE  `p`.`channel_merchant_id` = 77 [ RunTime:0.091000s ]
[ sql ] [ SQL ] SELECT ul.ul_id as id,ul.ul_name as name FROM `ds_pay_center_account_user_level_relation` `p` LEFT JOIN `ds_user_level` `ul` ON `ul`.`ul_id`=`p`.`user_level_id` WHERE  `p`.`channel_merchant_id` = 85 [ RunTime:0.091000s ]
[ sql ] [ SQL ] SELECT ul.ul_id as id,ul.ul_name as name FROM `ds_pay_center_account_user_level_relation` `p` LEFT JOIN `ds_user_level` `ul` ON `ul`.`ul_id`=`p`.`user_level_id` WHERE  `p`.`channel_merchant_id` = 85 [ RunTime:0.092000s ]
[ sql ] [ SQL ] SELECT ul.ul_id as id,ul.ul_name as name FROM `ds_pay_center_account_user_level_relation` `p` LEFT JOIN `ds_user_level` `ul` ON `ul`.`ul_id`=`p`.`user_level_id` WHERE  `p`.`channel_merchant_id` = 85 [ RunTime:0.091000s ]
[ sql ] [ SQL ] SELECT ul.ul_id as id,ul.ul_name as name FROM `ds_pay_center_account_user_level_relation` `p` LEFT JOIN `ds_user_level` `ul` ON `ul`.`ul_id`=`p`.`user_level_id` WHERE  `p`.`channel_merchant_id` = 85 [ RunTime:0.091000s ]
[ sql ] [ SQL ] SELECT ul.ul_id as id,ul.ul_name as name FROM `ds_pay_center_account_user_level_relation` `p` LEFT JOIN `ds_user_level` `ul` ON `ul`.`ul_id`=`p`.`user_level_id` WHERE  `p`.`channel_merchant_id` = 69 [ RunTime:0.090000s ]
---------------------------------------------------------------
[ 2018-01-17T10:47:12+08:00 ] 127.0.0.1 POST /admin/PayCenter/getChannelMerchantList
[ sql ] [ DB ] CONNECT:[ UseTime:0.136000s ] mysql:host=rm-j6cng8865pfylc1d9o.mysql.rds.aliyuncs.com;port=3306;dbname=kosun_net;charset=utf8
[ sql ] [ SQL ] SHOW COLUMNS FROM `ds_pay_center_channel_merchant` [ RunTime:0.091000s ]
[ sql ] [ SQL ] SELECT `m`.*,`c`.`name` FROM `ds_pay_center_channel_merchant` `m` LEFT JOIN `ds_pay_center_channel` `c` ON `c`.`pay_channel_id`=`m`.`pay_channel_id` WHERE  `m`.`status` < 2 ORDER BY m.status desc,m.channel_merchant_id desc LIMIT 0,10 [ RunTime:0.089000s ]
[ sql ] [ SQL ] SELECT COUNT(*) AS tp_count FROM `ds_pay_center_channel_merchant` `m` LEFT JOIN `ds_pay_center_channel` `c` ON `m`.`pay_channel_id`=`c`.`pay_channel_id` WHERE  `m`.`status` < 2 LIMIT 1 [ RunTime:0.090000s ]
[ sql ] [ SQL ] SHOW COLUMNS FROM `ds_pay_center_account_user_level_relation` [ RunTime:0.089000s ]
[ sql ] [ SQL ] SELECT ul.ul_id as id,ul.ul_name as name FROM `ds_pay_center_account_user_level_relation` `p` LEFT JOIN `ds_user_level` `ul` ON `ul`.`ul_id`=`p`.`user_level_id` WHERE  `p`.`channel_merchant_id` = 111 [ RunTime:0.090000s ]
[ sql ] [ SQL ] SELECT ul.ul_id as id,ul.ul_name as name FROM `ds_pay_center_account_user_level_relation` `p` LEFT JOIN `ds_user_level` `ul` ON `ul`.`ul_id`=`p`.`user_level_id` WHERE  `p`.`channel_merchant_id` = 24 [ RunTime:0.090000s ]
[ sql ] [ SQL ] SELECT ul.ul_id as id,ul.ul_name as name FROM `ds_pay_center_account_user_level_relation` `p` LEFT JOIN `ds_user_level` `ul` ON `ul`.`ul_id`=`p`.`user_level_id` WHERE  `p`.`channel_merchant_id` = 77 [ RunTime:0.088000s ]
[ sql ] [ SQL ] SELECT ul.ul_id as id,ul.ul_name as name FROM `ds_pay_center_account_user_level_relation` `p` LEFT JOIN `ds_user_level` `ul` ON `ul`.`ul_id`=`p`.`user_level_id` WHERE  `p`.`channel_merchant_id` = 85 [ RunTime:0.088000s ]
[ sql ] [ SQL ] SELECT ul.ul_id as id,ul.ul_name as name FROM `ds_pay_center_account_user_level_relation` `p` LEFT JOIN `ds_user_level` `ul` ON `ul`.`ul_id`=`p`.`user_level_id` WHERE  `p`.`channel_merchant_id` = 85 [ RunTime:0.090000s ]
[ sql ] [ SQL ] SELECT ul.ul_id as id,ul.ul_name as name FROM `ds_pay_center_account_user_level_relation` `p` LEFT JOIN `ds_user_level` `ul` ON `ul`.`ul_id`=`p`.`user_level_id` WHERE  `p`.`channel_merchant_id` = 85 [ RunTime:0.090000s ]
[ sql ] [ SQL ] SELECT ul.ul_id as id,ul.ul_name as name FROM `ds_pay_center_account_user_level_relation` `p` LEFT JOIN `ds_user_level` `ul` ON `ul`.`ul_id`=`p`.`user_level_id` WHERE  `p`.`channel_merchant_id` = 85 [ RunTime:0.091000s ]
[ sql ] [ SQL ] SELECT ul.ul_id as id,ul.ul_name as name FROM `ds_pay_center_account_user_level_relation` `p` LEFT JOIN `ds_user_level` `ul` ON `ul`.`ul_id`=`p`.`user_level_id` WHERE  `p`.`channel_merchant_id` = 69 [ RunTime:0.089000s ]
---------------------------------------------------------------
[ 2018-01-17T10:47:43+08:00 ] 127.0.0.1 POST /admin/PayCenter/getChannelMerchantList
[ sql ] [ DB ] CONNECT:[ UseTime:0.299000s ] mysql:host=rm-j6cng8865pfylc1d9o.mysql.rds.aliyuncs.com;port=3306;dbname=kosun_net;charset=utf8
[ sql ] [ SQL ] SHOW COLUMNS FROM `ds_pay_center_channel_merchant` [ RunTime:0.087000s ]
[ sql ] [ SQL ] SELECT `m`.*,`c`.`name` FROM `ds_pay_center_channel_merchant` `m` LEFT JOIN `ds_pay_center_channel` `c` ON `c`.`pay_channel_id`=`m`.`pay_channel_id` WHERE  `m`.`status` < 2 ORDER BY m.status desc,m.channel_merchant_id desc LIMIT 0,10 [ RunTime:0.087000s ]
[ sql ] [ SQL ] SELECT COUNT(*) AS tp_count FROM `ds_pay_center_channel_merchant` `m` LEFT JOIN `ds_pay_center_channel` `c` ON `m`.`pay_channel_id`=`c`.`pay_channel_id` WHERE  `m`.`status` < 2 LIMIT 1 [ RunTime:0.087000s ]
[ sql ] [ SQL ] SHOW COLUMNS FROM `ds_pay_center_account_user_level_relation` [ RunTime:0.086000s ]
[ sql ] [ SQL ] SELECT ul.ul_id as id,ul.ul_name as name FROM `ds_pay_center_account_user_level_relation` `p` LEFT JOIN `ds_user_level` `ul` ON `ul`.`ul_id`=`p`.`user_level_id` WHERE  `p`.`channel_merchant_id` = 24 [ RunTime:0.088000s ]
[ sql ] [ SQL ] SELECT ul.ul_id as id,ul.ul_name as name FROM `ds_pay_center_account_user_level_relation` `p` LEFT JOIN `ds_user_level` `ul` ON `ul`.`ul_id`=`p`.`user_level_id` WHERE  `p`.`channel_merchant_id` = 77 [ RunTime:0.087000s ]
[ sql ] [ SQL ] SELECT ul.ul_id as id,ul.ul_name as name FROM `ds_pay_center_account_user_level_relation` `p` LEFT JOIN `ds_user_level` `ul` ON `ul`.`ul_id`=`p`.`user_level_id` WHERE  `p`.`channel_merchant_id` = 85 [ RunTime:0.087000s ]
[ sql ] [ SQL ] SELECT ul.ul_id as id,ul.ul_name as name FROM `ds_pay_center_account_user_level_relation` `p` LEFT JOIN `ds_user_level` `ul` ON `ul`.`ul_id`=`p`.`user_level_id` WHERE  `p`.`channel_merchant_id` = 85 [ RunTime:0.087000s ]
[ sql ] [ SQL ] SELECT ul.ul_id as id,ul.ul_name as name FROM `ds_pay_center_account_user_level_relation` `p` LEFT JOIN `ds_user_level` `ul` ON `ul`.`ul_id`=`p`.`user_level_id` WHERE  `p`.`channel_merchant_id` = 85 [ RunTime:0.086000s ]
[ sql ] [ SQL ] SELECT ul.ul_id as id,ul.ul_name as name FROM `ds_pay_center_account_user_level_relation` `p` LEFT JOIN `ds_user_level` `ul` ON `ul`.`ul_id`=`p`.`user_level_id` WHERE  `p`.`channel_merchant_id` = 85 [ RunTime:0.087000s ]
[ sql ] [ SQL ] SELECT ul.ul_id as id,ul.ul_name as name FROM `ds_pay_center_account_user_level_relation` `p` LEFT JOIN `ds_user_level` `ul` ON `ul`.`ul_id`=`p`.`user_level_id` WHERE  `p`.`channel_merchant_id` = 69 [ RunTime:0.087000s ]
---------------------------------------------------------------
[ 2018-01-17T10:48:29+08:00 ] 127.0.0.1 GET /api/Recharge/pay?amount=50&payTypeId=7&bankId=3
[ sql ] [ DB ] CONNECT:[ UseTime:0.131500s ] mysql:host=rm-j6cng8865pfylc1d9o.mysql.rds.aliyuncs.com;port=3306;dbname=kosun_net;charset=utf8
[ sql ] [ SQL ] SHOW COLUMNS FROM `ds_user` [ RunTime:0.088000s ]
[ sql ] [ SQL ] SELECT * FROM `ds_user` WHERE  `user_id` = 0 LIMIT 1 [ RunTime:0.086000s ]
[ sql ] [ SQL ] SELECT * FROM `ds_user` WHERE  `user_id` = 5351 LIMIT 1 [ RunTime:0.086000s ]
[ sql ] [ SQL ] SHOW COLUMNS FROM `ds_recharge_type` [ RunTime:0.087000s ]
[ sql ] [ SQL ] SELECT * FROM `ds_recharge_type` WHERE  `recharge_type_id` = 7 LIMIT 1 [ RunTime:0.087000s ]
[ sql ] [ SQL ] SHOW COLUMNS FROM `ds_pay_center_merchant_info` [ RunTime:0.086000s ]
[ sql ] [ SQL ] SELECT * FROM `ds_pay_center_merchant_info` LIMIT 1 [ RunTime:0.086000s ]
[ sql ] [ SQL ] SHOW COLUMNS FROM `ds_pay_center_account_user_level_relation` [ RunTime:0.086500s ]
[ sql ] [ SQL ] SELECT `channel_merchant_id` FROM `ds_pay_center_account_user_level_relation` WHERE  `user_level_id` = 2 [ RunTime:0.086500s ]
[ sql ] [ SQL ] SHOW COLUMNS FROM `ds_pay_center_channel_merchant` [ RunTime:0.087000s ]
[ sql ] [ SQL ] SELECT * FROM `ds_pay_center_channel_merchant` WHERE  `channel_merchant_id` IN (6,7,8,9,10)  AND `pay_type_id` = 7  AND `status` = 1 [ RunTime:0.087000s ]
[ sql ] [ SQL ] SHOW COLUMNS FROM `ds_pay_config` [ RunTime:0.089000s ]
[ sql ] [ SQL ] SELECT * FROM `ds_pay_config` WHERE  `ul_id` = 2 LIMIT 1 [ RunTime:0.088000s ]
[ sql ] [ SQL ] SHOW COLUMNS FROM `ds_user_recharge_record` [ RunTime:0.086000s ]
[ sql ] [ SQL ] INSERT INTO `ds_user_recharge_record` (`urr_no` , `user_id` , `urr_recharge_account_id` , `urr_type` , `urr_amount` , `urr_recharge_discount` , `urr_total_amount` , `urr_traffic_amount` , `urr_required_bet_amount` , `urr_client_ip` , `urr_status` , `urr_createtime`) VALUES ('201801175730826100793' , 5351 , 8 , 1 , 50 , 25 , 75 , 150 , 0 , '127.0.0.1' , 0 , '2018-01-17 10:48:28') [ RunTime:0.088000s ]
[ sql ] [ SQL ] SHOW COLUMNS FROM `ds_bank` [ RunTime:0.085000s ]
[ sql ] [ SQL ] SELECT * FROM `ds_bank` WHERE  `bank_status` = 1  AND `bank_id` = 3 LIMIT 1 [ RunTime:0.088000s ]
[ sql ] [ SQL ] SELECT * FROM `ds_pay_center_merchant_info` LIMIT 1 [ RunTime:0.087000s ]
[ sql ] [ SQL ] UPDATE `ds_user_recharge_record`  SET `urr_recharge_account_id`=85  WHERE  `urr_id` = 31289776 [ RunTime:0.085000s ]
