---------------------------------------------------------------
[ 2018-01-18T10:42:19+08:00 ] 127.0.0.1 GET /api/Recharge/pay?amount=50&payTypeId=7&bankId=3
[ info ] kosun.com/api/Recharge/pay?amount=50&payTypeId=7&bankId=3 [运行时间：0.033000s][吞吐率：30.30req/s] [内存消耗：1,872.27kb] [文件加载：70]
[ info ] [ BEHAVIOR ] Run app\common\behavior\Cross @app_init [ RunTime:0.005000s ]
[ info ] [ LANG ] D:\xampp\htdocs\service\thinkphp\lang\zh-cn.php
[ info ] [ ROUTE ] array (
  'type' => 'module',
  'module' => 
  array (
    0 => 'api',
    1 => 'Recharge',
    2 => 'pay',
  ),
)
[ info ] [ HEADER ] array (
  'cache-control' => 'no-cache',
  'postman-token' => '675ec2db-fdb8-45a4-9aac-6ffa6ad33a4f',
  'user-agent' => 'PostmanRuntime/7.1.1',
  'accept' => '*/*',
  'host' => 'kosun.com',
  'accept-encoding' => 'gzip, deflate',
  'connection' => 'keep-alive',
)
[ info ] [ PARAM ] array (
  'amount' => '50',
  'payTypeId' => '7',
  'bankId' => '3',
)
[ info ] [ BEHAVIOR ] Run app\common\behavior\SwitchIdentity @module_init [ RunTime:0.001000s ]
[ info ] [ BEHAVIOR ] Run app\api\behavior\Security @action_begin [ RunTime:0.001000s ]
[ info ] [ BEHAVIOR ] Run app\api\behavior\Validate @action_begin [ RunTime:0.001000s ]
[ info ] [ RUN ] app\api\controller\Recharge->pay[ D:\xampp\htdocs\service\application\api\controller\Recharge.php ]
[ info ] [ BEHAVIOR ] Run app\common\behavior\Cross @app_end [ RunTime:0.000000s ]
[ info ] [ LOG ] INIT File
---------------------------------------------------------------
[ 2018-01-18T10:43:27+08:00 ] 127.0.0.1 GET /api/Recharge/getRechargeTypeList
[ info ] kosun.com/api/Recharge/getRechargeTypeList [运行时间：0.025000s][吞吐率：40.00req/s] [内存消耗：1,871.67kb] [文件加载：70]
[ info ] [ BEHAVIOR ] Run app\common\behavior\Cross @app_init [ RunTime:0.004000s ]
[ info ] [ LANG ] D:\xampp\htdocs\service\thinkphp\lang\zh-cn.php
[ info ] [ ROUTE ] array (
  'type' => 'module',
  'module' => 
  array (
    0 => 'api',
    1 => 'Recharge',
    2 => 'getRechargeTypeList',
  ),
)
[ info ] [ HEADER ] array (
  'cache-control' => 'no-cache',
  'postman-token' => '9397931b-f53e-4f46-82ce-4d2fc1ffd879',
  'user-agent' => 'PostmanRuntime/7.1.1',
  'accept' => '*/*',
  'host' => 'kosun.com',
  'accept-encoding' => 'gzip, deflate',
  'connection' => 'keep-alive',
)
[ info ] [ PARAM ] array (
)
[ info ] [ BEHAVIOR ] Run app\common\behavior\SwitchIdentity @module_init [ RunTime:0.001000s ]
[ info ] [ BEHAVIOR ] Run app\api\behavior\Security @action_begin [ RunTime:0.001000s ]
[ info ] [ BEHAVIOR ] Run app\api\behavior\Validate @action_begin [ RunTime:0.000000s ]
[ info ] [ RUN ] app\api\controller\Recharge->getRechargeTypeList[ D:\xampp\htdocs\service\application\api\controller\Recharge.php ]
[ info ] [ BEHAVIOR ] Run app\common\behavior\Cross @app_end [ RunTime:0.000000s ]
[ info ] [ LOG ] INIT File
---------------------------------------------------------------
[ 2018-01-18T10:43:40+08:00 ] 127.0.0.1 GET /api/Recharge/getRechargeTypeList
[ info ] kosun.com/api/Recharge/getRechargeTypeList [运行时间：0.724500s][吞吐率：1.38req/s] [内存消耗：3,000.70kb] [文件加载：79]
[ info ] [ BEHAVIOR ] Run app\common\behavior\Cross @app_init [ RunTime:0.003000s ]
[ info ] [ LANG ] D:\xampp\htdocs\service\thinkphp\lang\zh-cn.php
[ info ] [ ROUTE ] array (
  'type' => 'module',
  'module' => 
  array (
    0 => 'api',
    1 => 'Recharge',
    2 => 'getRechargeTypeList',
  ),
)
[ info ] [ HEADER ] array (
  'cache-control' => 'no-cache',
  'postman-token' => '4d5c71fd-5b8c-4c1a-ba8c-f7a4b97fd308',
  'user-agent' => 'PostmanRuntime/7.1.1',
  'accept' => '*/*',
  'host' => 'kosun.com',
  'accept-encoding' => 'gzip, deflate',
  'connection' => 'keep-alive',
)
[ info ] [ PARAM ] array (
)
[ info ] [ BEHAVIOR ] Run app\common\behavior\SwitchIdentity @module_init [ RunTime:0.001000s ]
[ info ] [ BEHAVIOR ] Run app\api\behavior\Security @action_begin [ RunTime:0.000000s ]
[ info ] [ BEHAVIOR ] Run app\api\behavior\Validate @action_begin [ RunTime:0.000000s ]
[ info ] [ RUN ] app\api\controller\Recharge->getRechargeTypeList[ D:\xampp\htdocs\service\application\api\controller\Recharge.php ]
[ info ] [ BEHAVIOR ] Run app\api\behavior\Auth @auth_check [ RunTime:0.000000s ]
[ info ] [ DB ] INIT mysql
[ info ] [ BEHAVIOR ] Run app\common\behavior\Cross @app_end [ RunTime:0.000000s ]
[ info ] [ LOG ] INIT File
---------------------------------------------------------------
[ 2018-01-18T10:44:17+08:00 ] 0.0.0.0 OPTIONS /C$/Users/Administrator/Desktop
[ info ] localhost/C$/Users/Administrator/Desktop [运行时间：0.020000s][吞吐率：50.00req/s] [内存消耗：1,720.59kb] [文件加载：57]
[ info ] [ BEHAVIOR ] Run app\common\behavior\Cross @app_end [ RunTime:0.000000s ]
[ info ] [ LOG ] INIT File
---------------------------------------------------------------
[ 2018-01-18T10:44:18+08:00 ] 0.0.0.0 PROPFIND /C$/Users/Administrator/Desktop
[ info ] localhost/C$/Users/Administrator/Desktop [运行时间：0.021000s][吞吐率：47.62req/s] [内存消耗：1,790.01kb] [文件加载：62]
[ info ] [ BEHAVIOR ] Run app\common\behavior\Cross @app_init [ RunTime:0.003000s ]
[ info ] [ LANG ] D:\xampp\htdocs\service\thinkphp\lang\zh-cn.php
[ info ] [ ROUTE ] array (
  'type' => 'module',
  'module' => 
  array (
    0 => 'C$',
    1 => 'Users',
    2 => 'Administrator',
  ),
)
[ info ] [ HEADER ] array (
  'connection' => 'Keep-Alive',
  'user-agent' => 'Microsoft-WebDAV-MiniRedir/6.1.7601',
  'depth' => '0',
  'translate' => 'f',
  'content-length' => '0',
  'host' => 'localhost',
)
[ info ] [ PARAM ] array (
)
[ info ] [ LOG ] INIT File
---------------------------------------------------------------
[ 2018-01-18T10:44:18+08:00 ] 0.0.0.0 PROPFIND /C$/Users/Administrator
[ info ] localhost/C$/Users/Administrator [运行时间：0.030500s][吞吐率：32.79req/s] [内存消耗：1,789.90kb] [文件加载：62]
[ info ] [ BEHAVIOR ] Run app\common\behavior\Cross @app_init [ RunTime:0.003500s ]
[ info ] [ LANG ] D:\xampp\htdocs\service\thinkphp\lang\zh-cn.php
[ info ] [ ROUTE ] array (
  'type' => 'module',
  'module' => 
  array (
    0 => 'C$',
    1 => 'Users',
    2 => 'Administrator',
  ),
)
[ info ] [ HEADER ] array (
  'connection' => 'Keep-Alive',
  'user-agent' => 'Microsoft-WebDAV-MiniRedir/6.1.7601',
  'depth' => '0',
  'translate' => 'f',
  'content-length' => '0',
  'host' => 'localhost',
)
[ info ] [ PARAM ] array (
)
[ info ] [ LOG ] INIT File
---------------------------------------------------------------
[ 2018-01-18T10:44:18+08:00 ] 0.0.0.0 PROPFIND /C$/Users/Administrator/Desktop
[ info ] localhost/C$/Users/Administrator/Desktop [运行时间：0.022000s][吞吐率：45.45req/s] [内存消耗：1,790.01kb] [文件加载：62]
[ info ] [ BEHAVIOR ] Run app\common\behavior\Cross @app_init [ RunTime:0.003000s ]
[ info ] [ LANG ] D:\xampp\htdocs\service\thinkphp\lang\zh-cn.php
[ info ] [ ROUTE ] array (
  'type' => 'module',
  'module' => 
  array (
    0 => 'C$',
    1 => 'Users',
    2 => 'Administrator',
  ),
)
[ info ] [ HEADER ] array (
  'connection' => 'Keep-Alive',
  'user-agent' => 'Microsoft-WebDAV-MiniRedir/6.1.7601',
  'depth' => '0',
  'translate' => 'f',
  'content-length' => '0',
  'host' => 'localhost',
)
[ info ] [ PARAM ] array (
)
[ info ] [ LOG ] INIT File
---------------------------------------------------------------
[ 2018-01-18T10:44:19+08:00 ] 0.0.0.0 PROPFIND /C$/Users/Administrator
[ info ] localhost/C$/Users/Administrator [运行时间：0.021000s][吞吐率：47.62req/s] [内存消耗：1,789.90kb] [文件加载：62]
[ info ] [ BEHAVIOR ] Run app\common\behavior\Cross @app_init [ RunTime:0.002000s ]
[ info ] [ LANG ] D:\xampp\htdocs\service\thinkphp\lang\zh-cn.php
[ info ] [ ROUTE ] array (
  'type' => 'module',
  'module' => 
  array (
    0 => 'C$',
    1 => 'Users',
    2 => 'Administrator',
  ),
)
[ info ] [ HEADER ] array (
  'connection' => 'Keep-Alive',
  'user-agent' => 'Microsoft-WebDAV-MiniRedir/6.1.7601',
  'depth' => '0',
  'translate' => 'f',
  'content-length' => '0',
  'host' => 'localhost',
)
[ info ] [ PARAM ] array (
)
[ info ] [ LOG ] INIT File
---------------------------------------------------------------
[ 2018-01-18T10:44:19+08:00 ] 0.0.0.0 PROPFIND /C$/Users/Administrator/Desktop
[ info ] localhost/C$/Users/Administrator/Desktop [运行时间：0.022000s][吞吐率：45.45req/s] [内存消耗：1,790.01kb] [文件加载：62]
[ info ] [ BEHAVIOR ] Run app\common\behavior\Cross @app_init [ RunTime:0.003000s ]
[ info ] [ LANG ] D:\xampp\htdocs\service\thinkphp\lang\zh-cn.php
[ info ] [ ROUTE ] array (
  'type' => 'module',
  'module' => 
  array (
    0 => 'C$',
    1 => 'Users',
    2 => 'Administrator',
  ),
)
[ info ] [ HEADER ] array (
  'connection' => 'Keep-Alive',
  'user-agent' => 'Microsoft-WebDAV-MiniRedir/6.1.7601',
  'depth' => '0',
  'translate' => 'f',
  'content-length' => '0',
  'host' => 'localhost',
)
[ info ] [ PARAM ] array (
)
[ info ] [ LOG ] INIT File
---------------------------------------------------------------
[ 2018-01-18T10:44:19+08:00 ] 0.0.0.0 PROPFIND /C$/Users/Administrator
[ info ] localhost/C$/Users/Administrator [运行时间：0.021000s][吞吐率：47.62req/s] [内存消耗：1,789.90kb] [文件加载：62]
[ info ] [ BEHAVIOR ] Run app\common\behavior\Cross @app_init [ RunTime:0.002000s ]
[ info ] [ LANG ] D:\xampp\htdocs\service\thinkphp\lang\zh-cn.php
[ info ] [ ROUTE ] array (
  'type' => 'module',
  'module' => 
  array (
    0 => 'C$',
    1 => 'Users',
    2 => 'Administrator',
  ),
)
[ info ] [ HEADER ] array (
  'connection' => 'Keep-Alive',
  'user-agent' => 'Microsoft-WebDAV-MiniRedir/6.1.7601',
  'depth' => '0',
  'translate' => 'f',
  'content-length' => '0',
  'host' => 'localhost',
)
[ info ] [ PARAM ] array (
)
[ info ] [ LOG ] INIT File
---------------------------------------------------------------
[ 2018-01-18T10:44:20+08:00 ] 0.0.0.0 PROPFIND /C$/Users/Administrator/Desktop
[ info ] localhost/C$/Users/Administrator/Desktop [运行时间：0.027000s][吞吐率：37.04req/s] [内存消耗：1,790.01kb] [文件加载：62]
[ info ] [ BEHAVIOR ] Run app\common\behavior\Cross @app_init [ RunTime:0.003000s ]
[ info ] [ LANG ] D:\xampp\htdocs\service\thinkphp\lang\zh-cn.php
[ info ] [ ROUTE ] array (
  'type' => 'module',
  'module' => 
  array (
    0 => 'C$',
    1 => 'Users',
    2 => 'Administrator',
  ),
)
[ info ] [ HEADER ] array (
  'connection' => 'Keep-Alive',
  'user-agent' => 'Microsoft-WebDAV-MiniRedir/6.1.7601',
  'depth' => '0',
  'translate' => 'f',
  'content-length' => '0',
  'host' => 'localhost',
)
[ info ] [ PARAM ] array (
)
[ info ] [ LOG ] INIT File
---------------------------------------------------------------
[ 2018-01-18T10:44:20+08:00 ] 0.0.0.0 PROPFIND /C$/Users/Administrator
[ info ] localhost/C$/Users/Administrator [运行时间：0.022000s][吞吐率：45.45req/s] [内存消耗：1,789.90kb] [文件加载：62]
[ info ] [ BEHAVIOR ] Run app\common\behavior\Cross @app_init [ RunTime:0.003000s ]
[ info ] [ LANG ] D:\xampp\htdocs\service\thinkphp\lang\zh-cn.php
[ info ] [ ROUTE ] array (
  'type' => 'module',
  'module' => 
  array (
    0 => 'C$',
    1 => 'Users',
    2 => 'Administrator',
  ),
)
[ info ] [ HEADER ] array (
  'connection' => 'Keep-Alive',
  'user-agent' => 'Microsoft-WebDAV-MiniRedir/6.1.7601',
  'depth' => '0',
  'translate' => 'f',
  'content-length' => '0',
  'host' => 'localhost',
)
[ info ] [ PARAM ] array (
)
[ info ] [ LOG ] INIT File
---------------------------------------------------------------
[ 2018-01-18T10:44:20+08:00 ] 0.0.0.0 PROPFIND /C$/Users/Administrator/Desktop/
[ info ] localhost/C$/Users/Administrator/Desktop/ [运行时间：0.022000s][吞吐率：45.45req/s] [内存消耗：1,790.05kb] [文件加载：62]
[ info ] [ BEHAVIOR ] Run app\common\behavior\Cross @app_init [ RunTime:0.003000s ]
[ info ] [ LANG ] D:\xampp\htdocs\service\thinkphp\lang\zh-cn.php
[ info ] [ ROUTE ] array (
  'type' => 'module',
  'module' => 
  array (
    0 => 'C$',
    1 => 'Users',
    2 => 'Administrator',
  ),
)
[ info ] [ HEADER ] array (
  'connection' => 'Keep-Alive',
  'user-agent' => 'Microsoft-WebDAV-MiniRedir/6.1.7601',
  'depth' => '0',
  'translate' => 'f',
  'content-length' => '0',
  'host' => 'localhost',
)
[ info ] [ PARAM ] array (
)
[ info ] [ LOG ] INIT File
---------------------------------------------------------------
[ 2018-01-18T10:44:21+08:00 ] 0.0.0.0 PROPFIND /C$/Users/Administrator
[ info ] localhost/C$/Users/Administrator [运行时间：0.021000s][吞吐率：47.62req/s] [内存消耗：1,789.90kb] [文件加载：62]
[ info ] [ BEHAVIOR ] Run app\common\behavior\Cross @app_init [ RunTime:0.004000s ]
[ info ] [ LANG ] D:\xampp\htdocs\service\thinkphp\lang\zh-cn.php
[ info ] [ ROUTE ] array (
  'type' => 'module',
  'module' => 
  array (
    0 => 'C$',
    1 => 'Users',
    2 => 'Administrator',
  ),
)
[ info ] [ HEADER ] array (
  'connection' => 'Keep-Alive',
  'user-agent' => 'Microsoft-WebDAV-MiniRedir/6.1.7601',
  'depth' => '0',
  'translate' => 'f',
  'content-length' => '0',
  'host' => 'localhost',
)
[ info ] [ PARAM ] array (
)
[ info ] [ LOG ] INIT File
---------------------------------------------------------------
[ 2018-01-18T10:44:21+08:00 ] 0.0.0.0 PROPFIND /C$/Users/Administrator
[ info ] localhost/C$/Users/Administrator [运行时间：0.020000s][吞吐率：50.00req/s] [内存消耗：1,789.90kb] [文件加载：62]
[ info ] [ BEHAVIOR ] Run app\common\behavior\Cross @app_init [ RunTime:0.003000s ]
[ info ] [ LANG ] D:\xampp\htdocs\service\thinkphp\lang\zh-cn.php
[ info ] [ ROUTE ] array (
  'type' => 'module',
  'module' => 
  array (
    0 => 'C$',
    1 => 'Users',
    2 => 'Administrator',
  ),
)
[ info ] [ HEADER ] array (
  'connection' => 'Keep-Alive',
  'user-agent' => 'Microsoft-WebDAV-MiniRedir/6.1.7601',
  'depth' => '0',
  'translate' => 'f',
  'content-length' => '0',
  'host' => 'localhost',
)
[ info ] [ PARAM ] array (
)
[ info ] [ LOG ] INIT File
---------------------------------------------------------------
[ 2018-01-18T10:44:22+08:00 ] 0.0.0.0 PROPFIND /C$/Users
[ info ] localhost/C$/Users [运行时间：0.021000s][吞吐率：47.62req/s] [内存消耗：1,789.72kb] [文件加载：62]
[ info ] [ BEHAVIOR ] Run app\common\behavior\Cross @app_init [ RunTime:0.003000s ]
[ info ] [ LANG ] D:\xampp\htdocs\service\thinkphp\lang\zh-cn.php
[ info ] [ ROUTE ] array (
  'type' => 'module',
  'module' => 
  array (
    0 => 'C$',
    1 => 'Users',
    2 => NULL,
  ),
)
[ info ] [ HEADER ] array (
  'connection' => 'Keep-Alive',
  'user-agent' => 'Microsoft-WebDAV-MiniRedir/6.1.7601',
  'depth' => '0',
  'translate' => 'f',
  'content-length' => '0',
  'host' => 'localhost',
)
[ info ] [ PARAM ] array (
)
[ info ] [ LOG ] INIT File
---------------------------------------------------------------
[ 2018-01-18T10:44:22+08:00 ] 0.0.0.0 PROPFIND /C$/Users/Administrator
[ info ] localhost/C$/Users/Administrator [运行时间：0.022000s][吞吐率：45.45req/s] [内存消耗：1,789.90kb] [文件加载：62]
[ info ] [ BEHAVIOR ] Run app\common\behavior\Cross @app_init [ RunTime:0.002000s ]
[ info ] [ LANG ] D:\xampp\htdocs\service\thinkphp\lang\zh-cn.php
[ info ] [ ROUTE ] array (
  'type' => 'module',
  'module' => 
  array (
    0 => 'C$',
    1 => 'Users',
    2 => 'Administrator',
  ),
)
[ info ] [ HEADER ] array (
  'connection' => 'Keep-Alive',
  'user-agent' => 'Microsoft-WebDAV-MiniRedir/6.1.7601',
  'depth' => '0',
  'translate' => 'f',
  'content-length' => '0',
  'host' => 'localhost',
)
[ info ] [ PARAM ] array (
)
[ info ] [ LOG ] INIT File
---------------------------------------------------------------
[ 2018-01-18T10:44:22+08:00 ] 0.0.0.0 PROPFIND /C$/Users
[ info ] localhost/C$/Users [运行时间：0.023000s][吞吐率：43.48req/s] [内存消耗：1,789.72kb] [文件加载：62]
[ info ] [ BEHAVIOR ] Run app\common\behavior\Cross @app_init [ RunTime:0.003000s ]
[ info ] [ LANG ] D:\xampp\htdocs\service\thinkphp\lang\zh-cn.php
[ info ] [ ROUTE ] array (
  'type' => 'module',
  'module' => 
  array (
    0 => 'C$',
    1 => 'Users',
    2 => NULL,
  ),
)
[ info ] [ HEADER ] array (
  'connection' => 'Keep-Alive',
  'user-agent' => 'Microsoft-WebDAV-MiniRedir/6.1.7601',
  'depth' => '0',
  'translate' => 'f',
  'content-length' => '0',
  'host' => 'localhost',
)
[ info ] [ PARAM ] array (
)
[ info ] [ LOG ] INIT File
---------------------------------------------------------------
[ 2018-01-18T10:44:23+08:00 ] 0.0.0.0 PROPFIND /C$/Users/Administrator
[ info ] localhost/C$/Users/Administrator [运行时间：0.021000s][吞吐率：47.62req/s] [内存消耗：1,789.90kb] [文件加载：62]
[ info ] [ BEHAVIOR ] Run app\common\behavior\Cross @app_init [ RunTime:0.003000s ]
[ info ] [ LANG ] D:\xampp\htdocs\service\thinkphp\lang\zh-cn.php
[ info ] [ ROUTE ] array (
  'type' => 'module',
  'module' => 
  array (
    0 => 'C$',
    1 => 'Users',
    2 => 'Administrator',
  ),
)
[ info ] [ HEADER ] array (
  'connection' => 'Keep-Alive',
  'user-agent' => 'Microsoft-WebDAV-MiniRedir/6.1.7601',
  'depth' => '0',
  'translate' => 'f',
  'content-length' => '0',
  'host' => 'localhost',
)
[ info ] [ PARAM ] array (
)
[ info ] [ LOG ] INIT File
---------------------------------------------------------------
[ 2018-01-18T10:44:23+08:00 ] 0.0.0.0 PROPFIND /C$/Users
[ info ] localhost/C$/Users [运行时间：0.021000s][吞吐率：47.62req/s] [内存消耗：1,789.72kb] [文件加载：62]
[ info ] [ BEHAVIOR ] Run app\common\behavior\Cross @app_init [ RunTime:0.003000s ]
[ info ] [ LANG ] D:\xampp\htdocs\service\thinkphp\lang\zh-cn.php
[ info ] [ ROUTE ] array (
  'type' => 'module',
  'module' => 
  array (
    0 => 'C$',
    1 => 'Users',
    2 => NULL,
  ),
)
[ info ] [ HEADER ] array (
  'connection' => 'Keep-Alive',
  'user-agent' => 'Microsoft-WebDAV-MiniRedir/6.1.7601',
  'depth' => '0',
  'translate' => 'f',
  'content-length' => '0',
  'host' => 'localhost',
)
[ info ] [ PARAM ] array (
)
[ info ] [ LOG ] INIT File
---------------------------------------------------------------
[ 2018-01-18T10:44:23+08:00 ] 0.0.0.0 PROPFIND /C$/Users/Administrator/
[ info ] localhost/C$/Users/Administrator/ [运行时间：0.021000s][吞吐率：47.62req/s] [内存消耗：1,789.95kb] [文件加载：62]
[ info ] [ BEHAVIOR ] Run app\common\behavior\Cross @app_init [ RunTime:0.003000s ]
[ info ] [ LANG ] D:\xampp\htdocs\service\thinkphp\lang\zh-cn.php
[ info ] [ ROUTE ] array (
  'type' => 'module',
  'module' => 
  array (
    0 => 'C$',
    1 => 'Users',
    2 => 'Administrator',
  ),
)
[ info ] [ HEADER ] array (
  'connection' => 'Keep-Alive',
  'user-agent' => 'Microsoft-WebDAV-MiniRedir/6.1.7601',
  'depth' => '0',
  'translate' => 'f',
  'content-length' => '0',
  'host' => 'localhost',
)
[ info ] [ PARAM ] array (
)
[ info ] [ LOG ] INIT File
---------------------------------------------------------------
[ 2018-01-18T10:44:24+08:00 ] 0.0.0.0 PROPFIND /C$/Users
[ info ] localhost/C$/Users [运行时间：0.021000s][吞吐率：47.62req/s] [内存消耗：1,789.72kb] [文件加载：62]
[ info ] [ BEHAVIOR ] Run app\common\behavior\Cross @app_init [ RunTime:0.002000s ]
[ info ] [ LANG ] D:\xampp\htdocs\service\thinkphp\lang\zh-cn.php
[ info ] [ ROUTE ] array (
  'type' => 'module',
  'module' => 
  array (
    0 => 'C$',
    1 => 'Users',
    2 => NULL,
  ),
)
[ info ] [ HEADER ] array (
  'connection' => 'Keep-Alive',
  'user-agent' => 'Microsoft-WebDAV-MiniRedir/6.1.7601',
  'depth' => '0',
  'translate' => 'f',
  'content-length' => '0',
  'host' => 'localhost',
)
[ info ] [ PARAM ] array (
)
[ info ] [ LOG ] INIT File
---------------------------------------------------------------
[ 2018-01-18T10:44:24+08:00 ] 0.0.0.0 PROPFIND /C$/Users
[ info ] localhost/C$/Users [运行时间：0.021000s][吞吐率：47.62req/s] [内存消耗：1,789.72kb] [文件加载：62]
[ info ] [ BEHAVIOR ] Run app\common\behavior\Cross @app_init [ RunTime:0.003000s ]
[ info ] [ LANG ] D:\xampp\htdocs\service\thinkphp\lang\zh-cn.php
[ info ] [ ROUTE ] array (
  'type' => 'module',
  'module' => 
  array (
    0 => 'C$',
    1 => 'Users',
    2 => NULL,
  ),
)
[ info ] [ HEADER ] array (
  'connection' => 'Keep-Alive',
  'user-agent' => 'Microsoft-WebDAV-MiniRedir/6.1.7601',
  'depth' => '0',
  'translate' => 'f',
  'content-length' => '0',
  'host' => 'localhost',
)
[ info ] [ PARAM ] array (
)
[ info ] [ LOG ] INIT File
---------------------------------------------------------------
[ 2018-01-18T10:44:24+08:00 ] 0.0.0.0 PROPFIND /C$
[ info ] localhost/C$ [运行时间：0.021000s][吞吐率：47.62req/s] [内存消耗：1,789.56kb] [文件加载：62]
[ info ] [ BEHAVIOR ] Run app\common\behavior\Cross @app_init [ RunTime:0.003000s ]
[ info ] [ LANG ] D:\xampp\htdocs\service\thinkphp\lang\zh-cn.php
[ info ] [ ROUTE ] array (
  'type' => 'module',
  'module' => 
  array (
    0 => 'C$',
    1 => NULL,
    2 => NULL,
  ),
)
[ info ] [ HEADER ] array (
  'connection' => 'Keep-Alive',
  'user-agent' => 'Microsoft-WebDAV-MiniRedir/6.1.7601',
  'depth' => '0',
  'translate' => 'f',
  'content-length' => '0',
  'host' => 'localhost',
)
[ info ] [ PARAM ] array (
)
[ info ] [ LOG ] INIT File
---------------------------------------------------------------
[ 2018-01-18T10:44:25+08:00 ] 0.0.0.0 PROPFIND /C$/Users
[ info ] localhost/C$/Users [运行时间：0.022000s][吞吐率：45.45req/s] [内存消耗：1,789.72kb] [文件加载：62]
[ info ] [ BEHAVIOR ] Run app\common\behavior\Cross @app_init [ RunTime:0.003000s ]
[ info ] [ LANG ] D:\xampp\htdocs\service\thinkphp\lang\zh-cn.php
[ info ] [ ROUTE ] array (
  'type' => 'module',
  'module' => 
  array (
    0 => 'C$',
    1 => 'Users',
    2 => NULL,
  ),
)
[ info ] [ HEADER ] array (
  'connection' => 'Keep-Alive',
  'user-agent' => 'Microsoft-WebDAV-MiniRedir/6.1.7601',
  'depth' => '0',
  'translate' => 'f',
  'content-length' => '0',
  'host' => 'localhost',
)
[ info ] [ PARAM ] array (
)
[ info ] [ LOG ] INIT File
---------------------------------------------------------------
[ 2018-01-18T10:44:25+08:00 ] 0.0.0.0 PROPFIND /C$
[ info ] localhost/C$ [运行时间：0.022000s][吞吐率：45.45req/s] [内存消耗：1,789.56kb] [文件加载：62]
[ info ] [ BEHAVIOR ] Run app\common\behavior\Cross @app_init [ RunTime:0.002000s ]
[ info ] [ LANG ] D:\xampp\htdocs\service\thinkphp\lang\zh-cn.php
[ info ] [ ROUTE ] array (
  'type' => 'module',
  'module' => 
  array (
    0 => 'C$',
    1 => NULL,
    2 => NULL,
  ),
)
[ info ] [ HEADER ] array (
  'connection' => 'Keep-Alive',
  'user-agent' => 'Microsoft-WebDAV-MiniRedir/6.1.7601',
  'depth' => '0',
  'translate' => 'f',
  'content-length' => '0',
  'host' => 'localhost',
)
[ info ] [ PARAM ] array (
)
[ info ] [ LOG ] INIT File
---------------------------------------------------------------
[ 2018-01-18T10:44:25+08:00 ] 0.0.0.0 PROPFIND /C$/Users
[ info ] localhost/C$/Users [运行时间：0.021000s][吞吐率：47.62req/s] [内存消耗：1,789.72kb] [文件加载：62]
[ info ] [ BEHAVIOR ] Run app\common\behavior\Cross @app_init [ RunTime:0.003000s ]
[ info ] [ LANG ] D:\xampp\htdocs\service\thinkphp\lang\zh-cn.php
[ info ] [ ROUTE ] array (
  'type' => 'module',
  'module' => 
  array (
    0 => 'C$',
    1 => 'Users',
    2 => NULL,
  ),
)
[ info ] [ HEADER ] array (
  'connection' => 'Keep-Alive',
  'user-agent' => 'Microsoft-WebDAV-MiniRedir/6.1.7601',
  'depth' => '0',
  'translate' => 'f',
  'content-length' => '0',
  'host' => 'localhost',
)
[ info ] [ PARAM ] array (
)
[ info ] [ LOG ] INIT File
---------------------------------------------------------------
[ 2018-01-18T10:44:26+08:00 ] 0.0.0.0 PROPFIND /C$
[ info ] localhost/C$ [运行时间：0.022000s][吞吐率：45.45req/s] [内存消耗：1,789.56kb] [文件加载：62]
[ info ] [ BEHAVIOR ] Run app\common\behavior\Cross @app_init [ RunTime:0.003000s ]
[ info ] [ LANG ] D:\xampp\htdocs\service\thinkphp\lang\zh-cn.php
[ info ] [ ROUTE ] array (
  'type' => 'module',
  'module' => 
  array (
    0 => 'C$',
    1 => NULL,
    2 => NULL,
  ),
)
[ info ] [ HEADER ] array (
  'connection' => 'Keep-Alive',
  'user-agent' => 'Microsoft-WebDAV-MiniRedir/6.1.7601',
  'depth' => '0',
  'translate' => 'f',
  'content-length' => '0',
  'host' => 'localhost',
)
[ info ] [ PARAM ] array (
)
[ info ] [ LOG ] INIT File
---------------------------------------------------------------
[ 2018-01-18T10:44:26+08:00 ] 0.0.0.0 PROPFIND /C$/Users/
[ info ] localhost/C$/Users/ [运行时间：0.021000s][吞吐率：47.62req/s] [内存消耗：1,789.72kb] [文件加载：62]
[ info ] [ BEHAVIOR ] Run app\common\behavior\Cross @app_init [ RunTime:0.002000s ]
[ info ] [ LANG ] D:\xampp\htdocs\service\thinkphp\lang\zh-cn.php
[ info ] [ ROUTE ] array (
  'type' => 'module',
  'module' => 
  array (
    0 => 'C$',
    1 => 'Users',
    2 => NULL,
  ),
)
[ info ] [ HEADER ] array (
  'connection' => 'Keep-Alive',
  'user-agent' => 'Microsoft-WebDAV-MiniRedir/6.1.7601',
  'depth' => '0',
  'translate' => 'f',
  'content-length' => '0',
  'host' => 'localhost',
)
[ info ] [ PARAM ] array (
)
[ info ] [ LOG ] INIT File
---------------------------------------------------------------
[ 2018-01-18T10:44:26+08:00 ] 0.0.0.0 PROPFIND /C$
[ info ] localhost/C$ [运行时间：0.021000s][吞吐率：47.62req/s] [内存消耗：1,789.56kb] [文件加载：62]
[ info ] [ BEHAVIOR ] Run app\common\behavior\Cross @app_init [ RunTime:0.003000s ]
[ info ] [ LANG ] D:\xampp\htdocs\service\thinkphp\lang\zh-cn.php
[ info ] [ ROUTE ] array (
  'type' => 'module',
  'module' => 
  array (
    0 => 'C$',
    1 => NULL,
    2 => NULL,
  ),
)
[ info ] [ HEADER ] array (
  'connection' => 'Keep-Alive',
  'user-agent' => 'Microsoft-WebDAV-MiniRedir/6.1.7601',
  'depth' => '0',
  'translate' => 'f',
  'content-length' => '0',
  'host' => 'localhost',
)
[ info ] [ PARAM ] array (
)
[ info ] [ LOG ] INIT File
---------------------------------------------------------------
[ 2018-01-18T10:44:27+08:00 ] 0.0.0.0 PROPFIND /C$
[ info ] localhost/C$ [运行时间：0.023000s][吞吐率：43.48req/s] [内存消耗：1,789.56kb] [文件加载：62]
[ info ] [ BEHAVIOR ] Run app\common\behavior\Cross @app_init [ RunTime:0.003000s ]
[ info ] [ LANG ] D:\xampp\htdocs\service\thinkphp\lang\zh-cn.php
[ info ] [ ROUTE ] array (
  'type' => 'module',
  'module' => 
  array (
    0 => 'C$',
    1 => NULL,
    2 => NULL,
  ),
)
[ info ] [ HEADER ] array (
  'connection' => 'Keep-Alive',
  'user-agent' => 'Microsoft-WebDAV-MiniRedir/6.1.7601',
  'depth' => '0',
  'translate' => 'f',
  'content-length' => '0',
  'host' => 'localhost',
)
[ info ] [ PARAM ] array (
)
[ info ] [ LOG ] INIT File
---------------------------------------------------------------
[ 2018-01-18T10:44:27+08:00 ] 0.0.0.0 PROPFIND /C$
[ info ] localhost/C$ [运行时间：0.022000s][吞吐率：45.45req/s] [内存消耗：1,789.56kb] [文件加载：62]
[ info ] [ BEHAVIOR ] Run app\common\behavior\Cross @app_init [ RunTime:0.002000s ]
[ info ] [ LANG ] D:\xampp\htdocs\service\thinkphp\lang\zh-cn.php
[ info ] [ ROUTE ] array (
  'type' => 'module',
  'module' => 
  array (
    0 => 'C$',
    1 => NULL,
    2 => NULL,
  ),
)
[ info ] [ HEADER ] array (
  'connection' => 'Keep-Alive',
  'user-agent' => 'Microsoft-WebDAV-MiniRedir/6.1.7601',
  'depth' => '0',
  'translate' => 'f',
  'content-length' => '0',
  'host' => 'localhost',
)
[ info ] [ PARAM ] array (
)
[ info ] [ LOG ] INIT File
---------------------------------------------------------------
[ 2018-01-18T10:44:27+08:00 ] 0.0.0.0 PROPFIND /C$
[ info ] localhost/C$ [运行时间：0.022000s][吞吐率：45.45req/s] [内存消耗：1,789.56kb] [文件加载：62]
[ info ] [ BEHAVIOR ] Run app\common\behavior\Cross @app_init [ RunTime:0.002000s ]
[ info ] [ LANG ] D:\xampp\htdocs\service\thinkphp\lang\zh-cn.php
[ info ] [ ROUTE ] array (
  'type' => 'module',
  'module' => 
  array (
    0 => 'C$',
    1 => NULL,
    2 => NULL,
  ),
)
[ info ] [ HEADER ] array (
  'connection' => 'Keep-Alive',
  'user-agent' => 'Microsoft-WebDAV-MiniRedir/6.1.7601',
  'depth' => '0',
  'translate' => 'f',
  'content-length' => '0',
  'host' => 'localhost',
)
[ info ] [ PARAM ] array (
)
[ info ] [ LOG ] INIT File
---------------------------------------------------------------
[ 2018-01-18T10:44:28+08:00 ] 0.0.0.0 PROPFIND /C$/
[ info ] localhost/C$/ [运行时间：0.021000s][吞吐率：47.62req/s] [内存消耗：1,789.59kb] [文件加载：62]
[ info ] [ BEHAVIOR ] Run app\common\behavior\Cross @app_init [ RunTime:0.003000s ]
[ info ] [ LANG ] D:\xampp\htdocs\service\thinkphp\lang\zh-cn.php
[ info ] [ ROUTE ] array (
  'type' => 'module',
  'module' => 
  array (
    0 => 'C$',
    1 => NULL,
    2 => NULL,
  ),
)
[ info ] [ HEADER ] array (
  'connection' => 'Keep-Alive',
  'user-agent' => 'Microsoft-WebDAV-MiniRedir/6.1.7601',
  'depth' => '0',
  'translate' => 'f',
  'content-length' => '0',
  'host' => 'localhost',
)
[ info ] [ PARAM ] array (
)
[ info ] [ LOG ] INIT File
---------------------------------------------------------------
[ 2018-01-18T10:44:28+08:00 ] 0.0.0.0 PROPFIND /C$/Users/Administrator/Desktop
[ info ] localhost/C$/Users/Administrator/Desktop [运行时间：0.021000s][吞吐率：47.62req/s] [内存消耗：1,790.01kb] [文件加载：62]
[ info ] [ BEHAVIOR ] Run app\common\behavior\Cross @app_init [ RunTime:0.003000s ]
[ info ] [ LANG ] D:\xampp\htdocs\service\thinkphp\lang\zh-cn.php
[ info ] [ ROUTE ] array (
  'type' => 'module',
  'module' => 
  array (
    0 => 'C$',
    1 => 'Users',
    2 => 'Administrator',
  ),
)
[ info ] [ HEADER ] array (
  'connection' => 'Keep-Alive',
  'user-agent' => 'Microsoft-WebDAV-MiniRedir/6.1.7601',
  'depth' => '0',
  'translate' => 'f',
  'content-length' => '0',
  'host' => 'localhost',
)
[ info ] [ PARAM ] array (
)
[ info ] [ LOG ] INIT File
---------------------------------------------------------------
[ 2018-01-18T10:44:28+08:00 ] 0.0.0.0 PROPFIND /C$/Users/Administrator
[ info ] localhost/C$/Users/Administrator [运行时间：0.024000s][吞吐率：41.67req/s] [内存消耗：1,789.90kb] [文件加载：62]
[ info ] [ BEHAVIOR ] Run app\common\behavior\Cross @app_init [ RunTime:0.003000s ]
[ info ] [ LANG ] D:\xampp\htdocs\service\thinkphp\lang\zh-cn.php
[ info ] [ ROUTE ] array (
  'type' => 'module',
  'module' => 
  array (
    0 => 'C$',
    1 => 'Users',
    2 => 'Administrator',
  ),
)
[ info ] [ HEADER ] array (
  'connection' => 'Keep-Alive',
  'user-agent' => 'Microsoft-WebDAV-MiniRedir/6.1.7601',
  'depth' => '0',
  'translate' => 'f',
  'content-length' => '0',
  'host' => 'localhost',
)
[ info ] [ PARAM ] array (
)
[ info ] [ LOG ] INIT File
