---------------------------------------------------------------
[ 2018-01-31T10:53:10+08:00 ] 127.0.0.1 GET /api/Withdraw/specialAgentWithdraw?amount=1000&fundsPassword=111111
[ info ] kosun.com/api/Withdraw/specialAgentWithdraw?amount=1000&fundsPassword=111111 [运行时间：1.094000s][吞吐率：0.91req/s] [内存消耗：1,907.74kb] [文件加载：71]
[ info ] [ BEHAVIOR ] Run app\common\behavior\Cross @app_init [ RunTime:0.702000s ]
[ info ] [ LANG ] D:\xampp\htdocs\service\thinkphp\lang\zh-cn.php
[ info ] [ ROUTE ] array (
  'type' => 'module',
  'module' => 
  array (
    0 => 'api',
    1 => 'Withdraw',
    2 => 'specialAgentWithdraw',
  ),
)
[ info ] [ HEADER ] array (
  'auth-token' => 'eyJ0eXAiOiJKV1QiLCJhbGciOiJIUzI1NiJ9.eyJ1aWQiOjQxMjYsInVzZXJfbmFtZSI6ImNhcnkxNzMxNiIsInJlYWxfbmFtZSI6Ilx1NzM4Ylx1NjAxZFx1ODA2YSIsImlzX2FnZW50IjowLCJhY2NvdW50X2JhbGFuY2UiOiIxMTg5OTkuOTc3IiwiaXNfYmluZF9iYW5rIjp0cnVlLCJleHAiOjE1MTU0ODMzODksImlhdCI6MTUxNDg3ODU4OSwia2VlcCI6ZmFsc2V9.nq14V8xokzL-Rv4PB4VYNzS5GIwJj2OOHPZox6cuf6M',
  'cache-control' => 'no-cache',
  'postman-token' => '5f70e4ce-dbc1-4fff-8858-515c38880dfe',
  'user-agent' => 'PostmanRuntime/7.1.1',
  'accept' => '*/*',
  'host' => 'kosun.com',
  'accept-encoding' => 'gzip, deflate',
  'connection' => 'keep-alive',
)
[ info ] [ PARAM ] array (
  'amount' => '1000',
  'fundsPassword' => '111111',
)
[ info ] [ BEHAVIOR ] Run app\common\behavior\SwitchIdentity @module_init [ RunTime:0.009000s ]
[ info ] [ BEHAVIOR ] Run app\api\behavior\Security @action_begin [ RunTime:0.008000s ]
[ info ] [ BEHAVIOR ] Run app\api\behavior\Validate @action_begin [ RunTime:0.019000s ]
[ info ] [ RUN ] app\api\controller\Withdraw->specialAgentWithdraw[ D:\xampp\htdocs\service\application\api\controller\Withdraw.php ]
[ info ] [ BEHAVIOR ] Run app\common\behavior\Cross @app_end [ RunTime:0.001000s ]
[ info ] [ LOG ] INIT File
---------------------------------------------------------------
[ 2018-01-31T15:45:25+08:00 ] 127.0.0.1 GET /news/668.html
[ info ] www.nvhaiz.com/news/668.html [运行时间：0.064000s][吞吐率：15.62req/s] [内存消耗：1,798.79kb] [文件加载：62]
[ info ] [ BEHAVIOR ] Run app\common\behavior\Cross @app_init [ RunTime:0.008000s ]
[ info ] [ LANG ] D:\xampp\htdocs\service\thinkphp\lang\zh-cn.php
[ info ] [ ROUTE ] array (
  'type' => 'module',
  'module' => 
  array (
    0 => 'news',
    1 => '668',
    2 => NULL,
  ),
)
[ info ] [ HEADER ] array (
  'host' => 'www.nvhaiz.com',
  'connection' => 'keep-alive',
  'upgrade-insecure-requests' => '1',
  'user-agent' => 'Mozilla/5.0 (Windows NT 6.1; WOW64) AppleWebKit/537.36 (KHTML, like Gecko) Chrome/63.0.3239.132 Safari/537.36',
  'accept' => 'text/html,application/xhtml+xml,application/xml;q=0.9,image/webp,image/apng,*/*;q=0.8',
  'referer' => 'http://www.baidu.com/link?url=1FIFhgJ3YHx8oJDWyqWvLULOdIOCoC9mkabeFP0oDXViQ9MsBXPExXoxZw5x4CyS&wd=&eqid=b6bcbe74000018fc000000065a717392',
  'accept-encoding' => 'gzip, deflate',
  'accept-language' => 'zh-CN,zh;q=0.9',
)
[ info ] [ PARAM ] array (
)
[ info ] [ LOG ] INIT File
