---------------------------------------------------------------
[ 2018-03-09T09:46:29+01:00 ] 127.0.0.1 POST /admin/UserAccountRecord/getAccountList
[ info ] kosun.com/admin/UserAccountRecord/getAccountList [运行时间：0.024000s][吞吐率：41.67req/s] [内存消耗：1,213.50kb] [文件加载：48]
[ error ] [0]Parse error: syntax error, unexpected '=', expecting ']'[D:\xampp\htdocs\service\application\config\extra\status.php:640]
[ info ] [ LOG ] INIT File
---------------------------------------------------------------
[ 2018-03-09T16:47:01+08:00 ] 127.0.0.1 POST /admin/UserAccountRecord/getAccountList
[ info ] kosun.com/admin/UserAccountRecord/getAccountList [运行时间：0.054000s][吞吐率：18.52req/s] [内存消耗：1,890.98kb] [文件加载：68]
[ info ] [ BEHAVIOR ] Run app\common\behavior\Cross @app_init [ RunTime:0.029000s ]
[ info ] [ LANG ] D:\xampp\htdocs\service\thinkphp\lang\zh-cn.php
[ info ] [ ROUTE ] array (
  'type' => 'module',
  'module' => 
  array (
    0 => 'admin',
    1 => 'UserAccountRecord',
    2 => 'getAccountList',
  ),
)
[ info ] [ HEADER ] array (
  'cache-control' => 'no-cache',
  'postman-token' => 'd5f96803-202e-4220-ab45-31e863074b15',
  'user-agent' => 'PostmanRuntime/7.1.1',
  'accept' => '*/*',
  'host' => 'kosun.com',
  'accept-encoding' => 'gzip, deflate',
  'content-type' => 'multipart/form-data; boundary=--------------------------733300515974585419959425',
  'content-length' => '387',
  'connection' => 'keep-alive',
)
[ info ] [ PARAM ] array (
  'playTypeId' => '1',
  'betLimit' => '0',
  'matchLimit' => '5000',
)
[ info ] [ BEHAVIOR ] Run app\common\behavior\SwitchIdentity @module_init [ RunTime:0.001000s ]
[ info ] [ LOG ] INIT File
---------------------------------------------------------------
[ 2018-03-09T16:47:22+08:00 ] 127.0.0.1 POST /admin/UserAccountRecord/getAccountList
[ info ] kosun.com/admin/UserAccountRecord/getAccountList [运行时间：0.033000s][吞吐率：30.30req/s] [内存消耗：2,952.16kb] [文件加载：78]
[ info ] [ BEHAVIOR ] Run app\common\behavior\Cross @app_init [ RunTime:0.002000s ]
[ info ] [ LANG ] D:\xampp\htdocs\service\thinkphp\lang\zh-cn.php
[ info ] [ ROUTE ] array (
  'type' => 'module',
  'module' => 
  array (
    0 => 'admin',
    1 => 'UserAccountRecord',
    2 => 'getAccountList',
  ),
)
[ info ] [ HEADER ] array (
  'cache-control' => 'no-cache',
  'postman-token' => 'f06b6540-cbce-46cf-84ca-c81a3e2db296',
  'user-agent' => 'PostmanRuntime/7.1.1',
  'accept' => '*/*',
  'host' => 'kosun.com',
  'accept-encoding' => 'gzip, deflate',
  'content-type' => 'multipart/form-data; boundary=--------------------------901676540838263316796749',
  'content-length' => '387',
  'connection' => 'keep-alive',
)
[ info ] [ PARAM ] array (
  'playTypeId' => '1',
  'betLimit' => '0',
  'matchLimit' => '5000',
)
[ info ] [ BEHAVIOR ] Run app\common\behavior\SwitchIdentity @module_init [ RunTime:0.001000s ]
[ info ] [ BEHAVIOR ] Run app\admin\behavior\Auth @action_begin [ RunTime:0.000000s ]
[ info ] [ RUN ] app\admin\controller\UserAccountRecord->getAccountList[ D:\xampp\htdocs\service\application\admin\controller\UserAccountRecord.php ]
[ info ] [ DB ] INIT mysql
[ info ] [ BEHAVIOR ] Run app\common\behavior\Cross @app_end [ RunTime:0.000000s ]
[ info ] [ LOG ] INIT File
[ error ] [8]未定义数组索引: date_type[D:\xampp\htdocs\service\application\admin\logic\UserAccountRecord.php:61]
---------------------------------------------------------------
[ 2018-03-09T16:48:05+08:00 ] 127.0.0.1 POST /admin/UserAccountRecord/getAccountList?transactionType=[4]
[ info ] kosun.com/admin/UserAccountRecord/getAccountList?transactionType=[4] [运行时间：0.031000s][吞吐率：32.26req/s] [内存消耗：2,952.48kb] [文件加载：78]
[ info ] [ BEHAVIOR ] Run app\common\behavior\Cross @app_init [ RunTime:0.003000s ]
[ info ] [ LANG ] D:\xampp\htdocs\service\thinkphp\lang\zh-cn.php
[ info ] [ ROUTE ] array (
  'type' => 'module',
  'module' => 
  array (
    0 => 'admin',
    1 => 'UserAccountRecord',
    2 => 'getAccountList',
  ),
)
[ info ] [ HEADER ] array (
  'cache-control' => 'no-cache',
  'postman-token' => 'f37a0a97-7f31-40f9-8a72-04c91fd15de9',
  'user-agent' => 'PostmanRuntime/7.1.1',
  'accept' => '*/*',
  'host' => 'kosun.com',
  'accept-encoding' => 'gzip, deflate',
  'content-type' => 'multipart/form-data; boundary=--------------------------578384699845721656789508',
  'content-length' => '387',
  'connection' => 'keep-alive',
)
[ info ] [ PARAM ] array (
  'transactionType' => '[4]',
  'playTypeId' => '1',
  'betLimit' => '0',
  'matchLimit' => '5000',
)
[ info ] [ BEHAVIOR ] Run app\common\behavior\SwitchIdentity @module_init [ RunTime:0.000000s ]
[ info ] [ BEHAVIOR ] Run app\admin\behavior\Auth @action_begin [ RunTime:0.000000s ]
[ info ] [ RUN ] app\admin\controller\UserAccountRecord->getAccountList[ D:\xampp\htdocs\service\application\admin\controller\UserAccountRecord.php ]
[ info ] [ DB ] INIT mysql
[ info ] [ BEHAVIOR ] Run app\common\behavior\Cross @app_end [ RunTime:0.000000s ]
[ info ] [ LOG ] INIT File
[ error ] [8]未定义数组索引: date_type[D:\xampp\htdocs\service\application\admin\logic\UserAccountRecord.php:61]
---------------------------------------------------------------
[ 2018-03-09T16:48:35+08:00 ] 127.0.0.1 POST /admin/UserAccountRecord/getAccountList?transactionType=[4]
[ info ] kosun.com/admin/UserAccountRecord/getAccountList?transactionType=[4] [运行时间：0.032000s][吞吐率：31.25req/s] [内存消耗：2,952.54kb] [文件加载：78]
[ info ] [ BEHAVIOR ] Run app\common\behavior\Cross @app_init [ RunTime:0.003000s ]
[ info ] [ LANG ] D:\xampp\htdocs\service\thinkphp\lang\zh-cn.php
[ info ] [ ROUTE ] array (
  'type' => 'module',
  'module' => 
  array (
    0 => 'admin',
    1 => 'UserAccountRecord',
    2 => 'getAccountList',
  ),
)
[ info ] [ HEADER ] array (
  'cache-control' => 'no-cache',
  'postman-token' => '149f1fdf-079d-4bfc-9f38-e686904fdd35',
  'user-agent' => 'PostmanRuntime/7.1.1',
  'accept' => '*/*',
  'host' => 'kosun.com',
  'accept-encoding' => 'gzip, deflate',
  'content-type' => 'multipart/form-data; boundary=--------------------------394047867975083625127850',
  'content-length' => '387',
  'connection' => 'keep-alive',
)
[ info ] [ PARAM ] array (
  'transactionType' => '[4]',
  'playTypeId' => '1',
  'betLimit' => '0',
  'matchLimit' => '5000',
)
[ info ] [ BEHAVIOR ] Run app\common\behavior\SwitchIdentity @module_init [ RunTime:0.000000s ]
[ info ] [ BEHAVIOR ] Run app\admin\behavior\Auth @action_begin [ RunTime:0.000000s ]
[ info ] [ RUN ] app\admin\controller\UserAccountRecord->getAccountList[ D:\xampp\htdocs\service\application\admin\controller\UserAccountRecord.php ]
[ info ] [ DB ] INIT mysql
[ info ] [ BEHAVIOR ] Run app\common\behavior\Cross @app_end [ RunTime:0.000000s ]
[ info ] [ LOG ] INIT File
[ error ] [8]未定义数组索引: date_type[D:\xampp\htdocs\service\application\admin\logic\UserAccountRecord.php:61]
---------------------------------------------------------------
[ 2018-03-09T16:48:37+08:00 ] 127.0.0.1 POST /admin/UserAccountRecord/getAccountList?transactionType=[4]
[ info ] kosun.com/admin/UserAccountRecord/getAccountList?transactionType=[4] [运行时间：0.029000s][吞吐率：34.48req/s] [内存消耗：2,952.54kb] [文件加载：78]
[ info ] [ BEHAVIOR ] Run app\common\behavior\Cross @app_init [ RunTime:0.003000s ]
[ info ] [ LANG ] D:\xampp\htdocs\service\thinkphp\lang\zh-cn.php
[ info ] [ ROUTE ] array (
  'type' => 'module',
  'module' => 
  array (
    0 => 'admin',
    1 => 'UserAccountRecord',
    2 => 'getAccountList',
  ),
)
[ info ] [ HEADER ] array (
  'cache-control' => 'no-cache',
  'postman-token' => '994011ee-c6f9-4344-b9c9-d3a549a6d2dc',
  'user-agent' => 'PostmanRuntime/7.1.1',
  'accept' => '*/*',
  'host' => 'kosun.com',
  'accept-encoding' => 'gzip, deflate',
  'content-type' => 'multipart/form-data; boundary=--------------------------428487441604611835951038',
  'content-length' => '387',
  'connection' => 'keep-alive',
)
[ info ] [ PARAM ] array (
  'transactionType' => '[4]',
  'playTypeId' => '1',
  'betLimit' => '0',
  'matchLimit' => '5000',
)
[ info ] [ BEHAVIOR ] Run app\common\behavior\SwitchIdentity @module_init [ RunTime:0.000000s ]
[ info ] [ BEHAVIOR ] Run app\admin\behavior\Auth @action_begin [ RunTime:0.000000s ]
[ info ] [ RUN ] app\admin\controller\UserAccountRecord->getAccountList[ D:\xampp\htdocs\service\application\admin\controller\UserAccountRecord.php ]
[ info ] [ DB ] INIT mysql
[ info ] [ BEHAVIOR ] Run app\common\behavior\Cross @app_end [ RunTime:0.000000s ]
[ info ] [ LOG ] INIT File
[ error ] [8]未定义数组索引: date_type[D:\xampp\htdocs\service\application\admin\logic\UserAccountRecord.php:61]
---------------------------------------------------------------
[ 2018-03-09T16:48:38+08:00 ] 127.0.0.1 POST /admin/UserAccountRecord/getAccountList?transactionType=[4]
[ info ] kosun.com/admin/UserAccountRecord/getAccountList?transactionType=[4] [运行时间：0.032000s][吞吐率：31.25req/s] [内存消耗：2,952.54kb] [文件加载：78]
[ info ] [ BEHAVIOR ] Run app\common\behavior\Cross @app_init [ RunTime:0.002000s ]
[ info ] [ LANG ] D:\xampp\htdocs\service\thinkphp\lang\zh-cn.php
[ info ] [ ROUTE ] array (
  'type' => 'module',
  'module' => 
  array (
    0 => 'admin',
    1 => 'UserAccountRecord',
    2 => 'getAccountList',
  ),
)
[ info ] [ HEADER ] array (
  'cache-control' => 'no-cache',
  'postman-token' => '8a2381d8-b8e0-4c99-a653-fb6ae2bd343e',
  'user-agent' => 'PostmanRuntime/7.1.1',
  'accept' => '*/*',
  'host' => 'kosun.com',
  'accept-encoding' => 'gzip, deflate',
  'content-type' => 'multipart/form-data; boundary=--------------------------975471552608691668580336',
  'content-length' => '387',
  'connection' => 'keep-alive',
)
[ info ] [ PARAM ] array (
  'transactionType' => '[4]',
  'playTypeId' => '1',
  'betLimit' => '0',
  'matchLimit' => '5000',
)
[ info ] [ BEHAVIOR ] Run app\common\behavior\SwitchIdentity @module_init [ RunTime:0.001000s ]
[ info ] [ BEHAVIOR ] Run app\admin\behavior\Auth @action_begin [ RunTime:0.000000s ]
[ info ] [ RUN ] app\admin\controller\UserAccountRecord->getAccountList[ D:\xampp\htdocs\service\application\admin\controller\UserAccountRecord.php ]
[ info ] [ DB ] INIT mysql
[ info ] [ BEHAVIOR ] Run app\common\behavior\Cross @app_end [ RunTime:0.000000s ]
[ info ] [ LOG ] INIT File
[ error ] [8]未定义数组索引: date_type[D:\xampp\htdocs\service\application\admin\logic\UserAccountRecord.php:61]
---------------------------------------------------------------
[ 2018-03-09T16:48:44+08:00 ] 127.0.0.1 POST /admin/UserAccountRecord/getAccountList?transactionType=
[ info ] kosun.com/admin/UserAccountRecord/getAccountList?transactionType= [运行时间：0.032000s][吞吐率：31.25req/s] [内存消耗：2,952.54kb] [文件加载：78]
[ info ] [ BEHAVIOR ] Run app\common\behavior\Cross @app_init [ RunTime:0.003000s ]
[ info ] [ LANG ] D:\xampp\htdocs\service\thinkphp\lang\zh-cn.php
[ info ] [ ROUTE ] array (
  'type' => 'module',
  'module' => 
  array (
    0 => 'admin',
    1 => 'UserAccountRecord',
    2 => 'getAccountList',
  ),
)
[ info ] [ HEADER ] array (
  'cache-control' => 'no-cache',
  'postman-token' => '5118d4e9-3f22-4320-88eb-03bbe342685b',
  'user-agent' => 'PostmanRuntime/7.1.1',
  'accept' => '*/*',
  'host' => 'kosun.com',
  'accept-encoding' => 'gzip, deflate',
  'content-type' => 'multipart/form-data; boundary=--------------------------658051449012459785335816',
  'content-length' => '387',
  'connection' => 'keep-alive',
)
[ info ] [ PARAM ] array (
  'transactionType' => '',
  'playTypeId' => '1',
  'betLimit' => '0',
  'matchLimit' => '5000',
)
[ info ] [ BEHAVIOR ] Run app\common\behavior\SwitchIdentity @module_init [ RunTime:0.002000s ]
[ info ] [ BEHAVIOR ] Run app\admin\behavior\Auth @action_begin [ RunTime:0.000000s ]
[ info ] [ RUN ] app\admin\controller\UserAccountRecord->getAccountList[ D:\xampp\htdocs\service\application\admin\controller\UserAccountRecord.php ]
[ info ] [ DB ] INIT mysql
[ info ] [ BEHAVIOR ] Run app\common\behavior\Cross @app_end [ RunTime:0.000000s ]
[ info ] [ LOG ] INIT File
[ error ] [8]未定义数组索引: date_type[D:\xampp\htdocs\service\application\admin\logic\UserAccountRecord.php:61]
---------------------------------------------------------------
[ 2018-03-09T16:49:07+08:00 ] 127.0.0.1 POST /admin/UserAccountRecord/getAccountList?transactionType=
[ info ] kosun.com/admin/UserAccountRecord/getAccountList?transactionType= [运行时间：0.032000s][吞吐率：31.25req/s] [内存消耗：2,952.54kb] [文件加载：78]
[ info ] [ BEHAVIOR ] Run app\common\behavior\Cross @app_init [ RunTime:0.003000s ]
[ info ] [ LANG ] D:\xampp\htdocs\service\thinkphp\lang\zh-cn.php
[ info ] [ ROUTE ] array (
  'type' => 'module',
  'module' => 
  array (
    0 => 'admin',
    1 => 'UserAccountRecord',
    2 => 'getAccountList',
  ),
)
[ info ] [ HEADER ] array (
  'cache-control' => 'no-cache',
  'postman-token' => '45242e6c-1070-4870-9e80-f6a9e5a38e30',
  'user-agent' => 'PostmanRuntime/7.1.1',
  'accept' => '*/*',
  'host' => 'kosun.com',
  'accept-encoding' => 'gzip, deflate',
  'content-type' => 'multipart/form-data; boundary=--------------------------305348814219514532703354',
  'content-length' => '387',
  'connection' => 'keep-alive',
)
[ info ] [ PARAM ] array (
  'transactionType' => '',
  'playTypeId' => '1',
  'betLimit' => '0',
  'matchLimit' => '5000',
)
[ info ] [ BEHAVIOR ] Run app\common\behavior\SwitchIdentity @module_init [ RunTime:0.001000s ]
[ info ] [ BEHAVIOR ] Run app\admin\behavior\Auth @action_begin [ RunTime:0.000000s ]
[ info ] [ RUN ] app\admin\controller\UserAccountRecord->getAccountList[ D:\xampp\htdocs\service\application\admin\controller\UserAccountRecord.php ]
[ info ] [ DB ] INIT mysql
[ info ] [ BEHAVIOR ] Run app\common\behavior\Cross @app_end [ RunTime:0.000000s ]
[ info ] [ LOG ] INIT File
[ error ] [8]未定义数组索引: date_type[D:\xampp\htdocs\service\application\admin\logic\UserAccountRecord.php:61]
---------------------------------------------------------------
[ 2018-03-09T16:49:08+08:00 ] 127.0.0.1 POST /admin/UserAccountRecord/getAccountList?transactionType=
[ info ] kosun.com/admin/UserAccountRecord/getAccountList?transactionType= [运行时间：0.029000s][吞吐率：34.48req/s] [内存消耗：2,952.54kb] [文件加载：78]
[ info ] [ BEHAVIOR ] Run app\common\behavior\Cross @app_init [ RunTime:0.003000s ]
[ info ] [ LANG ] D:\xampp\htdocs\service\thinkphp\lang\zh-cn.php
[ info ] [ ROUTE ] array (
  'type' => 'module',
  'module' => 
  array (
    0 => 'admin',
    1 => 'UserAccountRecord',
    2 => 'getAccountList',
  ),
)
[ info ] [ HEADER ] array (
  'cache-control' => 'no-cache',
  'postman-token' => '328cda9a-5867-4028-af60-b8073be4c6c0',
  'user-agent' => 'PostmanRuntime/7.1.1',
  'accept' => '*/*',
  'host' => 'kosun.com',
  'accept-encoding' => 'gzip, deflate',
  'content-type' => 'multipart/form-data; boundary=--------------------------664672363334325889621668',
  'content-length' => '387',
  'connection' => 'keep-alive',
)
[ info ] [ PARAM ] array (
  'transactionType' => '',
  'playTypeId' => '1',
  'betLimit' => '0',
  'matchLimit' => '5000',
)
[ info ] [ BEHAVIOR ] Run app\common\behavior\SwitchIdentity @module_init [ RunTime:0.000000s ]
[ info ] [ BEHAVIOR ] Run app\admin\behavior\Auth @action_begin [ RunTime:0.001000s ]
[ info ] [ RUN ] app\admin\controller\UserAccountRecord->getAccountList[ D:\xampp\htdocs\service\application\admin\controller\UserAccountRecord.php ]
[ info ] [ DB ] INIT mysql
[ info ] [ BEHAVIOR ] Run app\common\behavior\Cross @app_end [ RunTime:0.000000s ]
[ info ] [ LOG ] INIT File
[ error ] [8]未定义数组索引: date_type[D:\xampp\htdocs\service\application\admin\logic\UserAccountRecord.php:61]
---------------------------------------------------------------
[ 2018-03-09T16:49:46+08:00 ] 127.0.0.1 POST /admin/UserAccountRecord/getAccountList?transactionType=
[ info ] kosun.com/admin/UserAccountRecord/getAccountList?transactionType= [运行时间：0.019000s][吞吐率：52.63req/s] [内存消耗：1,768.17kb] [文件加载：64]
[ info ] [ BEHAVIOR ] Run app\common\behavior\Cross @app_init [ RunTime:0.003000s ]
[ info ] [ LANG ] D:\xampp\htdocs\service\thinkphp\lang\zh-cn.php
[ info ] [ ROUTE ] array (
  'type' => 'module',
  'module' => 
  array (
    0 => 'admin',
    1 => 'UserAccountRecord',
    2 => 'getAccountList',
  ),
)
[ info ] [ HEADER ] array (
  'cache-control' => 'no-cache',
  'postman-token' => '44b05301-e447-4512-8639-cb2b3e73b8f7',
  'user-agent' => 'PostmanRuntime/7.1.1',
  'accept' => '*/*',
  'host' => 'kosun.com',
  'accept-encoding' => 'gzip, deflate',
  'content-type' => 'multipart/form-data; boundary=--------------------------357249176814735236910219',
  'content-length' => '387',
  'connection' => 'keep-alive',
)
[ info ] [ PARAM ] array (
  'transactionType' => '',
  'playTypeId' => '1',
  'betLimit' => '0',
  'matchLimit' => '5000',
)
[ info ] [ BEHAVIOR ] Run app\common\behavior\SwitchIdentity @module_init [ RunTime:0.000000s ]
[ info ] [ BEHAVIOR ] Run app\admin\behavior\Auth @action_begin [ RunTime:0.001000s ]
[ info ] [ RUN ] app\admin\controller\UserAccountRecord->getAccountList[ D:\xampp\htdocs\service\application\admin\controller\UserAccountRecord.php ]
[ info ] [ LOG ] INIT File
---------------------------------------------------------------
[ 2018-03-09T16:50:02+08:00 ] 127.0.0.1 POST /admin/UserAccountRecord/getAccountList?transactionType=[1]
[ info ] kosun.com/admin/UserAccountRecord/getAccountList?transactionType=[1] [运行时间：0.020000s][吞吐率：50.00req/s] [内存消耗：1,768.17kb] [文件加载：64]
[ info ] [ BEHAVIOR ] Run app\common\behavior\Cross @app_init [ RunTime:0.002000s ]
[ info ] [ LANG ] D:\xampp\htdocs\service\thinkphp\lang\zh-cn.php
[ info ] [ ROUTE ] array (
  'type' => 'module',
  'module' => 
  array (
    0 => 'admin',
    1 => 'UserAccountRecord',
    2 => 'getAccountList',
  ),
)
[ info ] [ HEADER ] array (
  'cache-control' => 'no-cache',
  'postman-token' => 'ebe4f7ad-e056-4217-b8eb-730831b47332',
  'user-agent' => 'PostmanRuntime/7.1.1',
  'accept' => '*/*',
  'host' => 'kosun.com',
  'accept-encoding' => 'gzip, deflate',
  'content-type' => 'multipart/form-data; boundary=--------------------------997036685134749809817757',
  'content-length' => '387',
  'connection' => 'keep-alive',
)
[ info ] [ PARAM ] array (
  'transactionType' => '[1]',
  'playTypeId' => '1',
  'betLimit' => '0',
  'matchLimit' => '5000',
)
[ info ] [ BEHAVIOR ] Run app\common\behavior\SwitchIdentity @module_init [ RunTime:0.001000s ]
[ info ] [ BEHAVIOR ] Run app\admin\behavior\Auth @action_begin [ RunTime:0.000000s ]
[ info ] [ RUN ] app\admin\controller\UserAccountRecord->getAccountList[ D:\xampp\htdocs\service\application\admin\controller\UserAccountRecord.php ]
[ info ] [ LOG ] INIT File
---------------------------------------------------------------
[ 2018-03-09T16:50:09+08:00 ] 127.0.0.1 POST /admin/UserAccountRecord/getAccountList?transactionType=[1,2]
[ info ] kosun.com/admin/UserAccountRecord/getAccountList?transactionType=[1,2] [运行时间：0.023000s][吞吐率：43.48req/s] [内存消耗：1,768.17kb] [文件加载：64]
[ info ] [ BEHAVIOR ] Run app\common\behavior\Cross @app_init [ RunTime:0.003000s ]
[ info ] [ LANG ] D:\xampp\htdocs\service\thinkphp\lang\zh-cn.php
[ info ] [ ROUTE ] array (
  'type' => 'module',
  'module' => 
  array (
    0 => 'admin',
    1 => 'UserAccountRecord',
    2 => 'getAccountList',
  ),
)
[ info ] [ HEADER ] array (
  'cache-control' => 'no-cache',
  'postman-token' => 'a1b75d61-cba5-4bca-810c-3cb38cddee7b',
  'user-agent' => 'PostmanRuntime/7.1.1',
  'accept' => '*/*',
  'host' => 'kosun.com',
  'accept-encoding' => 'gzip, deflate',
  'content-type' => 'multipart/form-data; boundary=--------------------------663319380287713450306978',
  'content-length' => '387',
  'connection' => 'keep-alive',
)
[ info ] [ PARAM ] array (
  'transactionType' => '[1,2]',
  'playTypeId' => '1',
  'betLimit' => '0',
  'matchLimit' => '5000',
)
[ info ] [ BEHAVIOR ] Run app\common\behavior\SwitchIdentity @module_init [ RunTime:0.000000s ]
[ info ] [ BEHAVIOR ] Run app\admin\behavior\Auth @action_begin [ RunTime:0.000000s ]
[ info ] [ RUN ] app\admin\controller\UserAccountRecord->getAccountList[ D:\xampp\htdocs\service\application\admin\controller\UserAccountRecord.php ]
[ info ] [ LOG ] INIT File
---------------------------------------------------------------
[ 2018-03-09T16:51:09+08:00 ] 127.0.0.1 POST /admin/UserAccountRecord/getAccountList?transactionType=[1,2]
[ info ] kosun.com/admin/UserAccountRecord/getAccountList?transactionType=[1,2] [运行时间：0.034000s][吞吐率：29.41req/s] [内存消耗：2,952.54kb] [文件加载：78]
[ info ] [ BEHAVIOR ] Run app\common\behavior\Cross @app_init [ RunTime:0.003000s ]
[ info ] [ LANG ] D:\xampp\htdocs\service\thinkphp\lang\zh-cn.php
[ info ] [ ROUTE ] array (
  'type' => 'module',
  'module' => 
  array (
    0 => 'admin',
    1 => 'UserAccountRecord',
    2 => 'getAccountList',
  ),
)
[ info ] [ HEADER ] array (
  'cache-control' => 'no-cache',
  'postman-token' => '8d804053-9204-49f4-b4f3-fc920f5c886e',
  'user-agent' => 'PostmanRuntime/7.1.1',
  'accept' => '*/*',
  'host' => 'kosun.com',
  'accept-encoding' => 'gzip, deflate',
  'content-type' => 'multipart/form-data; boundary=--------------------------386050846649332589774982',
  'content-length' => '387',
  'connection' => 'keep-alive',
)
[ info ] [ PARAM ] array (
  'transactionType' => '[1,2]',
  'playTypeId' => '1',
  'betLimit' => '0',
  'matchLimit' => '5000',
)
[ info ] [ BEHAVIOR ] Run app\common\behavior\SwitchIdentity @module_init [ RunTime:0.000000s ]
[ info ] [ BEHAVIOR ] Run app\admin\behavior\Auth @action_begin [ RunTime:0.000000s ]
[ info ] [ RUN ] app\admin\controller\UserAccountRecord->getAccountList[ D:\xampp\htdocs\service\application\admin\controller\UserAccountRecord.php ]
[ info ] [ DB ] INIT mysql
[ info ] [ BEHAVIOR ] Run app\common\behavior\Cross @app_end [ RunTime:0.000000s ]
[ info ] [ LOG ] INIT File
[ error ] [8]未定义数组索引: date_type[D:\xampp\htdocs\service\application\admin\logic\UserAccountRecord.php:61]
---------------------------------------------------------------
[ 2018-03-09T16:51:53+08:00 ] 127.0.0.1 POST /admin/UserAccountRecord/getAccountList?transactionType=[1,2]
[ info ] kosun.com/admin/UserAccountRecord/getAccountList?transactionType=[1,2] [运行时间：0.028000s][吞吐率：35.71req/s] [内存消耗：2,856.76kb] [文件加载：72]
[ info ] [ BEHAVIOR ] Run app\common\behavior\Cross @app_init [ RunTime:0.002000s ]
[ info ] [ LANG ] D:\xampp\htdocs\service\thinkphp\lang\zh-cn.php
[ info ] [ ROUTE ] array (
  'type' => 'module',
  'module' => 
  array (
    0 => 'admin',
    1 => 'UserAccountRecord',
    2 => 'getAccountList',
  ),
)
[ info ] [ HEADER ] array (
  'cache-control' => 'no-cache',
  'postman-token' => '8609f6d3-f05d-4918-b669-3d52827ccacb',
  'user-agent' => 'PostmanRuntime/7.1.1',
  'accept' => '*/*',
  'host' => 'kosun.com',
  'accept-encoding' => 'gzip, deflate',
  'content-type' => 'multipart/form-data; boundary=--------------------------253287432529505116573107',
  'content-length' => '387',
  'connection' => 'keep-alive',
)
[ info ] [ PARAM ] array (
  'transactionType' => '[1,2]',
  'playTypeId' => '1',
  'betLimit' => '0',
  'matchLimit' => '5000',
)
[ info ] [ BEHAVIOR ] Run app\common\behavior\SwitchIdentity @module_init [ RunTime:0.000000s ]
[ info ] [ BEHAVIOR ] Run app\admin\behavior\Auth @action_begin [ RunTime:0.000000s ]
[ info ] [ RUN ] app\admin\controller\UserAccountRecord->getAccountList[ D:\xampp\htdocs\service\application\admin\controller\UserAccountRecord.php ]
[ info ] [ DB ] INIT mysql
[ info ] [ LOG ] INIT File
---------------------------------------------------------------
[ 2018-03-09T16:52:21+08:00 ] 127.0.0.1 POST /admin/UserAccountRecord/getAccountList?transactionType=[1,2]&dateType=1
[ info ] kosun.com/admin/UserAccountRecord/getAccountList?transactionType=[1,2]&dateType=1 [运行时间：0.028000s][吞吐率：35.71req/s] [内存消耗：2,857.37kb] [文件加载：72]
[ info ] [ BEHAVIOR ] Run app\common\behavior\Cross @app_init [ RunTime:0.002000s ]
[ info ] [ LANG ] D:\xampp\htdocs\service\thinkphp\lang\zh-cn.php
[ info ] [ ROUTE ] array (
  'type' => 'module',
  'module' => 
  array (
    0 => 'admin',
    1 => 'UserAccountRecord',
    2 => 'getAccountList',
  ),
)
[ info ] [ HEADER ] array (
  'cache-control' => 'no-cache',
  'postman-token' => '9e1dbade-d2a4-4fc0-8422-718871512190',
  'user-agent' => 'PostmanRuntime/7.1.1',
  'accept' => '*/*',
  'host' => 'kosun.com',
  'accept-encoding' => 'gzip, deflate',
  'content-type' => 'multipart/form-data; boundary=--------------------------649657122894583286423722',
  'content-length' => '387',
  'connection' => 'keep-alive',
)
[ info ] [ PARAM ] array (
  'transactionType' => '[1,2]',
  'dateType' => '1',
  'playTypeId' => '1',
  'betLimit' => '0',
  'matchLimit' => '5000',
)
[ info ] [ BEHAVIOR ] Run app\common\behavior\SwitchIdentity @module_init [ RunTime:0.001000s ]
[ info ] [ BEHAVIOR ] Run app\admin\behavior\Auth @action_begin [ RunTime:0.000000s ]
[ info ] [ RUN ] app\admin\controller\UserAccountRecord->getAccountList[ D:\xampp\htdocs\service\application\admin\controller\UserAccountRecord.php ]
[ info ] [ DB ] INIT mysql
[ info ] [ LOG ] INIT File
---------------------------------------------------------------
[ 2018-03-09T16:52:43+08:00 ] 127.0.0.1 POST /admin/UserAccountRecord/getAccountList?transactionType=[1,2]&dateType=1
[ info ] kosun.com/admin/UserAccountRecord/getAccountList?transactionType=[1,2]&dateType=1 [运行时间：0.029000s][吞吐率：34.48req/s] [内存消耗：2,915.30kb] [文件加载：75]
[ info ] [ BEHAVIOR ] Run app\common\behavior\Cross @app_init [ RunTime:0.003000s ]
[ info ] [ LANG ] D:\xampp\htdocs\service\thinkphp\lang\zh-cn.php
[ info ] [ ROUTE ] array (
  'type' => 'module',
  'module' => 
  array (
    0 => 'admin',
    1 => 'UserAccountRecord',
    2 => 'getAccountList',
  ),
)
[ info ] [ HEADER ] array (
  'cache-control' => 'no-cache',
  'postman-token' => 'bdb01e43-20ff-4e23-9d1e-bdbdacd3084d',
  'user-agent' => 'PostmanRuntime/7.1.1',
  'accept' => '*/*',
  'host' => 'kosun.com',
  'accept-encoding' => 'gzip, deflate',
  'content-type' => 'multipart/form-data; boundary=--------------------------072031232201964006546544',
  'content-length' => '387',
  'connection' => 'keep-alive',
)
[ info ] [ PARAM ] array (
  'transactionType' => '[1,2]',
  'dateType' => '1',
  'playTypeId' => '1',
  'betLimit' => '0',
  'matchLimit' => '5000',
)
[ info ] [ BEHAVIOR ] Run app\common\behavior\SwitchIdentity @module_init [ RunTime:0.000000s ]
[ info ] [ BEHAVIOR ] Run app\admin\behavior\Auth @action_begin [ RunTime:0.000000s ]
[ info ] [ RUN ] app\admin\controller\UserAccountRecord->getAccountList[ D:\xampp\htdocs\service\application\admin\controller\UserAccountRecord.php ]
[ info ] [ DB ] INIT mysql
[ info ] [ BEHAVIOR ] Run app\common\behavior\Cross @app_end [ RunTime:0.000000s ]
[ info ] [ LOG ] INIT File
---------------------------------------------------------------
[ 2018-03-09T16:53:06+08:00 ] 127.0.0.1 POST /admin/UserAccountRecord/getAccountList?transactionType=[1,2]&dateType=1
[ info ] kosun.com/admin/UserAccountRecord/getAccountList?transactionType=[1,2]&dateType=1 [运行时间：0.028000s][吞吐率：35.71req/s] [内存消耗：2,915.30kb] [文件加载：75]
[ info ] [ BEHAVIOR ] Run app\common\behavior\Cross @app_init [ RunTime:0.003000s ]
[ info ] [ LANG ] D:\xampp\htdocs\service\thinkphp\lang\zh-cn.php
[ info ] [ ROUTE ] array (
  'type' => 'module',
  'module' => 
  array (
    0 => 'admin',
    1 => 'UserAccountRecord',
    2 => 'getAccountList',
  ),
)
[ info ] [ HEADER ] array (
  'cache-control' => 'no-cache',
  'postman-token' => '65917697-313d-41c6-b8e0-c2d78e5a57f9',
  'user-agent' => 'PostmanRuntime/7.1.1',
  'accept' => '*/*',
  'host' => 'kosun.com',
  'accept-encoding' => 'gzip, deflate',
  'content-type' => 'multipart/form-data; boundary=--------------------------331344831018825459673570',
  'content-length' => '387',
  'connection' => 'keep-alive',
)
[ info ] [ PARAM ] array (
  'transactionType' => '[1,2]',
  'dateType' => '1',
  'playTypeId' => '1',
  'betLimit' => '0',
  'matchLimit' => '5000',
)
[ info ] [ BEHAVIOR ] Run app\common\behavior\SwitchIdentity @module_init [ RunTime:0.000000s ]
[ info ] [ BEHAVIOR ] Run app\admin\behavior\Auth @action_begin [ RunTime:0.000000s ]
[ info ] [ RUN ] app\admin\controller\UserAccountRecord->getAccountList[ D:\xampp\htdocs\service\application\admin\controller\UserAccountRecord.php ]
[ info ] [ DB ] INIT mysql
[ info ] [ BEHAVIOR ] Run app\common\behavior\Cross @app_end [ RunTime:0.000000s ]
[ info ] [ LOG ] INIT File
---------------------------------------------------------------
[ 2018-03-09T16:54:58+08:00 ] 127.0.0.1 POST /admin/UserAccountRecord/getAccountList?transactionType=[1,2]&dateType=1
[ info ] kosun.com/admin/UserAccountRecord/getAccountList?transactionType=[1,2]&dateType=1 [运行时间：0.033000s][吞吐率：30.30req/s] [内存消耗：2,915.30kb] [文件加载：75]
[ info ] [ BEHAVIOR ] Run app\common\behavior\Cross @app_init [ RunTime:0.004000s ]
[ info ] [ LANG ] D:\xampp\htdocs\service\thinkphp\lang\zh-cn.php
[ info ] [ ROUTE ] array (
  'type' => 'module',
  'module' => 
  array (
    0 => 'admin',
    1 => 'UserAccountRecord',
    2 => 'getAccountList',
  ),
)
[ info ] [ HEADER ] array (
  'cache-control' => 'no-cache',
  'postman-token' => 'eef9ac3d-30a4-42bf-aadd-626542adee06',
  'user-agent' => 'PostmanRuntime/7.1.1',
  'accept' => '*/*',
  'host' => 'kosun.com',
  'accept-encoding' => 'gzip, deflate',
  'content-type' => 'multipart/form-data; boundary=--------------------------807870339865342532858147',
  'content-length' => '387',
  'connection' => 'keep-alive',
)
[ info ] [ PARAM ] array (
  'transactionType' => '[1,2]',
  'dateType' => '1',
  'playTypeId' => '1',
  'betLimit' => '0',
  'matchLimit' => '5000',
)
[ info ] [ BEHAVIOR ] Run app\common\behavior\SwitchIdentity @module_init [ RunTime:0.000000s ]
[ info ] [ BEHAVIOR ] Run app\admin\behavior\Auth @action_begin [ RunTime:0.000000s ]
[ info ] [ RUN ] app\admin\controller\UserAccountRecord->getAccountList[ D:\xampp\htdocs\service\application\admin\controller\UserAccountRecord.php ]
[ info ] [ DB ] INIT mysql
[ info ] [ BEHAVIOR ] Run app\common\behavior\Cross @app_end [ RunTime:0.000000s ]
[ info ] [ LOG ] INIT File
---------------------------------------------------------------
[ 2018-03-09T16:55:19+08:00 ] 127.0.0.1 POST /admin/UserAccountRecord/getAccountList?transactionType=[1,2]&dateType=1
[ info ] kosun.com/admin/UserAccountRecord/getAccountList?transactionType=[1,2]&dateType=1 [运行时间：0.030000s][吞吐率：33.33req/s] [内存消耗：2,857.39kb] [文件加载：72]
[ info ] [ BEHAVIOR ] Run app\common\behavior\Cross @app_init [ RunTime:0.003000s ]
[ info ] [ LANG ] D:\xampp\htdocs\service\thinkphp\lang\zh-cn.php
[ info ] [ ROUTE ] array (
  'type' => 'module',
  'module' => 
  array (
    0 => 'admin',
    1 => 'UserAccountRecord',
    2 => 'getAccountList',
  ),
)
[ info ] [ HEADER ] array (
  'cache-control' => 'no-cache',
  'postman-token' => '968a0370-0b7e-4a65-8a71-174fa08c7e7f',
  'user-agent' => 'PostmanRuntime/7.1.1',
  'accept' => '*/*',
  'host' => 'kosun.com',
  'accept-encoding' => 'gzip, deflate',
  'content-type' => 'multipart/form-data; boundary=--------------------------678160049758078732298436',
  'content-length' => '387',
  'connection' => 'keep-alive',
)
[ info ] [ PARAM ] array (
  'transactionType' => '[1,2]',
  'dateType' => '1',
  'playTypeId' => '1',
  'betLimit' => '0',
  'matchLimit' => '5000',
)
[ info ] [ BEHAVIOR ] Run app\common\behavior\SwitchIdentity @module_init [ RunTime:0.000000s ]
[ info ] [ BEHAVIOR ] Run app\admin\behavior\Auth @action_begin [ RunTime:0.000000s ]
[ info ] [ RUN ] app\admin\controller\UserAccountRecord->getAccountList[ D:\xampp\htdocs\service\application\admin\controller\UserAccountRecord.php ]
[ info ] [ DB ] INIT mysql
[ info ] [ LOG ] INIT File
---------------------------------------------------------------
[ 2018-03-09T16:55:46+08:00 ] 127.0.0.1 POST /admin/UserAccountRecord/getAccountList?transactionType=[1,2]&dateType=1
[ info ] kosun.com/admin/UserAccountRecord/getAccountList?transactionType=[1,2]&dateType=1 [运行时间：0.029000s][吞吐率：34.48req/s] [内存消耗：2,915.38kb] [文件加载：75]
[ info ] [ BEHAVIOR ] Run app\common\behavior\Cross @app_init [ RunTime:0.003000s ]
[ info ] [ LANG ] D:\xampp\htdocs\service\thinkphp\lang\zh-cn.php
[ info ] [ ROUTE ] array (
  'type' => 'module',
  'module' => 
  array (
    0 => 'admin',
    1 => 'UserAccountRecord',
    2 => 'getAccountList',
  ),
)
[ info ] [ HEADER ] array (
  'cache-control' => 'no-cache',
  'postman-token' => 'bacb914b-a396-47f3-bf51-155beb3ed439',
  'user-agent' => 'PostmanRuntime/7.1.1',
  'accept' => '*/*',
  'host' => 'kosun.com',
  'accept-encoding' => 'gzip, deflate',
  'content-type' => 'multipart/form-data; boundary=--------------------------783831368761694051449481',
  'content-length' => '387',
  'connection' => 'keep-alive',
)
[ info ] [ PARAM ] array (
  'transactionType' => '[1,2]',
  'dateType' => '1',
  'playTypeId' => '1',
  'betLimit' => '0',
  'matchLimit' => '5000',
)
[ info ] [ BEHAVIOR ] Run app\common\behavior\SwitchIdentity @module_init [ RunTime:0.001000s ]
[ info ] [ BEHAVIOR ] Run app\admin\behavior\Auth @action_begin [ RunTime:0.000000s ]
[ info ] [ RUN ] app\admin\controller\UserAccountRecord->getAccountList[ D:\xampp\htdocs\service\application\admin\controller\UserAccountRecord.php ]
[ info ] [ DB ] INIT mysql
[ info ] [ BEHAVIOR ] Run app\common\behavior\Cross @app_end [ RunTime:0.000000s ]
[ info ] [ LOG ] INIT File
---------------------------------------------------------------
[ 2018-03-09T16:55:47+08:00 ] 127.0.0.1 POST /admin/UserAccountRecord/getAccountList?transactionType=[1,2]&dateType=1
[ info ] kosun.com/admin/UserAccountRecord/getAccountList?transactionType=[1,2]&dateType=1 [运行时间：0.031000s][吞吐率：32.26req/s] [内存消耗：2,915.38kb] [文件加载：75]
[ info ] [ BEHAVIOR ] Run app\common\behavior\Cross @app_init [ RunTime:0.002000s ]
[ info ] [ LANG ] D:\xampp\htdocs\service\thinkphp\lang\zh-cn.php
[ info ] [ ROUTE ] array (
  'type' => 'module',
  'module' => 
  array (
    0 => 'admin',
    1 => 'UserAccountRecord',
    2 => 'getAccountList',
  ),
)
[ info ] [ HEADER ] array (
  'cache-control' => 'no-cache',
  'postman-token' => 'c4e74d00-a6f6-4ed2-a592-447a3707f437',
  'user-agent' => 'PostmanRuntime/7.1.1',
  'accept' => '*/*',
  'host' => 'kosun.com',
  'accept-encoding' => 'gzip, deflate',
  'content-type' => 'multipart/form-data; boundary=--------------------------482416580212164957040524',
  'content-length' => '387',
  'connection' => 'keep-alive',
)
[ info ] [ PARAM ] array (
  'transactionType' => '[1,2]',
  'dateType' => '1',
  'playTypeId' => '1',
  'betLimit' => '0',
  'matchLimit' => '5000',
)
[ info ] [ BEHAVIOR ] Run app\common\behavior\SwitchIdentity @module_init [ RunTime:0.000000s ]
[ info ] [ BEHAVIOR ] Run app\admin\behavior\Auth @action_begin [ RunTime:0.000000s ]
[ info ] [ RUN ] app\admin\controller\UserAccountRecord->getAccountList[ D:\xampp\htdocs\service\application\admin\controller\UserAccountRecord.php ]
[ info ] [ DB ] INIT mysql
[ info ] [ BEHAVIOR ] Run app\common\behavior\Cross @app_end [ RunTime:0.000000s ]
[ info ] [ LOG ] INIT File
---------------------------------------------------------------
[ 2018-03-09T16:56:04+08:00 ] 127.0.0.1 POST /admin/UserAccountRecord/getAccountList?transactionType=[1,2]&dateType=0
[ info ] kosun.com/admin/UserAccountRecord/getAccountList?transactionType=[1,2]&dateType=0 [运行时间：0.033000s][吞吐率：30.30req/s] [内存消耗：2,915.38kb] [文件加载：75]
[ info ] [ BEHAVIOR ] Run app\common\behavior\Cross @app_init [ RunTime:0.002000s ]
[ info ] [ LANG ] D:\xampp\htdocs\service\thinkphp\lang\zh-cn.php
[ info ] [ ROUTE ] array (
  'type' => 'module',
  'module' => 
  array (
    0 => 'admin',
    1 => 'UserAccountRecord',
    2 => 'getAccountList',
  ),
)
[ info ] [ HEADER ] array (
  'cache-control' => 'no-cache',
  'postman-token' => '1f7a7013-b263-4ded-ba52-ecc5e9e98e05',
  'user-agent' => 'PostmanRuntime/7.1.1',
  'accept' => '*/*',
  'host' => 'kosun.com',
  'accept-encoding' => 'gzip, deflate',
  'content-type' => 'multipart/form-data; boundary=--------------------------878934821334691903064886',
  'content-length' => '387',
  'connection' => 'keep-alive',
)
[ info ] [ PARAM ] array (
  'transactionType' => '[1,2]',
  'dateType' => '0',
  'playTypeId' => '1',
  'betLimit' => '0',
  'matchLimit' => '5000',
)
[ info ] [ BEHAVIOR ] Run app\common\behavior\SwitchIdentity @module_init [ RunTime:0.001000s ]
[ info ] [ BEHAVIOR ] Run app\admin\behavior\Auth @action_begin [ RunTime:0.000000s ]
[ info ] [ RUN ] app\admin\controller\UserAccountRecord->getAccountList[ D:\xampp\htdocs\service\application\admin\controller\UserAccountRecord.php ]
[ info ] [ DB ] INIT mysql
[ info ] [ BEHAVIOR ] Run app\common\behavior\Cross @app_end [ RunTime:0.000000s ]
[ info ] [ LOG ] INIT File
---------------------------------------------------------------
[ 2018-03-09T16:56:06+08:00 ] 127.0.0.1 POST /admin/UserAccountRecord/getAccountList?transactionType=[1,2]&dateType=0
[ info ] kosun.com/admin/UserAccountRecord/getAccountList?transactionType=[1,2]&dateType=0 [运行时间：0.028000s][吞吐率：35.71req/s] [内存消耗：2,915.38kb] [文件加载：75]
[ info ] [ BEHAVIOR ] Run app\common\behavior\Cross @app_init [ RunTime:0.002000s ]
[ info ] [ LANG ] D:\xampp\htdocs\service\thinkphp\lang\zh-cn.php
[ info ] [ ROUTE ] array (
  'type' => 'module',
  'module' => 
  array (
    0 => 'admin',
    1 => 'UserAccountRecord',
    2 => 'getAccountList',
  ),
)
[ info ] [ HEADER ] array (
  'cache-control' => 'no-cache',
  'postman-token' => 'b32b9004-2d59-4551-b7a8-4c686e176018',
  'user-agent' => 'PostmanRuntime/7.1.1',
  'accept' => '*/*',
  'host' => 'kosun.com',
  'accept-encoding' => 'gzip, deflate',
  'content-type' => 'multipart/form-data; boundary=--------------------------317897578668566768386955',
  'content-length' => '387',
  'connection' => 'keep-alive',
)
[ info ] [ PARAM ] array (
  'transactionType' => '[1,2]',
  'dateType' => '0',
  'playTypeId' => '1',
  'betLimit' => '0',
  'matchLimit' => '5000',
)
[ info ] [ BEHAVIOR ] Run app\common\behavior\SwitchIdentity @module_init [ RunTime:0.000000s ]
[ info ] [ BEHAVIOR ] Run app\admin\behavior\Auth @action_begin [ RunTime:0.000000s ]
[ info ] [ RUN ] app\admin\controller\UserAccountRecord->getAccountList[ D:\xampp\htdocs\service\application\admin\controller\UserAccountRecord.php ]
[ info ] [ DB ] INIT mysql
[ info ] [ BEHAVIOR ] Run app\common\behavior\Cross @app_end [ RunTime:0.000000s ]
[ info ] [ LOG ] INIT File
---------------------------------------------------------------
[ 2018-03-09T16:56:53+08:00 ] 127.0.0.1 POST /admin/UserAccountRecord/getAccountList?transactionType=[1,2]&dateType=0
[ info ] kosun.com/admin/UserAccountRecord/getAccountList?transactionType=[1,2]&dateType=0 [运行时间：0.029000s][吞吐率：34.48req/s] [内存消耗：2,857.39kb] [文件加载：72]
[ info ] [ BEHAVIOR ] Run app\common\behavior\Cross @app_init [ RunTime:0.003000s ]
[ info ] [ LANG ] D:\xampp\htdocs\service\thinkphp\lang\zh-cn.php
[ info ] [ ROUTE ] array (
  'type' => 'module',
  'module' => 
  array (
    0 => 'admin',
    1 => 'UserAccountRecord',
    2 => 'getAccountList',
  ),
)
[ info ] [ HEADER ] array (
  'cache-control' => 'no-cache',
  'postman-token' => 'b0d79c3d-cdaf-46f7-8834-21c3985386eb',
  'user-agent' => 'PostmanRuntime/7.1.1',
  'accept' => '*/*',
  'host' => 'kosun.com',
  'accept-encoding' => 'gzip, deflate',
  'content-type' => 'multipart/form-data; boundary=--------------------------027445600190419791620606',
  'content-length' => '387',
  'connection' => 'keep-alive',
)
[ info ] [ PARAM ] array (
  'transactionType' => '[1,2]',
  'dateType' => '0',
  'playTypeId' => '1',
  'betLimit' => '0',
  'matchLimit' => '5000',
)
[ info ] [ BEHAVIOR ] Run app\common\behavior\SwitchIdentity @module_init [ RunTime:0.001000s ]
[ info ] [ BEHAVIOR ] Run app\admin\behavior\Auth @action_begin [ RunTime:0.000000s ]
[ info ] [ RUN ] app\admin\controller\UserAccountRecord->getAccountList[ D:\xampp\htdocs\service\application\admin\controller\UserAccountRecord.php ]
[ info ] [ DB ] INIT mysql
[ info ] [ LOG ] INIT File
---------------------------------------------------------------
[ 2018-03-09T16:57:04+08:00 ] 127.0.0.1 POST /admin/UserAccountRecord/getAccountList?transactionType=[1,2]&dateType=0
[ info ] kosun.com/admin/UserAccountRecord/getAccountList?transactionType=[1,2]&dateType=0 [运行时间：0.031000s][吞吐率：32.26req/s] [内存消耗：2,858.37kb] [文件加载：72]
[ info ] [ BEHAVIOR ] Run app\common\behavior\Cross @app_init [ RunTime:0.004000s ]
[ info ] [ LANG ] D:\xampp\htdocs\service\thinkphp\lang\zh-cn.php
[ info ] [ ROUTE ] array (
  'type' => 'module',
  'module' => 
  array (
    0 => 'admin',
    1 => 'UserAccountRecord',
    2 => 'getAccountList',
  ),
)
[ info ] [ HEADER ] array (
  'cache-control' => 'no-cache',
  'postman-token' => 'a01db982-c37e-4293-ae9e-a33be1d32658',
  'user-agent' => 'PostmanRuntime/7.1.1',
  'accept' => '*/*',
  'host' => 'kosun.com',
  'accept-encoding' => 'gzip, deflate',
  'content-type' => 'multipart/form-data; boundary=--------------------------286104061310586272651475',
  'content-length' => '387',
  'connection' => 'keep-alive',
)
[ info ] [ PARAM ] array (
  'transactionType' => '[1,2]',
  'dateType' => '0',
  'playTypeId' => '1',
  'betLimit' => '0',
  'matchLimit' => '5000',
)
[ info ] [ BEHAVIOR ] Run app\common\behavior\SwitchIdentity @module_init [ RunTime:0.001000s ]
[ info ] [ BEHAVIOR ] Run app\admin\behavior\Auth @action_begin [ RunTime:0.000000s ]
[ info ] [ RUN ] app\admin\controller\UserAccountRecord->getAccountList[ D:\xampp\htdocs\service\application\admin\controller\UserAccountRecord.php ]
[ info ] [ DB ] INIT mysql
[ info ] [ LOG ] INIT File
---------------------------------------------------------------
[ 2018-03-09T16:57:19+08:00 ] 127.0.0.1 POST /admin/UserAccountRecord/getAccountList?transactionType=[1,2]&dateType=0
[ info ] kosun.com/admin/UserAccountRecord/getAccountList?transactionType=[1,2]&dateType=0 [运行时间：0.026000s][吞吐率：38.46req/s] [内存消耗：2,858.37kb] [文件加载：72]
[ info ] [ BEHAVIOR ] Run app\common\behavior\Cross @app_init [ RunTime:0.002000s ]
[ info ] [ LANG ] D:\xampp\htdocs\service\thinkphp\lang\zh-cn.php
[ info ] [ ROUTE ] array (
  'type' => 'module',
  'module' => 
  array (
    0 => 'admin',
    1 => 'UserAccountRecord',
    2 => 'getAccountList',
  ),
)
[ info ] [ HEADER ] array (
  'cache-control' => 'no-cache',
  'postman-token' => '6d130f22-23f3-475e-9e23-434a1241e153',
  'user-agent' => 'PostmanRuntime/7.1.1',
  'accept' => '*/*',
  'host' => 'kosun.com',
  'accept-encoding' => 'gzip, deflate',
  'content-type' => 'multipart/form-data; boundary=--------------------------078395749446400834697601',
  'content-length' => '387',
  'connection' => 'keep-alive',
)
[ info ] [ PARAM ] array (
  'transactionType' => '[1,2]',
  'dateType' => '0',
  'playTypeId' => '1',
  'betLimit' => '0',
  'matchLimit' => '5000',
)
[ info ] [ BEHAVIOR ] Run app\common\behavior\SwitchIdentity @module_init [ RunTime:0.001000s ]
[ info ] [ BEHAVIOR ] Run app\admin\behavior\Auth @action_begin [ RunTime:0.000000s ]
[ info ] [ RUN ] app\admin\controller\UserAccountRecord->getAccountList[ D:\xampp\htdocs\service\application\admin\controller\UserAccountRecord.php ]
[ info ] [ DB ] INIT mysql
[ info ] [ LOG ] INIT File
---------------------------------------------------------------
[ 2018-03-09T16:57:27+08:00 ] 127.0.0.1 POST /admin/UserAccountRecord/getAccountList?transactionType=[1,2,18]&dateType=0
[ info ] kosun.com/admin/UserAccountRecord/getAccountList?transactionType=[1,2,18]&dateType=0 [运行时间：0.027000s][吞吐率：37.04req/s] [内存消耗：2,858.40kb] [文件加载：72]
[ info ] [ BEHAVIOR ] Run app\common\behavior\Cross @app_init [ RunTime:0.003000s ]
[ info ] [ LANG ] D:\xampp\htdocs\service\thinkphp\lang\zh-cn.php
[ info ] [ ROUTE ] array (
  'type' => 'module',
  'module' => 
  array (
    0 => 'admin',
    1 => 'UserAccountRecord',
    2 => 'getAccountList',
  ),
)
[ info ] [ HEADER ] array (
  'cache-control' => 'no-cache',
  'postman-token' => 'b67c5aef-4ebe-471b-8f25-8fe397187a18',
  'user-agent' => 'PostmanRuntime/7.1.1',
  'accept' => '*/*',
  'host' => 'kosun.com',
  'accept-encoding' => 'gzip, deflate',
  'content-type' => 'multipart/form-data; boundary=--------------------------765439556655109998677368',
  'content-length' => '387',
  'connection' => 'keep-alive',
)
[ info ] [ PARAM ] array (
  'transactionType' => '[1,2,18]',
  'dateType' => '0',
  'playTypeId' => '1',
  'betLimit' => '0',
  'matchLimit' => '5000',
)
[ info ] [ BEHAVIOR ] Run app\common\behavior\SwitchIdentity @module_init [ RunTime:0.000000s ]
[ info ] [ BEHAVIOR ] Run app\admin\behavior\Auth @action_begin [ RunTime:0.000000s ]
[ info ] [ RUN ] app\admin\controller\UserAccountRecord->getAccountList[ D:\xampp\htdocs\service\application\admin\controller\UserAccountRecord.php ]
[ info ] [ DB ] INIT mysql
[ info ] [ LOG ] INIT File
---------------------------------------------------------------
[ 2018-03-09T16:57:29+08:00 ] 127.0.0.1 POST /admin/UserAccountRecord/getAccountList?transactionType=[1,2,18]&dateType=0
[ info ] kosun.com/admin/UserAccountRecord/getAccountList?transactionType=[1,2,18]&dateType=0 [运行时间：0.030000s][吞吐率：33.33req/s] [内存消耗：2,858.40kb] [文件加载：72]
[ info ] [ BEHAVIOR ] Run app\common\behavior\Cross @app_init [ RunTime:0.003000s ]
[ info ] [ LANG ] D:\xampp\htdocs\service\thinkphp\lang\zh-cn.php
[ info ] [ ROUTE ] array (
  'type' => 'module',
  'module' => 
  array (
    0 => 'admin',
    1 => 'UserAccountRecord',
    2 => 'getAccountList',
  ),
)
[ info ] [ HEADER ] array (
  'cache-control' => 'no-cache',
  'postman-token' => '48964d89-50ca-44b8-882c-96511aae8aa6',
  'user-agent' => 'PostmanRuntime/7.1.1',
  'accept' => '*/*',
  'host' => 'kosun.com',
  'accept-encoding' => 'gzip, deflate',
  'content-type' => 'multipart/form-data; boundary=--------------------------803876608731658633869086',
  'content-length' => '387',
  'connection' => 'keep-alive',
)
[ info ] [ PARAM ] array (
  'transactionType' => '[1,2,18]',
  'dateType' => '0',
  'playTypeId' => '1',
  'betLimit' => '0',
  'matchLimit' => '5000',
)
[ info ] [ BEHAVIOR ] Run app\common\behavior\SwitchIdentity @module_init [ RunTime:0.000000s ]
[ info ] [ BEHAVIOR ] Run app\admin\behavior\Auth @action_begin [ RunTime:0.000000s ]
[ info ] [ RUN ] app\admin\controller\UserAccountRecord->getAccountList[ D:\xampp\htdocs\service\application\admin\controller\UserAccountRecord.php ]
[ info ] [ DB ] INIT mysql
[ info ] [ LOG ] INIT File
---------------------------------------------------------------
[ 2018-03-09T16:57:30+08:00 ] 127.0.0.1 POST /admin/UserAccountRecord/getAccountList?transactionType=[1,2,18]&dateType=0
[ info ] kosun.com/admin/UserAccountRecord/getAccountList?transactionType=[1,2,18]&dateType=0 [运行时间：0.028000s][吞吐率：35.71req/s] [内存消耗：2,858.40kb] [文件加载：72]
[ info ] [ BEHAVIOR ] Run app\common\behavior\Cross @app_init [ RunTime:0.003000s ]
[ info ] [ LANG ] D:\xampp\htdocs\service\thinkphp\lang\zh-cn.php
[ info ] [ ROUTE ] array (
  'type' => 'module',
  'module' => 
  array (
    0 => 'admin',
    1 => 'UserAccountRecord',
    2 => 'getAccountList',
  ),
)
[ info ] [ HEADER ] array (
  'cache-control' => 'no-cache',
  'postman-token' => 'fea02d10-4659-424e-8334-0870d9dd8ddb',
  'user-agent' => 'PostmanRuntime/7.1.1',
  'accept' => '*/*',
  'host' => 'kosun.com',
  'accept-encoding' => 'gzip, deflate',
  'content-type' => 'multipart/form-data; boundary=--------------------------245834396986598137808341',
  'content-length' => '387',
  'connection' => 'keep-alive',
)
[ info ] [ PARAM ] array (
  'transactionType' => '[1,2,18]',
  'dateType' => '0',
  'playTypeId' => '1',
  'betLimit' => '0',
  'matchLimit' => '5000',
)
[ info ] [ BEHAVIOR ] Run app\common\behavior\SwitchIdentity @module_init [ RunTime:0.001000s ]
[ info ] [ BEHAVIOR ] Run app\admin\behavior\Auth @action_begin [ RunTime:0.000000s ]
[ info ] [ RUN ] app\admin\controller\UserAccountRecord->getAccountList[ D:\xampp\htdocs\service\application\admin\controller\UserAccountRecord.php ]
[ info ] [ DB ] INIT mysql
[ info ] [ LOG ] INIT File
---------------------------------------------------------------
[ 2018-03-09T16:57:55+08:00 ] 127.0.0.1 POST /admin/UserAccountRecord/getAccountList?transactionType=[1,2,18]&dateType=0
[ info ] kosun.com/admin/UserAccountRecord/getAccountList?transactionType=[1,2,18]&dateType=0 [运行时间：0.028000s][吞吐率：35.71req/s] [内存消耗：2,858.40kb] [文件加载：72]
[ info ] [ BEHAVIOR ] Run app\common\behavior\Cross @app_init [ RunTime:0.003000s ]
[ info ] [ LANG ] D:\xampp\htdocs\service\thinkphp\lang\zh-cn.php
[ info ] [ ROUTE ] array (
  'type' => 'module',
  'module' => 
  array (
    0 => 'admin',
    1 => 'UserAccountRecord',
    2 => 'getAccountList',
  ),
)
[ info ] [ HEADER ] array (
  'cache-control' => 'no-cache',
  'postman-token' => '033fb605-9333-49a1-85c4-0600b6b1287f',
  'user-agent' => 'PostmanRuntime/7.1.1',
  'accept' => '*/*',
  'host' => 'kosun.com',
  'accept-encoding' => 'gzip, deflate',
  'content-type' => 'multipart/form-data; boundary=--------------------------938220377056399114387193',
  'content-length' => '387',
  'connection' => 'keep-alive',
)
[ info ] [ PARAM ] array (
  'transactionType' => '[1,2,18]',
  'dateType' => '0',
  'playTypeId' => '1',
  'betLimit' => '0',
  'matchLimit' => '5000',
)
[ info ] [ BEHAVIOR ] Run app\common\behavior\SwitchIdentity @module_init [ RunTime:0.000000s ]
[ info ] [ BEHAVIOR ] Run app\admin\behavior\Auth @action_begin [ RunTime:0.000000s ]
[ info ] [ RUN ] app\admin\controller\UserAccountRecord->getAccountList[ D:\xampp\htdocs\service\application\admin\controller\UserAccountRecord.php ]
[ info ] [ DB ] INIT mysql
[ info ] [ LOG ] INIT File
---------------------------------------------------------------
[ 2018-03-09T16:57:56+08:00 ] 127.0.0.1 POST /admin/UserAccountRecord/getAccountList?transactionType=[1,2,18]&dateType=0
[ info ] kosun.com/admin/UserAccountRecord/getAccountList?transactionType=[1,2,18]&dateType=0 [运行时间：0.027000s][吞吐率：37.04req/s] [内存消耗：2,858.40kb] [文件加载：72]
[ info ] [ BEHAVIOR ] Run app\common\behavior\Cross @app_init [ RunTime:0.003000s ]
[ info ] [ LANG ] D:\xampp\htdocs\service\thinkphp\lang\zh-cn.php
[ info ] [ ROUTE ] array (
  'type' => 'module',
  'module' => 
  array (
    0 => 'admin',
    1 => 'UserAccountRecord',
    2 => 'getAccountList',
  ),
)
[ info ] [ HEADER ] array (
  'cache-control' => 'no-cache',
  'postman-token' => '9cdcd45b-3947-46a4-a5ad-42cde8268332',
  'user-agent' => 'PostmanRuntime/7.1.1',
  'accept' => '*/*',
  'host' => 'kosun.com',
  'accept-encoding' => 'gzip, deflate',
  'content-type' => 'multipart/form-data; boundary=--------------------------564771233381018097818999',
  'content-length' => '387',
  'connection' => 'keep-alive',
)
[ info ] [ PARAM ] array (
  'transactionType' => '[1,2,18]',
  'dateType' => '0',
  'playTypeId' => '1',
  'betLimit' => '0',
  'matchLimit' => '5000',
)
[ info ] [ BEHAVIOR ] Run app\common\behavior\SwitchIdentity @module_init [ RunTime:0.001000s ]
[ info ] [ BEHAVIOR ] Run app\admin\behavior\Auth @action_begin [ RunTime:0.000000s ]
[ info ] [ RUN ] app\admin\controller\UserAccountRecord->getAccountList[ D:\xampp\htdocs\service\application\admin\controller\UserAccountRecord.php ]
[ info ] [ DB ] INIT mysql
[ info ] [ LOG ] INIT File
---------------------------------------------------------------
[ 2018-03-09T16:58:20+08:00 ] 127.0.0.1 POST /admin/UserAccountRecord/getAccountList?transactionType=[1,2,18]&dateType=0
[ info ] kosun.com/admin/UserAccountRecord/getAccountList?transactionType=[1,2,18]&dateType=0 [运行时间：0.954000s][吞吐率：1.05req/s] [内存消耗：3,019.79kb] [文件加载：76]
[ info ] [ BEHAVIOR ] Run app\common\behavior\Cross @app_init [ RunTime:0.003000s ]
[ info ] [ LANG ] D:\xampp\htdocs\service\thinkphp\lang\zh-cn.php
[ info ] [ ROUTE ] array (
  'type' => 'module',
  'module' => 
  array (
    0 => 'admin',
    1 => 'UserAccountRecord',
    2 => 'getAccountList',
  ),
)
[ info ] [ HEADER ] array (
  'cache-control' => 'no-cache',
  'postman-token' => 'ca76c5f3-6ee1-419f-9cfc-bee6b85b81ea',
  'user-agent' => 'PostmanRuntime/7.1.1',
  'accept' => '*/*',
  'host' => 'kosun.com',
  'accept-encoding' => 'gzip, deflate',
  'content-type' => 'multipart/form-data; boundary=--------------------------982387135925085759016891',
  'content-length' => '387',
  'connection' => 'keep-alive',
)
[ info ] [ PARAM ] array (
  'transactionType' => '[1,2,18]',
  'dateType' => '0',
  'playTypeId' => '1',
  'betLimit' => '0',
  'matchLimit' => '5000',
)
[ info ] [ BEHAVIOR ] Run app\common\behavior\SwitchIdentity @module_init [ RunTime:0.000000s ]
[ info ] [ BEHAVIOR ] Run app\admin\behavior\Auth @action_begin [ RunTime:0.000000s ]
[ info ] [ RUN ] app\admin\controller\UserAccountRecord->getAccountList[ D:\xampp\htdocs\service\application\admin\controller\UserAccountRecord.php ]
[ info ] [ DB ] INIT mysql
[ info ] [ DB ] INIT mysql
[ info ] [ BEHAVIOR ] Run app\common\behavior\Cross @app_end [ RunTime:0.000000s ]
[ info ] [ LOG ] INIT File
---------------------------------------------------------------
[ 2018-03-09T16:58:53+08:00 ] 127.0.0.1 POST /admin/UserAccountRecord/getAccountList?transactionType=[1,2,18]&dateType=0
[ info ] kosun.com/admin/UserAccountRecord/getAccountList?transactionType=[1,2,18]&dateType=0 [运行时间：0.028000s][吞吐率：35.71req/s] [内存消耗：2,857.93kb] [文件加载：72]
[ info ] [ BEHAVIOR ] Run app\common\behavior\Cross @app_init [ RunTime:0.003000s ]
[ info ] [ LANG ] D:\xampp\htdocs\service\thinkphp\lang\zh-cn.php
[ info ] [ ROUTE ] array (
  'type' => 'module',
  'module' => 
  array (
    0 => 'admin',
    1 => 'UserAccountRecord',
    2 => 'getAccountList',
  ),
)
[ info ] [ HEADER ] array (
  'cache-control' => 'no-cache',
  'postman-token' => 'd61a85e1-f77c-4fd6-908b-c347c64ec00f',
  'user-agent' => 'PostmanRuntime/7.1.1',
  'accept' => '*/*',
  'host' => 'kosun.com',
  'accept-encoding' => 'gzip, deflate',
  'content-type' => 'multipart/form-data; boundary=--------------------------452516958528347617050308',
  'content-length' => '387',
  'connection' => 'keep-alive',
)
[ info ] [ PARAM ] array (
  'transactionType' => '[1,2,18]',
  'dateType' => '0',
  'playTypeId' => '1',
  'betLimit' => '0',
  'matchLimit' => '5000',
)
[ info ] [ BEHAVIOR ] Run app\common\behavior\SwitchIdentity @module_init [ RunTime:0.000000s ]
[ info ] [ BEHAVIOR ] Run app\admin\behavior\Auth @action_begin [ RunTime:0.000000s ]
[ info ] [ RUN ] app\admin\controller\UserAccountRecord->getAccountList[ D:\xampp\htdocs\service\application\admin\controller\UserAccountRecord.php ]
[ info ] [ DB ] INIT mysql
[ info ] [ LOG ] INIT File
---------------------------------------------------------------
[ 2018-03-09T16:59:18+08:00 ] 127.0.0.1 POST /admin/UserAccountRecord/getAccountList?transactionType=[1,2,18]&dateType=0
[ info ] kosun.com/admin/UserAccountRecord/getAccountList?transactionType=[1,2,18]&dateType=0 [运行时间：0.032000s][吞吐率：31.25req/s] [内存消耗：2,858.01kb] [文件加载：72]
[ info ] [ BEHAVIOR ] Run app\common\behavior\Cross @app_init [ RunTime:0.003000s ]
[ info ] [ LANG ] D:\xampp\htdocs\service\thinkphp\lang\zh-cn.php
[ info ] [ ROUTE ] array (
  'type' => 'module',
  'module' => 
  array (
    0 => 'admin',
    1 => 'UserAccountRecord',
    2 => 'getAccountList',
  ),
)
[ info ] [ HEADER ] array (
  'cache-control' => 'no-cache',
  'postman-token' => '6fb924ab-65c1-47fb-aadd-034ac86c9af1',
  'user-agent' => 'PostmanRuntime/7.1.1',
  'accept' => '*/*',
  'host' => 'kosun.com',
  'accept-encoding' => 'gzip, deflate',
  'content-type' => 'multipart/form-data; boundary=--------------------------406317967696666697813537',
  'content-length' => '387',
  'connection' => 'keep-alive',
)
[ info ] [ PARAM ] array (
  'transactionType' => '[1,2,18]',
  'dateType' => '0',
  'playTypeId' => '1',
  'betLimit' => '0',
  'matchLimit' => '5000',
)
[ info ] [ BEHAVIOR ] Run app\common\behavior\SwitchIdentity @module_init [ RunTime:0.001000s ]
[ info ] [ BEHAVIOR ] Run app\admin\behavior\Auth @action_begin [ RunTime:0.000000s ]
[ info ] [ RUN ] app\admin\controller\UserAccountRecord->getAccountList[ D:\xampp\htdocs\service\application\admin\controller\UserAccountRecord.php ]
[ info ] [ DB ] INIT mysql
[ info ] [ LOG ] INIT File
---------------------------------------------------------------
[ 2018-03-09T16:59:51+08:00 ] 127.0.0.1 POST /admin/UserAccountRecord/getAccountList?transactionType=[1,2,18]&dateType=0
[ info ] kosun.com/admin/UserAccountRecord/getAccountList?transactionType=[1,2,18]&dateType=0 [运行时间：0.028000s][吞吐率：35.71req/s] [内存消耗：2,857.99kb] [文件加载：72]
[ info ] [ BEHAVIOR ] Run app\common\behavior\Cross @app_init [ RunTime:0.002000s ]
[ info ] [ LANG ] D:\xampp\htdocs\service\thinkphp\lang\zh-cn.php
[ info ] [ ROUTE ] array (
  'type' => 'module',
  'module' => 
  array (
    0 => 'admin',
    1 => 'UserAccountRecord',
    2 => 'getAccountList',
  ),
)
[ info ] [ HEADER ] array (
  'cache-control' => 'no-cache',
  'postman-token' => 'd7e8c86c-6bab-4bbb-bbff-1a17fc0bf7c8',
  'user-agent' => 'PostmanRuntime/7.1.1',
  'accept' => '*/*',
  'host' => 'kosun.com',
  'accept-encoding' => 'gzip, deflate',
  'content-type' => 'multipart/form-data; boundary=--------------------------759511969980949987014639',
  'content-length' => '387',
  'connection' => 'keep-alive',
)
[ info ] [ PARAM ] array (
  'transactionType' => '[1,2,18]',
  'dateType' => '0',
  'playTypeId' => '1',
  'betLimit' => '0',
  'matchLimit' => '5000',
)
[ info ] [ BEHAVIOR ] Run app\common\behavior\SwitchIdentity @module_init [ RunTime:0.000000s ]
[ info ] [ BEHAVIOR ] Run app\admin\behavior\Auth @action_begin [ RunTime:0.000000s ]
[ info ] [ RUN ] app\admin\controller\UserAccountRecord->getAccountList[ D:\xampp\htdocs\service\application\admin\controller\UserAccountRecord.php ]
[ info ] [ DB ] INIT mysql
[ info ] [ LOG ] INIT File
---------------------------------------------------------------
[ 2018-03-09T17:01:29+08:00 ] 127.0.0.1 POST /admin/UserAccountRecord/getAccountList?transactionType=[1,2,18]&dateType=0
[ info ] kosun.com/admin/UserAccountRecord/getAccountList?transactionType=[1,2,18]&dateType=0 [运行时间：0.983000s][吞吐率：1.02req/s] [内存消耗：3,019.77kb] [文件加载：76]
[ info ] [ BEHAVIOR ] Run app\common\behavior\Cross @app_init [ RunTime:0.003000s ]
[ info ] [ LANG ] D:\xampp\htdocs\service\thinkphp\lang\zh-cn.php
[ info ] [ ROUTE ] array (
  'type' => 'module',
  'module' => 
  array (
    0 => 'admin',
    1 => 'UserAccountRecord',
    2 => 'getAccountList',
  ),
)
[ info ] [ HEADER ] array (
  'cache-control' => 'no-cache',
  'postman-token' => '000fdd6d-f021-4487-b69b-a868d7201955',
  'user-agent' => 'PostmanRuntime/7.1.1',
  'accept' => '*/*',
  'host' => 'kosun.com',
  'accept-encoding' => 'gzip, deflate',
  'content-type' => 'multipart/form-data; boundary=--------------------------140839350486600848053766',
  'content-length' => '387',
  'connection' => 'keep-alive',
)
[ info ] [ PARAM ] array (
  'transactionType' => '[1,2,18]',
  'dateType' => '0',
  'playTypeId' => '1',
  'betLimit' => '0',
  'matchLimit' => '5000',
)
[ info ] [ BEHAVIOR ] Run app\common\behavior\SwitchIdentity @module_init [ RunTime:0.001000s ]
[ info ] [ BEHAVIOR ] Run app\admin\behavior\Auth @action_begin [ RunTime:0.000000s ]
[ info ] [ RUN ] app\admin\controller\UserAccountRecord->getAccountList[ D:\xampp\htdocs\service\application\admin\controller\UserAccountRecord.php ]
[ info ] [ DB ] INIT mysql
[ info ] [ DB ] INIT mysql
[ info ] [ BEHAVIOR ] Run app\common\behavior\Cross @app_end [ RunTime:0.000000s ]
[ info ] [ LOG ] INIT File
---------------------------------------------------------------
[ 2018-03-09T17:02:09+08:00 ] 127.0.0.1 POST /admin/UserAccountRecord/getAccountList?transactionType=[1,2,18]&dateType=0
[ info ] kosun.com/admin/UserAccountRecord/getAccountList?transactionType=[1,2,18]&dateType=0 [运行时间：0.033000s][吞吐率：30.30req/s] [内存消耗：2,942.72kb] [文件加载：78]
[ info ] [ BEHAVIOR ] Run app\common\behavior\Cross @app_init [ RunTime:0.002000s ]
[ info ] [ LANG ] D:\xampp\htdocs\service\thinkphp\lang\zh-cn.php
[ info ] [ ROUTE ] array (
  'type' => 'module',
  'module' => 
  array (
    0 => 'admin',
    1 => 'UserAccountRecord',
    2 => 'getAccountList',
  ),
)
[ info ] [ HEADER ] array (
  'cache-control' => 'no-cache',
  'postman-token' => '0776329c-b50c-4230-bd17-f3a8d0c507d3',
  'user-agent' => 'PostmanRuntime/7.1.1',
  'accept' => '*/*',
  'host' => 'kosun.com',
  'accept-encoding' => 'gzip, deflate',
  'content-type' => 'multipart/form-data; boundary=--------------------------446337988967180525036584',
  'content-length' => '387',
  'connection' => 'keep-alive',
)
[ info ] [ PARAM ] array (
  'transactionType' => '[1,2,18]',
  'dateType' => '0',
  'playTypeId' => '1',
  'betLimit' => '0',
  'matchLimit' => '5000',
)
[ info ] [ BEHAVIOR ] Run app\common\behavior\SwitchIdentity @module_init [ RunTime:0.001000s ]
[ info ] [ BEHAVIOR ] Run app\admin\behavior\Auth @action_begin [ RunTime:0.000000s ]
[ info ] [ RUN ] app\admin\controller\UserAccountRecord->getAccountList[ D:\xampp\htdocs\service\application\admin\controller\UserAccountRecord.php ]
[ info ] [ DB ] INIT mysql
[ info ] [ LOG ] INIT File
[ error ] [2]strpos() expects parameter 1 to be string, array given[D:\xampp\htdocs\service\application\admin\logic\UserAccountRecord.php:136]
---------------------------------------------------------------
[ 2018-03-09T17:02:29+08:00 ] 127.0.0.1 POST /admin/UserAccountRecord/getAccountList?transactionType=[1,2,18]&dateType=0
[ info ] kosun.com/admin/UserAccountRecord/getAccountList?transactionType=[1,2,18]&dateType=0 [运行时间：0.955000s][吞吐率：1.05req/s] [内存消耗：3,019.77kb] [文件加载：76]
[ info ] [ BEHAVIOR ] Run app\common\behavior\Cross @app_init [ RunTime:0.003000s ]
[ info ] [ LANG ] D:\xampp\htdocs\service\thinkphp\lang\zh-cn.php
[ info ] [ ROUTE ] array (
  'type' => 'module',
  'module' => 
  array (
    0 => 'admin',
    1 => 'UserAccountRecord',
    2 => 'getAccountList',
  ),
)
[ info ] [ HEADER ] array (
  'cache-control' => 'no-cache',
  'postman-token' => 'a5d7739b-25d6-42b3-bcda-4a9adff8b3e3',
  'user-agent' => 'PostmanRuntime/7.1.1',
  'accept' => '*/*',
  'host' => 'kosun.com',
  'accept-encoding' => 'gzip, deflate',
  'content-type' => 'multipart/form-data; boundary=--------------------------425472186532140519995930',
  'content-length' => '387',
  'connection' => 'keep-alive',
)
[ info ] [ PARAM ] array (
  'transactionType' => '[1,2,18]',
  'dateType' => '0',
  'playTypeId' => '1',
  'betLimit' => '0',
  'matchLimit' => '5000',
)
[ info ] [ BEHAVIOR ] Run app\common\behavior\SwitchIdentity @module_init [ RunTime:0.001000s ]
[ info ] [ BEHAVIOR ] Run app\admin\behavior\Auth @action_begin [ RunTime:0.000000s ]
[ info ] [ RUN ] app\admin\controller\UserAccountRecord->getAccountList[ D:\xampp\htdocs\service\application\admin\controller\UserAccountRecord.php ]
[ info ] [ DB ] INIT mysql
[ info ] [ DB ] INIT mysql
[ info ] [ BEHAVIOR ] Run app\common\behavior\Cross @app_end [ RunTime:0.000000s ]
[ info ] [ LOG ] INIT File
---------------------------------------------------------------
[ 2018-03-09T17:02:39+08:00 ] 127.0.0.1 POST /admin/UserAccountRecord/getAccountList?transactionType=[1,2,18]&dateType=0
[ info ] kosun.com/admin/UserAccountRecord/getAccountList?transactionType=[1,2,18]&dateType=0 [运行时间：0.032000s][吞吐率：31.25req/s] [内存消耗：2,857.98kb] [文件加载：72]
[ info ] [ BEHAVIOR ] Run app\common\behavior\Cross @app_init [ RunTime:0.003000s ]
[ info ] [ LANG ] D:\xampp\htdocs\service\thinkphp\lang\zh-cn.php
[ info ] [ ROUTE ] array (
  'type' => 'module',
  'module' => 
  array (
    0 => 'admin',
    1 => 'UserAccountRecord',
    2 => 'getAccountList',
  ),
)
[ info ] [ HEADER ] array (
  'cache-control' => 'no-cache',
  'postman-token' => '3219d51d-98be-4cf4-9d53-2dde7032eba4',
  'user-agent' => 'PostmanRuntime/7.1.1',
  'accept' => '*/*',
  'host' => 'kosun.com',
  'accept-encoding' => 'gzip, deflate',
  'content-type' => 'multipart/form-data; boundary=--------------------------811177272166269432306930',
  'content-length' => '387',
  'connection' => 'keep-alive',
)
[ info ] [ PARAM ] array (
  'transactionType' => '[1,2,18]',
  'dateType' => '0',
  'playTypeId' => '1',
  'betLimit' => '0',
  'matchLimit' => '5000',
)
[ info ] [ BEHAVIOR ] Run app\common\behavior\SwitchIdentity @module_init [ RunTime:0.001000s ]
[ info ] [ BEHAVIOR ] Run app\admin\behavior\Auth @action_begin [ RunTime:0.000000s ]
[ info ] [ RUN ] app\admin\controller\UserAccountRecord->getAccountList[ D:\xampp\htdocs\service\application\admin\controller\UserAccountRecord.php ]
[ info ] [ DB ] INIT mysql
[ info ] [ LOG ] INIT File
---------------------------------------------------------------
[ 2018-03-09T17:03:59+08:00 ] 127.0.0.1 POST /admin/UserAccountRecord/getAccountList?transactionType=[1,2,18]&dateType=0
[ info ] kosun.com/admin/UserAccountRecord/getAccountList?transactionType=[1,2,18]&dateType=0 [运行时间：0.959000s][吞吐率：1.04req/s] [内存消耗：3,019.77kb] [文件加载：76]
[ info ] [ BEHAVIOR ] Run app\common\behavior\Cross @app_init [ RunTime:0.004000s ]
[ info ] [ LANG ] D:\xampp\htdocs\service\thinkphp\lang\zh-cn.php
[ info ] [ ROUTE ] array (
  'type' => 'module',
  'module' => 
  array (
    0 => 'admin',
    1 => 'UserAccountRecord',
    2 => 'getAccountList',
  ),
)
[ info ] [ HEADER ] array (
  'cache-control' => 'no-cache',
  'postman-token' => '59c2b30a-2290-46f4-9c4f-00b4a3d97b7b',
  'user-agent' => 'PostmanRuntime/7.1.1',
  'accept' => '*/*',
  'host' => 'kosun.com',
  'accept-encoding' => 'gzip, deflate',
  'content-type' => 'multipart/form-data; boundary=--------------------------829197886935231260912104',
  'content-length' => '387',
  'connection' => 'keep-alive',
)
[ info ] [ PARAM ] array (
  'transactionType' => '[1,2,18]',
  'dateType' => '0',
  'playTypeId' => '1',
  'betLimit' => '0',
  'matchLimit' => '5000',
)
[ info ] [ BEHAVIOR ] Run app\common\behavior\SwitchIdentity @module_init [ RunTime:0.001000s ]
[ info ] [ BEHAVIOR ] Run app\admin\behavior\Auth @action_begin [ RunTime:0.000000s ]
[ info ] [ RUN ] app\admin\controller\UserAccountRecord->getAccountList[ D:\xampp\htdocs\service\application\admin\controller\UserAccountRecord.php ]
[ info ] [ DB ] INIT mysql
[ info ] [ DB ] INIT mysql
[ info ] [ BEHAVIOR ] Run app\common\behavior\Cross @app_end [ RunTime:0.000000s ]
[ info ] [ LOG ] INIT File
---------------------------------------------------------------
[ 2018-03-09T17:04:24+08:00 ] 127.0.0.1 POST /admin/UserAccountRecord/getAccountList?transactionType=[1,2,18]&dateType=0
[ info ] kosun.com/admin/UserAccountRecord/getAccountList?transactionType=[1,2,18]&dateType=0 [运行时间：0.030000s][吞吐率：33.33req/s] [内存消耗：2,857.91kb] [文件加载：72]
[ info ] [ BEHAVIOR ] Run app\common\behavior\Cross @app_init [ RunTime:0.003000s ]
[ info ] [ LANG ] D:\xampp\htdocs\service\thinkphp\lang\zh-cn.php
[ info ] [ ROUTE ] array (
  'type' => 'module',
  'module' => 
  array (
    0 => 'admin',
    1 => 'UserAccountRecord',
    2 => 'getAccountList',
  ),
)
[ info ] [ HEADER ] array (
  'cache-control' => 'no-cache',
  'postman-token' => 'e8d5a971-7898-4ac3-98ef-99baabcdeae4',
  'user-agent' => 'PostmanRuntime/7.1.1',
  'accept' => '*/*',
  'host' => 'kosun.com',
  'accept-encoding' => 'gzip, deflate',
  'content-type' => 'multipart/form-data; boundary=--------------------------479655837518422483915799',
  'content-length' => '387',
  'connection' => 'keep-alive',
)
[ info ] [ PARAM ] array (
  'transactionType' => '[1,2,18]',
  'dateType' => '0',
  'playTypeId' => '1',
  'betLimit' => '0',
  'matchLimit' => '5000',
)
[ info ] [ BEHAVIOR ] Run app\common\behavior\SwitchIdentity @module_init [ RunTime:0.001000s ]
[ info ] [ BEHAVIOR ] Run app\admin\behavior\Auth @action_begin [ RunTime:0.000000s ]
[ info ] [ RUN ] app\admin\controller\UserAccountRecord->getAccountList[ D:\xampp\htdocs\service\application\admin\controller\UserAccountRecord.php ]
[ info ] [ DB ] INIT mysql
[ info ] [ LOG ] INIT File
---------------------------------------------------------------
[ 2018-03-09T17:05:55+08:00 ] 127.0.0.1 POST /admin/UserAccountRecord/getAccountList?transactionType[]=[1,2,18]&dateType=0
[ info ] kosun.com/admin/UserAccountRecord/getAccountList?transactionType[]=[1,2,18]&dateType=0 [运行时间：0.028000s][吞吐率：35.71req/s] [内存消耗：2,857.94kb] [文件加载：72]
[ info ] [ BEHAVIOR ] Run app\common\behavior\Cross @app_init [ RunTime:0.003000s ]
[ info ] [ LANG ] D:\xampp\htdocs\service\thinkphp\lang\zh-cn.php
[ info ] [ ROUTE ] array (
  'type' => 'module',
  'module' => 
  array (
    0 => 'admin',
    1 => 'UserAccountRecord',
    2 => 'getAccountList',
  ),
)
[ info ] [ HEADER ] array (
  'cache-control' => 'no-cache',
  'postman-token' => 'a9ce9e1d-8c62-419e-91aa-3002210fb127',
  'user-agent' => 'PostmanRuntime/7.1.1',
  'accept' => '*/*',
  'host' => 'kosun.com',
  'accept-encoding' => 'gzip, deflate',
  'content-type' => 'multipart/form-data; boundary=--------------------------958560837778196525589291',
  'content-length' => '387',
  'connection' => 'keep-alive',
)
[ info ] [ PARAM ] array (
  'transactionType' => 
  array (
    0 => '[1,2,18]',
  ),
  'dateType' => '0',
  'playTypeId' => '1',
  'betLimit' => '0',
  'matchLimit' => '5000',
)
[ info ] [ BEHAVIOR ] Run app\common\behavior\SwitchIdentity @module_init [ RunTime:0.001000s ]
[ info ] [ BEHAVIOR ] Run app\admin\behavior\Auth @action_begin [ RunTime:0.000000s ]
[ info ] [ RUN ] app\admin\controller\UserAccountRecord->getAccountList[ D:\xampp\htdocs\service\application\admin\controller\UserAccountRecord.php ]
[ info ] [ DB ] INIT mysql
[ info ] [ LOG ] INIT File
---------------------------------------------------------------
[ 2018-03-09T17:07:53+08:00 ] 127.0.0.1 POST /admin/UserAccountRecord/getAccountList?transactionType[]=1&transactionType[]=18
[ info ] kosun.com/admin/UserAccountRecord/getAccountList?transactionType[]=1&transactionType[]=18 [运行时间：0.033000s][吞吐率：30.30req/s] [内存消耗：2,895.59kb] [文件加载：75]
[ info ] [ BEHAVIOR ] Run app\common\behavior\Cross @app_init [ RunTime:0.003000s ]
[ info ] [ LANG ] D:\xampp\htdocs\service\thinkphp\lang\zh-cn.php
[ info ] [ ROUTE ] array (
  'type' => 'module',
  'module' => 
  array (
    0 => 'admin',
    1 => 'UserAccountRecord',
    2 => 'getAccountList',
  ),
)
[ info ] [ HEADER ] array (
  'cache-control' => 'no-cache',
  'postman-token' => '06b8612b-76a9-4a69-b9b7-24f2a3f3293e',
  'user-agent' => 'PostmanRuntime/7.1.1',
  'accept' => '*/*',
  'host' => 'kosun.com',
  'accept-encoding' => 'gzip, deflate',
  'content-type' => 'multipart/form-data; boundary=--------------------------695628759747829431063780',
  'content-length' => '387',
  'connection' => 'keep-alive',
)
[ info ] [ PARAM ] array (
  'transactionType' => 
  array (
    0 => '1',
    1 => '18',
  ),
  'playTypeId' => '1',
  'betLimit' => '0',
  'matchLimit' => '5000',
)
[ info ] [ BEHAVIOR ] Run app\common\behavior\SwitchIdentity @module_init [ RunTime:0.001000s ]
[ info ] [ BEHAVIOR ] Run app\admin\behavior\Auth @action_begin [ RunTime:0.000000s ]
[ info ] [ RUN ] app\admin\controller\UserAccountRecord->getAccountList[ D:\xampp\htdocs\service\application\admin\controller\UserAccountRecord.php ]
[ info ] [ DB ] INIT mysql
[ info ] [ LOG ] INIT File
[ error ] [8]未定义数组索引: date_type[D:\xampp\htdocs\service\application\admin\logic\UserAccountRecord.php:61]
---------------------------------------------------------------
[ 2018-03-09T17:08:14+08:00 ] 127.0.0.1 POST /admin/UserAccountRecord/getAccountList?transactionType[]=1&transactionType[]=18
[ info ] kosun.com/admin/UserAccountRecord/getAccountList?transactionType[]=1&transactionType[]=18 [运行时间：0.031000s][吞吐率：32.26req/s] [内存消耗：2,895.86kb] [文件加载：75]
[ info ] [ BEHAVIOR ] Run app\common\behavior\Cross @app_init [ RunTime:0.002000s ]
[ info ] [ LANG ] D:\xampp\htdocs\service\thinkphp\lang\zh-cn.php
[ info ] [ ROUTE ] array (
  'type' => 'module',
  'module' => 
  array (
    0 => 'admin',
    1 => 'UserAccountRecord',
    2 => 'getAccountList',
  ),
)
[ info ] [ HEADER ] array (
  'cache-control' => 'no-cache',
  'postman-token' => 'c91d5f0b-f5bf-463a-b033-69ac34278231',
  'user-agent' => 'PostmanRuntime/7.1.1',
  'accept' => '*/*',
  'host' => 'kosun.com',
  'accept-encoding' => 'gzip, deflate',
  'content-type' => 'multipart/form-data; boundary=--------------------------644980581958829927795906',
  'content-length' => '387',
  'connection' => 'keep-alive',
)
[ info ] [ PARAM ] array (
  'transactionType' => 
  array (
    0 => '1',
    1 => '18',
  ),
  'playTypeId' => '1',
  'betLimit' => '0',
  'matchLimit' => '5000',
)
[ info ] [ BEHAVIOR ] Run app\common\behavior\SwitchIdentity @module_init [ RunTime:0.000000s ]
[ info ] [ BEHAVIOR ] Run app\admin\behavior\Auth @action_begin [ RunTime:0.000000s ]
[ info ] [ RUN ] app\admin\controller\UserAccountRecord->getAccountList[ D:\xampp\htdocs\service\application\admin\controller\UserAccountRecord.php ]
[ info ] [ DB ] INIT mysql
[ info ] [ LOG ] INIT File
[ error ] [8]未定义数组索引: date_type[D:\xampp\htdocs\service\application\admin\logic\UserAccountRecord.php:61]
---------------------------------------------------------------
[ 2018-03-09T17:20:44+08:00 ] 127.0.0.1 POST /admin/Notice/getNoticeList
[ info ] kosun.com/admin/Notice/getNoticeList [运行时间：0.532000s][吞吐率：1.88req/s] [内存消耗：2,842.76kb] [文件加载：76]
[ info ] [ BEHAVIOR ] Run app\common\behavior\Cross @app_init [ RunTime:0.003000s ]
[ info ] [ LANG ] D:\xampp\htdocs\service\thinkphp\lang\zh-cn.php
[ info ] [ ROUTE ] array (
  'type' => 'module',
  'module' => 
  array (
    0 => 'admin',
    1 => 'Notice',
    2 => 'getNoticeList',
  ),
)
[ info ] [ HEADER ] array (
  'cache-control' => 'no-cache',
  'postman-token' => 'af280062-fc08-417f-9bff-0e6835791ea6',
  'user-agent' => 'PostmanRuntime/7.1.1',
  'accept' => '*/*',
  'host' => 'kosun.com',
  'accept-encoding' => 'gzip, deflate',
  'content-type' => 'multipart/form-data; boundary=--------------------------412436857115731805036798',
  'content-length' => '387',
  'connection' => 'keep-alive',
)
[ info ] [ PARAM ] array (
  'playTypeId' => '1',
  'betLimit' => '0',
  'matchLimit' => '5000',
)
[ info ] [ BEHAVIOR ] Run app\common\behavior\SwitchIdentity @module_init [ RunTime:0.001000s ]
[ info ] [ BEHAVIOR ] Run app\admin\behavior\Auth @action_begin [ RunTime:0.000000s ]
[ info ] [ RUN ] app\admin\controller\Notice->getNoticeList[ D:\xampp\htdocs\service\application\admin\controller\Notice.php ]
[ info ] [ DB ] INIT mysql
[ info ] [ BEHAVIOR ] Run app\common\behavior\Cross @app_end [ RunTime:0.000000s ]
[ info ] [ LOG ] INIT File
---------------------------------------------------------------
[ 2018-03-09T17:21:12+08:00 ] 127.0.0.1 POST /admin/Notice/getNoticeList
[ info ] kosun.com/admin/Notice/getNoticeList [运行时间：0.443000s][吞吐率：2.26req/s] [内存消耗：2,842.76kb] [文件加载：76]
[ info ] [ BEHAVIOR ] Run app\common\behavior\Cross @app_init [ RunTime:0.003000s ]
[ info ] [ LANG ] D:\xampp\htdocs\service\thinkphp\lang\zh-cn.php
[ info ] [ ROUTE ] array (
  'type' => 'module',
  'module' => 
  array (
    0 => 'admin',
    1 => 'Notice',
    2 => 'getNoticeList',
  ),
)
[ info ] [ HEADER ] array (
  'cache-control' => 'no-cache',
  'postman-token' => 'ae8ec071-9186-46fa-8d86-9f7f71103942',
  'user-agent' => 'PostmanRuntime/7.1.1',
  'accept' => '*/*',
  'host' => 'kosun.com',
  'accept-encoding' => 'gzip, deflate',
  'content-type' => 'multipart/form-data; boundary=--------------------------731211269756742073841736',
  'content-length' => '387',
  'connection' => 'keep-alive',
)
[ info ] [ PARAM ] array (
  'playTypeId' => '1',
  'betLimit' => '0',
  'matchLimit' => '5000',
)
[ info ] [ BEHAVIOR ] Run app\common\behavior\SwitchIdentity @module_init [ RunTime:0.000000s ]
[ info ] [ BEHAVIOR ] Run app\admin\behavior\Auth @action_begin [ RunTime:0.001000s ]
[ info ] [ RUN ] app\admin\controller\Notice->getNoticeList[ D:\xampp\htdocs\service\application\admin\controller\Notice.php ]
[ info ] [ DB ] INIT mysql
[ info ] [ BEHAVIOR ] Run app\common\behavior\Cross @app_end [ RunTime:0.000000s ]
[ info ] [ LOG ] INIT File
---------------------------------------------------------------
[ 2018-03-09T18:03:37+08:00 ] 127.0.0.1 GET /admin/User/setRebateProportion?configIds=[%7Bproportion:%201,%20ul_id:%2013%7D,%20%7Bproportion:%202,%20ul_id:%2013%7D,%20%7Bproportion:%203,%20ul_id:%2013%7D]
[ info ] kosun.com/admin/User/setRebateProportion?configIds=[%7Bproportion:%201,%20ul_id:%2013%7D,%20%7Bproportion:%202,%20ul_id:%2013%7D,%20%7Bproportion:%203,%20ul_id:%2013%7D] [运行时间：0.036000s][吞吐率：27.78req/s] [内存消耗：2,041.70kb] [文件加载：69]
[ info ] [ BEHAVIOR ] Run app\common\behavior\Cross @app_init [ RunTime:0.003500s ]
[ info ] [ LANG ] D:\xampp\htdocs\service\thinkphp\lang\zh-cn.php
[ info ] [ ROUTE ] array (
  'type' => 'module',
  'module' => 
  array (
    0 => 'admin',
    1 => 'User',
    2 => 'setRebateProportion',
  ),
)
[ info ] [ HEADER ] array (
  'cache-control' => 'no-cache',
  'postman-token' => '394d28a3-6946-4592-b5f7-9918115a29ba',
  'user-agent' => 'PostmanRuntime/7.1.1',
  'accept' => '*/*',
  'host' => 'kosun.com',
  'accept-encoding' => 'gzip, deflate',
  'connection' => 'keep-alive',
)
[ info ] [ PARAM ] array (
  'configIds' => '[{proportion: 1, ul_id: 13}, {proportion: 2, ul_id: 13}, {proportion: 3, ul_id: 13}]',
)
[ info ] [ BEHAVIOR ] Run app\common\behavior\SwitchIdentity @module_init [ RunTime:0.002500s ]
[ info ] [ LOG ] INIT File
---------------------------------------------------------------
[ 2018-03-09T18:04:02+08:00 ] 127.0.0.1 GET /admin/User/setRebateProportion
[ info ] kosun.com/admin/User/setRebateProportion [运行时间：0.028500s][吞吐率：35.09req/s] [内存消耗：2,039.81kb] [文件加载：69]
[ info ] [ BEHAVIOR ] Run app\common\behavior\Cross @app_init [ RunTime:0.003000s ]
[ info ] [ LANG ] D:\xampp\htdocs\service\thinkphp\lang\zh-cn.php
[ info ] [ ROUTE ] array (
  'type' => 'module',
  'module' => 
  array (
    0 => 'admin',
    1 => 'User',
    2 => 'setRebateProportion',
  ),
)
[ info ] [ HEADER ] array (
  'cache-control' => 'no-cache',
  'postman-token' => '4fee0a8b-203d-48b4-a3c2-ce24ce810d03',
  'user-agent' => 'PostmanRuntime/7.1.1',
  'accept' => '*/*',
  'host' => 'kosun.com',
  'accept-encoding' => 'gzip, deflate',
  'connection' => 'keep-alive',
)
[ info ] [ PARAM ] array (
)
[ info ] [ BEHAVIOR ] Run app\common\behavior\SwitchIdentity @module_init [ RunTime:0.000500s ]
[ info ] [ LOG ] INIT File
---------------------------------------------------------------
[ 2018-03-09T18:05:06+08:00 ] 127.0.0.1 GET /admin/SportsOrders/info?orderNo=FP170513653612770609
[ info ] kosun.com/admin/SportsOrders/info?orderNo=FP170513653612770609 [运行时间：0.026000s][吞吐率：38.46req/s] [内存消耗：2,006.14kb] [文件加载：70]
[ info ] [ BEHAVIOR ] Run app\common\behavior\Cross @app_init [ RunTime:0.002500s ]
[ info ] [ LANG ] D:\xampp\htdocs\service\thinkphp\lang\zh-cn.php
[ info ] [ ROUTE ] array (
  'type' => 'module',
  'module' => 
  array (
    0 => 'admin',
    1 => 'SportsOrders',
    2 => 'info',
  ),
)
[ info ] [ HEADER ] array (
  'cache-control' => 'no-cache',
  'postman-token' => 'fea80a81-141e-449b-8af5-b857a417377d',
  'user-agent' => 'PostmanRuntime/7.1.1',
  'accept' => '*/*',
  'host' => 'kosun.com',
  'accept-encoding' => 'gzip, deflate',
  'connection' => 'keep-alive',
)
[ info ] [ PARAM ] array (
  'orderNo' => 'FP170513653612770609',
)
[ info ] [ BEHAVIOR ] Run app\common\behavior\SwitchIdentity @module_init [ RunTime:0.000500s ]
[ info ] [ BEHAVIOR ] Run app\admin\behavior\Auth @action_begin [ RunTime:0.000000s ]
[ info ] [ RUN ] app\admin\controller\SportsOrders->info[ D:\xampp\htdocs\service\application\admin\controller\SportsOrders.php ]
[ info ] [ LOG ] INIT File
[ error ] [0]语法解析错误: syntax error, unexpected '&&' (T_BOOLEAN_AND)[D:\xampp\htdocs\service\application\common\logic\Orders.php:758]
---------------------------------------------------------------
[ 2018-03-09T18:05:19+08:00 ] 127.0.0.1 POST /admin/Notice/getNoticeList
[ info ] kosun.com/admin/Notice/getNoticeList [运行时间：0.627000s][吞吐率：1.59req/s] [内存消耗：2,842.76kb] [文件加载：76]
[ info ] [ BEHAVIOR ] Run app\common\behavior\Cross @app_init [ RunTime:0.002500s ]
[ info ] [ LANG ] D:\xampp\htdocs\service\thinkphp\lang\zh-cn.php
[ info ] [ ROUTE ] array (
  'type' => 'module',
  'module' => 
  array (
    0 => 'admin',
    1 => 'Notice',
    2 => 'getNoticeList',
  ),
)
[ info ] [ HEADER ] array (
  'cache-control' => 'no-cache',
  'postman-token' => 'bccb36e2-107f-485e-a634-826571889bdb',
  'user-agent' => 'PostmanRuntime/7.1.1',
  'accept' => '*/*',
  'host' => 'kosun.com',
  'accept-encoding' => 'gzip, deflate',
  'content-type' => 'multipart/form-data; boundary=--------------------------118276333515473448240488',
  'content-length' => '387',
  'connection' => 'keep-alive',
)
[ info ] [ PARAM ] array (
  'playTypeId' => '1',
  'betLimit' => '0',
  'matchLimit' => '5000',
)
[ info ] [ BEHAVIOR ] Run app\common\behavior\SwitchIdentity @module_init [ RunTime:0.000500s ]
[ info ] [ BEHAVIOR ] Run app\admin\behavior\Auth @action_begin [ RunTime:0.000000s ]
[ info ] [ RUN ] app\admin\controller\Notice->getNoticeList[ D:\xampp\htdocs\service\application\admin\controller\Notice.php ]
[ info ] [ DB ] INIT mysql
[ info ] [ BEHAVIOR ] Run app\common\behavior\Cross @app_end [ RunTime:0.000000s ]
[ info ] [ LOG ] INIT File
