---------------------------------------------------------------
[ 2018-03-23T11:22:10+08:00 ] 127.0.0.1 POST /admin/PayCenter/getPayCenterFriendAccountList
[ info ] kosun.com/admin/PayCenter/getPayCenterFriendAccountList [运行时间：0.059000s][吞吐率：16.95req/s] [内存消耗：1,998.80kb] [文件加载：69]
[ info ] [ BEHAVIOR ] Run app\common\behavior\Cross @app_init [ RunTime:0.003500s ]
[ info ] [ LANG ] D:\xampp\htdocs\service\thinkphp\lang\zh-cn.php
[ info ] [ ROUTE ] array (
  'type' => 'module',
  'module' => 
  array (
    0 => 'admin',
    1 => 'PayCenter',
    2 => 'getPayCenterFriendAccountList',
  ),
)
[ info ] [ HEADER ] array (
  'cache-control' => 'no-cache',
  'postman-token' => 'bcf6925e-2c05-46b8-a657-71f93ad6dd2d',
  'user-agent' => 'PostmanRuntime/7.1.1',
  'accept' => '*/*',
  'host' => 'kosun.com',
  'accept-encoding' => 'gzip, deflate',
  'content-type' => 'multipart/form-data; boundary=--------------------------316264931751497403643330',
  'content-length' => '387',
  'connection' => 'keep-alive',
)
[ info ] [ PARAM ] array (
  'playTypeId' => '1',
  'betLimit' => '0',
  'matchLimit' => '5000',
)
[ info ] [ BEHAVIOR ] Run app\common\behavior\SwitchIdentity @module_init [ RunTime:0.000500s ]
[ info ] [ LOG ] INIT File
[ error ] [64]Cannot redeclare app\admin\controller\PayCenter::addBankAccount()[D:\xampp\htdocs\service\application\admin\controller\PayCenter.php:365]
---------------------------------------------------------------
[ 2018-03-23T11:22:54+08:00 ] 127.0.0.1 POST /admin/PayCenter/getPayCenterFriendAccountList
[ info ] kosun.com/admin/PayCenter/getPayCenterFriendAccountList [运行时间：0.029000s][吞吐率：34.48req/s] [内存消耗：2,132.91kb] [文件加载：70]
[ info ] [ BEHAVIOR ] Run app\common\behavior\Cross @app_init [ RunTime:0.003000s ]
[ info ] [ LANG ] D:\xampp\htdocs\service\thinkphp\lang\zh-cn.php
[ info ] [ ROUTE ] array (
  'type' => 'module',
  'module' => 
  array (
    0 => 'admin',
    1 => 'PayCenter',
    2 => 'getPayCenterFriendAccountList',
  ),
)
[ info ] [ HEADER ] array (
  'cache-control' => 'no-cache',
  'postman-token' => 'c75b384c-caa3-474c-ab23-577828771278',
  'user-agent' => 'PostmanRuntime/7.1.1',
  'accept' => '*/*',
  'host' => 'kosun.com',
  'accept-encoding' => 'gzip, deflate',
  'content-type' => 'multipart/form-data; boundary=--------------------------705501928801475464785584',
  'content-length' => '387',
  'connection' => 'keep-alive',
)
[ info ] [ PARAM ] array (
  'playTypeId' => '1',
  'betLimit' => '0',
  'matchLimit' => '5000',
)
[ info ] [ BEHAVIOR ] Run app\common\behavior\SwitchIdentity @module_init [ RunTime:0.000500s ]
[ info ] [ BEHAVIOR ] Run app\admin\behavior\Auth @action_begin [ RunTime:0.000000s ]
[ info ] [ RUN ] app\admin\controller\PayCenter->getPayCenterFriendAccountList[ D:\xampp\htdocs\service\application\admin\controller\PayCenter.php ]
[ info ] [ LOG ] INIT File
[ error ] [64]Cannot redeclare app\admin\logic\PayCenter::editFriendAccount()[D:\xampp\htdocs\service\application\admin\logic\PayCenter.php:441]
---------------------------------------------------------------
[ 2018-03-23T11:23:36+08:00 ] 127.0.0.1 POST /admin/PayCenter/getPayCenterFriendAccountList
[ info ] kosun.com/admin/PayCenter/getPayCenterFriendAccountList [运行时间：0.027000s][吞吐率：37.04req/s] [内存消耗：2,132.91kb] [文件加载：70]
[ info ] [ BEHAVIOR ] Run app\common\behavior\Cross @app_init [ RunTime:0.002500s ]
[ info ] [ LANG ] D:\xampp\htdocs\service\thinkphp\lang\zh-cn.php
[ info ] [ ROUTE ] array (
  'type' => 'module',
  'module' => 
  array (
    0 => 'admin',
    1 => 'PayCenter',
    2 => 'getPayCenterFriendAccountList',
  ),
)
[ info ] [ HEADER ] array (
  'cache-control' => 'no-cache',
  'postman-token' => 'de27183c-e13d-4c89-8d00-afe6ac873cde',
  'user-agent' => 'PostmanRuntime/7.1.1',
  'accept' => '*/*',
  'host' => 'kosun.com',
  'accept-encoding' => 'gzip, deflate',
  'content-type' => 'multipart/form-data; boundary=--------------------------866004726886739002941618',
  'content-length' => '387',
  'connection' => 'keep-alive',
)
[ info ] [ PARAM ] array (
  'playTypeId' => '1',
  'betLimit' => '0',
  'matchLimit' => '5000',
)
[ info ] [ BEHAVIOR ] Run app\common\behavior\SwitchIdentity @module_init [ RunTime:0.000500s ]
[ info ] [ BEHAVIOR ] Run app\admin\behavior\Auth @action_begin [ RunTime:0.000000s ]
[ info ] [ RUN ] app\admin\controller\PayCenter->getPayCenterFriendAccountList[ D:\xampp\htdocs\service\application\admin\controller\PayCenter.php ]
[ info ] [ LOG ] INIT File
[ error ] [64]Cannot redeclare app\admin\logic\PayCenter::editFriendAccount()[D:\xampp\htdocs\service\application\admin\logic\PayCenter.php:441]
---------------------------------------------------------------
[ 2018-03-23T11:26:42+08:00 ] 127.0.0.1 POST /admin/PayCenter/getPayCenterFriendAccountList
[ info ] kosun.com/admin/PayCenter/getPayCenterFriendAccountList [运行时间：2.590000s][吞吐率：0.39req/s] [内存消耗：2,987.61kb] [文件加载：77]
[ info ] [ BEHAVIOR ] Run app\common\behavior\Cross @app_init [ RunTime:0.003500s ]
[ info ] [ LANG ] D:\xampp\htdocs\service\thinkphp\lang\zh-cn.php
[ info ] [ ROUTE ] array (
  'type' => 'module',
  'module' => 
  array (
    0 => 'admin',
    1 => 'PayCenter',
    2 => 'getPayCenterFriendAccountList',
  ),
)
[ info ] [ HEADER ] array (
  'cache-control' => 'no-cache',
  'postman-token' => 'eb994d05-fafd-413a-995c-e4c831b92233',
  'user-agent' => 'PostmanRuntime/7.1.1',
  'accept' => '*/*',
  'host' => 'kosun.com',
  'accept-encoding' => 'gzip, deflate',
  'content-type' => 'multipart/form-data; boundary=--------------------------657824828936182579049367',
  'content-length' => '387',
  'connection' => 'keep-alive',
)
[ info ] [ PARAM ] array (
  'playTypeId' => '1',
  'betLimit' => '0',
  'matchLimit' => '5000',
)
[ info ] [ BEHAVIOR ] Run app\common\behavior\SwitchIdentity @module_init [ RunTime:0.000500s ]
[ info ] [ BEHAVIOR ] Run app\admin\behavior\Auth @action_begin [ RunTime:0.000000s ]
[ info ] [ RUN ] app\admin\controller\PayCenter->getPayCenterFriendAccountList[ D:\xampp\htdocs\service\application\admin\controller\PayCenter.php ]
[ info ] [ DB ] INIT mysql
[ info ] [ BEHAVIOR ] Run app\common\behavior\Cross @app_end [ RunTime:0.000000s ]
[ info ] [ LOG ] INIT File
---------------------------------------------------------------
[ 2018-03-23T14:37:13+08:00 ] 127.0.0.1 POST /admin/PayCenter/getPayCenterFriendAccountList
[ info ] kosun.com/admin/PayCenter/getPayCenterFriendAccountList [运行时间：1.333000s][吞吐率：0.75req/s] [内存消耗：2,994.51kb] [文件加载：77]
[ info ] [ BEHAVIOR ] Run app\common\behavior\Cross @app_init [ RunTime:0.003000s ]
[ info ] [ LANG ] D:\xampp\htdocs\service\thinkphp\lang\zh-cn.php
[ info ] [ ROUTE ] array (
  'type' => 'module',
  'module' => 
  array (
    0 => 'admin',
    1 => 'PayCenter',
    2 => 'getPayCenterFriendAccountList',
  ),
)
[ info ] [ HEADER ] array (
  'cache-control' => 'no-cache',
  'postman-token' => '5921d3d3-9ec2-4b31-9929-1c8b9a693362',
  'user-agent' => 'PostmanRuntime/7.1.1',
  'accept' => '*/*',
  'host' => 'kosun.com',
  'accept-encoding' => 'gzip, deflate',
  'content-type' => 'multipart/form-data; boundary=--------------------------874024393678924677338047',
  'content-length' => '387',
  'connection' => 'keep-alive',
)
[ info ] [ PARAM ] array (
  'playTypeId' => '1',
  'betLimit' => '0',
  'matchLimit' => '5000',
)
[ info ] [ BEHAVIOR ] Run app\common\behavior\SwitchIdentity @module_init [ RunTime:0.001000s ]
[ info ] [ BEHAVIOR ] Run app\admin\behavior\Auth @action_begin [ RunTime:0.000000s ]
[ info ] [ RUN ] app\admin\controller\PayCenter->getPayCenterFriendAccountList[ D:\xampp\htdocs\service\application\admin\controller\PayCenter.php ]
[ info ] [ DB ] INIT mysql
[ info ] [ BEHAVIOR ] Run app\common\behavior\Cross @app_end [ RunTime:0.000000s ]
[ info ] [ LOG ] INIT File
