---------------------------------------------------------------
[ 2018-03-26T09:39:58+08:00 ] 127.0.0.1 POST /admin/PayCenterRechargeType/editPayTypeGroup?groupName=%E6%88%9123&status=1&orderIndex=1&groupId=5
[ info ] kosun.com/admin/PayCenterRechargeType/editPayTypeGroup?groupName=%E6%88%9123&status=1&orderIndex=1&groupId=5 [运行时间：0.984500s][吞吐率：1.02req/s] [内存消耗：2,862.41kb] [文件加载：77]
[ info ] [ BEHAVIOR ] Run app\common\behavior\Cross @app_init [ RunTime:0.003000s ]
[ info ] [ LANG ] D:\xampp\htdocs\service\thinkphp\lang\zh-cn.php
[ info ] [ ROUTE ] array (
  'type' => 'module',
  'module' => 
  array (
    0 => 'admin',
    1 => 'PayCenterRechargeType',
    2 => 'editPayTypeGroup',
  ),
)
[ info ] [ HEADER ] array (
  'cache-control' => 'no-cache',
  'postman-token' => '949ed77d-031f-4974-8180-4f944a0782e1',
  'user-agent' => 'PostmanRuntime/7.1.1',
  'accept' => '*/*',
  'host' => 'kosun.com',
  'accept-encoding' => 'gzip, deflate',
  'content-type' => 'multipart/form-data; boundary=--------------------------169006835327268985684059',
  'content-length' => '387',
  'connection' => 'keep-alive',
)
[ info ] [ PARAM ] array (
  'groupName' => '我23',
  'status' => '1',
  'orderIndex' => '1',
  'groupId' => '5',
  'playTypeId' => '1',
  'betLimit' => '0',
  'matchLimit' => '5000',
)
[ info ] [ BEHAVIOR ] Run app\common\behavior\SwitchIdentity @module_init [ RunTime:0.001000s ]
[ info ] [ BEHAVIOR ] Run app\admin\behavior\Auth @action_begin [ RunTime:0.000000s ]
[ info ] [ RUN ] app\admin\controller\PayCenterRechargeType->editPayTypeGroup[ D:\xampp\htdocs\service\application\admin\controller\PayCenterRechargeType.php ]
[ info ] [ DB ] INIT mysql
[ info ] [ BEHAVIOR ] Run app\common\behavior\Cross @app_end [ RunTime:0.000000s ]
[ info ] [ LOG ] INIT File
---------------------------------------------------------------
[ 2018-03-26T11:55:59+08:00 ] 127.0.0.1 POST /admin/PayCenterRechargeType/editPayTypeGroup?groupName=%E6%88%9123&status=1&orderIndex=1&groupId=5
[ info ] kosun.com/admin/PayCenterRechargeType/editPayTypeGroup?groupName=%E6%88%9123&status=1&orderIndex=1&groupId=5 [运行时间：1.078500s][吞吐率：0.93req/s] [内存消耗：2,862.41kb] [文件加载：77]
[ info ] [ BEHAVIOR ] Run app\common\behavior\Cross @app_init [ RunTime:0.004500s ]
[ info ] [ LANG ] D:\xampp\htdocs\service\thinkphp\lang\zh-cn.php
[ info ] [ ROUTE ] array (
  'type' => 'module',
  'module' => 
  array (
    0 => 'admin',
    1 => 'PayCenterRechargeType',
    2 => 'editPayTypeGroup',
  ),
)
[ info ] [ HEADER ] array (
  'cache-control' => 'no-cache',
  'postman-token' => '5ba99c7d-40a2-41ab-bd83-a61a736f9c18',
  'user-agent' => 'PostmanRuntime/7.1.1',
  'accept' => '*/*',
  'host' => 'kosun.com',
  'accept-encoding' => 'gzip, deflate',
  'content-type' => 'multipart/form-data; boundary=--------------------------628904482510316087148847',
  'content-length' => '387',
  'connection' => 'keep-alive',
)
[ info ] [ PARAM ] array (
  'groupName' => '我23',
  'status' => '1',
  'orderIndex' => '1',
  'groupId' => '5',
  'playTypeId' => '1',
  'betLimit' => '0',
  'matchLimit' => '5000',
)
[ info ] [ BEHAVIOR ] Run app\common\behavior\SwitchIdentity @module_init [ RunTime:0.000500s ]
[ info ] [ BEHAVIOR ] Run app\admin\behavior\Auth @action_begin [ RunTime:0.000000s ]
[ info ] [ RUN ] app\admin\controller\PayCenterRechargeType->editPayTypeGroup[ D:\xampp\htdocs\service\application\admin\controller\PayCenterRechargeType.php ]
[ info ] [ DB ] INIT mysql
[ info ] [ BEHAVIOR ] Run app\common\behavior\Cross @app_end [ RunTime:0.000000s ]
[ info ] [ LOG ] INIT File
---------------------------------------------------------------
[ 2018-03-26T14:46:32+08:00 ] 127.0.0.1 POST /admin/PayCenterRechargeType/editPayTypeGroup?groupName=%E6%88%9123&status=1&orderIndex=1&groupId=5
[ info ] kosun.com/admin/PayCenterRechargeType/editPayTypeGroup?groupName=%E6%88%9123&status=1&orderIndex=1&groupId=5 [运行时间：1.122000s][吞吐率：0.89req/s] [内存消耗：2,862.41kb] [文件加载：77]
[ info ] [ BEHAVIOR ] Run app\common\behavior\Cross @app_init [ RunTime:0.003000s ]
[ info ] [ LANG ] D:\xampp\htdocs\service\thinkphp\lang\zh-cn.php
[ info ] [ ROUTE ] array (
  'type' => 'module',
  'module' => 
  array (
    0 => 'admin',
    1 => 'PayCenterRechargeType',
    2 => 'editPayTypeGroup',
  ),
)
[ info ] [ HEADER ] array (
  'cache-control' => 'no-cache',
  'postman-token' => 'de69cca1-82ae-4dbe-bf45-c944e0fd4144',
  'user-agent' => 'PostmanRuntime/7.1.1',
  'accept' => '*/*',
  'host' => 'kosun.com',
  'accept-encoding' => 'gzip, deflate',
  'content-type' => 'multipart/form-data; boundary=--------------------------078729984434347587054790',
  'content-length' => '387',
  'connection' => 'keep-alive',
)
[ info ] [ PARAM ] array (
  'groupName' => '我23',
  'status' => '1',
  'orderIndex' => '1',
  'groupId' => '5',
  'playTypeId' => '1',
  'betLimit' => '0',
  'matchLimit' => '5000',
)
[ info ] [ BEHAVIOR ] Run app\common\behavior\SwitchIdentity @module_init [ RunTime:0.001000s ]
[ info ] [ BEHAVIOR ] Run app\admin\behavior\Auth @action_begin [ RunTime:0.000000s ]
[ info ] [ RUN ] app\admin\controller\PayCenterRechargeType->editPayTypeGroup[ D:\xampp\htdocs\service\application\admin\controller\PayCenterRechargeType.php ]
[ info ] [ DB ] INIT mysql
[ info ] [ BEHAVIOR ] Run app\common\behavior\Cross @app_end [ RunTime:0.000000s ]
[ info ] [ LOG ] INIT File
---------------------------------------------------------------
[ 2018-03-26T15:24:17+08:00 ] 127.0.0.1 POST /admin/PayCenterRechargeType/editPayTypeGroup?groupName=%E6%88%9123&status=1&orderIndex=1&groupId=5
[ info ] kosun.com/admin/PayCenterRechargeType/editPayTypeGroup?groupName=%E6%88%9123&status=1&orderIndex=1&groupId=5 [运行时间：2.069000s][吞吐率：0.48req/s] [内存消耗：2,862.41kb] [文件加载：77]
[ info ] [ BEHAVIOR ] Run app\common\behavior\Cross @app_init [ RunTime:0.003500s ]
[ info ] [ LANG ] D:\xampp\htdocs\service\thinkphp\lang\zh-cn.php
[ info ] [ ROUTE ] array (
  'type' => 'module',
  'module' => 
  array (
    0 => 'admin',
    1 => 'PayCenterRechargeType',
    2 => 'editPayTypeGroup',
  ),
)
[ info ] [ HEADER ] array (
  'cache-control' => 'no-cache',
  'postman-token' => 'f58b86b6-d672-4bc6-b7a1-44fd50ae19d7',
  'user-agent' => 'PostmanRuntime/7.1.1',
  'accept' => '*/*',
  'host' => 'kosun.com',
  'accept-encoding' => 'gzip, deflate',
  'content-type' => 'multipart/form-data; boundary=--------------------------803024449516854710220907',
  'content-length' => '387',
  'connection' => 'keep-alive',
)
[ info ] [ PARAM ] array (
  'groupName' => '我23',
  'status' => '1',
  'orderIndex' => '1',
  'groupId' => '5',
  'playTypeId' => '1',
  'betLimit' => '0',
  'matchLimit' => '5000',
)
[ info ] [ BEHAVIOR ] Run app\common\behavior\SwitchIdentity @module_init [ RunTime:0.001000s ]
[ info ] [ BEHAVIOR ] Run app\admin\behavior\Auth @action_begin [ RunTime:0.000500s ]
[ info ] [ RUN ] app\admin\controller\PayCenterRechargeType->editPayTypeGroup[ D:\xampp\htdocs\service\application\admin\controller\PayCenterRechargeType.php ]
[ info ] [ DB ] INIT mysql
[ info ] [ BEHAVIOR ] Run app\common\behavior\Cross @app_end [ RunTime:0.000000s ]
[ info ] [ LOG ] INIT File
---------------------------------------------------------------
[ 2018-03-26T15:24:41+08:00 ] 127.0.0.1 POST /admin/PayCenterRechargeType/addPayTypeGroup?groupName=www&status=1&orderIndex=1
[ info ] kosun.com/admin/PayCenterRechargeType/addPayTypeGroup?groupName=www&status=1&orderIndex=1 [运行时间：0.587500s][吞吐率：1.70req/s] [内存消耗：2,862.23kb] [文件加载：77]
[ info ] [ BEHAVIOR ] Run app\common\behavior\Cross @app_init [ RunTime:0.002500s ]
[ info ] [ LANG ] D:\xampp\htdocs\service\thinkphp\lang\zh-cn.php
[ info ] [ ROUTE ] array (
  'type' => 'module',
  'module' => 
  array (
    0 => 'admin',
    1 => 'PayCenterRechargeType',
    2 => 'addPayTypeGroup',
  ),
)
[ info ] [ HEADER ] array (
  'cache-control' => 'no-cache',
  'postman-token' => '374a3fab-6f5a-4868-86b0-9cf8f160565f',
  'user-agent' => 'PostmanRuntime/7.1.1',
  'accept' => '*/*',
  'host' => 'kosun.com',
  'accept-encoding' => 'gzip, deflate',
  'content-type' => 'multipart/form-data; boundary=--------------------------901309148126582294694984',
  'content-length' => '387',
  'connection' => 'keep-alive',
)
[ info ] [ PARAM ] array (
  'groupName' => 'www',
  'status' => '1',
  'orderIndex' => '1',
  'playTypeId' => '1',
  'betLimit' => '0',
  'matchLimit' => '5000',
)
[ info ] [ BEHAVIOR ] Run app\common\behavior\SwitchIdentity @module_init [ RunTime:0.000500s ]
[ info ] [ BEHAVIOR ] Run app\admin\behavior\Auth @action_begin [ RunTime:0.000000s ]
[ info ] [ RUN ] app\admin\controller\PayCenterRechargeType->addPayTypeGroup[ D:\xampp\htdocs\service\application\admin\controller\PayCenterRechargeType.php ]
[ info ] [ DB ] INIT mysql
[ info ] [ BEHAVIOR ] Run app\common\behavior\Cross @app_end [ RunTime:0.000000s ]
[ info ] [ LOG ] INIT File
---------------------------------------------------------------
[ 2018-03-26T15:24:45+08:00 ] 127.0.0.1 POST /admin/PayCenterRechargeType/getPayTypeGroupList
[ info ] kosun.com/admin/PayCenterRechargeType/getPayTypeGroupList [运行时间：0.587000s][吞吐率：1.70req/s] [内存消耗：2,861.86kb] [文件加载：77]
[ info ] [ BEHAVIOR ] Run app\common\behavior\Cross @app_init [ RunTime:0.002500s ]
[ info ] [ LANG ] D:\xampp\htdocs\service\thinkphp\lang\zh-cn.php
[ info ] [ ROUTE ] array (
  'type' => 'module',
  'module' => 
  array (
    0 => 'admin',
    1 => 'PayCenterRechargeType',
    2 => 'getPayTypeGroupList',
  ),
)
[ info ] [ HEADER ] array (
  'cache-control' => 'no-cache',
  'postman-token' => '86960432-3999-4760-ab5f-16dd9cff9707',
  'user-agent' => 'PostmanRuntime/7.1.1',
  'accept' => '*/*',
  'host' => 'kosun.com',
  'accept-encoding' => 'gzip, deflate',
  'content-type' => 'multipart/form-data; boundary=--------------------------138606744584652428416775',
  'content-length' => '387',
  'connection' => 'keep-alive',
)
[ info ] [ PARAM ] array (
  'playTypeId' => '1',
  'betLimit' => '0',
  'matchLimit' => '5000',
)
[ info ] [ BEHAVIOR ] Run app\common\behavior\SwitchIdentity @module_init [ RunTime:0.000500s ]
[ info ] [ BEHAVIOR ] Run app\admin\behavior\Auth @action_begin [ RunTime:0.000000s ]
[ info ] [ RUN ] app\admin\controller\PayCenterRechargeType->getPayTypeGroupList[ D:\xampp\htdocs\service\application\admin\controller\PayCenterRechargeType.php ]
[ info ] [ DB ] INIT mysql
[ info ] [ BEHAVIOR ] Run app\common\behavior\Cross @app_end [ RunTime:0.000000s ]
[ info ] [ LOG ] INIT File
---------------------------------------------------------------
[ 2018-03-26T15:25:07+08:00 ] 127.0.0.1 POST /admin/PayCenterRechargeType/editPayTypeGroup?groupName=%E6%88%9123&status=1&orderIndex=1&groupId=8
[ info ] kosun.com/admin/PayCenterRechargeType/editPayTypeGroup?groupName=%E6%88%9123&status=1&orderIndex=1&groupId=8 [运行时间：0.489000s][吞吐率：2.04req/s] [内存消耗：2,862.41kb] [文件加载：77]
[ info ] [ BEHAVIOR ] Run app\common\behavior\Cross @app_init [ RunTime:0.002500s ]
[ info ] [ LANG ] D:\xampp\htdocs\service\thinkphp\lang\zh-cn.php
[ info ] [ ROUTE ] array (
  'type' => 'module',
  'module' => 
  array (
    0 => 'admin',
    1 => 'PayCenterRechargeType',
    2 => 'editPayTypeGroup',
  ),
)
[ info ] [ HEADER ] array (
  'cache-control' => 'no-cache',
  'postman-token' => '916ed35c-0af4-40ca-aaa9-19fe7c44178e',
  'user-agent' => 'PostmanRuntime/7.1.1',
  'accept' => '*/*',
  'host' => 'kosun.com',
  'accept-encoding' => 'gzip, deflate',
  'content-type' => 'multipart/form-data; boundary=--------------------------754973613681514868015822',
  'content-length' => '387',
  'connection' => 'keep-alive',
)
[ info ] [ PARAM ] array (
  'groupName' => '我23',
  'status' => '1',
  'orderIndex' => '1',
  'groupId' => '8',
  'playTypeId' => '1',
  'betLimit' => '0',
  'matchLimit' => '5000',
)
[ info ] [ BEHAVIOR ] Run app\common\behavior\SwitchIdentity @module_init [ RunTime:0.000500s ]
[ info ] [ BEHAVIOR ] Run app\admin\behavior\Auth @action_begin [ RunTime:0.000500s ]
[ info ] [ RUN ] app\admin\controller\PayCenterRechargeType->editPayTypeGroup[ D:\xampp\htdocs\service\application\admin\controller\PayCenterRechargeType.php ]
[ info ] [ DB ] INIT mysql
[ info ] [ BEHAVIOR ] Run app\common\behavior\Cross @app_end [ RunTime:0.000000s ]
[ info ] [ LOG ] INIT File
---------------------------------------------------------------
[ 2018-03-26T16:55:37+08:00 ] 127.0.0.1 POST /
[ info ] master.test.dphub.sandai.net:80/ [运行时间：0.028500s][吞吐率：35.09req/s] [内存消耗：1,816.79kb] [文件加载：64]
[ info ] [ BEHAVIOR ] Run app\common\behavior\Cross @app_init [ RunTime:0.003500s ]
[ info ] [ LANG ] D:\xampp\htdocs\service\thinkphp\lang\zh-cn.php
[ info ] [ ROUTE ] array (
  'type' => 'module',
  'module' => 
  array (
    0 => '',
    1 => NULL,
    2 => NULL,
  ),
)
[ info ] [ HEADER ] array (
  'host' => 'master.test.dphub.sandai.net:80',
  'content-type' => 'application/octet-stream',
  'content-length' => '256',
  'connection' => 'Close',
)
[ info ] [ PARAM ] array (
)
[ info ] [ BEHAVIOR ] Run app\common\behavior\SwitchIdentity @module_init [ RunTime:0.000500s ]
[ info ] [ LOG ] INIT File
