---------------------------------------------------------------
[ 2018-03-30T10:50:36+08:00 ] 127.0.0.1 POST /admin/PayCenterFriendPayAccount/getPayCenterFriendAccountList
[ info ] kosun.com/admin/PayCenterFriendPayAccount/getPayCenterFriendAccountList [运行时间：0.401000s][吞吐率：2.49req/s] [内存消耗：2,871.43kb] [文件加载：79]
[ info ] [ BEHAVIOR ] Run app\common\behavior\Cross @app_init [ RunTime:0.003500s ]
[ info ] [ LANG ] D:\xampp\htdocs\service\thinkphp\lang\zh-cn.php
[ info ] [ ROUTE ] array (
  'type' => 'module',
  'module' => 
  array (
    0 => 'admin',
    1 => 'PayCenterFriendPayAccount',
    2 => 'getPayCenterFriendAccountList',
  ),
)
[ info ] [ HEADER ] array (
  'cache-control' => 'no-cache',
  'postman-token' => '8561f8fa-ecac-4b05-beb4-044e440c6a2e',
  'user-agent' => 'PostmanRuntime/7.1.1',
  'accept' => '*/*',
  'host' => 'kosun.com',
  'accept-encoding' => 'gzip, deflate',
  'content-type' => 'multipart/form-data; boundary=--------------------------131194870513725912334437',
  'content-length' => '387',
  'connection' => 'keep-alive',
)
[ info ] [ PARAM ] array (
  'playTypeId' => '1',
  'betLimit' => '0',
  'matchLimit' => '5000',
)
[ info ] [ BEHAVIOR ] Run app\common\behavior\SwitchIdentity @module_init [ RunTime:0.000500s ]
[ info ] [ BEHAVIOR ] Run app\admin\behavior\Auth @action_begin [ RunTime:0.000000s ]
[ info ] [ RUN ] app\admin\controller\PayCenterFriendPayAccount->getPayCenterFriendAccountList[ D:\xampp\htdocs\service\application\admin\controller\PayCenterFriendPayAccount.php ]
[ info ] [ DB ] INIT mysql
[ info ] [ BEHAVIOR ] Run app\common\behavior\Cross @app_end [ RunTime:0.000000s ]
[ info ] [ LOG ] INIT File
---------------------------------------------------------------
[ 2018-03-30T10:50:40+08:00 ] 127.0.0.1 POST /admin/PayCenterCompanyAccount/getBankAccountBankList
[ info ] kosun.com/admin/PayCenterCompanyAccount/getBankAccountBankList [运行时间：0.279500s][吞吐率：3.58req/s] [内存消耗：2,907.75kb] [文件加载：82]
[ info ] [ BEHAVIOR ] Run app\common\behavior\Cross @app_init [ RunTime:0.003000s ]
[ info ] [ LANG ] D:\xampp\htdocs\service\thinkphp\lang\zh-cn.php
[ info ] [ ROUTE ] array (
  'type' => 'module',
  'module' => 
  array (
    0 => 'admin',
    1 => 'PayCenterCompanyAccount',
    2 => 'getBankAccountBankList',
  ),
)
[ info ] [ HEADER ] array (
  'cache-control' => 'no-cache',
  'postman-token' => 'a69d5a25-9892-4750-8ece-b0983b374aeb',
  'user-agent' => 'PostmanRuntime/7.1.1',
  'accept' => '*/*',
  'host' => 'kosun.com',
  'accept-encoding' => 'gzip, deflate',
  'content-type' => 'multipart/form-data; boundary=--------------------------793744476076330476693245',
  'content-length' => '387',
  'connection' => 'keep-alive',
)
[ info ] [ PARAM ] array (
  'playTypeId' => '1',
  'betLimit' => '0',
  'matchLimit' => '5000',
)
[ info ] [ BEHAVIOR ] Run app\common\behavior\SwitchIdentity @module_init [ RunTime:0.001000s ]
[ info ] [ BEHAVIOR ] Run app\admin\behavior\Auth @action_begin [ RunTime:0.000000s ]
[ info ] [ RUN ] app\admin\controller\PayCenterCompanyAccount->getBankAccountBankList[ D:\xampp\htdocs\service\application\admin\controller\PayCenterCompanyAccount.php ]
[ info ] [ DB ] INIT mysql
[ info ] [ BEHAVIOR ] Run app\common\behavior\Cross @app_end [ RunTime:0.000000s ]
[ info ] [ LOG ] INIT File
[ error ] [8]未定义变量: params[D:\xampp\htdocs\service\application\admin\controller\PayCenterCompanyAccount.php:110]
---------------------------------------------------------------
[ 2018-03-30T10:50:48+08:00 ] 127.0.0.1 POST /admin/PayCenterCompanyAccount/getBankAccountBankList
[ info ] kosun.com/admin/PayCenterCompanyAccount/getBankAccountBankList [运行时间：0.305000s][吞吐率：3.28req/s] [内存消耗：2,908.50kb] [文件加载：82]
[ info ] [ BEHAVIOR ] Run app\common\behavior\Cross @app_init [ RunTime:0.002500s ]
[ info ] [ LANG ] D:\xampp\htdocs\service\thinkphp\lang\zh-cn.php
[ info ] [ ROUTE ] array (
  'type' => 'module',
  'module' => 
  array (
    0 => 'admin',
    1 => 'PayCenterCompanyAccount',
    2 => 'getBankAccountBankList',
  ),
)
[ info ] [ HEADER ] array (
  'cache-control' => 'no-cache',
  'postman-token' => 'e9828deb-8e34-432a-92b0-bc31d1ea8ac1',
  'user-agent' => 'PostmanRuntime/7.1.1',
  'accept' => '*/*',
  'host' => 'kosun.com',
  'accept-encoding' => 'gzip, deflate',
  'content-type' => 'multipart/form-data; boundary=--------------------------567246270455236342690909',
  'content-length' => '387',
  'connection' => 'keep-alive',
)
[ info ] [ PARAM ] array (
  'playTypeId' => '1',
  'betLimit' => '0',
  'matchLimit' => '5000',
)
[ info ] [ BEHAVIOR ] Run app\common\behavior\SwitchIdentity @module_init [ RunTime:0.000500s ]
[ info ] [ BEHAVIOR ] Run app\admin\behavior\Auth @action_begin [ RunTime:0.000000s ]
[ info ] [ RUN ] app\admin\controller\PayCenterCompanyAccount->getBankAccountBankList[ D:\xampp\htdocs\service\application\admin\controller\PayCenterCompanyAccount.php ]
[ info ] [ DB ] INIT mysql
[ info ] [ BEHAVIOR ] Run app\common\behavior\Cross @app_end [ RunTime:0.000000s ]
[ info ] [ LOG ] INIT File
[ error ] [8]未定义变量: params[D:\xampp\htdocs\service\application\admin\controller\PayCenterCompanyAccount.php:110]
[ error ] [8]未定义数组索引: ap_id[D:\xampp\htdocs\service\application\admin\logic\PayCenter.php:346]
[ error ] [8]未定义数组索引: data[D:\xampp\htdocs\service\application\admin\controller\PayCenterCompanyAccount.php:114]
---------------------------------------------------------------
[ 2018-03-30T10:50:54+08:00 ] 127.0.0.1 POST /admin/PayCenterCompanyAccount/getBankAccountBankList
[ info ] kosun.com/admin/PayCenterCompanyAccount/getBankAccountBankList [运行时间：0.379000s][吞吐率：2.64req/s] [内存消耗：2,907.75kb] [文件加载：82]
[ info ] [ BEHAVIOR ] Run app\common\behavior\Cross @app_init [ RunTime:0.002500s ]
[ info ] [ LANG ] D:\xampp\htdocs\service\thinkphp\lang\zh-cn.php
[ info ] [ ROUTE ] array (
  'type' => 'module',
  'module' => 
  array (
    0 => 'admin',
    1 => 'PayCenterCompanyAccount',
    2 => 'getBankAccountBankList',
  ),
)
[ info ] [ HEADER ] array (
  'cache-control' => 'no-cache',
  'postman-token' => '181a09ea-92e7-477f-a64d-4c0a51e15bef',
  'user-agent' => 'PostmanRuntime/7.1.1',
  'accept' => '*/*',
  'host' => 'kosun.com',
  'accept-encoding' => 'gzip, deflate',
  'content-type' => 'multipart/form-data; boundary=--------------------------925588730267030876779273',
  'content-length' => '387',
  'connection' => 'keep-alive',
)
[ info ] [ PARAM ] array (
  'playTypeId' => '1',
  'betLimit' => '0',
  'matchLimit' => '5000',
)
[ info ] [ BEHAVIOR ] Run app\common\behavior\SwitchIdentity @module_init [ RunTime:0.001000s ]
[ info ] [ BEHAVIOR ] Run app\admin\behavior\Auth @action_begin [ RunTime:0.000000s ]
[ info ] [ RUN ] app\admin\controller\PayCenterCompanyAccount->getBankAccountBankList[ D:\xampp\htdocs\service\application\admin\controller\PayCenterCompanyAccount.php ]
[ info ] [ DB ] INIT mysql
[ info ] [ BEHAVIOR ] Run app\common\behavior\Cross @app_end [ RunTime:0.000000s ]
[ info ] [ LOG ] INIT File
[ error ] [8]未定义变量: params[D:\xampp\htdocs\service\application\admin\controller\PayCenterCompanyAccount.php:110]
